#
# A fatal error has been detected by the Java Runtime Environment:
#
#  EXCEPTION_ACCESS_VIOLATION (0xc0000005) at pc=0x00000224eff7d018, pid=19580, tid=9764
#
# JRE version: OpenJDK Runtime Environment Temurin-17.0.3+7 (17.0.3+7) (build 17.0.3+7)
# Java VM: OpenJDK 64-Bit Server VM Temurin-17.0.3+7 (17.0.3+7, mixed mode, tiered, compressed oops, compressed class ptrs, g1 gc, windows-amd64)
# Problematic frame:
# j  javax.servlet.http.HttpServletRequestWrapper._getHttpServletRequest()Ljavax/servlet/http/HttpServletRequest;+1
#
# No core dump will be written. Minidumps are not enabled by default on client versions of Windows
#
# If you would like to submit a bug report, please visit:
#   https://github.com/adoptium/adoptium-support/issues
#

---------------  S U M M A R Y ------------

Command Line: -Dfile.encoding=UTF-8 -XX:+ShowCodeDetailsInExceptionMessages -agentpath:C:\Program Files\SentinelOne\Sentinel Agent 22.3.4.612\SentinelJava64.dll cv.training.Training.TrainingApplication

Host: Intel(R) Core(TM) i5-8265U CPU @ 1.60GHz, 8 cores, 31G,  Windows 11 , 64 bit Build 22621 (10.0.22621.1485)
Time: Fri May 12 16:18:24 2023 Malay Peninsula Standard Time elapsed time: 23.494693 seconds (0d 0h 0m 23s)

---------------  T H R E A D  ---------------

Current thread (0x000002249709dab0):  JavaThread "http-nio-8080-exec-1" daemon [_thread_in_Java, id=9764, stack(0x0000009cd7c00000,0x0000009cd7d00000)]

Stack: [0x0000009cd7c00000,0x0000009cd7d00000],  sp=0x0000009cd7cfb8e8,  free space=1006k
Native frames: (J=compiled Java code, j=interpreted, Vv=VM code, C=native code)
C  0x00000224eff7d018


siginfo: EXCEPTION_ACCESS_VIOLATION (0xc0000005), reading address 0x0000000000001128


Register to memory mapping:

RIP=0x00000224eff7d018 is at code_begin+248 in an Interpreter codelet
checkcast  192 checkcast  [0x00000224eff7cf20, 0x00000224eff7d160]  576 bytes
RAX=0x00000008003f6248 is a pointer to class: 
javax.servlet.http.HttpServletRequest {0x00000008003f6250}
 - instance size:     2
 - klass size:        63
 - access:            public interface abstract 
 - state:             fully_initialized
 - name:              'javax/servlet/http/HttpServletRequest'
 - super:             'java/lang/Object'
 - sub:               
 - nof implementors:  2
 - arrays:            NULL
 - methods:           Array<T>(0x000002249b0a1c90)
 - method ordering:   Array<T>(0x0000022495400018)
 - default_methods:   Array<T>(0x0000000000000000)
 - local interfaces:  Array<T>(0x000002249b09e7c8)
 - trans. interfaces: Array<T>(0x000002249b09e7c8)
 - constants:         constant pool [245] {0x000002249b0a1460} for 'javax/servlet/http/HttpServletRequest' cache=0x00000224a01d1e60
 - class loader data:  loader data: 0x0000022494f833f0 for instance a 'jdk/internal/loader/ClassLoaders$AppClassLoader'{0x0000000603e70170}
 - source file:       'HttpServletRequest.java'
 - class annotations:       Array<T>(0x0000000000000000)
 - class type annotations:  Array<T>(0x0000000000000000)
 - field annotations:       Array<T>(0x0000000000000000)
 - field type annotations:  Array<T>(0x0000000000000000)
 - inner classes:     Array<T>(0x000002249b09fd20)
 - nest members:     Array<T>(0x0000022495400028)
 - permitted subclasses:     Array<T>(0x0000022495400028)
 - java mirror:       a 'java/lang/Class'{0x0000000605449678} = 'javax/servlet/http/HttpServletRequest'
 - vtable length      5  (start addr: 0x00000008003f6410)
 - itable length      0 (start addr: 0x00000008003f6438)
 - ---- static fields (2 words):
 - public static final 'BASIC_AUTH' 'Ljava/lang/String;' @112 
 - public static final 'FORM_AUTH' 'Ljava/lang/String;' @116 
 - public static final 'CLIENT_CERT_AUTH' 'Ljava/lang/String;' @120 
 - public static final 'DIGEST_AUTH' 'Ljava/lang/String;' @124 
 - ---- non-static fields (0 words):
 - non-static oop maps: 
RBX=0x0 is NULL
RCX=0x00000224a1c0caf8 is pointing into metadata
RDX=0x0000000000001120 is an unknown value
RSP=0x0000009cd7cfb8e8 is pointing into the stack for thread: 0x000002249709dab0
RBP=0x0000009cd7cfb930 is pointing into the stack for thread: 0x000002249709dab0
RSI=0x0000009cd7cfbde0 is pointing into the stack for thread: 0x000002249709dab0
RDI=0x000002249709dab0 is a thread
R8 =0x0000009cd7cfbdf0 is pointing into the stack for thread: 0x000002249709dab0
R9 =0x0000000000000001 is an unknown value
R10=0x00007ffbcc6c1530 jvm.dll
R11=0x0000009cd7cfbb88 is pointing into the stack for thread: 0x000002249709dab0
R12=0x0 is NULL
R13=0x00000224a1c0cd64 is pointing into metadata
R14=0x0000009cd7cfb940 is pointing into the stack for thread: 0x000002249709dab0
R15=0x000002249709dab0 is a thread


Registers:
RAX=0x00000008003f6248, RBX=0x0000000000000000, RCX=0x00000224a1c0caf8, RDX=0x0000000000001120
RSP=0x0000009cd7cfb8e8, RBP=0x0000009cd7cfb930, RSI=0x0000009cd7cfbde0, RDI=0x000002249709dab0
R8 =0x0000009cd7cfbdf0, R9 =0x0000000000000001, R10=0x00007ffbcc6c1530, R11=0x0000009cd7cfbb88
R12=0x0000000000000000, R13=0x00000224a1c0cd64, R14=0x0000009cd7cfb940, R15=0x000002249709dab0
RIP=0x00000224eff7d018, EFLAGS=0x0000000000010246

Top of Stack: (sp=0x0000009cd7cfb8e8)
0x0000009cd7cfb8e8:   0000009cd7cfb8e8 00000224a1c0cd61
0x0000009cd7cfb8f8:   0000009cd7cfb940 00000224a1c0ec80
0x0000009cd7cfb908:   0000000000000000 00000006069cd900
0x0000009cd7cfb918:   00000224a1c0cd80 0000000000000000
0x0000009cd7cfb928:   0000009cd7cfb940 0000009cd7cfb990
0x0000009cd7cfb938:   00000224eff69657 0000009cd7cfba00
0x0000009cd7cfb948:   0000009cd7cfb948 00000224a1c0d229
0x0000009cd7cfb958:   0000009cd7cfb9a8 00000224a1c0ec80
0x0000009cd7cfb968:   00000224a248f438 00000006069cd900
0x0000009cd7cfb978:   00000224a1c0d258 0000009cd7cfb940
0x0000009cd7cfb988:   0000009cd7cfb9a0 0000009cd7cfbb80
0x0000009cd7cfb998:   00000224eff61010 0000000606a93350
0x0000009cd7cfb9a8:   0000009cd7cfba00 0000009cd7cfba08
0x0000009cd7cfb9b8:   00000224950b0128 00000000fa5cd6c8
0x0000009cd7cfb9c8:   000000000000000f 00000224ff3f3248
0x0000009cd7cfb9d8:   00000224ff3f3248 000002249eb138d0 

Instructions: (pc=0x00000224eff7d018)
0x00000224eff7cf18:   00 00 00 00 00 00 00 00 58 48 85 c0 0f 84 01 02
0x00000224eff7cf28:   00 00 48 8b 4d e8 48 8b 49 08 48 8b 49 08 48 8b
0x00000224eff7cf38:   51 08 41 0f b7 5d 01 0f cb c1 eb 10 80 7c 1a 04
0x00000224eff7cf48:   07 0f 84 b8 00 00 00 50 e8 05 00 00 00 e9 98 00
0x00000224eff7cf58:   00 00 48 8d 44 24 08 4c 89 6d c0 49 8b cf c5 f8
0x00000224eff7cf68:   77 49 89 af 98 02 00 00 49 89 87 88 02 00 00 48
0x00000224eff7cf78:   83 ec 20 f7 c4 0f 00 00 00 0f 84 1a 00 00 00 48
0x00000224eff7cf88:   83 ec 08 49 ba 30 21 eb cb fb 7f 00 00 41 ff d2
0x00000224eff7cf98:   48 83 c4 08 e9 0d 00 00 00 49 ba 30 21 eb cb fb
0x00000224eff7cfa8:   7f 00 00 41 ff d2 48 83 c4 20 49 c7 87 88 02 00
0x00000224eff7cfb8:   00 00 00 00 00 49 c7 87 98 02 00 00 00 00 00 00
0x00000224eff7cfc8:   49 c7 87 90 02 00 00 00 00 00 00 c5 f8 77 49 81
0x00000224eff7cfd8:   7f 08 00 00 00 00 0f 84 05 00 00 00 e9 17 3f fe
0x00000224eff7cfe8:   ff 4c 8b 6d c0 4c 8b 75 c8 c3 49 8b 87 e8 02 00
0x00000224eff7cff8:   00 49 c7 87 e8 02 00 00 00 00 00 00 5a eb 11 48
0x00000224eff7d008:   8b d0 66 8b 5c d9 48 48 8b 49 28 48 8b 44 d9 08
0x00000224eff7d018:   8b 5a 08 49 ba 00 00 00 00 08 00 00 00 49 03 da
0x00000224eff7d028:   48 8b 4d d8 48 85 c9 0f 84 8a 00 00 00 48 8b 79
0x00000224eff7d038:   18 48 3b fb 0f 85 0f 00 00 00 48 83 41 20 01 48
0x00000224eff7d048:   83 59 20 00 e9 66 00 00 00 48 85 ff 0f 84 37 00
0x00000224eff7d058:   00 00 48 8b 79 28 48 3b fb 0f 85 0f 00 00 00 48
0x00000224eff7d068:   83 41 30 01 48 83 59 30 00 e9 41 00 00 00 48 85
0x00000224eff7d078:   ff 0f 85 38 00 00 00 48 89 59 28 bf 01 00 00 00
0x00000224eff7d088:   48 89 79 30 e9 26 00 00 00 48 3b 59 28 0f 85 0f
0x00000224eff7d098:   00 00 00 48 83 41 30 01 48 83 59 30 00 e9 0d 00
0x00000224eff7d0a8:   00 00 48 89 59 18 bf 01 00 00 00 48 89 79 20 48
0x00000224eff7d0b8:   83 c1 38 48 89 4d d8 48 3b d8 0f 84 5b 00 00 00
0x00000224eff7d0c8:   8b 48 14 48 3b 04 0b 0f 84 4e 00 00 00 83 f9 20
0x00000224eff7d0d8:   0f 85 22 00 00 00 50 48 8b c0 57 48 8b 7b 28 8b
0x00000224eff7d0e8:   0f 48 83 c7 08 48 85 c0 f2 48 af 5f 58 75 09 48
0x00000224eff7d0f8:   89 43 20 e9 23 00 00 00 48 8b 4d d8 48 85 c9 0f
0x00000224eff7d108:   84 10 00 00 00 48 83 41 d0 ff 0f 88 05 00 00 00 


Stack slot to memory mapping:
stack at sp + 0 slots: 0x0000009cd7cfb8e8 is pointing into the stack for thread: 0x000002249709dab0
stack at sp + 1 slots: 0x00000224a1c0cd61 is pointing into metadata
stack at sp + 2 slots: 0x0000009cd7cfb940 is pointing into the stack for thread: 0x000002249709dab0
stack at sp + 3 slots: 0x00000224a1c0ec80 is pointing into metadata
stack at sp + 4 slots: 0x0 is NULL
stack at sp + 5 slots: 0x00000006069cd900 is an oop: java.lang.Class 
{0x00000006069cd900} - klass: 'java/lang/Class'
 - ---- fields (total size 14 words):
 - private volatile transient 'classRedefinedCount' 'I' @12  0
 - private volatile transient 'cachedConstructor' 'Ljava/lang/reflect/Constructor;' @40  NULL (0)
 - private transient 'name' 'Ljava/lang/String;' @44  "javax.servlet.http.HttpServletRequestWrapper"{0x00000006069cde40} (c0d39bc8)
 - private transient 'module' 'Ljava/lang/Module;' @48  a 'java/lang/Module'{0x0000000603e79930} (c07cf326)
 - private final 'classLoader' 'Ljava/lang/ClassLoader;' @52  a 'jdk/internal/loader/ClassLoaders$AppClassLoader'{0x0000000603e70170} (c07ce02e)
 - private transient 'classData' 'Ljava/lang/Object;' @56  NULL (0)
 - private transient 'packageName' 'Ljava/lang/String;' @60  "javax.servlet.http"{0x00000006045358b8} (c08a6b17)
 - private final 'componentType' 'Ljava/lang/Class;' @64  NULL (0)
 - private volatile transient 'reflectionData' 'Ljava/lang/ref/SoftReference;' @68  NULL (0)
 - private volatile transient 'genericInfo' 'Lsun/reflect/generics/repository/ClassRepository;' @72  NULL (0)
 - private volatile transient 'enumConstants' '[Ljava/lang/Object;' @76  NULL (0)
 - private volatile transient 'enumConstantDirectory' 'Ljava/util/Map;' @80  NULL (0)
 - private volatile transient 'annotationData' 'Ljava/lang/Class$AnnotationData;' @84  NULL (0)
 - private volatile transient 'annotationType' 'Lsun/reflect/annotation/AnnotationType;' @88  NULL (0)
 - transient 'classValueMap' 'Ljava/lang/ClassValue$ClassValueMap;' @92  NULL (0)
 - signature: Ljavax/servlet/http/HttpServletRequestWrapper;
 - fake entry for mirror: 'javax/servlet/http/HttpServletRequestWrapper'
 - fake entry for array: NULL
 - fake entry for oop_size: 14
 - fake entry for static_oop_field_count: 0
stack at sp + 6 slots: {method} {0x00000224a1c0cd88} '_getHttpServletRequest' '()Ljavax/servlet/http/HttpServletRequest;' in 'javax/servlet/http/HttpServletRequestWrapper'
stack at sp + 7 slots: 0x0 is NULL

checkcast  192 checkcast  [0x00000224eff7cf20, 0x00000224eff7d160]  576 bytes
[MachCode]
  0x00000224eff7cf20: 5848 85c0 | 0f84 0102 | 0000 488b | 4de8 488b | 4908 488b | 4908 488b | 5108 410f | b75d 010f 
  0x00000224eff7cf40: cbc1 eb10 | 807c 1a04 | 070f 84b8 | 0000 0050 | e805 0000 | 00e9 9800 | 0000 488d | 4424 084c 
  0x00000224eff7cf60: 896d c049 | 8bcf c5f8 | 7749 89af | 9802 0000 | 4989 8788 | 0200 0048 | 83ec 20f7 | c40f 0000 
  0x00000224eff7cf80: 000f 841a | 0000 0048 | 83ec 0849 | ba30 21eb | cbfb 7f00 | 0041 ffd2 | 4883 c408 | e90d 0000 
  0x00000224eff7cfa0: 0049 ba30 | 21eb cbfb | 7f00 0041 | ffd2 4883 | c420 49c7 | 8788 0200 | 0000 0000 | 0049 c787 
  0x00000224eff7cfc0: 9802 0000 | 0000 0000 | 49c7 8790 | 0200 0000 | 0000 00c5 | f877 4981 | 7f08 0000 | 0000 0f84 
  0x00000224eff7cfe0: 0500 0000 | e917 3ffe | ff4c 8b6d | c04c 8b75 | c8c3 498b | 87e8 0200 | 0049 c787 | e802 0000 
  0x00000224eff7d000: 0000 0000 | 5aeb 1148 | 8bd0 668b | 5cd9 4848 | 8b49 2848 | 8b44 d908 | 8b5a 0849 | ba00 0000 
  0x00000224eff7d020: 0008 0000 | 0049 03da | 488b 4dd8 | 4885 c90f | 848a 0000 | 0048 8b79 | 1848 3bfb | 0f85 0f00 
  0x00000224eff7d040: 0000 4883 | 4120 0148 | 8359 2000 | e966 0000 | 0048 85ff | 0f84 3700 | 0000 488b | 7928 483b 
  0x00000224eff7d060: fb0f 850f | 0000 0048 | 8341 3001 | 4883 5930 | 00e9 4100 | 0000 4885 | ff0f 8538 | 0000 0048 
  0x00000224eff7d080: 8959 28bf | 0100 0000 | 4889 7930 | e926 0000 | 0048 3b59 | 280f 850f | 0000 0048 | 8341 3001 
  0x00000224eff7d0a0: 4883 5930 | 00e9 0d00 | 0000 4889 | 5918 bf01 | 0000 0048 | 8979 2048 | 83c1 3848 | 894d d848 
  0x00000224eff7d0c0: 3bd8 0f84 | 5b00 0000 | 8b48 1448 | 3b04 0b0f | 844e 0000 | 0083 f920 | 0f85 2200 | 0000 5048 
  0x00000224eff7d0e0: 8bc0 5748 | 8b7b 288b | 0f48 83c7 | 0848 85c0 | f248 af5f | 5875 0948 | 8943 20e9 | 2300 0000 
  0x00000224eff7d100: 488b 4dd8 | 4885 c90f | 8410 0000 | 0048 8341 | d0ff 0f88 | 0500 0000 | 4883 41d0 | 0152 e9b8 
  0x00000224eff7d120: f1fe ff48 | 8bc2 e919 | 0000 0048 | 8b4d d848 | 85c9 0f84 | 0c00 0000 | 8049 0101 | 4883 c138 
  0x00000224eff7d140: 4889 4dd8 | 410f b65d | 0349 83c5 | 0349 ba30 | 156c ccfb | 7f00 0041 | ff24 da0f | 1f44 0000 
[/MachCode]

---------------  P R O C E S S  ---------------

Threads class SMR info:
_java_thread_list=0x0000022498f74370, length=30, elements={
0x0000022494e945d0, 0x0000022494e94d20, 0x0000022494ee5c90, 0x0000022494ef52b0,
0x0000022494efd790, 0x0000022494f05570, 0x0000022494f0dda0, 0x0000022494f0e2b0,
0x0000022494f26880, 0x0000022495085980, 0x00000224950a09d0, 0x0000022496693570,
0x000002249bf03b50, 0x000002249d5d2030, 0x00000224970a0600, 0x000002249709dab0,
0x000002249709df80, 0x000002249709e450, 0x000002249709e920, 0x000002249709edf0,
0x000002249bce6310, 0x000002249bce4630, 0x000002249bce6cb0, 0x000002249bce7180,
0x000002249bce54a0, 0x000002249bce7650, 0x000002249bce7b20, 0x000002249bce2e20,
0x000002249f3cd810, 0x000002249616d700
}

Java Threads: ( => current thread )
  0x0000022494e945d0 JavaThread "Reference Handler" daemon [_thread_blocked, id=232, stack(0x0000009cd5c00000,0x0000009cd5d00000)]
  0x0000022494e94d20 JavaThread "Finalizer" daemon [_thread_blocked, id=17372, stack(0x0000009cd5d00000,0x0000009cd5e00000)]
  0x0000022494ee5c90 JavaThread "Signal Dispatcher" daemon [_thread_blocked, id=11524, stack(0x0000009cd5e00000,0x0000009cd5f00000)]
  0x0000022494ef52b0 JavaThread "Attach Listener" daemon [_thread_blocked, id=21220, stack(0x0000009cd5f00000,0x0000009cd6000000)]
  0x0000022494efd790 JavaThread "Service Thread" daemon [_thread_blocked, id=1232, stack(0x0000009cd6000000,0x0000009cd6100000)]
  0x0000022494f05570 JavaThread "Monitor Deflation Thread" daemon [_thread_blocked, id=22588, stack(0x0000009cd6100000,0x0000009cd6200000)]
  0x0000022494f0dda0 JavaThread "C2 CompilerThread0" daemon [_thread_in_native, id=18964, stack(0x0000009cd6200000,0x0000009cd6300000)]
  0x0000022494f0e2b0 JavaThread "C1 CompilerThread0" daemon [_thread_blocked, id=19068, stack(0x0000009cd6300000,0x0000009cd6400000)]
  0x0000022494f26880 JavaThread "Sweeper thread" daemon [_thread_blocked, id=21672, stack(0x0000009cd6400000,0x0000009cd6500000)]
  0x0000022495085980 JavaThread "Notification Thread" daemon [_thread_blocked, id=17644, stack(0x0000009cd6500000,0x0000009cd6600000)]
  0x00000224950a09d0 JavaThread "Common-Cleaner" daemon [_thread_blocked, id=7656, stack(0x0000009cd6700000,0x0000009cd6800000)]
  0x0000022496693570 JavaThread "Catalina-utility-1" [_thread_blocked, id=20248, stack(0x0000009cd7200000,0x0000009cd7300000)]
  0x000002249bf03b50 JavaThread "Catalina-utility-2" [_thread_blocked, id=17120, stack(0x0000009cd7400000,0x0000009cd7500000)]
  0x000002249d5d2030 JavaThread "container-0" [_thread_blocked, id=13168, stack(0x0000009cd7500000,0x0000009cd7600000)]
  0x00000224970a0600 JavaThread "TrainingPoolABC housekeeper" daemon [_thread_blocked, id=23352, stack(0x0000009cd7700000,0x0000009cd7800000)]
=>0x000002249709dab0 JavaThread "http-nio-8080-exec-1" daemon [_thread_in_Java, id=9764, stack(0x0000009cd7c00000,0x0000009cd7d00000)]
  0x000002249709df80 JavaThread "http-nio-8080-exec-2" daemon [_thread_blocked, id=6384, stack(0x0000009cd7d00000,0x0000009cd7e00000)]
  0x000002249709e450 JavaThread "http-nio-8080-exec-3" daemon [_thread_blocked, id=23248, stack(0x0000009cd7e00000,0x0000009cd7f00000)]
  0x000002249709e920 JavaThread "http-nio-8080-exec-4" daemon [_thread_blocked, id=21844, stack(0x0000009cd7f00000,0x0000009cd8000000)]
  0x000002249709edf0 JavaThread "http-nio-8080-exec-5" daemon [_thread_blocked, id=23476, stack(0x0000009cd8000000,0x0000009cd8100000)]
  0x000002249bce6310 JavaThread "http-nio-8080-exec-6" daemon [_thread_blocked, id=18376, stack(0x0000009cd8100000,0x0000009cd8200000)]
  0x000002249bce4630 JavaThread "http-nio-8080-exec-7" daemon [_thread_blocked, id=7780, stack(0x0000009cd8200000,0x0000009cd8300000)]
  0x000002249bce6cb0 JavaThread "http-nio-8080-exec-8" daemon [_thread_blocked, id=18928, stack(0x0000009cd8300000,0x0000009cd8400000)]
  0x000002249bce7180 JavaThread "http-nio-8080-exec-9" daemon [_thread_blocked, id=22088, stack(0x0000009cd8400000,0x0000009cd8500000)]
  0x000002249bce54a0 JavaThread "http-nio-8080-exec-10" daemon [_thread_blocked, id=3784, stack(0x0000009cd8500000,0x0000009cd8600000)]
  0x000002249bce7650 JavaThread "http-nio-8080-Poller" daemon [_thread_in_native, id=23084, stack(0x0000009cd7800000,0x0000009cd7900000)]
  0x000002249bce7b20 JavaThread "http-nio-8080-Acceptor" daemon [_thread_in_native, id=19600, stack(0x0000009cd8600000,0x0000009cd8700000)]
  0x000002249bce2e20 JavaThread "DestroyJavaVM" [_thread_blocked, id=22364, stack(0x0000009cd5500000,0x0000009cd5600000)]
  0x000002249f3cd810 JavaThread "C2 CompilerThread1" daemon [_thread_in_native, id=7620, stack(0x0000009cd6800000,0x0000009cd6900000)]
  0x000002249616d700 JavaThread "C2 CompilerThread2" daemon [_thread_in_native, id=3548, stack(0x0000009cd6900000,0x0000009cd6a00000)]

Other Threads:
  0x00000224ff489b10 VMThread "VM Thread" [stack: 0x0000009cd5b00000,0x0000009cd5c00000] [id=8740]
  0x0000022495086a80 WatcherThread [stack: 0x0000009cd6600000,0x0000009cd6700000] [id=21396]
  0x00000224ff2d0980 GCTaskThread "GC Thread#0" [stack: 0x0000009cd5600000,0x0000009cd5700000] [id=20380]
  0x000002249712eed0 GCTaskThread "GC Thread#1" [stack: 0x0000009cd6a00000,0x0000009cd6b00000] [id=3064]
  0x000002249673e920 GCTaskThread "GC Thread#2" [stack: 0x0000009cd6b00000,0x0000009cd6c00000] [id=12412]
  0x000002249673ebd0 GCTaskThread "GC Thread#3" [stack: 0x0000009cd6c00000,0x0000009cd6d00000] [id=19464]
  0x00000224967b8020 GCTaskThread "GC Thread#4" [stack: 0x0000009cd6d00000,0x0000009cd6e00000] [id=21392]
  0x00000224967b82d0 GCTaskThread "GC Thread#5" [stack: 0x0000009cd6e00000,0x0000009cd6f00000] [id=20216]
  0x00000224967b8580 GCTaskThread "GC Thread#6" [stack: 0x0000009cd6f00000,0x0000009cd7000000] [id=16232]
  0x00000224967b8830 GCTaskThread "GC Thread#7" [stack: 0x0000009cd7000000,0x0000009cd7100000] [id=7828]
  0x00000224ec97e620 ConcurrentGCThread "G1 Main Marker" [stack: 0x0000009cd5700000,0x0000009cd5800000] [id=22452]
  0x00000224ec97ece0 ConcurrentGCThread "G1 Conc#0" [stack: 0x0000009cd5800000,0x0000009cd5900000] [id=17168]
  0x0000022498d2d450 ConcurrentGCThread "G1 Conc#1" [stack: 0x0000009cd7300000,0x0000009cd7400000] [id=5164]
  0x00000224ff396f40 ConcurrentGCThread "G1 Refine#0" [stack: 0x0000009cd5900000,0x0000009cd5a00000] [id=3772]
  0x000002249729c430 ConcurrentGCThread "G1 Refine#1" [stack: 0x0000009cd7100000,0x0000009cd7200000] [id=9916]
  0x000002249bde8c70 ConcurrentGCThread "G1 Refine#2" [stack: 0x0000009cd7900000,0x0000009cd7a00000] [id=17620]
  0x000002249bde7e10 ConcurrentGCThread "G1 Refine#3" [stack: 0x0000009cd7a00000,0x0000009cd7b00000] [id=21900]
  0x000002249bde80f0 ConcurrentGCThread "G1 Refine#4" [stack: 0x0000009cd7b00000,0x0000009cd7c00000] [id=7208]
  0x00000224ff39a330 ConcurrentGCThread "G1 Service" [stack: 0x0000009cd5a00000,0x0000009cd5b00000] [id=11492]

Threads with active compile tasks:
C2 CompilerThread0    23621 6407       4       ch.qos.logback.classic.Logger::buildLoggingEventAndAppend (31 bytes)
C2 CompilerThread1    23622 6348       4       org.eclipse.jdt.internal.compiler.lookup.BinaryTypeBinding::createMethod (1689 bytes)
C2 CompilerThread2    23622 6408       4       ch.qos.logback.classic.Logger::filterAndLog_0_Or3Plus (61 bytes)

VM state: not at safepoint (normal execution)

VM Mutex/Monitor currently owned by a thread: None

Heap address: 0x0000000603c00000, size: 8132 MB, Compressed Oops mode: Zero based, Oop shift amount: 3

CDS archive(s) not mapped
Compressed class space mapped at: 0x0000000800000000-0x0000000840000000, reserved size: 1073741824
Narrow klass base: 0x0000000800000000, Narrow klass shift: 0, Narrow klass range: 0x40000000

GC Precious Log:
 CPUs: 8 total, 8 available
 Memory: 32524M
 Large Page Support: Disabled
 NUMA Support: Disabled
 Compressed Oops: Enabled (Zero based)
 Heap Region Size: 4M
 Heap Min Capacity: 8M
 Heap Initial Capacity: 512M
 Heap Max Capacity: 8132M
 Pre-touch: Disabled
 Parallel Workers: 8
 Concurrent Workers: 2
 Concurrent Refinement Workers: 8
 Periodic GC: Disabled

Heap:
 garbage-first heap   total 110592K, used 54447K [0x0000000603c00000, 0x0000000800000000)
  region size 4096K, 8 young (32768K), 1 survivors (4096K)
 Metaspace       used 75059K, committed 75392K, reserved 1122304K
  class space    used 9058K, committed 9216K, reserved 1048576K

Heap Regions: E=young(eden), S=young(survivor), O=old, HS=humongous(starts), HC=humongous(continues), CS=collection set, F=free, OA=open archive, CA=closed archive, TAMS=top-at-mark-start (previous, next)
|   0|0x0000000603c00000, 0x0000000604000000, 0x0000000604000000|100%| O|  |TAMS 0x0000000604000000, 0x0000000603c00000| Untracked 
|   1|0x0000000604000000, 0x0000000604000000, 0x0000000604400000|  0%| F|  |TAMS 0x0000000604000000, 0x0000000604000000| Untracked 
|   2|0x0000000604400000, 0x0000000604800000, 0x0000000604800000|100%| O|  |TAMS 0x0000000604800000, 0x0000000604400000| Untracked 
|   3|0x0000000604800000, 0x0000000604c00000, 0x0000000604c00000|100%| O|  |TAMS 0x0000000604c00000, 0x0000000604800000| Untracked 
|   4|0x0000000604c00000, 0x0000000605000000, 0x0000000605000000|100%| O|  |TAMS 0x0000000604c00000, 0x0000000604c00000| Untracked 
|   5|0x0000000605000000, 0x0000000605400000, 0x0000000605400000|100%| O|  |TAMS 0x0000000605000000, 0x0000000605000000| Untracked 
|   6|0x0000000605400000, 0x0000000605800000, 0x0000000605800000|100%| O|  |TAMS 0x0000000605400000, 0x0000000605400000| Untracked 
|   7|0x0000000605800000, 0x0000000605996000, 0x0000000605c00000| 39%| O|  |TAMS 0x0000000605800000, 0x0000000605800000| Untracked 
|   8|0x0000000605c00000, 0x0000000605c00000, 0x0000000606000000|  0%| F|  |TAMS 0x0000000605c00000, 0x0000000605c00000| Untracked 
|   9|0x0000000606000000, 0x0000000606000000, 0x0000000606400000|  0%| F|  |TAMS 0x0000000606000000, 0x0000000606000000| Untracked 
|  10|0x0000000606400000, 0x0000000606400000, 0x0000000606800000|  0%| F|  |TAMS 0x0000000606400000, 0x0000000606400000| Untracked 
|  11|0x0000000606800000, 0x0000000606b95ee0, 0x0000000606c00000| 89%| S|CS|TAMS 0x0000000606800000, 0x0000000606800000| Complete 
|  12|0x0000000606c00000, 0x0000000606c00000, 0x0000000607000000|  0%| F|  |TAMS 0x0000000606c00000, 0x0000000606c00000| Untracked 
|  13|0x0000000607000000, 0x0000000607000000, 0x0000000607400000|  0%| F|  |TAMS 0x0000000607000000, 0x0000000607000000| Untracked 
|  14|0x0000000607400000, 0x0000000607400000, 0x0000000607800000|  0%| F|  |TAMS 0x0000000607400000, 0x0000000607400000| Untracked 
|  15|0x0000000607800000, 0x0000000607800000, 0x0000000607c00000|  0%| F|  |TAMS 0x0000000607800000, 0x0000000607800000| Untracked 
|  16|0x0000000607c00000, 0x0000000607c00000, 0x0000000608000000|  0%| F|  |TAMS 0x0000000607c00000, 0x0000000607c00000| Untracked 
|  17|0x0000000608000000, 0x0000000608000000, 0x0000000608400000|  0%| F|  |TAMS 0x0000000608000000, 0x0000000608000000| Untracked 
|  18|0x0000000608400000, 0x0000000608400000, 0x0000000608800000|  0%| F|  |TAMS 0x0000000608400000, 0x0000000608400000| Untracked 
|  19|0x0000000608800000, 0x0000000608800000, 0x0000000608c00000|  0%| F|  |TAMS 0x0000000608800000, 0x0000000608800000| Untracked 
|  20|0x0000000608c00000, 0x0000000608dfaa90, 0x0000000609000000| 49%| E|  |TAMS 0x0000000608c00000, 0x0000000608c00000| Complete 
|  21|0x0000000609000000, 0x0000000609400000, 0x0000000609400000|100%| E|CS|TAMS 0x0000000609000000, 0x0000000609000000| Complete 
|  22|0x0000000609400000, 0x0000000609800000, 0x0000000609800000|100%| E|CS|TAMS 0x0000000609400000, 0x0000000609400000| Complete 
|  32|0x000000060bc00000, 0x000000060c000000, 0x000000060c000000|100%| E|CS|TAMS 0x000000060bc00000, 0x000000060bc00000| Complete 
|  33|0x000000060c000000, 0x000000060c400000, 0x000000060c400000|100%| E|CS|TAMS 0x000000060c000000, 0x000000060c000000| Complete 
|  34|0x000000060c400000, 0x000000060c800000, 0x000000060c800000|100%| E|CS|TAMS 0x000000060c400000, 0x000000060c400000| Complete 
| 127|0x0000000623800000, 0x0000000623c00000, 0x0000000623c00000|100%| E|CS|TAMS 0x0000000623800000, 0x0000000623800000| Complete 

Card table byte_map: [0x0000022480ff0000,0x0000022481fe0000] _byte_map_base: 0x000002247dfd2000

Marking Bits (Prev, Next): (CMBitMap*) 0x00000224ec978e90, (CMBitMap*) 0x00000224ec978e50
 Prev Bits: [0x000002248aee0000, 0x0000022492df0000)
 Next Bits: [0x0000022482fd0000, 0x000002248aee0000)

Polling page: 0x00000224ea710000

Metaspace:

Usage:
  Non-class:     64.45 MB used.
      Class:      8.85 MB used.
       Both:     73.30 MB used.

Virtual space:
  Non-class space:       72.00 MB reserved,      64.62 MB ( 90%) committed,  9 nodes.
      Class space:        1.00 GB reserved,       9.00 MB ( <1%) committed,  1 nodes.
             Both:        1.07 GB reserved,      73.62 MB (  7%) committed. 

Chunk freelists:
   Non-Class:  3.22 MB
       Class:  2.94 MB
        Both:  6.16 MB

MaxMetaspaceSize: unlimited
CompressedClassSpaceSize: 1.00 GB
Initial GC threshold: 21.00 MB
Current GC threshold: 98.88 MB
CDS: off
MetaspaceReclaimPolicy: balanced
 - commit_granule_bytes: 65536.
 - commit_granule_words: 8192.
 - virtual_space_node_default_size: 1048576.
 - enlarge_chunks_in_place: 1.
 - new_chunks_are_fully_committed: 0.
 - uncommit_free_chunks: 1.
 - use_allocation_guard: 0.
 - handle_deallocations: 1.


Internal statistics:

num_allocs_failed_limit: 9.
num_arena_births: 384.
num_arena_deaths: 0.
num_vsnodes_births: 10.
num_vsnodes_deaths: 0.
num_space_committed: 1178.
num_space_uncommitted: 0.
num_chunks_returned_to_freelist: 9.
num_chunks_taken_from_freelist: 2669.
num_chunk_merges: 6.
num_chunk_splits: 1992.
num_chunks_enlarged: 1645.
num_purges: 0.
num_inconsistent_stats: 0.

CodeHeap 'non-profiled nmethods': size=120000Kb used=4102Kb max_used=4985Kb free=115897Kb
 bounds [0x00000224f7a30000, 0x00000224f7f10000, 0x00000224fef60000]
CodeHeap 'profiled nmethods': size=120000Kb used=11034Kb max_used=11034Kb free=108965Kb
 bounds [0x00000224f0500000, 0x00000224f1000000, 0x00000224f7a30000]
CodeHeap 'non-nmethods': size=5760Kb used=1328Kb max_used=1429Kb free=4431Kb
 bounds [0x00000224eff60000, 0x00000224f01d0000, 0x00000224f0500000]
 total_blobs=5896 nmethods=5244 adapters=564
 compilation: enabled
              stopped_count=0, restarted_count=0
 full_count=0

Compilation events (20 events):
Event: 23.459 Thread 0x0000022494f0e2b0 6431       3       sun.nio.fs.WindowsDirectoryStream$WindowsDirectoryIterator::next (5 bytes)
Event: 23.460 Thread 0x0000022494f0e2b0 nmethod 6431 0x00000224f0e09910 code [0x00000224f0e09ac0, 0x00000224f0e09c08]
Event: 23.460 Thread 0x0000022494f0e2b0 6432  s    3       sun.nio.fs.WindowsDirectoryStream$WindowsDirectoryIterator::next (48 bytes)
Event: 23.460 Thread 0x0000022494f0e2b0 nmethod 6432 0x00000224f0e09210 code [0x00000224f0e093e0, 0x00000224f0e097b8]
Event: 23.460 Thread 0x0000022494f0e2b0 6433       3       sun.nio.fs.WindowsPath::getFileName (87 bytes)
Event: 23.461 Thread 0x0000022494f0e2b0 nmethod 6433 0x00000224f0e07b10 code [0x00000224f0e07dc0, 0x00000224f0e08ce8]
Event: 23.461 Thread 0x0000022494f0e2b0 6438       1       java.util.concurrent.atomic.AtomicLong::get (5 bytes)
Event: 23.461 Thread 0x0000022494f0e2b0 nmethod 6438 0x00000224f7bbdb10 code [0x00000224f7bbdca0, 0x00000224f7bbdd78]
Event: 23.464 Thread 0x0000022494f0e2b0 6439       3       org.apache.catalina.core.DefaultInstanceManager::findLifecycleCallback (110 bytes)
Event: 23.465 Thread 0x0000022494f0e2b0 nmethod 6439 0x00000224f0a99410 code [0x00000224f0a99740, 0x00000224f0a9abd8]
Event: 23.475 Thread 0x0000022494f0e2b0 6441       3       java.util.concurrent.locks.ReentrantReadWriteLock$ReadLock::lock (9 bytes)
Event: 23.476 Thread 0x0000022494f0e2b0 nmethod 6441 0x00000224f0e07710 code [0x00000224f0e078c0, 0x00000224f0e07a28]
Event: 23.476 Thread 0x0000022494f0e2b0 6442       3       java.util.concurrent.locks.AbstractQueuedSynchronizer::acquireShared (20 bytes)
Event: 23.476 Thread 0x0000022494f0e2b0 nmethod 6442 0x00000224f0e07210 code [0x00000224f0e073c0, 0x00000224f0e07638]
Event: 23.476 Thread 0x0000022494f0e2b0 6443       3       java.util.concurrent.locks.ReentrantReadWriteLock$ReadLock::unlock (10 bytes)
Event: 23.476 Thread 0x0000022494f0e2b0 nmethod 6443 0x00000224f0e06c10 code [0x00000224f0e06de0, 0x00000224f0e070b8]
Event: 23.489 Thread 0x0000022494f0e2b0 6445       1       javax.el.ELContext::isPropertyResolved (5 bytes)
Event: 23.489 Thread 0x0000022494f0e2b0 nmethod 6445 0x00000224f7bbd810 code [0x00000224f7bbd9a0, 0x00000224f7bbda78]
Event: 23.489 Thread 0x0000022494f0e2b0 6446       1       javax.el.ELContext::setPropertyResolved (6 bytes)
Event: 23.489 Thread 0x0000022494f0e2b0 nmethod 6446 0x00000224f7bbd510 code [0x00000224f7bbd6a0, 0x00000224f7bbd778]

GC Heap History (20 events):
Event: 4.129 GC heap before
{Heap before GC invocations=8 (full 0):
 garbage-first heap   total 57344K, used 30011K [0x0000000603c00000, 0x0000000800000000)
  region size 4096K, 6 young (24576K), 1 survivors (4096K)
 Metaspace       used 35891K, committed 36096K, reserved 1081344K
  class space    used 4157K, committed 4224K, reserved 1048576K
}
Event: 4.140 GC heap after
{Heap after GC invocations=9 (full 0):
 garbage-first heap   total 57344K, used 15046K [0x0000000603c00000, 0x0000000800000000)
  region size 4096K, 1 young (4096K), 1 survivors (4096K)
 Metaspace       used 35891K, committed 36096K, reserved 1081344K
  class space    used 4157K, committed 4224K, reserved 1048576K
}
Event: 4.761 GC heap before
{Heap before GC invocations=10 (full 0):
 garbage-first heap   total 57344K, used 35526K [0x0000000603c00000, 0x0000000800000000)
  region size 4096K, 6 young (24576K), 1 survivors (4096K)
 Metaspace       used 38577K, committed 38912K, reserved 1089536K
  class space    used 4436K, committed 4608K, reserved 1048576K
}
Event: 4.770 GC heap after
{Heap after GC invocations=11 (full 0):
 garbage-first heap   total 57344K, used 16858K [0x0000000603c00000, 0x0000000800000000)
  region size 4096K, 1 young (4096K), 1 survivors (4096K)
 Metaspace       used 38577K, committed 38912K, reserved 1089536K
  class space    used 4436K, committed 4608K, reserved 1048576K
}
Event: 5.112 GC heap before
{Heap before GC invocations=11 (full 0):
 garbage-first heap   total 57344K, used 37338K [0x0000000603c00000, 0x0000000800000000)
  region size 4096K, 6 young (24576K), 1 survivors (4096K)
 Metaspace       used 38671K, committed 38976K, reserved 1089536K
  class space    used 4439K, committed 4608K, reserved 1048576K
}
Event: 5.120 GC heap after
{Heap after GC invocations=12 (full 0):
 garbage-first heap   total 290816K, used 16860K [0x0000000603c00000, 0x0000000800000000)
  region size 4096K, 1 young (4096K), 1 survivors (4096K)
 Metaspace       used 38671K, committed 38976K, reserved 1089536K
  class space    used 4439K, committed 4608K, reserved 1048576K
}
Event: 7.261 GC heap before
{Heap before GC invocations=12 (full 0):
 garbage-first heap   total 290816K, used 184796K [0x0000000603c00000, 0x0000000800000000)
  region size 4096K, 42 young (172032K), 1 survivors (4096K)
 Metaspace       used 38818K, committed 39104K, reserved 1089536K
  class space    used 4444K, committed 4608K, reserved 1048576K
}
Event: 7.263 GC heap after
{Heap after GC invocations=13 (full 0):
 garbage-first heap   total 290816K, used 16720K [0x0000000603c00000, 0x0000000800000000)
  region size 4096K, 1 young (4096K), 1 survivors (4096K)
 Metaspace       used 38818K, committed 39104K, reserved 1089536K
  class space    used 4444K, committed 4608K, reserved 1048576K
}
Event: 9.163 GC heap before
{Heap before GC invocations=13 (full 0):
 garbage-first heap   total 290816K, used 184656K [0x0000000603c00000, 0x0000000800000000)
  region size 4096K, 42 young (172032K), 1 survivors (4096K)
 Metaspace       used 38859K, committed 39168K, reserved 1089536K
  class space    used 4447K, committed 4608K, reserved 1048576K
}
Event: 9.164 GC heap after
{Heap after GC invocations=14 (full 0):
 garbage-first heap   total 290816K, used 16700K [0x0000000603c00000, 0x0000000800000000)
  region size 4096K, 1 young (4096K), 1 survivors (4096K)
 Metaspace       used 38859K, committed 39168K, reserved 1089536K
  class space    used 4447K, committed 4608K, reserved 1048576K
}
Event: 11.199 GC heap before
{Heap before GC invocations=14 (full 0):
 garbage-first heap   total 290816K, used 184636K [0x0000000603c00000, 0x0000000800000000)
  region size 4096K, 42 young (172032K), 1 survivors (4096K)
 Metaspace       used 38861K, committed 39168K, reserved 1089536K
  class space    used 4447K, committed 4608K, reserved 1048576K
}
Event: 11.201 GC heap after
{Heap after GC invocations=15 (full 0):
 garbage-first heap   total 290816K, used 16812K [0x0000000603c00000, 0x0000000800000000)
  region size 4096K, 1 young (4096K), 1 survivors (4096K)
 Metaspace       used 38861K, committed 39168K, reserved 1089536K
  class space    used 4447K, committed 4608K, reserved 1048576K
}
Event: 15.409 GC heap before
{Heap before GC invocations=15 (full 0):
 garbage-first heap   total 290816K, used 160172K [0x0000000603c00000, 0x0000000800000000)
  region size 4096K, 37 young (151552K), 1 survivors (4096K)
 Metaspace       used 60142K, committed 60416K, reserved 1105920K
  class space    used 7563K, committed 7680K, reserved 1048576K
}
Event: 15.418 GC heap after
{Heap after GC invocations=16 (full 0):
 garbage-first heap   total 290816K, used 23766K [0x0000000603c00000, 0x0000000800000000)
  region size 4096K, 3 young (12288K), 3 survivors (12288K)
 Metaspace       used 60142K, committed 60416K, reserved 1105920K
  class space    used 7563K, committed 7680K, reserved 1048576K
}
Event: 16.687 GC heap before
{Heap before GC invocations=17 (full 0):
 garbage-first heap   total 110592K, used 77014K [0x0000000603c00000, 0x0000000800000000)
  region size 4096K, 16 young (65536K), 3 survivors (12288K)
 Metaspace       used 63431K, committed 63680K, reserved 1105920K
  class space    used 8010K, committed 8128K, reserved 1048576K
}
Event: 16.697 GC heap after
{Heap after GC invocations=18 (full 0):
 garbage-first heap   total 110592K, used 27020K [0x0000000603c00000, 0x0000000800000000)
  region size 4096K, 1 young (4096K), 1 survivors (4096K)
 Metaspace       used 63431K, committed 63680K, reserved 1105920K
  class space    used 8010K, committed 8128K, reserved 1048576K
}
Event: 16.723 GC heap before
{Heap before GC invocations=18 (full 0):
 garbage-first heap   total 110592K, used 31116K [0x0000000603c00000, 0x0000000800000000)
  region size 4096K, 2 young (8192K), 1 survivors (4096K)
 Metaspace       used 63435K, committed 63680K, reserved 1105920K
  class space    used 8010K, committed 8128K, reserved 1048576K
}
Event: 16.731 GC heap after
{Heap after GC invocations=19 (full 0):
 garbage-first heap   total 110592K, used 26957K [0x0000000603c00000, 0x0000000800000000)
  region size 4096K, 1 young (4096K), 1 survivors (4096K)
 Metaspace       used 63435K, committed 63680K, reserved 1105920K
  class space    used 8010K, committed 8128K, reserved 1048576K
}
Event: 22.871 GC heap before
{Heap before GC invocations=19 (full 0):
 garbage-first heap   total 110592K, used 80205K [0x0000000603c00000, 0x0000000800000000)
  region size 4096K, 15 young (61440K), 1 survivors (4096K)
 Metaspace       used 73015K, committed 73408K, reserved 1114112K
  class space    used 8886K, committed 9088K, reserved 1048576K
}
Event: 22.876 GC heap after
{Heap after GC invocations=20 (full 0):
 garbage-first heap   total 110592K, used 29871K [0x0000000603c00000, 0x0000000800000000)
  region size 4096K, 1 young (4096K), 1 survivors (4096K)
 Metaspace       used 73015K, committed 73408K, reserved 1114112K
  class space    used 8886K, committed 9088K, reserved 1048576K
}

Deoptimization events (20 events):
Event: 23.381 Thread 0x000002249709dab0 DEOPT PACKING pc=0x00000224f7c5cad4 sp=0x0000009cd7cfadd0
Event: 23.381 Thread 0x000002249709dab0 DEOPT UNPACKING pc=0x00000224effb23a3 sp=0x0000009cd7cfad98 mode 2
Event: 23.456 Thread 0x000002249709dab0 DEOPT PACKING pc=0x00000224f0d0f9bb sp=0x0000009cd7cfad50
Event: 23.456 Thread 0x000002249709dab0 DEOPT UNPACKING pc=0x00000224effb2b43 sp=0x0000009cd7cfa1d8 mode 0
Event: 23.480 Thread 0x000002249709dab0 Uncommon trap: trap_request=0xffffffde fr.pc=0x00000224f7ca01d0 relative=0x00000000000012b0
Event: 23.480 Thread 0x000002249709dab0 Uncommon trap: reason=class_check action=maybe_recompile pc=0x00000224f7ca01d0 method=java.lang.StackTraceElement.computeFormat()V @ 19 c2
Event: 23.480 Thread 0x000002249709dab0 DEOPT PACKING pc=0x00000224f7ca01d0 sp=0x0000009cd7cfafb0
Event: 23.480 Thread 0x000002249709dab0 DEOPT UNPACKING pc=0x00000224effb23a3 sp=0x0000009cd7cfafc0 mode 2
Event: 23.480 Thread 0x000002249709dab0 Uncommon trap: trap_request=0xffffffde fr.pc=0x00000224f7ca01d0 relative=0x00000000000012b0
Event: 23.480 Thread 0x000002249709dab0 Uncommon trap: reason=class_check action=maybe_recompile pc=0x00000224f7ca01d0 method=java.lang.StackTraceElement.computeFormat()V @ 19 c2
Event: 23.480 Thread 0x000002249709dab0 DEOPT PACKING pc=0x00000224f7ca01d0 sp=0x0000009cd7cfafb0
Event: 23.480 Thread 0x000002249709dab0 DEOPT UNPACKING pc=0x00000224effb23a3 sp=0x0000009cd7cfafc0 mode 2
Event: 23.481 Thread 0x000002249709dab0 Uncommon trap: trap_request=0xffffffde fr.pc=0x00000224f7ca01d0 relative=0x00000000000012b0
Event: 23.482 Thread 0x000002249709dab0 Uncommon trap: reason=class_check action=maybe_recompile pc=0x00000224f7ca01d0 method=java.lang.StackTraceElement.computeFormat()V @ 19 c2
Event: 23.482 Thread 0x000002249709dab0 DEOPT PACKING pc=0x00000224f7ca01d0 sp=0x0000009cd7cfafb0
Event: 23.482 Thread 0x000002249709dab0 DEOPT UNPACKING pc=0x00000224effb23a3 sp=0x0000009cd7cfafc0 mode 2
Event: 23.482 Thread 0x000002249709dab0 Uncommon trap: trap_request=0xffffffde fr.pc=0x00000224f7ca01d0 relative=0x00000000000012b0
Event: 23.482 Thread 0x000002249709dab0 Uncommon trap: reason=class_check action=maybe_recompile pc=0x00000224f7ca01d0 method=java.lang.StackTraceElement.computeFormat()V @ 19 c2
Event: 23.482 Thread 0x000002249709dab0 DEOPT PACKING pc=0x00000224f7ca01d0 sp=0x0000009cd7cfafb0
Event: 23.482 Thread 0x000002249709dab0 DEOPT UNPACKING pc=0x00000224effb23a3 sp=0x0000009cd7cfafc0 mode 2

Classes unloaded (0 events):
No events

Classes redefined (0 events):
No events

Internal exceptions (20 events):
Event: 16.544 Thread 0x00000224ec90d3f0 Exception <a 'java/lang/IncompatibleClassChangeError'{0x0000000606da8570}: Found class java.lang.Object, but interface was expected> (0x0000000606da8570) 
thrown [e:\jenkins\tmp\workspace\build\src\src\hotspot\share\interpreter\linkResolver.cpp, line 833]
Event: 16.618 Thread 0x00000224ec90d3f0 Exception <a 'java/lang/NoSuchMethodError'{0x0000000606866610}: 'int java.lang.invoke.DirectMethodHandle$Holder.invokeStaticInit(java.lang.Object, java.lang.Object, java.lang.Object, java.lang.Object)'> (0x0000000606866610) 
thrown [e:\jenkins\tmp\workspace\build\src\src\hotspot\share\interpreter\linkResolver.cpp, line 766]
Event: 16.844 Thread 0x00000224ec90d3f0 Exception <a 'java/lang/NoSuchMethodError'{0x000000060bd17ce0}: 'java.lang.Object java.lang.invoke.DirectMethodHandle$Holder.invokeSpecial(java.lang.Object, java.lang.Object, int, java.lang.Object, int, java.lang.Object)'> (0x000000060bd17ce0) 
thrown [e:\jenkins\tmp\workspace\build\src\src\hotspot\share\interpreter\linkResolver.cpp, line 766]
Event: 16.846 Thread 0x00000224ec90d3f0 Exception <a 'java/lang/NoSuchMethodError'{0x000000060bd1fe50}: 'java.lang.Object java.lang.invoke.DirectMethodHandle$Holder.newInvokeSpecial(java.lang.Object, java.lang.Object, int, java.lang.Object, int)'> (0x000000060bd1fe50) 
thrown [e:\jenkins\tmp\workspace\build\src\src\hotspot\share\interpreter\linkResolver.cpp, line 766]
Event: 16.846 Thread 0x00000224ec90d3f0 Exception <a 'java/lang/NoSuchMethodError'{0x000000060bd23f50}: 'java.lang.Object java.lang.invoke.DirectMethodHandle$Holder.invokeSpecial(java.lang.Object, java.lang.Object, java.lang.Object, int, java.lang.Object, int)'> (0x000000060bd23f50) 
thrown [e:\jenkins\tmp\workspace\build\src\src\hotspot\share\interpreter\linkResolver.cpp, line 766]
Event: 16.849 Thread 0x00000224ec90d3f0 Exception <a 'java/lang/NoSuchMethodError'{0x000000060bd2ea18}: 'void java.lang.invoke.DirectMethodHandle$Holder.invokeVirtual(java.lang.Object, java.lang.Object)'> (0x000000060bd2ea18) 
thrown [e:\jenkins\tmp\workspace\build\src\src\hotspot\share\interpreter\linkResolver.cpp, line 766]
Event: 22.090 Thread 0x000002249709dab0 Implicit null exception at 0x00000224f7afc040 to 0x00000224f7afc0bc
Event: 22.476 Thread 0x000002249709dab0 Exception <a 'java/lang/ClassNotFoundException'{0x000000060822e148}: org/apache/taglibs/standard/tag/rt/core/ForEachTagBeanInfo> (0x000000060822e148) 
thrown [e:\jenkins\tmp\workspace\build\src\src\hotspot\share\classfile\systemDictionary.cpp, line 256]
Event: 22.478 Thread 0x000002249709dab0 Exception <a 'java/lang/ClassNotFoundException'{0x000000060823ab20}: org/apache/taglibs/standard/tag/common/core/ForEachSupportBeanInfo> (0x000000060823ab20) 
thrown [e:\jenkins\tmp\workspace\build\src\src\hotspot\share\classfile\systemDictionary.cpp, line 256]
Event: 22.480 Thread 0x000002249709dab0 Exception <a 'java/lang/ClassNotFoundException'{0x00000006082474b0}: javax/servlet/jsp/jstl/core/LoopTagSupportBeanInfo> (0x00000006082474b0) 
thrown [e:\jenkins\tmp\workspace\build\src\src\hotspot\share\classfile\systemDictionary.cpp, line 256]
Event: 22.483 Thread 0x000002249709dab0 Exception <a 'java/lang/ClassNotFoundException'{0x0000000608253e88}: javax/servlet/jsp/tagext/TagSupportBeanInfo> (0x0000000608253e88) 
thrown [e:\jenkins\tmp\workspace\build\src\src\hotspot\share\classfile\systemDictionary.cpp, line 256]
Event: 22.485 Thread 0x000002249709dab0 Exception <a 'java/lang/ClassNotFoundException'{0x000000060825df48}: java/lang/ObjectBeanInfo> (0x000000060825df48) 
thrown [e:\jenkins\tmp\workspace\build\src\src\hotspot\share\classfile\systemDictionary.cpp, line 256]
Event: 22.487 Thread 0x000002249709dab0 Exception <a 'java/lang/ClassNotFoundException'{0x0000000608267d88}: java/lang/ObjectCustomizer> (0x0000000608267d88) 
thrown [e:\jenkins\tmp\workspace\build\src\src\hotspot\share\classfile\systemDictionary.cpp, line 256]
Event: 22.490 Thread 0x000002249709dab0 Exception <a 'java/lang/ClassNotFoundException'{0x00000006082779f8}: javax/servlet/jsp/tagext/TagSupportCustomizer> (0x00000006082779f8) 
thrown [e:\jenkins\tmp\workspace\build\src\src\hotspot\share\classfile\systemDictionary.cpp, line 256]
Event: 22.493 Thread 0x000002249709dab0 Exception <a 'java/lang/ClassNotFoundException'{0x000000060828edb0}: javax/servlet/jsp/jstl/core/LoopTagSupportCustomizer> (0x000000060828edb0) 
thrown [e:\jenkins\tmp\workspace\build\src\src\hotspot\share\classfile\systemDictionary.cpp, line 256]
Event: 22.498 Thread 0x000002249709dab0 Exception <a 'java/lang/ClassNotFoundException'{0x00000006082b12b0}: org/apache/taglibs/standard/tag/common/core/ForEachSupportCustomizer> (0x00000006082b12b0) 
thrown [e:\jenkins\tmp\workspace\build\src\src\hotspot\share\classfile\systemDictionary.cpp, line 256]
Event: 22.501 Thread 0x000002249709dab0 Exception <a 'java/lang/ClassNotFoundException'{0x00000006082c3b20}: org/apache/taglibs/standard/tag/rt/core/ForEachTagCustomizer> (0x00000006082c3b20) 
thrown [e:\jenkins\tmp\workspace\build\src\src\hotspot\share\classfile\systemDictionary.cpp, line 256]
Event: 22.835 Thread 0x000002249709dab0 Exception <a 'java/lang/ArrayIndexOutOfBoundsException'{0x0000000606ef9b38}: Index 11116 out of bounds for length 11116> (0x0000000606ef9b38) 
thrown [e:\jenkins\tmp\workspace\build\src\src\hotspot\share\interpreter\interpreterRuntime.cpp, line 428]
Event: 23.482 Thread 0x000002249709dab0 Exception <a 'java/lang/ClassNotFoundException'{0x0000000608d86370}: cv/training/db/AnimalEntityBeanInfo> (0x0000000608d86370) 
thrown [e:\jenkins\tmp\workspace\build\src\src\hotspot\share\classfile\systemDictionary.cpp, line 256]
Event: 23.485 Thread 0x000002249709dab0 Exception <a 'java/lang/ClassNotFoundException'{0x0000000608d91268}: cv/training/db/AnimalEntityCustomizer> (0x0000000608d91268) 
thrown [e:\jenkins\tmp\workspace\build\src\src\hotspot\share\classfile\systemDictionary.cpp, line 256]

VM Operations (20 events):
Event: 22.807 Executing VM operation: ICBufferFull
Event: 22.807 Executing VM operation: ICBufferFull done
Event: 22.871 Executing VM operation: G1CollectForAllocation
Event: 22.876 Executing VM operation: G1CollectForAllocation done
Event: 22.956 Executing VM operation: HandshakeAllThreads
Event: 22.956 Executing VM operation: HandshakeAllThreads done
Event: 23.363 Executing VM operation: ChangeBreakpoints
Event: 23.364 Executing VM operation: ChangeBreakpoints done
Event: 23.364 Executing VM operation: ChangeBreakpoints
Event: 23.366 Executing VM operation: ChangeBreakpoints done
Event: 23.368 Executing VM operation: get/set locals
Event: 23.368 Executing VM operation: get/set locals done
Event: 23.368 Executing VM operation: get/set locals
Event: 23.368 Executing VM operation: get/set locals done
Event: 23.491 Executing VM operation: HandshakeAllThreads
Event: 23.491 Executing VM operation: HandshakeAllThreads done
Event: 23.492 Executing VM operation: get/set locals
Event: 23.492 Executing VM operation: get/set locals done
Event: 23.492 Executing VM operation: get/set locals
Event: 23.492 Executing VM operation: get/set locals done

Events (20 events):
Event: 22.962 loading class java/util/stream/ReferencePipeline$4
Event: 22.962 loading class java/util/stream/ReferencePipeline$4 done
Event: 22.962 loading class java/util/stream/Nodes$IntFixedNodeBuilder
Event: 22.962 loading class java/util/stream/Node$Builder$OfInt
Event: 22.962 loading class java/util/stream/Node$Builder$OfInt done
Event: 22.962 loading class java/util/stream/Nodes$IntArrayNode
Event: 22.962 loading class java/util/stream/Nodes$IntArrayNode done
Event: 22.962 loading class java/util/stream/Nodes$IntFixedNodeBuilder done
Event: 22.963 loading class java/util/stream/ReferencePipeline$4$1
Event: 22.963 loading class java/util/stream/ReferencePipeline$4$1 done
Event: 23.034 loading class jdk/internal/access/foreign/MemorySegmentProxy
Event: 23.034 loading class jdk/internal/access/foreign/MemorySegmentProxy done
Event: 23.292 loading class java/util/Hashtable$ValueCollection
Event: 23.292 loading class java/util/Hashtable$ValueCollection done
Event: 23.357 loading class java/net/URLClassLoader$1
Event: 23.357 loading class java/net/URLClassLoader$1 done
Event: 23.380 loading class java/io/WriteAbortedException
Event: 23.380 loading class java/io/WriteAbortedException done
Event: 23.381 loading class sun/security/provider/SecureRandom$SeederHolder
Event: 23.381 loading class sun/security/provider/SecureRandom$SeederHolder done


Dynamic libraries:
0x00007ff62dd60000 - 0x00007ff62dd6e000 	C:\Users\jinghoong\.p2\pool\plugins\org.eclipse.justj.openjdk.hotspot.jre.full.win32.x86_64_17.0.3.v20220515-1416\jre\bin\javaw.exe
0x00000224ea360000 - 0x00000224ea574000 	C:\WINDOWS\SYSTEM32\ntd1l.dll
0x00000224ea230000 - 0x00000224ea2f2000 	C:\WINDOWS\System32\kern3l32.dll
0x00007ffc5fcd0000 - 0x00007ffc5fee4000 	C:\WINDOWS\SYSTEM32\ntdll.dll
0x00007ffc5ee70000 - 0x00007ffc5ef32000 	C:\WINDOWS\System32\KERNEL32.DLL
0x00007ffc5d1b0000 - 0x00007ffc5d54c000 	C:\WINDOWS\System32\KERNELBASE.dll
0x00007ffc5cc10000 - 0x00007ffc5ce77000 	C:\Program Files\SentinelOne\Sentinel Agent 22.3.4.612\InProcessClient64.dll
0x00007ffc5fae0000 - 0x00007ffc5fb8e000 	C:\WINDOWS\System32\ADVAPI32.dll
0x00007ffc5e7c0000 - 0x00007ffc5e867000 	C:\WINDOWS\System32\msvcrt.dll
0x00007ffc5f9d0000 - 0x00007ffc5fa74000 	C:\WINDOWS\System32\sechost.dll
0x00007ffc5ecb0000 - 0x00007ffc5edc7000 	C:\WINDOWS\System32\RPCRT4.dll
0x00007ffc5d8a0000 - 0x00007ffc5d9b1000 	C:\WINDOWS\System32\ucrtbase.dll
0x00007ffc55570000 - 0x00007ffc55589000 	C:\Users\jinghoong\.p2\pool\plugins\org.eclipse.justj.openjdk.hotspot.jre.full.win32.x86_64_17.0.3.v20220515-1416\jre\bin\VCRUNTIME140.dll
0x00007ffc55550000 - 0x00007ffc55568000 	C:\Users\jinghoong\.p2\pool\plugins\org.eclipse.justj.openjdk.hotspot.jre.full.win32.x86_64_17.0.3.v20220515-1416\jre\bin\jli.dll
0x00007ffc5ef90000 - 0x00007ffc5f13b000 	C:\WINDOWS\System32\USER32.dll
0x00007ffc43fc0000 - 0x00007ffc4424e000 	C:\WINDOWS\WinSxS\amd64_microsoft.windows.common-controls_6595b64144ccf1df_6.0.22621.608_none_a9444ca7c10bb01d\COMCTL32.dll
0x00007ffc5d610000 - 0x00007ffc5d636000 	C:\WINDOWS\System32\win32u.dll
0x00007ffc5edd0000 - 0x00007ffc5edf9000 	C:\WINDOWS\System32\GDI32.dll
0x00007ffc5d9c0000 - 0x00007ffc5dad3000 	C:\WINDOWS\System32\gdi32full.dll
0x00007ffc5d110000 - 0x00007ffc5d1aa000 	C:\WINDOWS\System32\msvcp_win.dll
0x00007ffc5cb00000 - 0x00007ffc5cb0a000 	C:\WINDOWS\SYSTEM32\VERSION.dll
0x00007ffc5ef40000 - 0x00007ffc5ef71000 	C:\WINDOWS\System32\IMM32.DLL
0x00007ffc583d0000 - 0x00007ffc583dc000 	C:\Users\jinghoong\.p2\pool\plugins\org.eclipse.justj.openjdk.hotspot.jre.full.win32.x86_64_17.0.3.v20220515-1416\jre\bin\vcruntime140_1.dll
0x00007ffbda6a0000 - 0x00007ffbda731000 	C:\Users\jinghoong\.p2\pool\plugins\org.eclipse.justj.openjdk.hotspot.jre.full.win32.x86_64_17.0.3.v20220515-1416\jre\bin\msvcp140.dll
0x00007ffbcbb30000 - 0x00007ffbcc778000 	C:\Users\jinghoong\.p2\pool\plugins\org.eclipse.justj.openjdk.hotspot.jre.full.win32.x86_64_17.0.3.v20220515-1416\jre\bin\server\jvm.dll
0x00000224ea310000 - 0x00000224ea318000 	C:\WINDOWS\System32\PSAPI.DLL
0x00007ffc36530000 - 0x00007ffc36539000 	C:\WINDOWS\SYSTEM32\WSOCK32.dll
0x00007ffc5f150000 - 0x00007ffc5f1c1000 	C:\WINDOWS\System32\WS2_32.dll
0x00007ffc54200000 - 0x00007ffc54234000 	C:\WINDOWS\SYSTEM32\WINMM.dll
0x00007ffc5bee0000 - 0x00007ffc5bef8000 	C:\WINDOWS\SYSTEM32\kernel.appcore.dll
0x00007ffc58450000 - 0x00007ffc5845a000 	C:\Users\jinghoong\.p2\pool\plugins\org.eclipse.justj.openjdk.hotspot.jre.full.win32.x86_64_17.0.3.v20220515-1416\jre\bin\jimage.dll
0x00007ffc5a640000 - 0x00007ffc5a86e000 	C:\WINDOWS\SYSTEM32\DBGHELP.DLL
0x00007ffc5e870000 - 0x00007ffc5ebf9000 	C:\WINDOWS\System32\combase.dll
0x00007ffc5e400000 - 0x00007ffc5e4d7000 	C:\WINDOWS\System32\OLEAUT32.dll
0x00007ffc328d0000 - 0x00007ffc32902000 	C:\WINDOWS\SYSTEM32\dbgcore.DLL
0x00007ffc5d640000 - 0x00007ffc5d6bb000 	C:\WINDOWS\System32\bcryptPrimitives.dll
0x00007ffc124b0000 - 0x00007ffc12530000 	C:\Program Files\SentinelOne\Sentinel Agent 22.3.4.612\SentinelJava64.dll
0x00007ffc5f1d0000 - 0x00007ffc5f36c000 	C:\WINDOWS\System32\ole32.dll
0x00007ffc443f0000 - 0x00007ffc44415000 	C:\Users\jinghoong\.p2\pool\plugins\org.eclipse.justj.openjdk.hotspot.jre.full.win32.x86_64_17.0.3.v20220515-1416\jre\bin\java.dll
0x00007ffc44260000 - 0x00007ffc44278000 	C:\Users\jinghoong\.p2\pool\plugins\org.eclipse.justj.openjdk.hotspot.jre.full.win32.x86_64_17.0.3.v20220515-1416\jre\bin\zip.dll
0x00007ffc5daf0000 - 0x00007ffc5e2e0000 	C:\WINDOWS\System32\SHELL32.dll
0x00007ffc5aea0000 - 0x00007ffc5b76d000 	C:\WINDOWS\SYSTEM32\windows.storage.dll
0x00007ffc5ad60000 - 0x00007ffc5ae9e000 	C:\WINDOWS\SYSTEM32\wintypes.dll
0x00007ffc5f370000 - 0x00007ffc5f461000 	C:\WINDOWS\System32\SHCORE.dll
0x00007ffc5fa80000 - 0x00007ffc5fade000 	C:\WINDOWS\System32\shlwapi.dll
0x00007ffc5d040000 - 0x00007ffc5d061000 	C:\WINDOWS\SYSTEM32\profapi.dll
0x00007ffc57fb0000 - 0x00007ffc57fc9000 	C:\Users\jinghoong\.p2\pool\plugins\org.eclipse.justj.openjdk.hotspot.jre.full.win32.x86_64_17.0.3.v20220515-1416\jre\bin\net.dll
0x00007ffc55780000 - 0x00007ffc558b7000 	C:\WINDOWS\SYSTEM32\WINHTTP.dll
0x00007ffc5c350000 - 0x00007ffc5c3b9000 	C:\WINDOWS\system32\mswsock.dll
0x00007ffc43a40000 - 0x00007ffc43a55000 	C:\Users\jinghoong\.p2\pool\plugins\org.eclipse.justj.openjdk.hotspot.jre.full.win32.x86_64_17.0.3.v20220515-1416\jre\bin\nio.dll
0x00007ffc58410000 - 0x00007ffc58420000 	C:\Users\jinghoong\.p2\pool\plugins\org.eclipse.justj.openjdk.hotspot.jre.full.win32.x86_64_17.0.3.v20220515-1416\jre\bin\verify.dll
0x00007ffc58360000 - 0x00007ffc58369000 	C:\Users\jinghoong\.p2\pool\plugins\org.eclipse.justj.openjdk.hotspot.jre.full.win32.x86_64_17.0.3.v20220515-1416\jre\bin\management.dll
0x00007ffc446f0000 - 0x00007ffc446fb000 	C:\Users\jinghoong\.p2\pool\plugins\org.eclipse.justj.openjdk.hotspot.jre.full.win32.x86_64_17.0.3.v20220515-1416\jre\bin\management_ext.dll
0x00007ffc3f7f0000 - 0x00007ffc3f807000 	C:\WINDOWS\system32\napinsp.dll
0x00007ffc3f7d0000 - 0x00007ffc3f7eb000 	C:\WINDOWS\system32\pnrpnsp.dll
0x00007ffc5ba30000 - 0x00007ffc5bb23000 	C:\WINDOWS\SYSTEM32\DNSAPI.dll
0x00007ffc5b9c0000 - 0x00007ffc5b9ed000 	C:\WINDOWS\SYSTEM32\IPHLPAPI.DLL
0x00007ffc5f140000 - 0x00007ffc5f149000 	C:\WINDOWS\System32\NSI.dll
0x00007ffc3f770000 - 0x00007ffc3f781000 	C:\WINDOWS\System32\winrnr.dll
0x00007ffc529e0000 - 0x00007ffc529f5000 	C:\WINDOWS\system32\wshbth.dll
0x00007ffc3f740000 - 0x00007ffc3f761000 	C:\WINDOWS\system32\nlansp_c.dll
0x00007ffc4dd50000 - 0x00007ffc4dd5a000 	C:\Windows\System32\rasadhlp.dll
0x00007ffc4e030000 - 0x00007ffc4e0b3000 	C:\WINDOWS\System32\fwpuclnt.dll
0x00007ffc5c620000 - 0x00007ffc5c63b000 	C:\WINDOWS\SYSTEM32\CRYPTSP.dll
0x00007ffc5be50000 - 0x00007ffc5be85000 	C:\WINDOWS\system32\rsaenh.dll
0x00007ffc5c4c0000 - 0x00007ffc5c4e8000 	C:\WINDOWS\SYSTEM32\USERENV.dll
0x00007ffc5c7e0000 - 0x00007ffc5c808000 	C:\WINDOWS\SYSTEM32\bcrypt.dll
0x00007ffc5c640000 - 0x00007ffc5c64c000 	C:\WINDOWS\SYSTEM32\CRYPTBASE.dll
0x00007ffc53c70000 - 0x00007ffc53c89000 	C:\WINDOWS\SYSTEM32\dhcpcsvc6.DLL
0x00007ffc533b0000 - 0x00007ffc533cf000 	C:\WINDOWS\SYSTEM32\dhcpcsvc.DLL
0x00007ffc58420000 - 0x00007ffc5842e000 	C:\Users\jinghoong\.p2\pool\plugins\org.eclipse.justj.openjdk.hotspot.jre.full.win32.x86_64_17.0.3.v20220515-1416\jre\bin\sunmscapi.dll
0x00007ffc5d730000 - 0x00007ffc5d896000 	C:\WINDOWS\System32\CRYPT32.dll
0x00007ffc5c7b0000 - 0x00007ffc5c7de000 	C:\WINDOWS\SYSTEM32\ncrypt.dll
0x00007ffc5c770000 - 0x00007ffc5c7a7000 	C:\WINDOWS\SYSTEM32\NTASN1.dll
0x00007ffc44640000 - 0x00007ffc44648000 	C:\WINDOWS\system32\wshunix.dll

dbghelp: loaded successfully - version: 4.0.5 - missing functions: none
symbol engine: initialized successfully - sym options: 0x614 - pdb path: .;C:\Users\jinghoong\.p2\pool\plugins\org.eclipse.justj.openjdk.hotspot.jre.full.win32.x86_64_17.0.3.v20220515-1416\jre\bin;C:\WINDOWS\SYSTEM32;C:\Program Files\SentinelOne\Sentinel Agent 22.3.4.612;C:\WINDOWS\WinSxS\amd64_microsoft.windows.common-controls_6595b64144ccf1df_6.0.22621.608_none_a9444ca7c10bb01d;C:\Users\jinghoong\.p2\pool\plugins\org.eclipse.justj.openjdk.hotspot.jre.full.win32.x86_64_17.0.3.v20220515-1416\jre\bin\server

VM Arguments:
jvm_args: -Dfile.encoding=UTF-8 -XX:+ShowCodeDetailsInExceptionMessages -agentpath:C:\Program Files\SentinelOne\Sentinel Agent 22.3.4.612\SentinelJava64.dll 
java_command: cv.training.Training.TrainingApplication
java_class_path (initial): C:\Users\jinghoong\Downloads\Training\bin\main;C:\Users\jinghoong\.gradle\caches\modules-2\files-2.1\org.springframework.boot\spring-boot-starter-data-jpa\2.7.12-SNAPSHOT\9de7ac4f1f47914a4ee38a0a6b4424a7e95cf66\spring-boot-starter-data-jpa-2.7.12-SNAPSHOT.jar;C:\Users\jinghoong\.gradle\caches\modules-2\files-2.1\org.springframework.boot\spring-boot-starter-security\2.7.12-SNAPSHOT\6c0f86e7a4d969175f8e2d2e45efb7eedff4ff0b\spring-boot-starter-security-2.7.12-SNAPSHOT.jar;C:\Users\jinghoong\.gradle\caches\modules-2\files-2.1\org.springframework.boot\spring-boot-starter-aop\2.7.12-SNAPSHOT\35d760cbbd8fe88a1d8f84ed9c931a74d2fbe3d4\spring-boot-starter-aop-2.7.12-SNAPSHOT.jar;C:\Users\jinghoong\.gradle\caches\modules-2\files-2.1\org.springframework.boot\spring-boot-starter-web\2.7.12-SNAPSHOT\df8256170236141a7348b6bad2342b80cd943666\spring-boot-starter-web-2.7.12-SNAPSHOT.jar;C:\Users\jinghoong\.gradle\caches\modules-2\files-2.1\javax.servlet\jstl\1.2\74aca283cd4f4b4f3e425f5820cda58f44409547\jstl-1.2.jar;C:\Users\jinghoong\.gradle\caches\modules-2\files-2.1\org.springframework.boot\spring-boot-starter-jdbc\2.7.12-SNAPSHOT\5bb491319d4d661b1dc4c44d39a2be2341ad511c\spring-boot-starter-jdbc-2.7.12-SNAPSHOT.jar;C:\Users\jinghoong\.gradle\caches\modules-2\files-2.1\jakarta.transaction\jakarta.transaction-api\1.3.3\c4179d48720a1e87202115fbed6089bdc4195405\jakarta.transaction-api-1.3.3.jar;C:\Users\jinghoong\.gradle\caches\modules-2\files-2.1\jakarta.persistence\jakarta.persistence-api\2.2.3\8f6ea5daedc614f07a3654a455660145286f024e\jakarta.persistence-api-2.2.3.jar;C:\Users\jinghoong\.gradle\caches\modules-2\files-2.1\org.hibernate\hibernate-core\5.6.15.Final\ab14b7cef1fdff654ca81923048a6034d6c7cfa7\hibernate-core-5.6.15.Final.jar;C:\Users\jinghoong\.gradle\caches\modules-2\files-2.1\org.springframework.data\spring-data-jpa\2.7.12-SNAPSHOT\4e74b72a381f790e4034de1cdea3c663f8e1fb24\spring-data-jpa-2.7.12-SNAPSHOT.jar;C:\Users\jinghoong\.gradle\caches\mod
Launcher Type: SUN_STANDARD

[Global flags]
     intx CICompilerCount                          = 4                                         {product} {ergonomic}
     uint ConcGCThreads                            = 2                                         {product} {ergonomic}
     uint G1ConcRefinementThreads                  = 8                                         {product} {ergonomic}
   size_t G1HeapRegionSize                         = 4194304                                   {product} {ergonomic}
    uintx GCDrainStackTargetSize                   = 64                                        {product} {ergonomic}
   size_t InitialHeapSize                          = 536870912                                 {product} {ergonomic}
   size_t MarkStackSize                            = 4194304                                   {product} {ergonomic}
   size_t MaxHeapSize                              = 8527020032                                {product} {ergonomic}
   size_t MaxNewSize                               = 5112856576                                {product} {ergonomic}
   size_t MinHeapDeltaBytes                        = 4194304                                   {product} {ergonomic}
   size_t MinHeapSize                              = 8388608                                   {product} {ergonomic}
    uintx NonNMethodCodeHeapSize                   = 5839372                                {pd product} {ergonomic}
    uintx NonProfiledCodeHeapSize                  = 122909434                              {pd product} {ergonomic}
    uintx ProfiledCodeHeapSize                     = 122909434                              {pd product} {ergonomic}
    uintx ReservedCodeCacheSize                    = 251658240                              {pd product} {ergonomic}
     bool SegmentedCodeCache                       = true                                      {product} {ergonomic}
     bool ShowCodeDetailsInExceptionMessages       = true                                   {manageable} {command line}
   size_t SoftMaxHeapSize                          = 8527020032                             {manageable} {ergonomic}
     bool UseCompressedClassPointers               = true                           {product lp64_product} {ergonomic}
     bool UseCompressedOops                        = true                           {product lp64_product} {ergonomic}
     bool UseG1GC                                  = true                                      {product} {ergonomic}
     bool UseLargePagesIndividualAllocation        = false                                  {pd product} {ergonomic}

Logging:
Log output configuration:
 #0: stdout all=warning uptime,level,tags
 #1: stderr all=off uptime,level,tags

Environment Variables:
JAVA_HOME=C:\Program Files\Java\jdk-1.8
PATH=C:/Users/jinghoong/.p2/pool/plugins/org.eclipse.justj.openjdk.hotspot.jre.full.win32.x86_64_17.0.3.v20220515-1416/jre/bin/server;C:/Users/jinghoong/.p2/pool/plugins/org.eclipse.justj.openjdk.hotspot.jre.full.win32.x86_64_17.0.3.v20220515-1416/jre/bin;C:\Python310\Scripts\;C:\Python310\;C:\Program Files (x86)\VMware\VMware Player\bin\;C:\WINDOWS\system32;C:\WINDOWS;C:\WINDOWS\System32\Wbem;C:\WINDOWS\System32\WindowsPowerShell\v1.0\;C:\WINDOWS\System32\OpenSSH\;C:\Program Files\PuTTY\;C:\Program Files\Git\cmd;C:\Program Files\nodejs\;C:\ProgramData\chocolatey\bin;C:\Program Files\Java\jdk-1.8\bin;C:\Users\jinghoong\AppData\Local\Microsoft\WindowsApps;C:\Users\jinghoong\AppData\Local\Programs\Microsoft VS Code\bin;C:\Users\jinghoong\AppData\Roaming\npm;C:\Program Files\JetBrains\IntelliJ IDEA Community Edition 2022.2.1\bin;;C:\Program Files\Java\jdk-1.8\bin;;C:\WINDOWS\system32;
USERNAME=jinghoong
OS=Windows_NT
PROCESSOR_IDENTIFIER=Intel64 Family 6 Model 142 Stepping 11, GenuineIntel



---------------  S Y S T E M  ---------------

OS:
 Windows 11 , 64 bit Build 22621 (10.0.22621.1485)
OS uptime: 1 days 6:18 hours

CPU: total 8 (initial active 8) (4 cores per cpu, 2 threads per core) family 6 model 142 stepping 11 microcode 0xf0, cx8, cmov, fxsr, ht, mmx, 3dnowpref, sse, sse2, sse3, ssse3, sse4.1, sse4.2, popcnt, lzcnt, tsc, tscinvbit, avx, avx2, aes, erms, clmul, bmi1, bmi2, adx, fma, vzeroupper, clflush, clflushopt

Memory: 4k page, system-wide physical 32524M (6056M free)
TotalPageFile size 40716M (AvailPageFile size 10590M)
current process WorkingSet (physical memory assigned to process): 344M, peak: 447M
current process commit charge ("private bytes"): 371M, peak: 666M

vm_info: OpenJDK 64-Bit Server VM (17.0.3+7) for windows-amd64 JRE (17.0.3+7), built on Apr 19 2022 16:55:35 by "" with MS VC++ 16.7 (VS2019)

END.
