#
# A fatal error has been detected by the Java Runtime Environment:
#
#  EXCEPTION_ACCESS_VIOLATION (0xc0000005) at pc=0x00007ffbcc08c387, pid=10824, tid=9516
#
# JRE version: OpenJDK Runtime Environment Temurin-17.0.3+7 (17.0.3+7) (build 17.0.3+7)
# Java VM: OpenJDK 64-Bit Server VM Temurin-17.0.3+7 (17.0.3+7, mixed mode, tiered, compressed oops, compressed class ptrs, g1 gc, windows-amd64)
# Problematic frame:
# V  [jvm.dll+0x55c387]
#
# No core dump will be written. Minidumps are not enabled by default on client versions of Windows
#
# If you would like to submit a bug report, please visit:
#   https://github.com/adoptium/adoptium-support/issues
#

---------------  S U M M A R Y ------------

Command Line: -Dfile.encoding=UTF-8 -XX:+ShowCodeDetailsInExceptionMessages -agentpath:C:\Program Files\SentinelOne\Sentinel Agent 22.3.4.612\SentinelJava64.dll cv.training.Training.TrainingApplication

Host: Intel(R) Core(TM) i5-8265U CPU @ 1.60GHz, 8 cores, 31G,  Windows 11 , 64 bit Build 22621 (10.0.22621.1485)
Time: Fri May 12 15:13:37 2023 Malay Peninsula Standard Time elapsed time: 75.037765 seconds (0d 0h 1m 15s)

---------------  T H R E A D  ---------------

Current thread (0x0000012fa11fbda0):  JavaThread "http-nio-8080-exec-1" daemon [_thread_in_vm, id=9516, stack(0x0000001980400000,0x0000001980500000)]

Stack: [0x0000001980400000,0x0000001980500000],  sp=0x00000019804fb9c0,  free space=1006k
Native frames: (J=compiled Java code, j=interpreted, Vv=VM code, C=native code)
V  [jvm.dll+0x55c387]
V  [jvm.dll+0x382dc7]
V  [jvm.dll+0x38241f]
C  0x0000012f8001bce2

Java frames: (J=compiled Java code, j=interpreted, Vv=VM code)
j  javax.servlet.ServletRequestWrapper.setCharacterEncoding(Ljava/lang/String;)V+5
v  ~StubRoutines::call_stub
j  org.apache.jasper.runtime.HttpJspBase.service(Ljavax/servlet/http/HttpServletRequest;Ljavax/servlet/http/HttpServletResponse;)V+6
j  javax.servlet.http.HttpServlet.service(Ljavax/servlet/ServletRequest;Ljavax/servlet/ServletResponse;)V+36
j  org.apache.jasper.servlet.JspServletWrapper.service(Ljavax/servlet/http/HttpServletRequest;Ljavax/servlet/http/HttpServletResponse;Z)V+411
j  org.apache.jasper.servlet.JspServlet.serviceJspFile(Ljavax/servlet/http/HttpServletRequest;Ljavax/servlet/http/HttpServletResponse;Ljava/lang/String;Z)V+112
j  org.apache.jasper.servlet.JspServlet.service(Ljavax/servlet/http/HttpServletRequest;Ljavax/servlet/http/HttpServletResponse;)V+328
j  javax.servlet.http.HttpServlet.service(Ljavax/servlet/ServletRequest;Ljavax/servlet/ServletResponse;)V+36
j  org.apache.catalina.core.ApplicationFilterChain.internalDoFilter(Ljavax/servlet/ServletRequest;Ljavax/servlet/ServletResponse;)V+304
j  org.apache.catalina.core.ApplicationFilterChain.doFilter(Ljavax/servlet/ServletRequest;Ljavax/servlet/ServletResponse;)V+99
j  org.apache.tomcat.websocket.server.WsFilter.doFilter(Ljavax/servlet/ServletRequest;Ljavax/servlet/ServletResponse;Ljavax/servlet/FilterChain;)V+21
j  org.apache.catalina.core.ApplicationFilterChain.internalDoFilter(Ljavax/servlet/ServletRequest;Ljavax/servlet/ServletResponse;)V+135
j  org.apache.catalina.core.ApplicationFilterChain.doFilter(Ljavax/servlet/ServletRequest;Ljavax/servlet/ServletResponse;)V+99
j  org.springframework.web.filter.OncePerRequestFilter.doFilter(Ljavax/servlet/ServletRequest;Ljavax/servlet/ServletResponse;Ljavax/servlet/FilterChain;)V+122
j  org.apache.catalina.core.ApplicationFilterChain.internalDoFilter(Ljavax/servlet/ServletRequest;Ljavax/servlet/ServletResponse;)V+135
j  org.apache.catalina.core.ApplicationFilterChain.doFilter(Ljavax/servlet/ServletRequest;Ljavax/servlet/ServletResponse;)V+99
j  org.springframework.web.filter.OncePerRequestFilter.doFilter(Ljavax/servlet/ServletRequest;Ljavax/servlet/ServletResponse;Ljavax/servlet/FilterChain;)V+122
j  org.apache.catalina.core.ApplicationFilterChain.internalDoFilter(Ljavax/servlet/ServletRequest;Ljavax/servlet/ServletResponse;)V+135
j  org.apache.catalina.core.ApplicationFilterChain.doFilter(Ljavax/servlet/ServletRequest;Ljavax/servlet/ServletResponse;)V+99
j  org.springframework.web.filter.OncePerRequestFilter.doFilter(Ljavax/servlet/ServletRequest;Ljavax/servlet/ServletResponse;Ljavax/servlet/FilterChain;)V+122
j  org.apache.catalina.core.ApplicationFilterChain.internalDoFilter(Ljavax/servlet/ServletRequest;Ljavax/servlet/ServletResponse;)V+135
j  org.apache.catalina.core.ApplicationFilterChain.doFilter(Ljavax/servlet/ServletRequest;Ljavax/servlet/ServletResponse;)V+99
j  org.apache.catalina.core.ApplicationDispatcher.invoke(Ljavax/servlet/ServletRequest;Ljavax/servlet/ServletResponse;Lorg/apache/catalina/core/ApplicationDispatcher$State;)V+341
j  org.apache.catalina.core.ApplicationDispatcher.processRequest(Ljavax/servlet/ServletRequest;Ljavax/servlet/ServletResponse;Lorg/apache/catalina/core/ApplicationDispatcher$State;)V+98
j  org.apache.catalina.core.ApplicationDispatcher.doForward(Ljavax/servlet/ServletRequest;Ljavax/servlet/ServletResponse;)V+357
j  org.apache.catalina.core.ApplicationDispatcher.forward(Ljavax/servlet/ServletRequest;Ljavax/servlet/ServletResponse;)V+55
j  org.springframework.web.servlet.view.InternalResourceView.renderMergedOutputModel(Ljava/util/Map;Ljavax/servlet/http/HttpServletRequest;Ljavax/servlet/http/HttpServletResponse;)V+199
j  org.springframework.web.servlet.view.AbstractView.render(Ljava/util/Map;Ljavax/servlet/http/HttpServletRequest;Ljavax/servlet/http/HttpServletResponse;)V+128
j  org.springframework.web.servlet.DispatcherServlet.render(Lorg/springframework/web/servlet/ModelAndView;Ljavax/servlet/http/HttpServletRequest;Ljavax/servlet/http/HttpServletResponse;)V+259
j  org.springframework.web.servlet.DispatcherServlet.processDispatchResult(Ljavax/servlet/http/HttpServletRequest;Ljavax/servlet/http/HttpServletResponse;Lorg/springframework/web/servlet/HandlerExecutionChain;Lorg/springframework/web/servlet/ModelAndView;Ljava/lang/Exception;)V+98
j  org.springframework.web.servlet.DispatcherServlet.doDispatch(Ljavax/servlet/http/HttpServletRequest;Ljavax/servlet/http/HttpServletResponse;)V+360
j  org.springframework.web.servlet.DispatcherServlet.doService(Ljavax/servlet/http/HttpServletRequest;Ljavax/servlet/http/HttpServletResponse;)V+241
j  org.springframework.web.servlet.FrameworkServlet.processRequest(Ljavax/servlet/http/HttpServletRequest;Ljavax/servlet/http/HttpServletResponse;)V+71
j  org.springframework.web.servlet.FrameworkServlet.doGet(Ljavax/servlet/http/HttpServletRequest;Ljavax/servlet/http/HttpServletResponse;)V+3
j  javax.servlet.http.HttpServlet.service(Ljavax/servlet/http/HttpServletRequest;Ljavax/servlet/http/HttpServletResponse;)V+35
j  org.springframework.web.servlet.FrameworkServlet.service(Ljavax/servlet/http/HttpServletRequest;Ljavax/servlet/http/HttpServletResponse;)V+33
j  javax.servlet.http.HttpServlet.service(Ljavax/servlet/ServletRequest;Ljavax/servlet/ServletResponse;)V+36
j  org.apache.catalina.core.ApplicationFilterChain.internalDoFilter(Ljavax/servlet/ServletRequest;Ljavax/servlet/ServletResponse;)V+304
j  org.apache.catalina.core.ApplicationFilterChain.doFilter(Ljavax/servlet/ServletRequest;Ljavax/servlet/ServletResponse;)V+99
j  org.apache.tomcat.websocket.server.WsFilter.doFilter(Ljavax/servlet/ServletRequest;Ljavax/servlet/ServletResponse;Ljavax/servlet/FilterChain;)V+21
j  org.apache.catalina.core.ApplicationFilterChain.internalDoFilter(Ljavax/servlet/ServletRequest;Ljavax/servlet/ServletResponse;)V+135
j  org.apache.catalina.core.ApplicationFilterChain.doFilter(Ljavax/servlet/ServletRequest;Ljavax/servlet/ServletResponse;)V+99
j  org.springframework.web.filter.RequestContextFilter.doFilterInternal(Ljavax/servlet/http/HttpServletRequest;Ljavax/servlet/http/HttpServletResponse;Ljavax/servlet/FilterChain;)V+21
j  org.springframework.web.filter.OncePerRequestFilter.doFilter(Ljavax/servlet/ServletRequest;Ljavax/servlet/ServletResponse;Ljavax/servlet/FilterChain;)V+147
j  org.apache.catalina.core.ApplicationFilterChain.internalDoFilter(Ljavax/servlet/ServletRequest;Ljavax/servlet/ServletResponse;)V+135
j  org.apache.catalina.core.ApplicationFilterChain.doFilter(Ljavax/servlet/ServletRequest;Ljavax/servlet/ServletResponse;)V+99
j  org.springframework.web.filter.FormContentFilter.doFilterInternal(Ljavax/servlet/http/HttpServletRequest;Ljavax/servlet/http/HttpServletResponse;Ljavax/servlet/FilterChain;)V+38
j  org.springframework.web.filter.OncePerRequestFilter.doFilter(Ljavax/servlet/ServletRequest;Ljavax/servlet/ServletResponse;Ljavax/servlet/FilterChain;)V+147
j  org.apache.catalina.core.ApplicationFilterChain.internalDoFilter(Ljavax/servlet/ServletRequest;Ljavax/servlet/ServletResponse;)V+135
j  org.apache.catalina.core.ApplicationFilterChain.doFilter(Ljavax/servlet/ServletRequest;Ljavax/servlet/ServletResponse;)V+99
j  org.springframework.web.filter.CharacterEncodingFilter.doFilterInternal(Ljavax/servlet/http/HttpServletRequest;Ljavax/servlet/http/HttpServletResponse;Ljavax/servlet/FilterChain;)V+53
j  org.springframework.web.filter.OncePerRequestFilter.doFilter(Ljavax/servlet/ServletRequest;Ljavax/servlet/ServletResponse;Ljavax/servlet/FilterChain;)V+147
j  org.apache.catalina.core.ApplicationFilterChain.internalDoFilter(Ljavax/servlet/ServletRequest;Ljavax/servlet/ServletResponse;)V+135
j  org.apache.catalina.core.ApplicationFilterChain.doFilter(Ljavax/servlet/ServletRequest;Ljavax/servlet/ServletResponse;)V+99
j  org.apache.catalina.core.StandardWrapperValve.invoke(Lorg/apache/catalina/connector/Request;Lorg/apache/catalina/connector/Response;)V+514
j  org.apache.catalina.core.StandardContextValve.invoke(Lorg/apache/catalina/connector/Request;Lorg/apache/catalina/connector/Response;)V+169
j  org.apache.catalina.authenticator.AuthenticatorBase.invoke(Lorg/apache/catalina/connector/Request;Lorg/apache/catalina/connector/Response;)V+260
j  org.apache.catalina.core.StandardHostValve.invoke(Lorg/apache/catalina/connector/Request;Lorg/apache/catalina/connector/Response;)V+128
j  org.apache.catalina.valves.ErrorReportValve.invoke(Lorg/apache/catalina/connector/Request;Lorg/apache/catalina/connector/Response;)V+6
j  org.apache.catalina.core.StandardEngineValve.invoke(Lorg/apache/catalina/connector/Request;Lorg/apache/catalina/connector/Response;)V+59
j  org.apache.catalina.connector.CoyoteAdapter.service(Lorg/apache/coyote/Request;Lorg/apache/coyote/Response;)V+187
j  org.apache.coyote.http11.Http11Processor.service(Lorg/apache/tomcat/util/net/SocketWrapperBase;)Lorg/apache/tomcat/util/net/AbstractEndpoint$Handler$SocketState;+796
j  org.apache.coyote.AbstractProcessorLight.process(Lorg/apache/tomcat/util/net/SocketWrapperBase;Lorg/apache/tomcat/util/net/SocketEvent;)Lorg/apache/tomcat/util/net/AbstractEndpoint$Handler$SocketState;+170
j  org.apache.coyote.AbstractProtocol$ConnectionHandler.process(Lorg/apache/tomcat/util/net/SocketWrapperBase;Lorg/apache/tomcat/util/net/SocketEvent;)Lorg/apache/tomcat/util/net/AbstractEndpoint$Handler$SocketState;+489
j  org.apache.tomcat.util.net.NioEndpoint$SocketProcessor.doRun()V+249
j  org.apache.tomcat.util.net.SocketProcessorBase.run()V+32
j  org.apache.tomcat.util.threads.ThreadPoolExecutor.runWorker(Lorg/apache/tomcat/util/threads/ThreadPoolExecutor$Worker;)V+92
j  org.apache.tomcat.util.threads.ThreadPoolExecutor$Worker.run()V+5
j  org.apache.tomcat.util.threads.TaskThread$WrappingRunnable.run()V+4
j  java.lang.Thread.run()V+11 java.base@17.0.3
v  ~StubRoutines::call_stub

siginfo: EXCEPTION_ACCESS_VIOLATION (0xc0000005), reading address 0x0000000000000980


Register to memory mapping:

RIP=0x00007ffbcc08c387 jvm.dll
RAX=0x00000019804fba20 is pointing into the stack for thread: 0x0000012fa11fbda0
RBX=0x0000012fa03edf90 points into unknown readable memory: 0x0000000000000978 | 78 09 00 00 00 00 00 00
RCX=0x00000019804fb990 is pointing into the stack for thread: 0x0000012fa11fbda0
RDX=0x00000019804fb990 is pointing into the stack for thread: 0x0000012fa11fbda0
RSP=0x00000019804fb9c0 is pointing into the stack for thread: 0x0000012fa11fbda0
RBP=0x00000019804fba39 is pointing into the stack for thread: 0x0000012fa11fbda0
RSI=0x00000019804fbb60 is pointing into the stack for thread: 0x0000012fa11fbda0
RDI=0x0000000000000978 is an unknown value
R8 =0x0 is NULL
R9 =0x0000012fa8c14b40 is pointing into metadata
R10=0x0000012fa8c0c4f0 is pointing into metadata
R11=0x0 is NULL
R12=0x0 is NULL
R13=0x0000012fa8c0d29d is pointing into metadata
R14=0x0000012fa11fbda0 is a thread
R15=0x0000012fa8c0d29d is pointing into metadata


Registers:
RAX=0x00000019804fba20, RBX=0x0000012fa03edf90, RCX=0x00000019804fb990, RDX=0x00000019804fb990
RSP=0x00000019804fb9c0, RBP=0x00000019804fba39, RSI=0x00000019804fbb60, RDI=0x0000000000000978
R8 =0x0000000000000000, R9 =0x0000012fa8c14b40, R10=0x0000012fa8c0c4f0, R11=0x0000000000000000
R12=0x0000000000000000, R13=0x0000012fa8c0d29d, R14=0x0000012fa11fbda0, R15=0x0000012fa8c0d29d
RIP=0x00007ffbcc08c387, EFLAGS=0x0000000000010202

Top of Stack: (sp=0x00000019804fb9c0)
0x00000019804fb9c0:   000000000000000b 0000012fa03edf90
0x00000019804fb9d0:   00000019804fba39 00007ffbcc27d901
0x00000019804fb9e0:   0000000000000000 0000012fa37ce2f0
0x00000019804fb9f0:   00000000000003d8 00007ffbcbdf949f
0x00000019804fba00:   0000012ffa81e6e0 0000001500000014
0x00000019804fba10:   0000000000000015 000000030000000e
0x00000019804fba20:   0000012fff57f100 0000012ffa81e6e0
0x00000019804fba30:   0000000800234650 0000000800824900
0x00000019804fba40:   0000000000000000 0000000000000000
0x00000019804fba50:   0000012fa10b0101 00007ffbcbd6cfee
0x00000019804fba60:   0000012ffa81e6e0 00000000000000b9
0x00000019804fba70:   0000012fa37ce200 0000012fa03edf90
0x00000019804fba80:   00000019804fbb90 00007ffbcbeb2dc7
0x00000019804fba90:   0000012fa11fbda0 0000012fa37ce2f0
0x00000019804fbaa0:   00000000a940b8f0 0000000800041b58
0x00000019804fbab0:   0000012f000000b9 0000012fa11fbda0 

Instructions: (pc=0x00007ffbcc08c387)
0x00007ffbcc08c287:   48 8d 4d e7 4d 8b c6 48 89 7d c7 e8 19 e9 ff ff
0x00007ffbcc08c297:   49 39 7e 08 0f 85 63 01 00 00 48 89 45 d7 4c 89
0x00007ffbcc08c2a7:   75 df 48 85 c0 74 1a 49 8b 8e 40 02 00 00 48 8d
0x00007ffbcc08c2b7:   55 cf 48 89 45 cf e8 4e e7 aa ff 48 39 7d d7 75
0x00007ffbcc08c2c7:   24 4c 8d 0d 79 4c 43 00 ba 69 00 00 00 4c 8d 05
0x00007ffbcc08c2d7:   85 4c 43 00 48 8d 0d ae 4c 43 00 e8 89 90 ce ff
0x00007ffbcc08c2e7:   e8 84 97 11 00 48 8d 4e 08 48 89 1e 48 8d 55 d7
0x00007ffbcc08c2f7:   e8 84 e6 de ff 48 8d 4e 18 48 8d 55 d7 e8 77 e6
0x00007ffbcc08c307:   de ff 49 8b d6 89 7e 28 48 8d 4d d7 c7 46 2c fe
0x00007ffbcc08c317:   ff ff ff 48 89 7e 30 e8 cd 7f cb ff 49 39 7e 08
0x00007ffbcc08c327:   0f 85 ce 00 00 00 48 8b 45 c7 48 89 46 30 e9 c1
0x00007ffbcc08c337:   00 00 00 4c 8b 4d 7f 45 8b c2 49 8b d3 48 8b ce
0x00007ffbcc08c347:   e8 34 01 00 00 e9 bc 00 00 00 4c 8b 75 7f 48 8d
0x00007ffbcc08c357:   4d e7 4d 8b ce 45 8b c2 49 8b d3 e8 69 ce ff ff
0x00007ffbcc08c367:   49 83 7e 08 00 0f 85 92 00 00 00 48 85 db 75 04
0x00007ffbcc08c377:   33 ff eb 25 80 3d ad ee 60 00 00 48 8b 3b 74 15
0x00007ffbcc08c387:   8b 7f 08 8b 0d 58 2f 5a 00 48 d3 e7 48 03 3d 46
0x00007ffbcc08c397:   2f 5a 00 eb 04 48 8b 7f 08 4d 8b c6 48 8d 4d e7
0x00007ffbcc08c3a7:   ba b9 00 00 00 e8 1f f5 ff ff 49 83 7e 08 00 75
0x00007ffbcc08c3b7:   4c 48 89 45 d7 4c 89 75 df 48 85 c0 74 14 49 8b
0x00007ffbcc08c3c7:   8e 40 02 00 00 48 8d 55 cf 48 89 45 cf e8 37 e6
0x00007ffbcc08c3d7:   aa ff 4c 8b 45 f7 48 8d 55 d7 4c 89 74 24 30 4c
0x00007ffbcc08c3e7:   8b cb c6 44 24 28 01 48 8b ce 48 89 7c 24 20 e8
0x00007ffbcc08c3f7:   55 10 00 00 48 8d 4d d7 e8 5c e5 de ff 48 8d 4d
0x00007ffbcc08c407:   07 e8 53 e5 de ff 48 8b bc 24 d0 00 00 00 4c 8b
0x00007ffbcc08c417:   b4 24 a8 00 00 00 48 81 c4 b0 00 00 00 5e 5b 5d
0x00007ffbcc08c427:   c3 08 c1 55 00 92 c0 55 00 5a c0 55 00 51 c3 55
0x00007ffbcc08c437:   00 3a c3 55 00 b6 c1 55 00 0d c4 55 00 00 01 02
0x00007ffbcc08c447:   03 04 06 06 06 06 06 06 06 06 06 06 06 06 06 06
0x00007ffbcc08c457:   06 06 06 06 06 06 06 06 06 06 06 06 06 06 06 06
0x00007ffbcc08c467:   06 06 06 06 06 06 06 06 06 06 06 06 06 06 06 06
0x00007ffbcc08c477:   05 cc cc cc cc cc cc cc cc 40 53 57 48 81 ec 58 


Stack slot to memory mapping:
stack at sp + 0 slots: 0x000000000000000b is an unknown value
stack at sp + 1 slots: 0x0000012fa03edf90 points into unknown readable memory: 0x0000000000000978 | 78 09 00 00 00 00 00 00
stack at sp + 2 slots: 0x00000019804fba39 is pointing into the stack for thread: 0x0000012fa11fbda0
stack at sp + 3 slots: 0x00007ffbcc27d901 jvm.dll
stack at sp + 4 slots: 0x0 is NULL
stack at sp + 5 slots: 0x0000012fa37ce2f0 points into unknown readable memory: 0x0007d00000000002 | 02 00 00 00 00 d0 07 00
stack at sp + 6 slots: 0x00000000000003d8 is an unknown value
stack at sp + 7 slots: 0x00007ffbcbdf949f jvm.dll


---------------  P R O C E S S  ---------------

Threads class SMR info:
_java_thread_list=0x0000012fa820a880, length=30, elements={
0x0000012ffd1df120, 0x0000012ffd1e0180, 0x0000012ffd232520, 0x0000012ffd2331f0,
0x0000012ffd234250, 0x0000012ffd250f90, 0x0000012ffd254000, 0x0000012ffd2556b0,
0x0000012ffd267320, 0x0000012ffd3d06b0, 0x0000012ffd3ea2e0, 0x0000012fff076a00,
0x0000012fa14ad4e0, 0x0000012fa1658d20, 0x0000012fa11fd5b0, 0x0000012fa11fbda0,
0x0000012fa11fdf50, 0x0000012fa11fa590, 0x0000012fa11fc270, 0x0000012fa11fc740,
0x0000012fa11fcc10, 0x0000012fa11faa60, 0x0000012fa11fd0e0, 0x0000012f9fcf27b0,
0x0000012f9fcf0ad0, 0x0000012f9fcef790, 0x0000012f9fcef2c0, 0x0000012f9fcf1940,
0x0000012f9f84c050, 0x0000012fa3782010
}

Java Threads: ( => current thread )
  0x0000012ffd1df120 JavaThread "Reference Handler" daemon [_thread_blocked, id=22908, stack(0x00000019fe500000,0x00000019fe600000)]
  0x0000012ffd1e0180 JavaThread "Finalizer" daemon [_thread_blocked, id=23180, stack(0x00000019fe600000,0x00000019fe700000)]
  0x0000012ffd232520 JavaThread "Signal Dispatcher" daemon [_thread_blocked, id=17128, stack(0x00000019fe700000,0x00000019fe800000)]
  0x0000012ffd2331f0 JavaThread "Attach Listener" daemon [_thread_blocked, id=21392, stack(0x00000019fe800000,0x00000019fe900000)]
  0x0000012ffd234250 JavaThread "Service Thread" daemon [_thread_blocked, id=22300, stack(0x00000019fe900000,0x00000019fea00000)]
  0x0000012ffd250f90 JavaThread "Monitor Deflation Thread" daemon [_thread_blocked, id=16692, stack(0x00000019fea00000,0x00000019feb00000)]
  0x0000012ffd254000 JavaThread "C2 CompilerThread0" daemon [_thread_blocked, id=5912, stack(0x00000019feb00000,0x00000019fec00000)]
  0x0000012ffd2556b0 JavaThread "C1 CompilerThread0" daemon [_thread_blocked, id=18448, stack(0x00000019fec00000,0x00000019fed00000)]
  0x0000012ffd267320 JavaThread "Sweeper thread" daemon [_thread_blocked, id=23084, stack(0x00000019fed00000,0x00000019fee00000)]
  0x0000012ffd3d06b0 JavaThread "Notification Thread" daemon [_thread_blocked, id=7172, stack(0x00000019fee00000,0x00000019fef00000)]
  0x0000012ffd3ea2e0 JavaThread "Common-Cleaner" daemon [_thread_blocked, id=15252, stack(0x00000019ff000000,0x00000019ff100000)]
  0x0000012fff076a00 JavaThread "Catalina-utility-1" [_thread_blocked, id=8328, stack(0x00000019ffb00000,0x00000019ffc00000)]
  0x0000012fa14ad4e0 JavaThread "Catalina-utility-2" [_thread_blocked, id=18276, stack(0x00000019ffd00000,0x00000019ffe00000)]
  0x0000012fa1658d20 JavaThread "container-0" [_thread_blocked, id=21696, stack(0x00000019ffe00000,0x00000019fff00000)]
  0x0000012fa11fd5b0 JavaThread "TrainingPoolABC housekeeper" daemon [_thread_blocked, id=19288, stack(0x0000001980000000,0x0000001980100000)]
=>0x0000012fa11fbda0 JavaThread "http-nio-8080-exec-1" daemon [_thread_in_vm, id=9516, stack(0x0000001980400000,0x0000001980500000)]
  0x0000012fa11fdf50 JavaThread "http-nio-8080-exec-2" daemon [_thread_blocked, id=23176, stack(0x0000001980500000,0x0000001980600000)]
  0x0000012fa11fa590 JavaThread "http-nio-8080-exec-3" daemon [_thread_blocked, id=17148, stack(0x0000001980600000,0x0000001980700000)]
  0x0000012fa11fc270 JavaThread "http-nio-8080-exec-4" daemon [_thread_blocked, id=10016, stack(0x0000001980700000,0x0000001980800000)]
  0x0000012fa11fc740 JavaThread "http-nio-8080-exec-5" daemon [_thread_blocked, id=8436, stack(0x0000001980800000,0x0000001980900000)]
  0x0000012fa11fcc10 JavaThread "http-nio-8080-exec-6" daemon [_thread_blocked, id=7208, stack(0x0000001980900000,0x0000001980a00000)]
  0x0000012fa11faa60 JavaThread "http-nio-8080-exec-7" daemon [_thread_blocked, id=6136, stack(0x0000001980a00000,0x0000001980b00000)]
  0x0000012fa11fd0e0 JavaThread "http-nio-8080-exec-8" daemon [_thread_blocked, id=9824, stack(0x0000001980b00000,0x0000001980c00000)]
  0x0000012f9fcf27b0 JavaThread "http-nio-8080-exec-9" daemon [_thread_blocked, id=9896, stack(0x0000001980c00000,0x0000001980d00000)]
  0x0000012f9fcf0ad0 JavaThread "http-nio-8080-exec-10" daemon [_thread_blocked, id=312, stack(0x0000001980d00000,0x0000001980e00000)]
  0x0000012f9fcef790 JavaThread "http-nio-8080-Poller" daemon [_thread_in_native, id=22488, stack(0x0000001980e00000,0x0000001980f00000)]
  0x0000012f9fcef2c0 JavaThread "http-nio-8080-Acceptor" daemon [_thread_in_native, id=23540, stack(0x0000001980f00000,0x0000001981000000)]
  0x0000012f9fcf1940 JavaThread "DestroyJavaVM" [_thread_blocked, id=18224, stack(0x00000019fde00000,0x00000019fdf00000)]
  0x0000012f9f84c050 JavaThread "C2 CompilerThread1" daemon [_thread_blocked, id=22468, stack(0x0000001981100000,0x0000001981200000)]
  0x0000012fa3782010 JavaThread "C2 CompilerThread2" daemon [_thread_blocked, id=20392, stack(0x0000001981200000,0x0000001981300000)]

Other Threads:
  0x0000012ffd214920 VMThread "VM Thread" [stack: 0x00000019fe400000,0x00000019fe500000] [id=1400]
  0x0000012ffd3d53b0 WatcherThread [stack: 0x00000019fef00000,0x00000019ff000000] [id=16528]
  0x0000012ffa6f0190 GCTaskThread "GC Thread#0" [stack: 0x00000019fdf00000,0x00000019fe000000] [id=11572]
  0x0000012ffeb97470 GCTaskThread "GC Thread#1" [stack: 0x00000019ff300000,0x00000019ff400000] [id=17444]
  0x0000012ffe8a3f70 GCTaskThread "GC Thread#2" [stack: 0x00000019ff400000,0x00000019ff500000] [id=21240]
  0x0000012ffeb38470 GCTaskThread "GC Thread#3" [stack: 0x00000019ff500000,0x00000019ff600000] [id=18080]
  0x0000012ffeb38720 GCTaskThread "GC Thread#4" [stack: 0x00000019ff600000,0x00000019ff700000] [id=10956]
  0x0000012fff39cc30 GCTaskThread "GC Thread#5" [stack: 0x00000019ff700000,0x00000019ff800000] [id=1788]
  0x0000012fff39cee0 GCTaskThread "GC Thread#6" [stack: 0x00000019ff800000,0x00000019ff900000] [id=8216]
  0x0000012ffe7fe710 GCTaskThread "GC Thread#7" [stack: 0x00000019ff900000,0x00000019ffa00000] [id=616]
  0x0000012ffa703ae0 ConcurrentGCThread "G1 Main Marker" [stack: 0x00000019fe000000,0x00000019fe100000] [id=18740]
  0x0000012ffa705670 ConcurrentGCThread "G1 Conc#0" [stack: 0x00000019fe100000,0x00000019fe200000] [id=17772]
  0x0000012f9f855e00 ConcurrentGCThread "G1 Conc#1" [stack: 0x00000019ffc00000,0x00000019ffd00000] [id=5028]
  0x0000012ffa7bfe90 ConcurrentGCThread "G1 Refine#0" [stack: 0x00000019fe200000,0x00000019fe300000] [id=14168]
  0x0000012fff7c5c30 ConcurrentGCThread "G1 Refine#1" [stack: 0x00000019ffa00000,0x00000019ffb00000] [id=13160]
  0x0000012fa2f4ecc0 ConcurrentGCThread "G1 Refine#2" [stack: 0x0000001980200000,0x0000001980300000] [id=21580]
  0x0000012fa2f4d5c0 ConcurrentGCThread "G1 Refine#3" [stack: 0x0000001980300000,0x0000001980400000] [id=11244]
  0x0000012ffa7c0650 ConcurrentGCThread "G1 Service" [stack: 0x00000019fe300000,0x00000019fe400000] [id=22716]

Threads with active compile tasks:

VM state: not at safepoint (normal execution)

VM Mutex/Monitor currently owned by a thread: None

Heap address: 0x0000000603c00000, size: 8132 MB, Compressed Oops mode: Zero based, Oop shift amount: 3

CDS archive(s) not mapped
Compressed class space mapped at: 0x0000000800000000-0x0000000840000000, reserved size: 1073741824
Narrow klass base: 0x0000000800000000, Narrow klass shift: 0, Narrow klass range: 0x40000000

GC Precious Log:
 CPUs: 8 total, 8 available
 Memory: 32524M
 Large Page Support: Disabled
 NUMA Support: Disabled
 Compressed Oops: Enabled (Zero based)
 Heap Region Size: 4M
 Heap Min Capacity: 8M
 Heap Initial Capacity: 512M
 Heap Max Capacity: 8132M
 Pre-touch: Disabled
 Parallel Workers: 8
 Concurrent Workers: 2
 Concurrent Refinement Workers: 8
 Periodic GC: Disabled

Heap:
 garbage-first heap   total 110592K, used 42044K [0x0000000603c00000, 0x0000000800000000)
  region size 4096K, 5 young (20480K), 1 survivors (4096K)
 Metaspace       used 74149K, committed 74496K, reserved 1122304K
  class space    used 8969K, committed 9152K, reserved 1048576K

Heap Regions: E=young(eden), S=young(survivor), O=old, HS=humongous(starts), HC=humongous(continues), CS=collection set, F=free, OA=open archive, CA=closed archive, TAMS=top-at-mark-start (previous, next)
|   0|0x0000000603c00000, 0x0000000604000000, 0x0000000604000000|100%| O|  |TAMS 0x0000000604000000, 0x0000000603c00000| Untracked 
|   1|0x0000000604000000, 0x0000000604000000, 0x0000000604400000|  0%| F|  |TAMS 0x0000000604000000, 0x0000000604000000| Untracked 
|   2|0x0000000604400000, 0x0000000604800000, 0x0000000604800000|100%| O|  |TAMS 0x0000000604800000, 0x0000000604400000| Untracked 
|   3|0x0000000604800000, 0x0000000604c00000, 0x0000000604c00000|100%| O|  |TAMS 0x0000000604c00000, 0x0000000604800000| Untracked 
|   4|0x0000000604c00000, 0x0000000605000000, 0x0000000605000000|100%| O|  |TAMS 0x0000000604c00000, 0x0000000604c00000| Untracked 
|   5|0x0000000605000000, 0x0000000605400000, 0x0000000605400000|100%| O|  |TAMS 0x0000000605000000, 0x0000000605000000| Untracked 
|   6|0x0000000605400000, 0x0000000605800000, 0x0000000605800000|100%| O|  |TAMS 0x0000000605400000, 0x0000000605400000| Untracked 
|   7|0x0000000605800000, 0x0000000605997000, 0x0000000605c00000| 39%| O|  |TAMS 0x0000000605800000, 0x0000000605800000| Untracked 
|   8|0x0000000605c00000, 0x0000000605c00000, 0x0000000606000000|  0%| F|  |TAMS 0x0000000605c00000, 0x0000000605c00000| Untracked 
|   9|0x0000000606000000, 0x0000000606000000, 0x0000000606400000|  0%| F|  |TAMS 0x0000000606000000, 0x0000000606000000| Untracked 
|  10|0x0000000606400000, 0x0000000606400000, 0x0000000606800000|  0%| F|  |TAMS 0x0000000606400000, 0x0000000606400000| Untracked 
|  11|0x0000000606800000, 0x0000000606b78360, 0x0000000606c00000| 86%| S|CS|TAMS 0x0000000606800000, 0x0000000606800000| Complete 
|  12|0x0000000606c00000, 0x0000000606c00000, 0x0000000607000000|  0%| F|  |TAMS 0x0000000606c00000, 0x0000000606c00000| Untracked 
|  13|0x0000000607000000, 0x0000000607000000, 0x0000000607400000|  0%| F|  |TAMS 0x0000000607000000, 0x0000000607000000| Untracked 
|  14|0x0000000607400000, 0x0000000607400000, 0x0000000607800000|  0%| F|  |TAMS 0x0000000607400000, 0x0000000607400000| Untracked 
|  15|0x0000000607800000, 0x0000000607800000, 0x0000000607c00000|  0%| F|  |TAMS 0x0000000607800000, 0x0000000607800000| Untracked 
|  16|0x0000000607c00000, 0x0000000607c00000, 0x0000000608000000|  0%| F|  |TAMS 0x0000000607c00000, 0x0000000607c00000| Untracked 
|  17|0x0000000608000000, 0x0000000608000000, 0x0000000608400000|  0%| F|  |TAMS 0x0000000608000000, 0x0000000608000000| Untracked 
|  18|0x0000000608400000, 0x0000000608400000, 0x0000000608800000|  0%| F|  |TAMS 0x0000000608400000, 0x0000000608400000| Untracked 
|  19|0x0000000608800000, 0x0000000608800000, 0x0000000608c00000|  0%| F|  |TAMS 0x0000000608800000, 0x0000000608800000| Untracked 
|  20|0x0000000608c00000, 0x0000000608c00000, 0x0000000609000000|  0%| F|  |TAMS 0x0000000608c00000, 0x0000000608c00000| Untracked 
|  21|0x0000000609000000, 0x0000000609000000, 0x0000000609400000|  0%| F|  |TAMS 0x0000000609000000, 0x0000000609000000| Untracked 
|  22|0x0000000609400000, 0x0000000609400000, 0x0000000609800000|  0%| F|  |TAMS 0x0000000609400000, 0x0000000609400000| Untracked 
|  33|0x000000060c000000, 0x000000060c3e4ae8, 0x000000060c400000| 97%| E|  |TAMS 0x000000060c000000, 0x000000060c000000| Complete 
|  34|0x000000060c400000, 0x000000060c800000, 0x000000060c800000|100%| E|CS|TAMS 0x000000060c400000, 0x000000060c400000| Complete 
|  35|0x000000060c800000, 0x000000060cc00000, 0x000000060cc00000|100%| E|CS|TAMS 0x000000060c800000, 0x000000060c800000| Complete 
| 127|0x0000000623800000, 0x0000000623c00000, 0x0000000623c00000|100%| E|CS|TAMS 0x0000000623800000, 0x0000000623800000| Complete 

Card table byte_map: [0x0000012ff8640000,0x0000012ff9630000] _byte_map_base: 0x0000012ff5622000

Marking Bits (Prev, Next): (CMBitMap*) 0x0000012ffa6f1000, (CMBitMap*) 0x0000012ffa6f0fc0
 Prev Bits: [0x0000012f96f10000, 0x0000012f9ee20000)
 Next Bits: [0x0000012f8f000000, 0x0000012f96f10000)

Polling page: 0x0000012ff1680000

Metaspace:

Usage:
  Non-class:     63.65 MB used.
      Class:      8.76 MB used.
       Both:     72.41 MB used.

Virtual space:
  Non-class space:       72.00 MB reserved,      63.81 MB ( 89%) committed,  9 nodes.
      Class space:        1.00 GB reserved,       8.94 MB ( <1%) committed,  1 nodes.
             Both:        1.07 GB reserved,      72.75 MB (  7%) committed. 

Chunk freelists:
   Non-Class:  3.95 MB
       Class:  3.03 MB
        Both:  6.98 MB

MaxMetaspaceSize: unlimited
CompressedClassSpaceSize: 1.00 GB
Initial GC threshold: 21.00 MB
Current GC threshold: 99.00 MB
CDS: off
MetaspaceReclaimPolicy: balanced
 - commit_granule_bytes: 65536.
 - commit_granule_words: 8192.
 - virtual_space_node_default_size: 1048576.
 - enlarge_chunks_in_place: 1.
 - new_chunks_are_fully_committed: 0.
 - uncommit_free_chunks: 1.
 - use_allocation_guard: 0.
 - handle_deallocations: 1.


Internal statistics:

num_allocs_failed_limit: 9.
num_arena_births: 380.
num_arena_deaths: 0.
num_vsnodes_births: 10.
num_vsnodes_deaths: 0.
num_space_committed: 1164.
num_space_uncommitted: 0.
num_chunks_returned_to_freelist: 9.
num_chunks_taken_from_freelist: 2634.
num_chunk_merges: 6.
num_chunk_splits: 1952.
num_chunks_enlarged: 1619.
num_purges: 0.
num_inconsistent_stats: 0.

CodeHeap 'non-profiled nmethods': size=120000Kb used=4196Kb max_used=5118Kb free=115803Kb
 bounds [0x0000012f87ad0000, 0x0000012f87fd0000, 0x0000012f8f000000]
CodeHeap 'profiled nmethods': size=120000Kb used=10267Kb max_used=12044Kb free=109732Kb
 bounds [0x0000012f805a0000, 0x0000012f81170000, 0x0000012f87ad0000]
CodeHeap 'non-nmethods': size=5760Kb used=1328Kb max_used=1439Kb free=4431Kb
 bounds [0x0000012f80000000, 0x0000012f80270000, 0x0000012f805a0000]
 total_blobs=5717 nmethods=5066 adapters=561
 compilation: enabled
              stopped_count=0, restarted_count=0
 full_count=0

Compilation events (20 events):
Event: 75.015 Thread 0x0000012ffd2556b0 nmethod 6286 0x0000012f80626190 code [0x0000012f80626340, 0x0000012f80626688]
Event: 75.015 Thread 0x0000012ffd2556b0 6288   !   3       sun.nio.fs.WindowsPath::createFromNormalizedPath (65 bytes)
Event: 75.015 Thread 0x0000012fa3782010 6297       4       java.lang.String::encodeUTF8 (141 bytes)
Event: 75.015 Thread 0x0000012ffd2556b0 nmethod 6288 0x0000012f805a0010 code [0x0000012f805a0240, 0x0000012f805a0ab8]
Event: 75.015 Thread 0x0000012ffd2556b0 6289       3       sun.nio.fs.WindowsPathParser::parseNormalizedPath (6 bytes)
Event: 75.015 Thread 0x0000012ffd2556b0 nmethod 6289 0x0000012f8069e510 code [0x0000012f8069e6a0, 0x0000012f8069e7c8]
Event: 75.015 Thread 0x0000012ffd2556b0 6290       3       sun.nio.fs.WindowsFileAttributes::fromFindData (127 bytes)
Event: 75.016 Thread 0x0000012ffd2556b0 nmethod 6290 0x0000012f8071e910 code [0x0000012f8071eb00, 0x0000012f8071f1a8]
Event: 75.016 Thread 0x0000012ffd2556b0 6291   !   3       sun.nio.fs.WindowsDirectoryStream$WindowsDirectoryIterator::acceptEntry (71 bytes)
Event: 75.017 Thread 0x0000012ffd2556b0 nmethod 6291 0x0000012f805d3f90 code [0x0000012f805d41e0, 0x0000012f805d4a48]
Event: 75.017 Thread 0x0000012ffd2556b0 6292       3       sun.nio.fs.WindowsPath$WindowsPathWithAttributes::<init> (23 bytes)
Event: 75.017 Thread 0x0000012ffd2556b0 nmethod 6292 0x0000012f805fde10 code [0x0000012f805fe000, 0x0000012f805fe698]
Event: 75.017 Thread 0x0000012ffd2556b0 6293       3       java.nio.file.Files$AcceptAllFilter::accept (9 bytes)
Event: 75.017 Thread 0x0000012ffd2556b0 nmethod 6293 0x0000012f8063c110 code [0x0000012f8063c2c0, 0x0000012f8063c558]
Event: 75.017 Thread 0x0000012ffd2556b0 6294       3       sun.nio.fs.WindowsDirectoryStream$WindowsDirectoryIterator::next (5 bytes)
Event: 75.018 Thread 0x0000012ffd2556b0 nmethod 6294 0x0000012f807b6b10 code [0x0000012f807b6cc0, 0x0000012f807b6e08]
Event: 75.018 Thread 0x0000012ffd2556b0 6295  s    3       sun.nio.fs.WindowsDirectoryStream$WindowsDirectoryIterator::next (48 bytes)
Event: 75.018 Thread 0x0000012ffd2556b0 nmethod 6295 0x0000012f80620a10 code [0x0000012f80620be0, 0x0000012f80620fb8]
Event: 75.018 Thread 0x0000012ffd2556b0 6296       3       sun.nio.fs.WindowsPath::getFileName (87 bytes)
Event: 75.020 Thread 0x0000012ffd2556b0 nmethod 6296 0x0000012f80602510 code [0x0000012f806027c0, 0x0000012f806036e8]

GC Heap History (20 events):
Event: 3.607 GC heap before
{Heap before GC invocations=8 (full 0):
 garbage-first heap   total 57344K, used 26088K [0x0000000603c00000, 0x0000000800000000)
  region size 4096K, 5 young (20480K), 1 survivors (4096K)
 Metaspace       used 35897K, committed 36096K, reserved 1081344K
  class space    used 4157K, committed 4224K, reserved 1048576K
}
Event: 3.615 GC heap after
{Heap after GC invocations=9 (full 0):
 garbage-first heap   total 57344K, used 15028K [0x0000000603c00000, 0x0000000800000000)
  region size 4096K, 1 young (4096K), 1 survivors (4096K)
 Metaspace       used 35897K, committed 36096K, reserved 1081344K
  class space    used 4157K, committed 4224K, reserved 1048576K
}
Event: 4.059 GC heap before
{Heap before GC invocations=10 (full 0):
 garbage-first heap   total 57344K, used 31412K [0x0000000603c00000, 0x0000000800000000)
  region size 4096K, 6 young (24576K), 1 survivors (4096K)
 Metaspace       used 38546K, committed 38848K, reserved 1089536K
  class space    used 4433K, committed 4608K, reserved 1048576K
}
Event: 4.066 GC heap after
{Heap after GC invocations=11 (full 0):
 garbage-first heap   total 57344K, used 16386K [0x0000000603c00000, 0x0000000800000000)
  region size 4096K, 1 young (4096K), 1 survivors (4096K)
 Metaspace       used 38546K, committed 38848K, reserved 1089536K
  class space    used 4433K, committed 4608K, reserved 1048576K
}
Event: 4.327 GC heap before
{Heap before GC invocations=11 (full 0):
 garbage-first heap   total 57344K, used 36866K [0x0000000603c00000, 0x0000000800000000)
  region size 4096K, 6 young (24576K), 1 survivors (4096K)
 Metaspace       used 38649K, committed 38976K, reserved 1089536K
  class space    used 4436K, committed 4608K, reserved 1048576K
}
Event: 4.333 GC heap after
{Heap after GC invocations=12 (full 0):
 garbage-first heap   total 290816K, used 16530K [0x0000000603c00000, 0x0000000800000000)
  region size 4096K, 1 young (4096K), 1 survivors (4096K)
 Metaspace       used 38649K, committed 38976K, reserved 1089536K
  class space    used 4436K, committed 4608K, reserved 1048576K
}
Event: 6.075 GC heap before
{Heap before GC invocations=12 (full 0):
 garbage-first heap   total 290816K, used 184466K [0x0000000603c00000, 0x0000000800000000)
  region size 4096K, 42 young (172032K), 1 survivors (4096K)
 Metaspace       used 38793K, committed 39104K, reserved 1089536K
  class space    used 4441K, committed 4608K, reserved 1048576K
}
Event: 6.076 GC heap after
{Heap after GC invocations=13 (full 0):
 garbage-first heap   total 290816K, used 16531K [0x0000000603c00000, 0x0000000800000000)
  region size 4096K, 1 young (4096K), 1 survivors (4096K)
 Metaspace       used 38793K, committed 39104K, reserved 1089536K
  class space    used 4441K, committed 4608K, reserved 1048576K
}
Event: 7.693 GC heap before
{Heap before GC invocations=13 (full 0):
 garbage-first heap   total 290816K, used 184467K [0x0000000603c00000, 0x0000000800000000)
  region size 4096K, 42 young (172032K), 1 survivors (4096K)
 Metaspace       used 38839K, committed 39168K, reserved 1089536K
  class space    used 4444K, committed 4608K, reserved 1048576K
}
Event: 7.694 GC heap after
{Heap after GC invocations=14 (full 0):
 garbage-first heap   total 290816K, used 16598K [0x0000000603c00000, 0x0000000800000000)
  region size 4096K, 1 young (4096K), 1 survivors (4096K)
 Metaspace       used 38839K, committed 39168K, reserved 1089536K
  class space    used 4444K, committed 4608K, reserved 1048576K
}
Event: 9.149 GC heap before
{Heap before GC invocations=14 (full 0):
 garbage-first heap   total 290816K, used 184534K [0x0000000603c00000, 0x0000000800000000)
  region size 4096K, 42 young (172032K), 1 survivors (4096K)
 Metaspace       used 38849K, committed 39168K, reserved 1089536K
  class space    used 4445K, committed 4608K, reserved 1048576K
}
Event: 9.151 GC heap after
{Heap after GC invocations=15 (full 0):
 garbage-first heap   total 290816K, used 16598K [0x0000000603c00000, 0x0000000800000000)
  region size 4096K, 1 young (4096K), 1 survivors (4096K)
 Metaspace       used 38849K, committed 39168K, reserved 1089536K
  class space    used 4445K, committed 4608K, reserved 1048576K
}
Event: 11.893 GC heap before
{Heap before GC invocations=15 (full 0):
 garbage-first heap   total 290816K, used 155862K [0x0000000603c00000, 0x0000000800000000)
  region size 4096K, 36 young (147456K), 1 survivors (4096K)
 Metaspace       used 60344K, committed 60608K, reserved 1105920K
  class space    used 7584K, committed 7744K, reserved 1048576K
}
Event: 11.901 GC heap after
{Heap after GC invocations=16 (full 0):
 garbage-first heap   total 290816K, used 23566K [0x0000000603c00000, 0x0000000800000000)
  region size 4096K, 3 young (12288K), 3 survivors (12288K)
 Metaspace       used 60344K, committed 60608K, reserved 1105920K
  class space    used 7584K, committed 7744K, reserved 1048576K
}
Event: 12.726 GC heap before
{Heap before GC invocations=17 (full 0):
 garbage-first heap   total 110592K, used 76814K [0x0000000603c00000, 0x0000000800000000)
  region size 4096K, 16 young (65536K), 3 survivors (12288K)
 Metaspace       used 63438K, committed 63680K, reserved 1105920K
  class space    used 8009K, committed 8128K, reserved 1048576K
}
Event: 12.735 GC heap after
{Heap after GC invocations=18 (full 0):
 garbage-first heap   total 110592K, used 27077K [0x0000000603c00000, 0x0000000800000000)
  region size 4096K, 1 young (4096K), 1 survivors (4096K)
 Metaspace       used 63438K, committed 63680K, reserved 1105920K
  class space    used 8009K, committed 8128K, reserved 1048576K
}
Event: 12.752 GC heap before
{Heap before GC invocations=18 (full 0):
 garbage-first heap   total 110592K, used 31173K [0x0000000603c00000, 0x0000000800000000)
  region size 4096K, 2 young (8192K), 1 survivors (4096K)
 Metaspace       used 63442K, committed 63744K, reserved 1105920K
  class space    used 8009K, committed 8128K, reserved 1048576K
}
Event: 12.758 GC heap after
{Heap after GC invocations=19 (full 0):
 garbage-first heap   total 110592K, used 26789K [0x0000000603c00000, 0x0000000800000000)
  region size 4096K, 1 young (4096K), 1 survivors (4096K)
 Metaspace       used 63442K, committed 63744K, reserved 1105920K
  class space    used 8009K, committed 8128K, reserved 1048576K
}
Event: 74.679 GC heap before
{Heap before GC invocations=19 (full 0):
 garbage-first heap   total 110592K, used 84133K [0x0000000603c00000, 0x0000000800000000)
  region size 4096K, 15 young (61440K), 1 survivors (4096K)
 Metaspace       used 72782K, committed 73088K, reserved 1114112K
  class space    used 8854K, committed 9024K, reserved 1048576K
}
Event: 74.685 GC heap after
{Heap after GC invocations=20 (full 0):
 garbage-first heap   total 110592K, used 29756K [0x0000000603c00000, 0x0000000800000000)
  region size 4096K, 1 young (4096K), 1 survivors (4096K)
 Metaspace       used 72782K, committed 73088K, reserved 1114112K
  class space    used 8854K, committed 9024K, reserved 1048576K
}

Deoptimization events (20 events):
Event: 74.784 Thread 0x0000012fa11fbda0 Uncommon trap: trap_request=0xffffff45 fr.pc=0x0000012f87ce4798 relative=0x0000000000000378
Event: 74.784 Thread 0x0000012fa11fbda0 Uncommon trap: reason=unstable_if action=reinterpret pc=0x0000012f87ce4798 method=java.util.HashMap.getNode(Ljava/lang/Object;)Ljava/util/HashMap$Node; @ 66 c2
Event: 74.784 Thread 0x0000012fa11fbda0 DEOPT PACKING pc=0x0000012f87ce4798 sp=0x00000019804fb520
Event: 74.784 Thread 0x0000012fa11fbda0 DEOPT UNPACKING pc=0x0000012f800523a3 sp=0x00000019804fb4c0 mode 2
Event: 74.793 Thread 0x0000012fa11fbda0 Uncommon trap: trap_request=0xffffff45 fr.pc=0x0000012f87fc7078 relative=0x00000000000001d8
Event: 74.793 Thread 0x0000012fa11fbda0 Uncommon trap: reason=unstable_if action=reinterpret pc=0x0000012f87fc7078 method=jdk.internal.util.ArraysSupport.mismatch([C[CI)I @ 59 c2
Event: 74.793 Thread 0x0000012fa11fbda0 DEOPT PACKING pc=0x0000012f87fc7078 sp=0x00000019804fbab0
Event: 74.793 Thread 0x0000012fa11fbda0 DEOPT UNPACKING pc=0x0000012f800523a3 sp=0x00000019804fb9f8 mode 2
Event: 74.938 Thread 0x0000012fa11fbda0 Uncommon trap: trap_request=0xffffffde fr.pc=0x0000012f87b46c74 relative=0x0000000000001554
Event: 74.938 Thread 0x0000012fa11fbda0 Uncommon trap: reason=class_check action=maybe_recompile pc=0x0000012f87b46c74 method=jdk.internal.loader.URLClassPath.getLoader(I)Ljdk/internal/loader/URLClassPath$Loader; @ 88 c2
Event: 74.938 Thread 0x0000012fa11fbda0 DEOPT PACKING pc=0x0000012f87b46c74 sp=0x00000019804fc6a0
Event: 74.938 Thread 0x0000012fa11fbda0 DEOPT UNPACKING pc=0x0000012f800523a3 sp=0x00000019804fc6f0 mode 2
Event: 74.948 Thread 0x0000012fa11fbda0 Uncommon trap: trap_request=0xffffffde fr.pc=0x0000012f87d75c20 relative=0x0000000000000460
Event: 74.948 Thread 0x0000012fa11fbda0 Uncommon trap: reason=class_check action=maybe_recompile pc=0x0000012f87d75c20 method=java.lang.Throwable.<init>()V @ 24 c2
Event: 74.948 Thread 0x0000012fa11fbda0 DEOPT PACKING pc=0x0000012f87d75c20 sp=0x00000019804fb4d0
Event: 74.948 Thread 0x0000012fa11fbda0 DEOPT UNPACKING pc=0x0000012f800523a3 sp=0x00000019804fb4a0 mode 2
Event: 74.956 Thread 0x0000012fa11fbda0 Uncommon trap: trap_request=0xffffff76 fr.pc=0x0000012f87f99bd4 relative=0x0000000000000134
Event: 74.956 Thread 0x0000012fa11fbda0 Uncommon trap: reason=predicate action=maybe_recompile pc=0x0000012f87f99bd4 method=sun.security.provider.DigestBase.implCompressMultiBlock0([BII)I @ 2 c2
Event: 74.956 Thread 0x0000012fa11fbda0 DEOPT PACKING pc=0x0000012f87f99bd4 sp=0x00000019804fb250
Event: 74.956 Thread 0x0000012fa11fbda0 DEOPT UNPACKING pc=0x0000012f800523a3 sp=0x00000019804fb218 mode 2

Classes unloaded (0 events):
No events

Classes redefined (0 events):
No events

Internal exceptions (20 events):
Event: 12.079 Thread 0x0000012ff1a332b0 Implicit null exception at 0x0000012f87c2d940 to 0x0000012f87c2db80
Event: 12.151 Thread 0x0000012ff1a332b0 Exception <a 'java/lang/ClassNotFoundException'{0x0000000609018600}: java/lang/ObjectCustomizer> (0x0000000609018600) 
thrown [e:\jenkins\tmp\workspace\build\src\src\hotspot\share\classfile\systemDictionary.cpp, line 256]
Event: 12.152 Thread 0x0000012ff1a332b0 Exception <a 'java/lang/ClassNotFoundException'{0x000000060901f310}: org/springframework/web/servlet/config/annotation/WebMvcConfigurationSupportCustomizer> (0x000000060901f310) 
thrown [e:\jenkins\tmp\workspace\build\src\src\hotspot\share\classfile\systemDictionary.cpp, line 256]
Event: 12.153 Thread 0x0000012ff1a332b0 Exception <a 'java/lang/ClassNotFoundException'{0x00000006090323c8}: org/springframework/web/servlet/config/annotation/DelegatingWebMvcConfigurationCustomizer> (0x00000006090323c8) 
thrown [e:\jenkins\tmp\workspace\build\src\src\hotspot\share\classfile\systemDictionary.cpp, line 256]
Event: 12.153 Thread 0x0000012ff1a332b0 Exception <a 'java/lang/ClassNotFoundException'{0x000000060903a608}: org/springframework/boot/autoconfigure/web/servlet/WebMvcAutoConfiguration$EnableWebMvcConfigurationCustomizer> (0x000000060903a608) 
thrown [e:\jenkins\tmp\workspace\build\src\src\hotspot\share\classfile\systemDictionary.cpp, line 256]
Event: 12.154 Thread 0x0000012ff1a332b0 Exception <a 'java/lang/ClassNotFoundException'{0x000000060904b820}: org/springframework/context/ResourceLoaderAwareCustomizer> (0x000000060904b820) 
thrown [e:\jenkins\tmp\workspace\build\src\src\hotspot\share\classfile\systemDictionary.cpp, line 256]
Event: 12.154 Thread 0x0000012ff1a332b0 Exception <a 'java/lang/ClassNotFoundException'{0x000000060904f868}: org/springframework/beans/factory/AwareCustomizer> (0x000000060904f868) 
thrown [e:\jenkins\tmp\workspace\build\src\src\hotspot\share\classfile\systemDictionary.cpp, line 256]
Event: 12.155 Thread 0x0000012ff1a332b0 Exception <a 'java/lang/ClassNotFoundException'{0x0000000609052c60}: org/springframework/context/ApplicationContextAwareCustomizer> (0x0000000609052c60) 
thrown [e:\jenkins\tmp\workspace\build\src\src\hotspot\share\classfile\systemDictionary.cpp, line 256]
Event: 12.155 Thread 0x0000012ff1a332b0 Exception <a 'java/lang/ClassNotFoundException'{0x0000000609057798}: org/springframework/beans/factory/AwareCustomizer> (0x0000000609057798) 
thrown [e:\jenkins\tmp\workspace\build\src\src\hotspot\share\classfile\systemDictionary.cpp, line 256]
Event: 12.155 Thread 0x0000012ff1a332b0 Exception <a 'java/lang/ClassNotFoundException'{0x000000060905ab68}: org/springframework/web/context/ServletContextAwareCustomizer> (0x000000060905ab68) 
thrown [e:\jenkins\tmp\workspace\build\src\src\hotspot\share\classfile\systemDictionary.cpp, line 256]
Event: 12.155 Thread 0x0000012ff1a332b0 Exception <a 'java/lang/ClassNotFoundException'{0x000000060905efe8}: org/springframework/beans/factory/AwareCustomizer> (0x000000060905efe8) 
thrown [e:\jenkins\tmp\workspace\build\src\src\hotspot\share\classfile\systemDictionary.cpp, line 256]
Event: 12.405 Thread 0x0000012ff1a332b0 Exception <a 'java/lang/NoSuchMethodError'{0x0000000607f24e30}: 'void java.lang.invoke.DirectMethodHandle$Holder.invokeVirtual(java.lang.Object, java.lang.Object, int)'> (0x0000000607f24e30) 
thrown [e:\jenkins\tmp\workspace\build\src\src\hotspot\share\interpreter\linkResolver.cpp, line 766]
Event: 12.408 Thread 0x0000012ff1a332b0 Exception <a 'java/lang/NoSuchMethodError'{0x0000000607f3f988}: 'void java.lang.invoke.DirectMethodHandle$Holder.invokeVirtual(java.lang.Object, java.lang.Object, long)'> (0x0000000607f3f988) 
thrown [e:\jenkins\tmp\workspace\build\src\src\hotspot\share\interpreter\linkResolver.cpp, line 766]
Event: 12.625 Thread 0x0000012ff1a332b0 Exception <a 'java/lang/IncompatibleClassChangeError'{0x0000000606c503d0}: Found class java.lang.Object, but interface was expected> (0x0000000606c503d0) 
thrown [e:\jenkins\tmp\workspace\build\src\src\hotspot\share\interpreter\linkResolver.cpp, line 833]
Event: 12.677 Thread 0x0000012ff1a332b0 Exception <a 'java/lang/NoSuchMethodError'{0x0000000606f0c6c0}: 'int java.lang.invoke.DirectMethodHandle$Holder.invokeStaticInit(java.lang.Object, java.lang.Object, java.lang.Object, java.lang.Object)'> (0x0000000606f0c6c0) 
thrown [e:\jenkins\tmp\workspace\build\src\src\hotspot\share\interpreter\linkResolver.cpp, line 766]
Event: 12.822 Thread 0x0000012ff1a332b0 Exception <a 'java/lang/NoSuchMethodError'{0x000000060c7e1e18}: 'java.lang.Object java.lang.invoke.DirectMethodHandle$Holder.invokeSpecial(java.lang.Object, java.lang.Object, int, java.lang.Object, int, java.lang.Object)'> (0x000000060c7e1e18) 
thrown [e:\jenkins\tmp\workspace\build\src\src\hotspot\share\interpreter\linkResolver.cpp, line 766]
Event: 12.823 Thread 0x0000012ff1a332b0 Exception <a 'java/lang/NoSuchMethodError'{0x000000060c7e9c18}: 'java.lang.Object java.lang.invoke.DirectMethodHandle$Holder.newInvokeSpecial(java.lang.Object, java.lang.Object, int, java.lang.Object, int)'> (0x000000060c7e9c18) 
thrown [e:\jenkins\tmp\workspace\build\src\src\hotspot\share\interpreter\linkResolver.cpp, line 766]
Event: 12.823 Thread 0x0000012ff1a332b0 Exception <a 'java/lang/NoSuchMethodError'{0x000000060c7edd18}: 'java.lang.Object java.lang.invoke.DirectMethodHandle$Holder.invokeSpecial(java.lang.Object, java.lang.Object, java.lang.Object, int, java.lang.Object, int)'> (0x000000060c7edd18) 
thrown [e:\jenkins\tmp\workspace\build\src\src\hotspot\share\interpreter\linkResolver.cpp, line 766]
Event: 12.825 Thread 0x0000012ff1a332b0 Exception <a 'java/lang/NoSuchMethodError'{0x000000060c7f87a0}: 'void java.lang.invoke.DirectMethodHandle$Holder.invokeVirtual(java.lang.Object, java.lang.Object)'> (0x000000060c7f87a0) 
thrown [e:\jenkins\tmp\workspace\build\src\src\hotspot\share\interpreter\linkResolver.cpp, line 766]
Event: 74.581 Thread 0x0000012fa11fbda0 Exception <a 'java/lang/ArrayIndexOutOfBoundsException'{0x0000000606c69178}: Index 5619 out of bounds for length 5619> (0x0000000606c69178) 
thrown [e:\jenkins\tmp\workspace\build\src\src\hotspot\share\interpreter\interpreterRuntime.cpp, line 428]

VM Operations (20 events):
Event: 74.710 Executing VM operation: HandshakeAllThreads
Event: 74.710 Executing VM operation: HandshakeAllThreads done
Event: 74.710 Executing VM operation: HandshakeAllThreads
Event: 74.710 Executing VM operation: HandshakeAllThreads done
Event: 74.911 Executing VM operation: HandshakeAllThreads
Event: 74.911 Executing VM operation: HandshakeAllThreads done
Event: 74.944 Executing VM operation: ChangeBreakpoints
Event: 74.945 Executing VM operation: ChangeBreakpoints done
Event: 74.945 Executing VM operation: ChangeBreakpoints
Event: 74.946 Executing VM operation: ChangeBreakpoints done
Event: 74.947 Executing VM operation: get/set locals
Event: 74.947 Executing VM operation: get/set locals done
Event: 74.948 Executing VM operation: get/set locals
Event: 74.948 Executing VM operation: get/set locals done
Event: 74.956 Executing VM operation: HandshakeAllThreads
Event: 74.956 Executing VM operation: HandshakeAllThreads done
Event: 75.023 Executing VM operation: get/set locals
Event: 75.023 Executing VM operation: get/set locals done
Event: 75.024 Executing VM operation: get/set locals
Event: 75.024 Executing VM operation: get/set locals done

Events (20 events):
Event: 74.964 Thread 0x0000012ffd267320 flushing nmethod 0x0000012f80faab10
Event: 74.964 Thread 0x0000012ffd267320 flushing nmethod 0x0000012f80fbb410
Event: 74.964 Thread 0x0000012ffd267320 flushing nmethod 0x0000012f80fd7110
Event: 74.964 Thread 0x0000012ffd267320 flushing nmethod 0x0000012f80fdbd10
Event: 74.964 Thread 0x0000012ffd267320 flushing nmethod 0x0000012f80fde590
Event: 74.964 Thread 0x0000012ffd267320 flushing nmethod 0x0000012f80fde910
Event: 74.964 Thread 0x0000012ffd267320 flushing nmethod 0x0000012f80fe7390
Event: 74.964 Thread 0x0000012ffd267320 flushing nmethod 0x0000012f80fee790
Event: 74.964 Thread 0x0000012ffd267320 flushing nmethod 0x0000012f80feed10
Event: 74.964 Thread 0x0000012ffd267320 flushing nmethod 0x0000012f80fef810
Event: 74.964 Thread 0x0000012ffd267320 flushing nmethod 0x0000012f80fefd90
Event: 74.964 Thread 0x0000012ffd267320 flushing nmethod 0x0000012f80ff0390
Event: 74.964 Thread 0x0000012ffd267320 flushing nmethod 0x0000012f80ff2590
Event: 74.964 Thread 0x0000012ffd267320 flushing nmethod 0x0000012f80ff3690
Event: 74.964 Thread 0x0000012ffd267320 flushing nmethod 0x0000012f80ff4590
Event: 74.964 Thread 0x0000012ffd267320 flushing nmethod 0x0000012f81021290
Event: 74.964 Thread 0x0000012ffd267320 flushing nmethod 0x0000012f8106df10
Event: 74.964 Thread 0x0000012ffd267320 flushing nmethod 0x0000012f810bc910
Event: 74.964 Thread 0x0000012ffd267320 flushing nmethod 0x0000012f810d6b10
Event: 74.964 Thread 0x0000012ffd267320 flushing nmethod 0x0000012f810e0f90


Dynamic libraries:
0x00007ff62dd60000 - 0x00007ff62dd6e000 	C:\Users\jinghoong\.p2\pool\plugins\org.eclipse.justj.openjdk.hotspot.jre.full.win32.x86_64_17.0.3.v20220515-1416\jre\bin\javaw.exe
0x0000012ff16c0000 - 0x0000012ff18d4000 	C:\WINDOWS\SYSTEM32\ntd1l.dll
0x0000012ff18e0000 - 0x0000012ff19a2000 	C:\WINDOWS\System32\kern3l32.dll
0x00007ffc5fcd0000 - 0x00007ffc5fee4000 	C:\WINDOWS\SYSTEM32\ntdll.dll
0x00007ffc5ee70000 - 0x00007ffc5ef32000 	C:\WINDOWS\System32\KERNEL32.DLL
0x00007ffc5d1b0000 - 0x00007ffc5d54c000 	C:\WINDOWS\System32\KERNELBASE.dll
0x00007ffc5cc10000 - 0x00007ffc5ce77000 	C:\Program Files\SentinelOne\Sentinel Agent 22.3.4.612\InProcessClient64.dll
0x00007ffc5fae0000 - 0x00007ffc5fb8e000 	C:\WINDOWS\System32\ADVAPI32.dll
0x00007ffc5e7c0000 - 0x00007ffc5e867000 	C:\WINDOWS\System32\msvcrt.dll
0x00007ffc5f9d0000 - 0x00007ffc5fa74000 	C:\WINDOWS\System32\sechost.dll
0x00007ffc5ecb0000 - 0x00007ffc5edc7000 	C:\WINDOWS\System32\RPCRT4.dll
0x00007ffc5d8a0000 - 0x00007ffc5d9b1000 	C:\WINDOWS\System32\ucrtbase.dll
0x00007ffc436c0000 - 0x00007ffc436d8000 	C:\Users\jinghoong\.p2\pool\plugins\org.eclipse.justj.openjdk.hotspot.jre.full.win32.x86_64_17.0.3.v20220515-1416\jre\bin\jli.dll
0x00007ffc3f500000 - 0x00007ffc3f519000 	C:\Users\jinghoong\.p2\pool\plugins\org.eclipse.justj.openjdk.hotspot.jre.full.win32.x86_64_17.0.3.v20220515-1416\jre\bin\VCRUNTIME140.dll
0x00007ffc5ef90000 - 0x00007ffc5f13b000 	C:\WINDOWS\System32\USER32.dll
0x00007ffc43fc0000 - 0x00007ffc4424e000 	C:\WINDOWS\WinSxS\amd64_microsoft.windows.common-controls_6595b64144ccf1df_6.0.22621.608_none_a9444ca7c10bb01d\COMCTL32.dll
0x00007ffc5d610000 - 0x00007ffc5d636000 	C:\WINDOWS\System32\win32u.dll
0x00007ffc5edd0000 - 0x00007ffc5edf9000 	C:\WINDOWS\System32\GDI32.dll
0x00007ffc5d9c0000 - 0x00007ffc5dad3000 	C:\WINDOWS\System32\gdi32full.dll
0x00007ffc5d110000 - 0x00007ffc5d1aa000 	C:\WINDOWS\System32\msvcp_win.dll
0x00007ffc5cb00000 - 0x00007ffc5cb0a000 	C:\WINDOWS\SYSTEM32\VERSION.dll
0x00007ffc5ef40000 - 0x00007ffc5ef71000 	C:\WINDOWS\System32\IMM32.DLL
0x00007ffc58440000 - 0x00007ffc5844c000 	C:\Users\jinghoong\.p2\pool\plugins\org.eclipse.justj.openjdk.hotspot.jre.full.win32.x86_64_17.0.3.v20220515-1416\jre\bin\vcruntime140_1.dll
0x00007ffbda6a0000 - 0x00007ffbda731000 	C:\Users\jinghoong\.p2\pool\plugins\org.eclipse.justj.openjdk.hotspot.jre.full.win32.x86_64_17.0.3.v20220515-1416\jre\bin\msvcp140.dll
0x00007ffbcbb30000 - 0x00007ffbcc778000 	C:\Users\jinghoong\.p2\pool\plugins\org.eclipse.justj.openjdk.hotspot.jre.full.win32.x86_64_17.0.3.v20220515-1416\jre\bin\server\jvm.dll
0x0000012ff1640000 - 0x0000012ff1648000 	C:\WINDOWS\System32\PSAPI.DLL
0x00007ffc36530000 - 0x00007ffc36539000 	C:\WINDOWS\SYSTEM32\WSOCK32.dll
0x00007ffc5f150000 - 0x00007ffc5f1c1000 	C:\WINDOWS\System32\WS2_32.dll
0x00007ffc54200000 - 0x00007ffc54234000 	C:\WINDOWS\SYSTEM32\WINMM.dll
0x00007ffc5bee0000 - 0x00007ffc5bef8000 	C:\WINDOWS\SYSTEM32\kernel.appcore.dll
0x00007ffc58450000 - 0x00007ffc5845a000 	C:\Users\jinghoong\.p2\pool\plugins\org.eclipse.justj.openjdk.hotspot.jre.full.win32.x86_64_17.0.3.v20220515-1416\jre\bin\jimage.dll
0x00007ffc5a640000 - 0x00007ffc5a86e000 	C:\WINDOWS\SYSTEM32\DBGHELP.DLL
0x00007ffc5e870000 - 0x00007ffc5ebf9000 	C:\WINDOWS\System32\combase.dll
0x00007ffc5e400000 - 0x00007ffc5e4d7000 	C:\WINDOWS\System32\OLEAUT32.dll
0x00007ffc328d0000 - 0x00007ffc32902000 	C:\WINDOWS\SYSTEM32\dbgcore.DLL
0x00007ffc5d640000 - 0x00007ffc5d6bb000 	C:\WINDOWS\System32\bcryptPrimitives.dll
0x00007ffc124b0000 - 0x00007ffc12530000 	C:\Program Files\SentinelOne\Sentinel Agent 22.3.4.612\SentinelJava64.dll
0x00007ffc5f1d0000 - 0x00007ffc5f36c000 	C:\WINDOWS\System32\ole32.dll
0x00007ffc443f0000 - 0x00007ffc44415000 	C:\Users\jinghoong\.p2\pool\plugins\org.eclipse.justj.openjdk.hotspot.jre.full.win32.x86_64_17.0.3.v20220515-1416\jre\bin\java.dll
0x00007ffc44260000 - 0x00007ffc44278000 	C:\Users\jinghoong\.p2\pool\plugins\org.eclipse.justj.openjdk.hotspot.jre.full.win32.x86_64_17.0.3.v20220515-1416\jre\bin\zip.dll
0x00007ffc5daf0000 - 0x00007ffc5e2e0000 	C:\WINDOWS\System32\SHELL32.dll
0x00007ffc5aea0000 - 0x00007ffc5b76d000 	C:\WINDOWS\SYSTEM32\windows.storage.dll
0x00007ffc5ad60000 - 0x00007ffc5ae9e000 	C:\WINDOWS\SYSTEM32\wintypes.dll
0x00007ffc5f370000 - 0x00007ffc5f461000 	C:\WINDOWS\System32\SHCORE.dll
0x00007ffc5fa80000 - 0x00007ffc5fade000 	C:\WINDOWS\System32\shlwapi.dll
0x00007ffc5d040000 - 0x00007ffc5d061000 	C:\WINDOWS\SYSTEM32\profapi.dll
0x00007ffc57fb0000 - 0x00007ffc57fc9000 	C:\Users\jinghoong\.p2\pool\plugins\org.eclipse.justj.openjdk.hotspot.jre.full.win32.x86_64_17.0.3.v20220515-1416\jre\bin\net.dll
0x00007ffc55780000 - 0x00007ffc558b7000 	C:\WINDOWS\SYSTEM32\WINHTTP.dll
0x00007ffc5c350000 - 0x00007ffc5c3b9000 	C:\WINDOWS\system32\mswsock.dll
0x00007ffc43a40000 - 0x00007ffc43a55000 	C:\Users\jinghoong\.p2\pool\plugins\org.eclipse.justj.openjdk.hotspot.jre.full.win32.x86_64_17.0.3.v20220515-1416\jre\bin\nio.dll
0x00007ffc58410000 - 0x00007ffc58420000 	C:\Users\jinghoong\.p2\pool\plugins\org.eclipse.justj.openjdk.hotspot.jre.full.win32.x86_64_17.0.3.v20220515-1416\jre\bin\verify.dll
0x00007ffc58360000 - 0x00007ffc58369000 	C:\Users\jinghoong\.p2\pool\plugins\org.eclipse.justj.openjdk.hotspot.jre.full.win32.x86_64_17.0.3.v20220515-1416\jre\bin\management.dll
0x00007ffc446f0000 - 0x00007ffc446fb000 	C:\Users\jinghoong\.p2\pool\plugins\org.eclipse.justj.openjdk.hotspot.jre.full.win32.x86_64_17.0.3.v20220515-1416\jre\bin\management_ext.dll
0x00007ffc3f7f0000 - 0x00007ffc3f807000 	C:\WINDOWS\system32\napinsp.dll
0x00007ffc3f7d0000 - 0x00007ffc3f7eb000 	C:\WINDOWS\system32\pnrpnsp.dll
0x00007ffc5ba30000 - 0x00007ffc5bb23000 	C:\WINDOWS\SYSTEM32\DNSAPI.dll
0x00007ffc5b9c0000 - 0x00007ffc5b9ed000 	C:\WINDOWS\SYSTEM32\IPHLPAPI.DLL
0x00007ffc5f140000 - 0x00007ffc5f149000 	C:\WINDOWS\System32\NSI.dll
0x00007ffc3f770000 - 0x00007ffc3f781000 	C:\WINDOWS\System32\winrnr.dll
0x00007ffc529e0000 - 0x00007ffc529f5000 	C:\WINDOWS\system32\wshbth.dll
0x00007ffc3f740000 - 0x00007ffc3f761000 	C:\WINDOWS\system32\nlansp_c.dll
0x00007ffc4dd50000 - 0x00007ffc4dd5a000 	C:\Windows\System32\rasadhlp.dll
0x00007ffc4e030000 - 0x00007ffc4e0b3000 	C:\WINDOWS\System32\fwpuclnt.dll
0x00007ffc5c620000 - 0x00007ffc5c63b000 	C:\WINDOWS\SYSTEM32\CRYPTSP.dll
0x00007ffc5be50000 - 0x00007ffc5be85000 	C:\WINDOWS\system32\rsaenh.dll
0x00007ffc5c4c0000 - 0x00007ffc5c4e8000 	C:\WINDOWS\SYSTEM32\USERENV.dll
0x00007ffc5c7e0000 - 0x00007ffc5c808000 	C:\WINDOWS\SYSTEM32\bcrypt.dll
0x00007ffc5c640000 - 0x00007ffc5c64c000 	C:\WINDOWS\SYSTEM32\CRYPTBASE.dll
0x00007ffc53c70000 - 0x00007ffc53c89000 	C:\WINDOWS\SYSTEM32\dhcpcsvc6.DLL
0x00007ffc533b0000 - 0x00007ffc533cf000 	C:\WINDOWS\SYSTEM32\dhcpcsvc.DLL
0x00007ffc58420000 - 0x00007ffc5842e000 	C:\Users\jinghoong\.p2\pool\plugins\org.eclipse.justj.openjdk.hotspot.jre.full.win32.x86_64_17.0.3.v20220515-1416\jre\bin\sunmscapi.dll
0x00007ffc5d730000 - 0x00007ffc5d896000 	C:\WINDOWS\System32\CRYPT32.dll
0x00007ffc5c7b0000 - 0x00007ffc5c7de000 	C:\WINDOWS\SYSTEM32\ncrypt.dll
0x00007ffc5c770000 - 0x00007ffc5c7a7000 	C:\WINDOWS\SYSTEM32\NTASN1.dll
0x00007ffc44640000 - 0x00007ffc44648000 	C:\WINDOWS\system32\wshunix.dll

dbghelp: loaded successfully - version: 4.0.5 - missing functions: none
symbol engine: initialized successfully - sym options: 0x614 - pdb path: .;C:\Users\jinghoong\.p2\pool\plugins\org.eclipse.justj.openjdk.hotspot.jre.full.win32.x86_64_17.0.3.v20220515-1416\jre\bin;C:\WINDOWS\SYSTEM32;C:\Program Files\SentinelOne\Sentinel Agent 22.3.4.612;C:\WINDOWS\WinSxS\amd64_microsoft.windows.common-controls_6595b64144ccf1df_6.0.22621.608_none_a9444ca7c10bb01d;C:\Users\jinghoong\.p2\pool\plugins\org.eclipse.justj.openjdk.hotspot.jre.full.win32.x86_64_17.0.3.v20220515-1416\jre\bin\server

VM Arguments:
jvm_args: -Dfile.encoding=UTF-8 -XX:+ShowCodeDetailsInExceptionMessages -agentpath:C:\Program Files\SentinelOne\Sentinel Agent 22.3.4.612\SentinelJava64.dll 
java_command: cv.training.Training.TrainingApplication
java_class_path (initial): C:\Users\jinghoong\Downloads\Training\bin\main;C:\Users\jinghoong\.gradle\caches\modules-2\files-2.1\org.springframework.boot\spring-boot-starter-data-jpa\2.7.12-SNAPSHOT\9de7ac4f1f47914a4ee38a0a6b4424a7e95cf66\spring-boot-starter-data-jpa-2.7.12-SNAPSHOT.jar;C:\Users\jinghoong\.gradle\caches\modules-2\files-2.1\org.springframework.boot\spring-boot-starter-security\2.7.12-SNAPSHOT\6c0f86e7a4d969175f8e2d2e45efb7eedff4ff0b\spring-boot-starter-security-2.7.12-SNAPSHOT.jar;C:\Users\jinghoong\.gradle\caches\modules-2\files-2.1\org.springframework.boot\spring-boot-starter-aop\2.7.12-SNAPSHOT\35d760cbbd8fe88a1d8f84ed9c931a74d2fbe3d4\spring-boot-starter-aop-2.7.12-SNAPSHOT.jar;C:\Users\jinghoong\.gradle\caches\modules-2\files-2.1\org.springframework.boot\spring-boot-starter-web\2.7.12-SNAPSHOT\df8256170236141a7348b6bad2342b80cd943666\spring-boot-starter-web-2.7.12-SNAPSHOT.jar;C:\Users\jinghoong\.gradle\caches\modules-2\files-2.1\javax.servlet\jstl\1.2\74aca283cd4f4b4f3e425f5820cda58f44409547\jstl-1.2.jar;C:\Users\jinghoong\.gradle\caches\modules-2\files-2.1\org.springframework.boot\spring-boot-starter-jdbc\2.7.12-SNAPSHOT\5bb491319d4d661b1dc4c44d39a2be2341ad511c\spring-boot-starter-jdbc-2.7.12-SNAPSHOT.jar;C:\Users\jinghoong\.gradle\caches\modules-2\files-2.1\jakarta.transaction\jakarta.transaction-api\1.3.3\c4179d48720a1e87202115fbed6089bdc4195405\jakarta.transaction-api-1.3.3.jar;C:\Users\jinghoong\.gradle\caches\modules-2\files-2.1\jakarta.persistence\jakarta.persistence-api\2.2.3\8f6ea5daedc614f07a3654a455660145286f024e\jakarta.persistence-api-2.2.3.jar;C:\Users\jinghoong\.gradle\caches\modules-2\files-2.1\org.hibernate\hibernate-core\5.6.15.Final\ab14b7cef1fdff654ca81923048a6034d6c7cfa7\hibernate-core-5.6.15.Final.jar;C:\Users\jinghoong\.gradle\caches\modules-2\files-2.1\org.springframework.data\spring-data-jpa\2.7.12-SNAPSHOT\4e74b72a381f790e4034de1cdea3c663f8e1fb24\spring-data-jpa-2.7.12-SNAPSHOT.jar;C:\Users\jinghoong\.gradle\caches\mod
Launcher Type: SUN_STANDARD

[Global flags]
     intx CICompilerCount                          = 4                                         {product} {ergonomic}
     uint ConcGCThreads                            = 2                                         {product} {ergonomic}
     uint G1ConcRefinementThreads                  = 8                                         {product} {ergonomic}
   size_t G1HeapRegionSize                         = 4194304                                   {product} {ergonomic}
    uintx GCDrainStackTargetSize                   = 64                                        {product} {ergonomic}
   size_t InitialHeapSize                          = 536870912                                 {product} {ergonomic}
   size_t MarkStackSize                            = 4194304                                   {product} {ergonomic}
   size_t MaxHeapSize                              = 8527020032                                {product} {ergonomic}
   size_t MaxNewSize                               = 5112856576                                {product} {ergonomic}
   size_t MinHeapDeltaBytes                        = 4194304                                   {product} {ergonomic}
   size_t MinHeapSize                              = 8388608                                   {product} {ergonomic}
    uintx NonNMethodCodeHeapSize                   = 5839372                                {pd product} {ergonomic}
    uintx NonProfiledCodeHeapSize                  = 122909434                              {pd product} {ergonomic}
    uintx ProfiledCodeHeapSize                     = 122909434                              {pd product} {ergonomic}
    uintx ReservedCodeCacheSize                    = 251658240                              {pd product} {ergonomic}
     bool SegmentedCodeCache                       = true                                      {product} {ergonomic}
     bool ShowCodeDetailsInExceptionMessages       = true                                   {manageable} {command line}
   size_t SoftMaxHeapSize                          = 8527020032                             {manageable} {ergonomic}
     bool UseCompressedClassPointers               = true                           {product lp64_product} {ergonomic}
     bool UseCompressedOops                        = true                           {product lp64_product} {ergonomic}
     bool UseG1GC                                  = true                                      {product} {ergonomic}
     bool UseLargePagesIndividualAllocation        = false                                  {pd product} {ergonomic}

Logging:
Log output configuration:
 #0: stdout all=warning uptime,level,tags
 #1: stderr all=off uptime,level,tags

Environment Variables:
JAVA_HOME=C:\Program Files\Java\jdk-1.8
PATH=C:/Users/jinghoong/.p2/pool/plugins/org.eclipse.justj.openjdk.hotspot.jre.full.win32.x86_64_17.0.3.v20220515-1416/jre/bin/server;C:/Users/jinghoong/.p2/pool/plugins/org.eclipse.justj.openjdk.hotspot.jre.full.win32.x86_64_17.0.3.v20220515-1416/jre/bin;C:\Python310\Scripts\;C:\Python310\;C:\Program Files (x86)\VMware\VMware Player\bin\;C:\WINDOWS\system32;C:\WINDOWS;C:\WINDOWS\System32\Wbem;C:\WINDOWS\System32\WindowsPowerShell\v1.0\;C:\WINDOWS\System32\OpenSSH\;C:\Program Files\PuTTY\;C:\Program Files\Git\cmd;C:\Program Files\nodejs\;C:\ProgramData\chocolatey\bin;C:\Program Files\Java\jdk-1.8\bin;C:\Users\jinghoong\AppData\Local\Microsoft\WindowsApps;C:\Users\jinghoong\AppData\Local\Programs\Microsoft VS Code\bin;C:\Users\jinghoong\AppData\Roaming\npm;C:\Program Files\JetBrains\IntelliJ IDEA Community Edition 2022.2.1\bin;;C:\Program Files\Java\jdk-1.8\bin;;C:\WINDOWS\system32;
USERNAME=jinghoong
OS=Windows_NT
PROCESSOR_IDENTIFIER=Intel64 Family 6 Model 142 Stepping 11, GenuineIntel



---------------  S Y S T E M  ---------------

OS:
 Windows 11 , 64 bit Build 22621 (10.0.22621.1485)
OS uptime: 1 days 5:13 hours

CPU: total 8 (initial active 8) (4 cores per cpu, 2 threads per core) family 6 model 142 stepping 11 microcode 0xf0, cx8, cmov, fxsr, ht, mmx, 3dnowpref, sse, sse2, sse3, ssse3, sse4.1, sse4.2, popcnt, lzcnt, tsc, tscinvbit, avx, avx2, aes, erms, clmul, bmi1, bmi2, adx, fma, vzeroupper, clflush, clflushopt

Memory: 4k page, system-wide physical 32524M (5870M free)
TotalPageFile size 40716M (AvailPageFile size 10117M)
current process WorkingSet (physical memory assigned to process): 325M, peak: 450M
current process commit charge ("private bytes"): 352M, peak: 660M

vm_info: OpenJDK 64-Bit Server VM (17.0.3+7) for windows-amd64 JRE (17.0.3+7), built on Apr 19 2022 16:55:35 by "" with MS VC++ 16.7 (VS2019)

END.
