#
# A fatal error has been detected by the Java Runtime Environment:
#
#  EXCEPTION_ACCESS_VIOLATION (0xc0000005) at pc=0x00007ffbcc08c13e, pid=12680, tid=20032
#
# JRE version: OpenJDK Runtime Environment Temurin-17.0.3+7 (17.0.3+7) (build 17.0.3+7)
# Java VM: OpenJDK 64-Bit Server VM Temurin-17.0.3+7 (17.0.3+7, mixed mode, tiered, compressed oops, compressed class ptrs, g1 gc, windows-amd64)
# Problematic frame:
# V  [jvm.dll+0x55c13e]
#
# No core dump will be written. Minidumps are not enabled by default on client versions of Windows
#
# If you would like to submit a bug report, please visit:
#   https://github.com/adoptium/adoptium-support/issues
#

---------------  S U M M A R Y ------------

Command Line: -Dfile.encoding=UTF-8 -XX:+ShowCodeDetailsInExceptionMessages -agentpath:C:\Program Files\SentinelOne\Sentinel Agent 22.3.4.612\SentinelJava64.dll cv.training.Training.TrainingApplication

Host: Intel(R) Core(TM) i5-8265U CPU @ 1.60GHz, 8 cores, 31G,  Windows 11 , 64 bit Build 22621 (10.0.22621.1485)
Time: Fri May 12 15:37:24 2023 Malay Peninsula Standard Time elapsed time: 18.918219 seconds (0d 0h 0m 18s)

---------------  T H R E A D  ---------------

Current thread (0x000001dbfe712620):  JavaThread "http-nio-8080-exec-1" daemon [_thread_in_vm, id=20032, stack(0x00000045ae000000,0x00000045ae100000)]

Stack: [0x00000045ae000000,0x00000045ae100000],  sp=0x00000045ae0fb730,  free space=1005k
Native frames: (J=compiled Java code, j=interpreted, Vv=VM code, C=native code)
V  [jvm.dll+0x55c13e]
V  [jvm.dll+0x382dc7]
V  [jvm.dll+0x38241f]
C  0x000001dbe746b202

Java frames: (J=compiled Java code, j=interpreted, Vv=VM code)
j  javax.servlet.ServletRequestWrapper.isWrapperFor(Ljava/lang/Class;)Z+5
v  ~StubRoutines::call_stub
j  org.apache.jasper.runtime.HttpJspBase.service(Ljavax/servlet/http/HttpServletRequest;Ljavax/servlet/http/HttpServletResponse;)V+6
j  javax.servlet.http.HttpServlet.service(Ljavax/servlet/ServletRequest;Ljavax/servlet/ServletResponse;)V+36
j  org.apache.jasper.servlet.JspServletWrapper.service(Ljavax/servlet/http/HttpServletRequest;Ljavax/servlet/http/HttpServletResponse;Z)V+411
j  org.apache.jasper.servlet.JspServlet.serviceJspFile(Ljavax/servlet/http/HttpServletRequest;Ljavax/servlet/http/HttpServletResponse;Ljava/lang/String;Z)V+112
j  org.apache.jasper.servlet.JspServlet.service(Ljavax/servlet/http/HttpServletRequest;Ljavax/servlet/http/HttpServletResponse;)V+328
j  javax.servlet.http.HttpServlet.service(Ljavax/servlet/ServletRequest;Ljavax/servlet/ServletResponse;)V+36
j  org.apache.catalina.core.ApplicationFilterChain.internalDoFilter(Ljavax/servlet/ServletRequest;Ljavax/servlet/ServletResponse;)V+304
j  org.apache.catalina.core.ApplicationFilterChain.doFilter(Ljavax/servlet/ServletRequest;Ljavax/servlet/ServletResponse;)V+99
j  org.apache.tomcat.websocket.server.WsFilter.doFilter(Ljavax/servlet/ServletRequest;Ljavax/servlet/ServletResponse;Ljavax/servlet/FilterChain;)V+21
j  org.apache.catalina.core.ApplicationFilterChain.internalDoFilter(Ljavax/servlet/ServletRequest;Ljavax/servlet/ServletResponse;)V+135
j  org.apache.catalina.core.ApplicationFilterChain.doFilter(Ljavax/servlet/ServletRequest;Ljavax/servlet/ServletResponse;)V+99
j  org.springframework.web.filter.OncePerRequestFilter.doFilter(Ljavax/servlet/ServletRequest;Ljavax/servlet/ServletResponse;Ljavax/servlet/FilterChain;)V+122
j  org.apache.catalina.core.ApplicationFilterChain.internalDoFilter(Ljavax/servlet/ServletRequest;Ljavax/servlet/ServletResponse;)V+135
j  org.apache.catalina.core.ApplicationFilterChain.doFilter(Ljavax/servlet/ServletRequest;Ljavax/servlet/ServletResponse;)V+99
j  org.springframework.web.filter.OncePerRequestFilter.doFilter(Ljavax/servlet/ServletRequest;Ljavax/servlet/ServletResponse;Ljavax/servlet/FilterChain;)V+122
j  org.apache.catalina.core.ApplicationFilterChain.internalDoFilter(Ljavax/servlet/ServletRequest;Ljavax/servlet/ServletResponse;)V+135
j  org.apache.catalina.core.ApplicationFilterChain.doFilter(Ljavax/servlet/ServletRequest;Ljavax/servlet/ServletResponse;)V+99
j  org.springframework.web.filter.OncePerRequestFilter.doFilter(Ljavax/servlet/ServletRequest;Ljavax/servlet/ServletResponse;Ljavax/servlet/FilterChain;)V+122
j  org.apache.catalina.core.ApplicationFilterChain.internalDoFilter(Ljavax/servlet/ServletRequest;Ljavax/servlet/ServletResponse;)V+135
j  org.apache.catalina.core.ApplicationFilterChain.doFilter(Ljavax/servlet/ServletRequest;Ljavax/servlet/ServletResponse;)V+99
j  org.apache.catalina.core.ApplicationDispatcher.invoke(Ljavax/servlet/ServletRequest;Ljavax/servlet/ServletResponse;Lorg/apache/catalina/core/ApplicationDispatcher$State;)V+341
j  org.apache.catalina.core.ApplicationDispatcher.processRequest(Ljavax/servlet/ServletRequest;Ljavax/servlet/ServletResponse;Lorg/apache/catalina/core/ApplicationDispatcher$State;)V+98
j  org.apache.catalina.core.ApplicationDispatcher.doForward(Ljavax/servlet/ServletRequest;Ljavax/servlet/ServletResponse;)V+357
j  org.apache.catalina.core.ApplicationDispatcher.forward(Ljavax/servlet/ServletRequest;Ljavax/servlet/ServletResponse;)V+55
j  org.springframework.web.servlet.view.InternalResourceView.renderMergedOutputModel(Ljava/util/Map;Ljavax/servlet/http/HttpServletRequest;Ljavax/servlet/http/HttpServletResponse;)V+199
j  org.springframework.web.servlet.view.AbstractView.render(Ljava/util/Map;Ljavax/servlet/http/HttpServletRequest;Ljavax/servlet/http/HttpServletResponse;)V+128
j  org.springframework.web.servlet.DispatcherServlet.render(Lorg/springframework/web/servlet/ModelAndView;Ljavax/servlet/http/HttpServletRequest;Ljavax/servlet/http/HttpServletResponse;)V+259
j  org.springframework.web.servlet.DispatcherServlet.processDispatchResult(Ljavax/servlet/http/HttpServletRequest;Ljavax/servlet/http/HttpServletResponse;Lorg/springframework/web/servlet/HandlerExecutionChain;Lorg/springframework/web/servlet/ModelAndView;Ljava/lang/Exception;)V+98
j  org.springframework.web.servlet.DispatcherServlet.doDispatch(Ljavax/servlet/http/HttpServletRequest;Ljavax/servlet/http/HttpServletResponse;)V+360
j  org.springframework.web.servlet.DispatcherServlet.doService(Ljavax/servlet/http/HttpServletRequest;Ljavax/servlet/http/HttpServletResponse;)V+241
j  org.springframework.web.servlet.FrameworkServlet.processRequest(Ljavax/servlet/http/HttpServletRequest;Ljavax/servlet/http/HttpServletResponse;)V+71
j  org.springframework.web.servlet.FrameworkServlet.doGet(Ljavax/servlet/http/HttpServletRequest;Ljavax/servlet/http/HttpServletResponse;)V+3
j  javax.servlet.http.HttpServlet.service(Ljavax/servlet/http/HttpServletRequest;Ljavax/servlet/http/HttpServletResponse;)V+35
j  org.springframework.web.servlet.FrameworkServlet.service(Ljavax/servlet/http/HttpServletRequest;Ljavax/servlet/http/HttpServletResponse;)V+33
j  javax.servlet.http.HttpServlet.service(Ljavax/servlet/ServletRequest;Ljavax/servlet/ServletResponse;)V+36
j  org.apache.catalina.core.ApplicationFilterChain.internalDoFilter(Ljavax/servlet/ServletRequest;Ljavax/servlet/ServletResponse;)V+304
j  org.apache.catalina.core.ApplicationFilterChain.doFilter(Ljavax/servlet/ServletRequest;Ljavax/servlet/ServletResponse;)V+99
j  org.apache.tomcat.websocket.server.WsFilter.doFilter(Ljavax/servlet/ServletRequest;Ljavax/servlet/ServletResponse;Ljavax/servlet/FilterChain;)V+21
j  org.apache.catalina.core.ApplicationFilterChain.internalDoFilter(Ljavax/servlet/ServletRequest;Ljavax/servlet/ServletResponse;)V+135
j  org.apache.catalina.core.ApplicationFilterChain.doFilter(Ljavax/servlet/ServletRequest;Ljavax/servlet/ServletResponse;)V+99
j  org.springframework.web.filter.RequestContextFilter.doFilterInternal(Ljavax/servlet/http/HttpServletRequest;Ljavax/servlet/http/HttpServletResponse;Ljavax/servlet/FilterChain;)V+21
j  org.springframework.web.filter.OncePerRequestFilter.doFilter(Ljavax/servlet/ServletRequest;Ljavax/servlet/ServletResponse;Ljavax/servlet/FilterChain;)V+147
j  org.apache.catalina.core.ApplicationFilterChain.internalDoFilter(Ljavax/servlet/ServletRequest;Ljavax/servlet/ServletResponse;)V+135
j  org.apache.catalina.core.ApplicationFilterChain.doFilter(Ljavax/servlet/ServletRequest;Ljavax/servlet/ServletResponse;)V+99
j  org.springframework.web.filter.FormContentFilter.doFilterInternal(Ljavax/servlet/http/HttpServletRequest;Ljavax/servlet/http/HttpServletResponse;Ljavax/servlet/FilterChain;)V+38
j  org.springframework.web.filter.OncePerRequestFilter.doFilter(Ljavax/servlet/ServletRequest;Ljavax/servlet/ServletResponse;Ljavax/servlet/FilterChain;)V+147
j  org.apache.catalina.core.ApplicationFilterChain.internalDoFilter(Ljavax/servlet/ServletRequest;Ljavax/servlet/ServletResponse;)V+135
j  org.apache.catalina.core.ApplicationFilterChain.doFilter(Ljavax/servlet/ServletRequest;Ljavax/servlet/ServletResponse;)V+99
j  org.springframework.web.filter.CharacterEncodingFilter.doFilterInternal(Ljavax/servlet/http/HttpServletRequest;Ljavax/servlet/http/HttpServletResponse;Ljavax/servlet/FilterChain;)V+53
j  org.springframework.web.filter.OncePerRequestFilter.doFilter(Ljavax/servlet/ServletRequest;Ljavax/servlet/ServletResponse;Ljavax/servlet/FilterChain;)V+147
j  org.apache.catalina.core.ApplicationFilterChain.internalDoFilter(Ljavax/servlet/ServletRequest;Ljavax/servlet/ServletResponse;)V+135
j  org.apache.catalina.core.ApplicationFilterChain.doFilter(Ljavax/servlet/ServletRequest;Ljavax/servlet/ServletResponse;)V+99
j  org.apache.catalina.core.StandardWrapperValve.invoke(Lorg/apache/catalina/connector/Request;Lorg/apache/catalina/connector/Response;)V+514
j  org.apache.catalina.core.StandardContextValve.invoke(Lorg/apache/catalina/connector/Request;Lorg/apache/catalina/connector/Response;)V+169
j  org.apache.catalina.authenticator.AuthenticatorBase.invoke(Lorg/apache/catalina/connector/Request;Lorg/apache/catalina/connector/Response;)V+260
j  org.apache.catalina.core.StandardHostValve.invoke(Lorg/apache/catalina/connector/Request;Lorg/apache/catalina/connector/Response;)V+128
j  org.apache.catalina.valves.ErrorReportValve.invoke(Lorg/apache/catalina/connector/Request;Lorg/apache/catalina/connector/Response;)V+6
j  org.apache.catalina.core.StandardEngineValve.invoke(Lorg/apache/catalina/connector/Request;Lorg/apache/catalina/connector/Response;)V+59
j  org.apache.catalina.connector.CoyoteAdapter.service(Lorg/apache/coyote/Request;Lorg/apache/coyote/Response;)V+187
j  org.apache.coyote.http11.Http11Processor.service(Lorg/apache/tomcat/util/net/SocketWrapperBase;)Lorg/apache/tomcat/util/net/AbstractEndpoint$Handler$SocketState;+796
j  org.apache.coyote.AbstractProcessorLight.process(Lorg/apache/tomcat/util/net/SocketWrapperBase;Lorg/apache/tomcat/util/net/SocketEvent;)Lorg/apache/tomcat/util/net/AbstractEndpoint$Handler$SocketState;+170
j  org.apache.coyote.AbstractProtocol$ConnectionHandler.process(Lorg/apache/tomcat/util/net/SocketWrapperBase;Lorg/apache/tomcat/util/net/SocketEvent;)Lorg/apache/tomcat/util/net/AbstractEndpoint$Handler$SocketState;+489
j  org.apache.tomcat.util.net.NioEndpoint$SocketProcessor.doRun()V+249
j  org.apache.tomcat.util.net.SocketProcessorBase.run()V+32
j  org.apache.tomcat.util.threads.ThreadPoolExecutor.runWorker(Lorg/apache/tomcat/util/threads/ThreadPoolExecutor$Worker;)V+92
j  org.apache.tomcat.util.threads.ThreadPoolExecutor$Worker.run()V+5
j  org.apache.tomcat.util.threads.TaskThread$WrappingRunnable.run()V+4
j  java.lang.Thread.run()V+11 java.base@17.0.3
v  ~StubRoutines::call_stub

siginfo: EXCEPTION_ACCESS_VIOLATION (0xc0000005), reading address 0x0000000000000ee0


Register to memory mapping:

RIP=0x00007ffbcc08c13e jvm.dll
RAX=0x00000045ae0fb790 is pointing into the stack for thread: 0x000001dbfe712620
RBX=0x000001db8ffa35b0 points into unknown readable memory: 0x0000000000000ed8 | d8 0e 00 00 00 00 00 00
RCX=0x00000045ae0fb700 is pointing into the stack for thread: 0x000001dbfe712620
RDX=0x00000045ae0fb700 is pointing into the stack for thread: 0x000001dbfe712620
RSP=0x00000045ae0fb730 is pointing into the stack for thread: 0x000001dbfe712620
RBP=0x00000045ae0fb7a9 is pointing into the stack for thread: 0x000001dbfe712620
RSI=0x00000045ae0fb8d0 is pointing into the stack for thread: 0x000001dbfe712620
RDI=0x0000000000000ed8 is an unknown value
R8 =0x0 is NULL
R9 =0x000001db9900d2a0 is pointing into metadata
R10=0x000001db99004d38 is pointing into metadata
R11=0x0 is NULL
R12=0x0 is NULL
R13=0x000001db9900725d is pointing into metadata
R14=0x000001dbfe712620 is a thread
R15=0x000001db9900725d is pointing into metadata


Registers:
RAX=0x00000045ae0fb790, RBX=0x000001db8ffa35b0, RCX=0x00000045ae0fb700, RDX=0x00000045ae0fb700
RSP=0x00000045ae0fb730, RBP=0x00000045ae0fb7a9, RSI=0x00000045ae0fb8d0, RDI=0x0000000000000ed8
R8 =0x0000000000000000, R9 =0x000001db9900d2a0, R10=0x000001db99004d38, R11=0x0000000000000000
R12=0x0000000000000000, R13=0x000001db9900725d, R14=0x000001dbfe712620, R15=0x000001db9900725d
RIP=0x00007ffbcc08c13e, EFLAGS=0x0000000000010202

Top of Stack: (sp=0x00000045ae0fb730)
0x00000045ae0fb730:   000000000000000a 000001db8ffa35b0
0x00000045ae0fb740:   00000045ae0fb7a9 00007ffbcc27d8ca
0x00000045ae0fb750:   0000000000000000 000001db93775dc0
0x00000045ae0fb760:   00000000000003d8 00007ffbcbdf949f
0x00000045ae0fb770:   000001dbfa0af4a0 0000001300000002
0x00000045ae0fb780:   0000000000000013 000000030000000c
0x00000045ae0fb790:   000001dbfa0ad310 000001dbfa0af4a0
0x00000045ae0fb7a0:   0000000800040f80 0000000800824708
0x00000045ae0fb7b0:   0000000000000000 0000000000000000
0x00000045ae0fb7c0:   000001dbfe0a0101 00007ffbcbd6cfee
0x00000045ae0fb7d0:   000001dbfa0af4a0 00000000000000b6
0x00000045ae0fb7e0:   000001db93775d00 000001db8ffa35b0
0x00000045ae0fb7f0:   00000045ae0fb900 00007ffbcbeb2dc7
0x00000045ae0fb800:   000001dbfe712620 000001db93775dc0
0x00000045ae0fb810:   0000000099803f90 0000000800041b58
0x00000045ae0fb820:   000001db000000b6 000001dbfe712620 

Instructions: (pc=0x00007ffbcc08c13e)
0x00007ffbcc08c03e:   b4 24 a8 00 00 00 48 98 0f b6 84 01 44 c4 55 00
0x00007ffbcc08c04e:   8b 94 81 28 c4 55 00 48 03 d1 ff e2 48 8b 5d 7f
0x00007ffbcc08c05e:   48 8d 4d e7 4c 8b cb 45 8b c2 49 8b d3 e8 60 d1
0x00007ffbcc08c06e:   ff ff 48 83 7b 08 00 0f 85 89 03 00 00 4c 8b cb
0x00007ffbcc08c07e:   48 8d 55 e7 41 b0 01 48 8b ce e8 63 0e 00 00 e9
0x00007ffbcc08c08e:   72 03 00 00 48 8b 7d 7f 48 8d 4d e7 4c 8b cf 45
0x00007ffbcc08c09e:   8b c2 49 8b d3 e8 28 d1 ff ff 48 83 7f 08 00 0f
0x00007ffbcc08c0ae:   85 51 03 00 00 48 8b d7 48 8d 4d e7 e8 d1 e0 ff
0x00007ffbcc08c0be:   ff 48 83 7f 08 00 0f 85 3a 03 00 00 48 89 45 d7
0x00007ffbcc08c0ce:   48 89 7d df 48 85 c0 74 14 48 8b 8f 40 02 00 00
0x00007ffbcc08c0de:   48 8d 55 c7 48 89 45 c7 e8 25 e9 aa ff 4c 8b cb
0x00007ffbcc08c0ee:   48 89 7c 24 20 4c 8d 45 d7 48 8b ce 48 8d 55 e7
0x00007ffbcc08c0fe:   e8 7d 17 00 00 e9 f3 02 00 00 4c 8b 75 7f 48 8d
0x00007ffbcc08c10e:   4d e7 4d 8b ce 45 8b c2 49 8b d3 e8 b2 d0 ff ff
0x00007ffbcc08c11e:   49 83 7e 08 00 0f 85 db 02 00 00 48 85 db 75 04
0x00007ffbcc08c12e:   33 ff eb 25 80 3d f6 f0 60 00 00 48 8b 3b 74 15
0x00007ffbcc08c13e:   8b 7f 08 8b 0d a1 31 5a 00 48 d3 e7 48 03 3d 8f
0x00007ffbcc08c14e:   31 5a 00 eb 04 48 8b 7f 08 49 8b d6 48 8d 4d e7
0x00007ffbcc08c15e:   e8 9d e5 ff ff 49 83 7e 08 00 0f 85 96 02 00 00
0x00007ffbcc08c16e:   48 89 45 d7 4c 89 75 df 48 85 c0 74 14 49 8b 8e
0x00007ffbcc08c17e:   40 02 00 00 48 8d 55 c7 48 89 45 c7 e8 81 e8 aa
0x00007ffbcc08c18e:   ff 4c 8b 45 f7 48 8d 55 d7 4c 89 74 24 30 4c 8b
0x00007ffbcc08c19e:   cb c6 44 24 28 01 48 8b ce 48 89 7c 24 20 e8 3f
0x00007ffbcc08c1ae:   1c 00 00 e9 45 02 00 00 4c 8b 75 7f 48 8d 4d e7
0x00007ffbcc08c1be:   4d 8b ce 45 8b c2 49 8b d3 e8 04 d0 ff ff 49 83
0x00007ffbcc08c1ce:   7e 08 00 0f 85 2d 02 00 00 48 83 3d 01 46 61 00
0x00007ffbcc08c1de:   00 0f 84 98 00 00 00 49 8b be 30 02 00 00 48 8b
0x00007ffbcc08c1ee:   4d ef 4c 89 a4 24 d8 00 00 00 4c 89 ac 24 e0 00
0x00007ffbcc08c1fe:   00 00 48 8b 47 28 4c 8b 67 18 4c 8b 6f 20 4c 89
0x00007ffbcc08c20e:   bc 24 a0 00 00 00 4c 8b 7f 10 48 89 45 c7 e8 ff
0x00007ffbcc08c21e:   20 24 00 48 8b 4d e7 48 8b d8 e8 f3 20 24 00 48
0x00007ffbcc08c22e:   8b d0 48 8d 0d b1 54 43 00 4c 8b c3 e8 b1 cc ff 


Stack slot to memory mapping:
stack at sp + 0 slots: 0x000000000000000a is an unknown value
stack at sp + 1 slots: 0x000001db8ffa35b0 points into unknown readable memory: 0x0000000000000ed8 | d8 0e 00 00 00 00 00 00
stack at sp + 2 slots: 0x00000045ae0fb7a9 is pointing into the stack for thread: 0x000001dbfe712620
stack at sp + 3 slots: 0x00007ffbcc27d8ca jvm.dll
stack at sp + 4 slots: 0x0 is NULL
stack at sp + 5 slots: 0x000001db93775dc0 points into unknown readable memory: 0x726f002b00000002 | 02 00 00 00 2b 00 6f 72
stack at sp + 6 slots: 0x00000000000003d8 is an unknown value
stack at sp + 7 slots: 0x00007ffbcbdf949f jvm.dll


---------------  P R O C E S S  ---------------

Threads class SMR info:
_java_thread_list=0x000001db94e95140, length=29, elements={
0x000001dbfca89030, 0x000001dbfca8a900, 0x000001dbfcabc290, 0x000001dbfcabd050,
0x000001dbfcabda00, 0x000001dbfcac3e40, 0x000001dbfcae61f0, 0x000001dbfcaeab00,
0x000001dbfcafbbc0, 0x000001dbfcc66680, 0x000001dbfcc96710, 0x000001db936fe030,
0x000001dbfe7117b0, 0x000001dbfe712fc0, 0x000001dbfe713e30, 0x000001dbfe714300,
0x000001dbfe712620, 0x000001dbfe0ce1d0, 0x000001dbfe0cf510, 0x000001dbfe0c8660,
0x000001dbfe0cbb50, 0x000001dbfe0ca340, 0x000001dbfe0cc4f0, 0x000001dbfe0cdd00,
0x000001dbfe0cace0, 0x000001dbfe0cc020, 0x000001dbfe0c9000, 0x000001dbfe0c8b30,
0x000001dbfe0ca810
}

Java Threads: ( => current thread )
  0x000001dbfca89030 JavaThread "Reference Handler" daemon [_thread_blocked, id=11808, stack(0x00000045ac100000,0x00000045ac200000)]
  0x000001dbfca8a900 JavaThread "Finalizer" daemon [_thread_blocked, id=19920, stack(0x00000045ac200000,0x00000045ac300000)]
  0x000001dbfcabc290 JavaThread "Signal Dispatcher" daemon [_thread_blocked, id=10348, stack(0x00000045ac300000,0x00000045ac400000)]
  0x000001dbfcabd050 JavaThread "Attach Listener" daemon [_thread_blocked, id=18848, stack(0x00000045ac400000,0x00000045ac500000)]
  0x000001dbfcabda00 JavaThread "Service Thread" daemon [_thread_blocked, id=17244, stack(0x00000045ac500000,0x00000045ac600000)]
  0x000001dbfcac3e40 JavaThread "Monitor Deflation Thread" daemon [_thread_blocked, id=16452, stack(0x00000045ac600000,0x00000045ac700000)]
  0x000001dbfcae61f0 JavaThread "C2 CompilerThread0" daemon [_thread_in_native, id=2504, stack(0x00000045ac700000,0x00000045ac800000)]
  0x000001dbfcaeab00 JavaThread "C1 CompilerThread0" daemon [_thread_blocked, id=3276, stack(0x00000045ac800000,0x00000045ac900000)]
  0x000001dbfcafbbc0 JavaThread "Sweeper thread" daemon [_thread_blocked, id=22124, stack(0x00000045ac900000,0x00000045aca00000)]
  0x000001dbfcc66680 JavaThread "Notification Thread" daemon [_thread_blocked, id=8968, stack(0x00000045aca00000,0x00000045acb00000)]
  0x000001dbfcc96710 JavaThread "Common-Cleaner" daemon [_thread_blocked, id=18692, stack(0x00000045acc00000,0x00000045acd00000)]
  0x000001db936fe030 JavaThread "C2 CompilerThread1" daemon [_thread_in_native, id=18612, stack(0x00000045acd00000,0x00000045ace00000)]
  0x000001dbfe7117b0 JavaThread "Catalina-utility-1" [_thread_blocked, id=22968, stack(0x00000045ad800000,0x00000045ad900000)]
  0x000001dbfe712fc0 JavaThread "Catalina-utility-2" [_thread_blocked, id=21528, stack(0x00000045ada00000,0x00000045adb00000)]
  0x000001dbfe713e30 JavaThread "container-0" [_thread_blocked, id=3716, stack(0x00000045adb00000,0x00000045adc00000)]
  0x000001dbfe714300 JavaThread "TrainingPoolABC housekeeper" daemon [_thread_blocked, id=19648, stack(0x00000045add00000,0x00000045ade00000)]
=>0x000001dbfe712620 JavaThread "http-nio-8080-exec-1" daemon [_thread_in_vm, id=20032, stack(0x00000045ae000000,0x00000045ae100000)]
  0x000001dbfe0ce1d0 JavaThread "http-nio-8080-exec-2" daemon [_thread_blocked, id=19760, stack(0x00000045ae100000,0x00000045ae200000)]
  0x000001dbfe0cf510 JavaThread "http-nio-8080-exec-3" daemon [_thread_blocked, id=10396, stack(0x00000045ae200000,0x00000045ae300000)]
  0x000001dbfe0c8660 JavaThread "http-nio-8080-exec-4" daemon [_thread_blocked, id=19116, stack(0x00000045ae300000,0x00000045ae400000)]
  0x000001dbfe0cbb50 JavaThread "http-nio-8080-exec-5" daemon [_thread_blocked, id=11548, stack(0x00000045ae400000,0x00000045ae500000)]
  0x000001dbfe0ca340 JavaThread "http-nio-8080-exec-6" daemon [_thread_blocked, id=1084, stack(0x00000045ae500000,0x00000045ae600000)]
  0x000001dbfe0cc4f0 JavaThread "http-nio-8080-exec-7" daemon [_thread_blocked, id=22136, stack(0x00000045ae600000,0x00000045ae700000)]
  0x000001dbfe0cdd00 JavaThread "http-nio-8080-exec-8" daemon [_thread_blocked, id=23376, stack(0x00000045ae700000,0x00000045ae800000)]
  0x000001dbfe0cace0 JavaThread "http-nio-8080-exec-9" daemon [_thread_blocked, id=21252, stack(0x00000045ae800000,0x00000045ae900000)]
  0x000001dbfe0cc020 JavaThread "http-nio-8080-exec-10" daemon [_thread_blocked, id=19020, stack(0x00000045ae900000,0x00000045aea00000)]
  0x000001dbfe0c9000 JavaThread "http-nio-8080-Poller" daemon [_thread_in_native, id=16504, stack(0x00000045aea00000,0x00000045aeb00000)]
  0x000001dbfe0c8b30 JavaThread "http-nio-8080-Acceptor" daemon [_thread_in_native, id=23392, stack(0x00000045aeb00000,0x00000045aec00000)]
  0x000001dbfe0ca810 JavaThread "DestroyJavaVM" [_thread_blocked, id=7664, stack(0x00000045aba00000,0x00000045abb00000)]

Other Threads:
  0x000001dbfca75460 VMThread "VM Thread" [stack: 0x00000045ac000000,0x00000045ac100000] [id=23004]
  0x000001dbf9f72240 WatcherThread [stack: 0x00000045acb00000,0x00000045acc00000] [id=5340]
  0x000001dbf9f50980 GCTaskThread "GC Thread#0" [stack: 0x00000045abb00000,0x00000045abc00000] [id=8788]
  0x000001dbfefc6aa0 GCTaskThread "GC Thread#1" [stack: 0x00000045ace00000,0x00000045acf00000] [id=20068]
  0x000001dbfefc7d70 GCTaskThread "GC Thread#2" [stack: 0x00000045acf00000,0x00000045ad000000] [id=20320]
  0x000001dbfefc7ac0 GCTaskThread "GC Thread#3" [stack: 0x00000045ad000000,0x00000045ad100000] [id=17656]
  0x000001dbfefc7560 GCTaskThread "GC Thread#4" [stack: 0x00000045ad100000,0x00000045ad200000] [id=21976]
  0x000001dbfefc6d50 GCTaskThread "GC Thread#5" [stack: 0x00000045ad200000,0x00000045ad300000] [id=21720]
  0x000001dbfefc7000 GCTaskThread "GC Thread#6" [stack: 0x00000045ad300000,0x00000045ad400000] [id=18732]
  0x000001dbfefc8020 GCTaskThread "GC Thread#7" [stack: 0x00000045ad400000,0x00000045ad500000] [id=21224]
  0x000001dbe232d9e0 ConcurrentGCThread "G1 Main Marker" [stack: 0x00000045abc00000,0x00000045abd00000] [id=7944]
  0x000001dbe232e270 ConcurrentGCThread "G1 Conc#0" [stack: 0x00000045abd00000,0x00000045abe00000] [id=18960]
  0x000001dbfefc72b0 ConcurrentGCThread "G1 Conc#1" [stack: 0x00000045ad900000,0x00000045ada00000] [id=17420]
  0x000001dbfa04ab40 ConcurrentGCThread "G1 Refine#0" [stack: 0x00000045abe00000,0x00000045abf00000] [id=17660]
  0x000001dbfec441c0 ConcurrentGCThread "G1 Refine#1" [stack: 0x00000045ad500000,0x00000045ad600000] [id=4788]
  0x000001dbfe0e7600 ConcurrentGCThread "G1 Refine#2" [stack: 0x00000045ad600000,0x00000045ad700000] [id=19804]
  0x000001db90191910 ConcurrentGCThread "G1 Refine#3" [stack: 0x00000045adf00000,0x00000045ae000000] [id=21668]
  0x000001dbfa04c220 ConcurrentGCThread "G1 Service" [stack: 0x00000045abf00000,0x00000045ac000000] [id=19244]

Threads with active compile tasks:
C2 CompilerThread0    19102 6199       4       ch.qos.logback.classic.Logger::log (21 bytes)
C2 CompilerThread1    19102 6198       4       ch.qos.logback.classic.Logger::filterAndLog_0_Or3Plus (61 bytes)

VM state: not at safepoint (normal execution)

VM Mutex/Monitor currently owned by a thread: None

Heap address: 0x0000000603c00000, size: 8132 MB, Compressed Oops mode: Zero based, Oop shift amount: 3

CDS archive(s) not mapped
Compressed class space mapped at: 0x0000000800000000-0x0000000840000000, reserved size: 1073741824
Narrow klass base: 0x0000000800000000, Narrow klass shift: 0, Narrow klass range: 0x40000000

GC Precious Log:
 CPUs: 8 total, 8 available
 Memory: 32524M
 Large Page Support: Disabled
 NUMA Support: Disabled
 Compressed Oops: Enabled (Zero based)
 Heap Region Size: 4M
 Heap Min Capacity: 8M
 Heap Initial Capacity: 512M
 Heap Max Capacity: 8132M
 Pre-touch: Disabled
 Parallel Workers: 8
 Concurrent Workers: 2
 Concurrent Refinement Workers: 8
 Periodic GC: Disabled

Heap:
 garbage-first heap   total 110592K, used 41969K [0x0000000603c00000, 0x0000000800000000)
  region size 4096K, 5 young (20480K), 1 survivors (4096K)
 Metaspace       used 74117K, committed 74496K, reserved 1122304K
  class space    used 8967K, committed 9152K, reserved 1048576K

Heap Regions: E=young(eden), S=young(survivor), O=old, HS=humongous(starts), HC=humongous(continues), CS=collection set, F=free, OA=open archive, CA=closed archive, TAMS=top-at-mark-start (previous, next)
|   0|0x0000000603c00000, 0x0000000604000000, 0x0000000604000000|100%| O|  |TAMS 0x0000000604000000, 0x0000000603c00000| Untracked 
|   1|0x0000000604000000, 0x0000000604000000, 0x0000000604400000|  0%| F|  |TAMS 0x0000000604000000, 0x0000000604000000| Untracked 
|   2|0x0000000604400000, 0x0000000604800000, 0x0000000604800000|100%| O|  |TAMS 0x0000000604800000, 0x0000000604400000| Untracked 
|   3|0x0000000604800000, 0x0000000604c00000, 0x0000000604c00000|100%| O|  |TAMS 0x0000000604c00000, 0x0000000604800000| Untracked 
|   4|0x0000000604c00000, 0x0000000605000000, 0x0000000605000000|100%| O|  |TAMS 0x0000000604c00000, 0x0000000604c00000| Untracked 
|   5|0x0000000605000000, 0x0000000605400000, 0x0000000605400000|100%| O|  |TAMS 0x0000000605000000, 0x0000000605000000| Untracked 
|   6|0x0000000605400000, 0x0000000605800000, 0x0000000605800000|100%| O|  |TAMS 0x0000000605400000, 0x0000000605400000| Untracked 
|   7|0x0000000605800000, 0x0000000605995a00, 0x0000000605c00000| 39%| O|  |TAMS 0x0000000605800000, 0x0000000605800000| Untracked 
|   8|0x0000000605c00000, 0x0000000605c00000, 0x0000000606000000|  0%| F|  |TAMS 0x0000000605c00000, 0x0000000605c00000| Untracked 
|   9|0x0000000606000000, 0x0000000606000000, 0x0000000606400000|  0%| F|  |TAMS 0x0000000606000000, 0x0000000606000000| Untracked 
|  10|0x0000000606400000, 0x0000000606400000, 0x0000000606800000|  0%| F|  |TAMS 0x0000000606400000, 0x0000000606400000| Untracked 
|  11|0x0000000606800000, 0x0000000606b66b48, 0x0000000606c00000| 85%| S|CS|TAMS 0x0000000606800000, 0x0000000606800000| Complete 
|  12|0x0000000606c00000, 0x0000000606c00000, 0x0000000607000000|  0%| F|  |TAMS 0x0000000606c00000, 0x0000000606c00000| Untracked 
|  13|0x0000000607000000, 0x0000000607000000, 0x0000000607400000|  0%| F|  |TAMS 0x0000000607000000, 0x0000000607000000| Untracked 
|  14|0x0000000607400000, 0x0000000607400000, 0x0000000607800000|  0%| F|  |TAMS 0x0000000607400000, 0x0000000607400000| Untracked 
|  15|0x0000000607800000, 0x0000000607800000, 0x0000000607c00000|  0%| F|  |TAMS 0x0000000607800000, 0x0000000607800000| Untracked 
|  16|0x0000000607c00000, 0x0000000607c00000, 0x0000000608000000|  0%| F|  |TAMS 0x0000000607c00000, 0x0000000607c00000| Untracked 
|  17|0x0000000608000000, 0x0000000608000000, 0x0000000608400000|  0%| F|  |TAMS 0x0000000608000000, 0x0000000608000000| Untracked 
|  18|0x0000000608400000, 0x0000000608400000, 0x0000000608800000|  0%| F|  |TAMS 0x0000000608400000, 0x0000000608400000| Untracked 
|  19|0x0000000608800000, 0x0000000608800000, 0x0000000608c00000|  0%| F|  |TAMS 0x0000000608800000, 0x0000000608800000| Untracked 
|  20|0x0000000608c00000, 0x0000000608c00000, 0x0000000609000000|  0%| F|  |TAMS 0x0000000608c00000, 0x0000000608c00000| Untracked 
|  21|0x0000000609000000, 0x0000000609000000, 0x0000000609400000|  0%| F|  |TAMS 0x0000000609000000, 0x0000000609000000| Untracked 
|  22|0x0000000609400000, 0x0000000609400000, 0x0000000609800000|  0%| F|  |TAMS 0x0000000609400000, 0x0000000609400000| Untracked 
|  38|0x000000060d400000, 0x000000060d781468, 0x000000060d800000| 87%| E|  |TAMS 0x000000060d400000, 0x000000060d400000| Complete 
|  39|0x000000060d800000, 0x000000060dc00000, 0x000000060dc00000|100%| E|CS|TAMS 0x000000060d800000, 0x000000060d800000| Complete 
|  40|0x000000060dc00000, 0x000000060e000000, 0x000000060e000000|100%| E|CS|TAMS 0x000000060dc00000, 0x000000060dc00000| Complete 
| 127|0x0000000623800000, 0x0000000623c00000, 0x0000000623c00000|100%| E|CS|TAMS 0x0000000623800000, 0x0000000623800000| Complete 

Card table byte_map: [0x000001dbf7ea0000,0x000001dbf8e90000] _byte_map_base: 0x000001dbf4e82000

Marking Bits (Prev, Next): (CMBitMap*) 0x000001dbe2328860, (CMBitMap*) 0x000001dbe2328820
 Prev Bits: [0x000001db87f10000, 0x000001db8fe20000)
 Next Bits: [0x000001db80000000, 0x000001db87f10000)

Polling page: 0x000001dbe1fa0000

Metaspace:

Usage:
  Non-class:     63.62 MB used.
      Class:      8.76 MB used.
       Both:     72.38 MB used.

Virtual space:
  Non-class space:       72.00 MB reserved,      63.81 MB ( 89%) committed,  9 nodes.
      Class space:        1.00 GB reserved,       8.94 MB ( <1%) committed,  1 nodes.
             Both:        1.07 GB reserved,      72.75 MB (  7%) committed. 

Chunk freelists:
   Non-Class:  3.98 MB
       Class:  3.03 MB
        Both:  7.02 MB

MaxMetaspaceSize: unlimited
CompressedClassSpaceSize: 1.00 GB
Initial GC threshold: 21.00 MB
Current GC threshold: 98.69 MB
CDS: off
MetaspaceReclaimPolicy: balanced
 - commit_granule_bytes: 65536.
 - commit_granule_words: 8192.
 - virtual_space_node_default_size: 1048576.
 - enlarge_chunks_in_place: 1.
 - new_chunks_are_fully_committed: 0.
 - uncommit_free_chunks: 1.
 - use_allocation_guard: 0.
 - handle_deallocations: 1.


Internal statistics:

num_allocs_failed_limit: 11.
num_arena_births: 380.
num_arena_deaths: 0.
num_vsnodes_births: 10.
num_vsnodes_deaths: 0.
num_space_committed: 1164.
num_space_uncommitted: 0.
num_chunks_returned_to_freelist: 11.
num_chunks_taken_from_freelist: 2627.
num_chunk_merges: 8.
num_chunk_splits: 1943.
num_chunks_enlarged: 1617.
num_purges: 0.
num_inconsistent_stats: 0.

CodeHeap 'non-profiled nmethods': size=120000Kb used=3925Kb max_used=5012Kb free=116075Kb
 bounds [0x000001dbeef20000, 0x000001dbef410000, 0x000001dbf6450000]
CodeHeap 'profiled nmethods': size=120000Kb used=10365Kb max_used=10796Kb free=109634Kb
 bounds [0x000001dbe79f0000, 0x000001dbe84d0000, 0x000001dbeef20000]
CodeHeap 'non-nmethods': size=5760Kb used=1324Kb max_used=1413Kb free=4436Kb
 bounds [0x000001dbe7450000, 0x000001dbe76c0000, 0x000001dbe79f0000]
 total_blobs=5696 nmethods=5047 adapters=561
 compilation: enabled
              stopped_count=0, restarted_count=0
 full_count=0

Compilation events (20 events):
Event: 18.895 Thread 0x000001dbfcaeab00 6210   !   3       sun.nio.fs.WindowsDirectoryStream$WindowsDirectoryIterator::readNextEntry (192 bytes)
Event: 18.896 Thread 0x000001dbfcaeab00 nmethod 6210 0x000001dbe814f010 code [0x000001dbe814f2e0, 0x000001dbe8150018]
Event: 18.896 Thread 0x000001dbfcaeab00 6211       3       sun.nio.fs.WindowsFileAttributes::fromFindData (127 bytes)
Event: 18.896 Thread 0x000001dbfcaeab00 nmethod 6211 0x000001dbe814e410 code [0x000001dbe814e600, 0x000001dbe814eca8]
Event: 18.897 Thread 0x000001dbfcaeab00 6212   !   3       sun.nio.fs.WindowsDirectoryStream$WindowsDirectoryIterator::acceptEntry (71 bytes)
Event: 18.897 Thread 0x000001dbfcaeab00 nmethod 6212 0x000001dbe8068210 code [0x000001dbe8068460, 0x000001dbe8068cc8]
Event: 18.897 Thread 0x000001dbfcaeab00 6209  s    3       sun.nio.fs.WindowsDirectoryStream$WindowsDirectoryIterator::hasNext (35 bytes)
Event: 18.898 Thread 0x000001dbfcaeab00 nmethod 6209 0x000001dbe80c8290 code [0x000001dbe80c8440, 0x000001dbe80c8788]
Event: 18.898 Thread 0x000001dbfcaeab00 6213       3       java.nio.file.Files$AcceptAllFilter::accept (9 bytes)
Event: 18.898 Thread 0x000001dbfcaeab00 nmethod 6213 0x000001dbe80c7d90 code [0x000001dbe80c7f40, 0x000001dbe80c81d8]
Event: 18.898 Thread 0x000001dbfcaeab00 6214       3       sun.nio.fs.WindowsDirectoryStream$WindowsDirectoryIterator::next (5 bytes)
Event: 18.898 Thread 0x000001dbfcaeab00 nmethod 6214 0x000001dbe822c910 code [0x000001dbe822cac0, 0x000001dbe822cc08]
Event: 18.898 Thread 0x000001dbfcaeab00 6215  s    3       sun.nio.fs.WindowsDirectoryStream$WindowsDirectoryIterator::next (48 bytes)
Event: 18.899 Thread 0x000001dbfcaeab00 nmethod 6215 0x000001dbe7f7ae90 code [0x000001dbe7f7b060, 0x000001dbe7f7b438]
Event: 18.899 Thread 0x000001dbfcaeab00 6217       3       sun.nio.fs.WindowsPath$WindowsPathWithAttributes::<init> (23 bytes)
Event: 18.899 Thread 0x000001dbfcaeab00 nmethod 6217 0x000001dbe7f7a410 code [0x000001dbe7f7a600, 0x000001dbe7f7ac98]
Event: 18.899 Thread 0x000001dbfcaeab00 6216       3       sun.nio.fs.WindowsPath::getFileName (87 bytes)
Event: 18.901 Thread 0x000001dbfcaeab00 nmethod 6216 0x000001dbe811ef10 code [0x000001dbe811f1c0, 0x000001dbe81200e8]
Event: 18.902 Thread 0x000001dbfcae61f0 nmethod 6204 0x000001dbeef88310 code [0x000001dbeef884c0, 0x000001dbeef88ed8]
Event: 18.903 Thread 0x000001dbfcae61f0 6199       4       ch.qos.logback.classic.Logger::log (21 bytes)

GC Heap History (20 events):
Event: 4.170 GC heap before
{Heap before GC invocations=10 (full 0):
 garbage-first heap   total 57344K, used 35490K [0x0000000603c00000, 0x0000000800000000)
  region size 4096K, 6 young (24576K), 1 survivors (4096K)
 Metaspace       used 38509K, committed 38848K, reserved 1089536K
  class space    used 4433K, committed 4608K, reserved 1048576K
}
Event: 4.177 GC heap after
{Heap after GC invocations=11 (full 0):
 garbage-first heap   total 57344K, used 16462K [0x0000000603c00000, 0x0000000800000000)
  region size 4096K, 1 young (4096K), 1 survivors (4096K)
 Metaspace       used 38509K, committed 38848K, reserved 1089536K
  class space    used 4433K, committed 4608K, reserved 1048576K
}
Event: 4.439 GC heap before
{Heap before GC invocations=11 (full 0):
 garbage-first heap   total 57344K, used 36942K [0x0000000603c00000, 0x0000000800000000)
  region size 4096K, 6 young (24576K), 1 survivors (4096K)
 Metaspace       used 38642K, committed 38976K, reserved 1089536K
  class space    used 4436K, committed 4608K, reserved 1048576K
}
Event: 4.444 GC heap after
{Heap after GC invocations=12 (full 0):
 garbage-first heap   total 57344K, used 16728K [0x0000000603c00000, 0x0000000800000000)
  region size 4096K, 1 young (4096K), 1 survivors (4096K)
 Metaspace       used 38642K, committed 38976K, reserved 1089536K
  class space    used 4436K, committed 4608K, reserved 1048576K
}
Event: 4.684 GC heap before
{Heap before GC invocations=12 (full 0):
 garbage-first heap   total 57344K, used 37208K [0x0000000603c00000, 0x0000000800000000)
  region size 4096K, 6 young (24576K), 1 survivors (4096K)
 Metaspace       used 38692K, committed 38976K, reserved 1089536K
  class space    used 4439K, committed 4608K, reserved 1048576K
}
Event: 4.688 GC heap after
{Heap after GC invocations=13 (full 0):
 garbage-first heap   total 290816K, used 16616K [0x0000000603c00000, 0x0000000800000000)
  region size 4096K, 1 young (4096K), 1 survivors (4096K)
 Metaspace       used 38692K, committed 38976K, reserved 1089536K
  class space    used 4439K, committed 4608K, reserved 1048576K
}
Event: 6.386 GC heap before
{Heap before GC invocations=13 (full 0):
 garbage-first heap   total 290816K, used 184552K [0x0000000603c00000, 0x0000000800000000)
  region size 4096K, 42 young (172032K), 1 survivors (4096K)
 Metaspace       used 38785K, committed 39104K, reserved 1089536K
  class space    used 4441K, committed 4608K, reserved 1048576K
}
Event: 6.388 GC heap after
{Heap after GC invocations=14 (full 0):
 garbage-first heap   total 290816K, used 16699K [0x0000000603c00000, 0x0000000800000000)
  region size 4096K, 1 young (4096K), 1 survivors (4096K)
 Metaspace       used 38785K, committed 39104K, reserved 1089536K
  class space    used 4441K, committed 4608K, reserved 1048576K
}
Event: 7.936 GC heap before
{Heap before GC invocations=14 (full 0):
 garbage-first heap   total 290816K, used 184635K [0x0000000603c00000, 0x0000000800000000)
  region size 4096K, 42 young (172032K), 1 survivors (4096K)
 Metaspace       used 38823K, committed 39104K, reserved 1089536K
  class space    used 4444K, committed 4608K, reserved 1048576K
}
Event: 7.938 GC heap after
{Heap after GC invocations=15 (full 0):
 garbage-first heap   total 290816K, used 16681K [0x0000000603c00000, 0x0000000800000000)
  region size 4096K, 1 young (4096K), 1 survivors (4096K)
 Metaspace       used 38823K, committed 39104K, reserved 1089536K
  class space    used 4444K, committed 4608K, reserved 1048576K
}
Event: 9.688 GC heap before
{Heap before GC invocations=15 (full 0):
 garbage-first heap   total 290816K, used 184617K [0x0000000603c00000, 0x0000000800000000)
  region size 4096K, 42 young (172032K), 1 survivors (4096K)
 Metaspace       used 40720K, committed 40960K, reserved 1089536K
  class space    used 4709K, committed 4800K, reserved 1048576K
}
Event: 9.691 GC heap after
{Heap after GC invocations=16 (full 0):
 garbage-first heap   total 290816K, used 17611K [0x0000000603c00000, 0x0000000800000000)
  region size 4096K, 1 young (4096K), 1 survivors (4096K)
 Metaspace       used 40720K, committed 40960K, reserved 1089536K
  class space    used 4709K, committed 4800K, reserved 1048576K
}
Event: 12.680 GC heap before
{Heap before GC invocations=16 (full 0):
 garbage-first heap   total 290816K, used 136395K [0x0000000603c00000, 0x0000000800000000)
  region size 4096K, 31 young (126976K), 1 survivors (4096K)
 Metaspace       used 60130K, committed 60416K, reserved 1105920K
  class space    used 7578K, committed 7744K, reserved 1048576K
}
Event: 12.690 GC heap after
{Heap after GC invocations=17 (full 0):
 garbage-first heap   total 290816K, used 23657K [0x0000000603c00000, 0x0000000800000000)
  region size 4096K, 3 young (12288K), 3 survivors (12288K)
 Metaspace       used 60130K, committed 60416K, reserved 1105920K
  class space    used 7578K, committed 7744K, reserved 1048576K
}
Event: 13.871 GC heap before
{Heap before GC invocations=18 (full 0):
 garbage-first heap   total 110592K, used 76905K [0x0000000603c00000, 0x0000000800000000)
  region size 4096K, 16 young (65536K), 3 survivors (12288K)
 Metaspace       used 63424K, committed 63680K, reserved 1105920K
  class space    used 8009K, committed 8128K, reserved 1048576K
}
Event: 13.884 GC heap after
{Heap after GC invocations=19 (full 0):
 garbage-first heap   total 110592K, used 26810K [0x0000000603c00000, 0x0000000800000000)
  region size 4096K, 1 young (4096K), 1 survivors (4096K)
 Metaspace       used 63424K, committed 63680K, reserved 1105920K
  class space    used 8009K, committed 8128K, reserved 1048576K
}
Event: 13.915 GC heap before
{Heap before GC invocations=19 (full 0):
 garbage-first heap   total 110592K, used 30906K [0x0000000603c00000, 0x0000000800000000)
  region size 4096K, 2 young (8192K), 1 survivors (4096K)
 Metaspace       used 63425K, committed 63680K, reserved 1105920K
  class space    used 8009K, committed 8128K, reserved 1048576K
}
Event: 13.920 GC heap after
{Heap after GC invocations=20 (full 0):
 garbage-first heap   total 110592K, used 26968K [0x0000000603c00000, 0x0000000800000000)
  region size 4096K, 1 young (4096K), 1 survivors (4096K)
 Metaspace       used 63425K, committed 63680K, reserved 1105920K
  class space    used 8009K, committed 8128K, reserved 1048576K
}
Event: 18.583 GC heap before
{Heap before GC invocations=20 (full 0):
 garbage-first heap   total 110592K, used 84312K [0x0000000603c00000, 0x0000000800000000)
  region size 4096K, 15 young (61440K), 1 survivors (4096K)
 Metaspace       used 72816K, committed 73152K, reserved 1114112K
  class space    used 8855K, committed 9024K, reserved 1048576K
}
Event: 18.587 GC heap after
{Heap after GC invocations=21 (full 0):
 garbage-first heap   total 110592K, used 29681K [0x0000000603c00000, 0x0000000800000000)
  region size 4096K, 1 young (4096K), 1 survivors (4096K)
 Metaspace       used 72816K, committed 73152K, reserved 1114112K
  class space    used 8855K, committed 9024K, reserved 1048576K
}

Deoptimization events (20 events):
Event: 18.661 Thread 0x000001dbfe712620 DEOPT PACKING pc=0x000001dbef012c78 sp=0x00000045ae0fb290
Event: 18.661 Thread 0x000001dbfe712620 DEOPT UNPACKING pc=0x000001dbe74a23a3 sp=0x00000045ae0fb230 mode 2
Event: 18.669 Thread 0x000001dbfe712620 Uncommon trap: trap_request=0xffffff45 fr.pc=0x000001dbef15e778 relative=0x00000000000001d8
Event: 18.669 Thread 0x000001dbfe712620 Uncommon trap: reason=unstable_if action=reinterpret pc=0x000001dbef15e778 method=jdk.internal.util.ArraysSupport.mismatch([C[CI)I @ 59 c2
Event: 18.669 Thread 0x000001dbfe712620 DEOPT PACKING pc=0x000001dbef15e778 sp=0x00000045ae0fb820
Event: 18.669 Thread 0x000001dbfe712620 DEOPT UNPACKING pc=0x000001dbe74a23a3 sp=0x00000045ae0fb768 mode 2
Event: 18.816 Thread 0x000001dbfe712620 Uncommon trap: trap_request=0xffffffde fr.pc=0x000001dbeef8ecf4 relative=0x0000000000001554
Event: 18.816 Thread 0x000001dbfe712620 Uncommon trap: reason=class_check action=maybe_recompile pc=0x000001dbeef8ecf4 method=jdk.internal.loader.URLClassPath.getLoader(I)Ljdk/internal/loader/URLClassPath$Loader; @ 88 c2
Event: 18.816 Thread 0x000001dbfe712620 DEOPT PACKING pc=0x000001dbeef8ecf4 sp=0x00000045ae0fc470
Event: 18.816 Thread 0x000001dbfe712620 DEOPT UNPACKING pc=0x000001dbe74a23a3 sp=0x00000045ae0fc4c0 mode 2
Event: 18.824 Thread 0x000001dbfe712620 Uncommon trap: trap_request=0xffffffde fr.pc=0x000001dbef1a8ca0 relative=0x0000000000000460
Event: 18.824 Thread 0x000001dbfe712620 Uncommon trap: reason=class_check action=maybe_recompile pc=0x000001dbef1a8ca0 method=java.lang.Throwable.<init>()V @ 24 c2
Event: 18.824 Thread 0x000001dbfe712620 DEOPT PACKING pc=0x000001dbef1a8ca0 sp=0x00000045ae0fb240
Event: 18.824 Thread 0x000001dbfe712620 DEOPT UNPACKING pc=0x000001dbe74a23a3 sp=0x00000045ae0fb210 mode 2
Event: 18.833 Thread 0x000001dbfe712620 Uncommon trap: trap_request=0xffffff76 fr.pc=0x000001dbef160d54 relative=0x0000000000000134
Event: 18.833 Thread 0x000001dbfe712620 Uncommon trap: reason=predicate action=maybe_recompile pc=0x000001dbef160d54 method=sun.security.provider.DigestBase.implCompressMultiBlock0([BII)I @ 2 c2
Event: 18.833 Thread 0x000001dbfe712620 DEOPT PACKING pc=0x000001dbef160d54 sp=0x00000045ae0fafc0
Event: 18.833 Thread 0x000001dbfe712620 DEOPT UNPACKING pc=0x000001dbe74a23a3 sp=0x00000045ae0faf88 mode 2
Event: 18.833 Thread 0x000001dbfe712620 DEOPT PACKING pc=0x000001dbe81c27ac sp=0x00000045ae0faea0
Event: 18.833 Thread 0x000001dbfe712620 DEOPT UNPACKING pc=0x000001dbe74a2b43 sp=0x00000045ae0fa328 mode 0

Classes unloaded (0 events):
No events

Classes redefined (0 events):
No events

Internal exceptions (20 events):
Event: 12.986 Thread 0x000001dbe22af2a0 Implicit null exception at 0x000001dbef0730c0 to 0x000001dbef073310
Event: 13.074 Thread 0x000001dbe22af2a0 Exception <a 'java/lang/ClassNotFoundException'{0x0000000609117d28}: java/lang/ObjectCustomizer> (0x0000000609117d28) 
thrown [e:\jenkins\tmp\workspace\build\src\src\hotspot\share\classfile\systemDictionary.cpp, line 256]
Event: 13.075 Thread 0x000001dbe22af2a0 Exception <a 'java/lang/ClassNotFoundException'{0x000000060911ea38}: org/springframework/web/servlet/config/annotation/WebMvcConfigurationSupportCustomizer> (0x000000060911ea38) 
thrown [e:\jenkins\tmp\workspace\build\src\src\hotspot\share\classfile\systemDictionary.cpp, line 256]
Event: 13.076 Thread 0x000001dbe22af2a0 Exception <a 'java/lang/ClassNotFoundException'{0x0000000609131af0}: org/springframework/web/servlet/config/annotation/DelegatingWebMvcConfigurationCustomizer> (0x0000000609131af0) 
thrown [e:\jenkins\tmp\workspace\build\src\src\hotspot\share\classfile\systemDictionary.cpp, line 256]
Event: 13.077 Thread 0x000001dbe22af2a0 Exception <a 'java/lang/ClassNotFoundException'{0x0000000609139d30}: org/springframework/boot/autoconfigure/web/servlet/WebMvcAutoConfiguration$EnableWebMvcConfigurationCustomizer> (0x0000000609139d30) 
thrown [e:\jenkins\tmp\workspace\build\src\src\hotspot\share\classfile\systemDictionary.cpp, line 256]
Event: 13.079 Thread 0x000001dbe22af2a0 Exception <a 'java/lang/ClassNotFoundException'{0x000000060914af48}: org/springframework/context/ResourceLoaderAwareCustomizer> (0x000000060914af48) 
thrown [e:\jenkins\tmp\workspace\build\src\src\hotspot\share\classfile\systemDictionary.cpp, line 256]
Event: 13.079 Thread 0x000001dbe22af2a0 Exception <a 'java/lang/ClassNotFoundException'{0x000000060914ef90}: org/springframework/beans/factory/AwareCustomizer> (0x000000060914ef90) 
thrown [e:\jenkins\tmp\workspace\build\src\src\hotspot\share\classfile\systemDictionary.cpp, line 256]
Event: 13.080 Thread 0x000001dbe22af2a0 Exception <a 'java/lang/ClassNotFoundException'{0x0000000609152388}: org/springframework/context/ApplicationContextAwareCustomizer> (0x0000000609152388) 
thrown [e:\jenkins\tmp\workspace\build\src\src\hotspot\share\classfile\systemDictionary.cpp, line 256]
Event: 13.081 Thread 0x000001dbe22af2a0 Exception <a 'java/lang/ClassNotFoundException'{0x0000000609156ec0}: org/springframework/beans/factory/AwareCustomizer> (0x0000000609156ec0) 
thrown [e:\jenkins\tmp\workspace\build\src\src\hotspot\share\classfile\systemDictionary.cpp, line 256]
Event: 13.081 Thread 0x000001dbe22af2a0 Exception <a 'java/lang/ClassNotFoundException'{0x000000060915a290}: org/springframework/web/context/ServletContextAwareCustomizer> (0x000000060915a290) 
thrown [e:\jenkins\tmp\workspace\build\src\src\hotspot\share\classfile\systemDictionary.cpp, line 256]
Event: 13.082 Thread 0x000001dbe22af2a0 Exception <a 'java/lang/ClassNotFoundException'{0x000000060915e710}: org/springframework/beans/factory/AwareCustomizer> (0x000000060915e710) 
thrown [e:\jenkins\tmp\workspace\build\src\src\hotspot\share\classfile\systemDictionary.cpp, line 256]
Event: 13.436 Thread 0x000001dbe22af2a0 Exception <a 'java/lang/NoSuchMethodError'{0x0000000607806fe0}: 'void java.lang.invoke.DirectMethodHandle$Holder.invokeVirtual(java.lang.Object, java.lang.Object, int)'> (0x0000000607806fe0) 
thrown [e:\jenkins\tmp\workspace\build\src\src\hotspot\share\interpreter\linkResolver.cpp, line 766]
Event: 13.440 Thread 0x000001dbe22af2a0 Exception <a 'java/lang/NoSuchMethodError'{0x0000000607821b38}: 'void java.lang.invoke.DirectMethodHandle$Holder.invokeVirtual(java.lang.Object, java.lang.Object, long)'> (0x0000000607821b38) 
thrown [e:\jenkins\tmp\workspace\build\src\src\hotspot\share\interpreter\linkResolver.cpp, line 766]
Event: 13.724 Thread 0x000001dbe22af2a0 Exception <a 'java/lang/IncompatibleClassChangeError'{0x0000000606d5bd80}: Found class java.lang.Object, but interface was expected> (0x0000000606d5bd80) 
thrown [e:\jenkins\tmp\workspace\build\src\src\hotspot\share\interpreter\linkResolver.cpp, line 833]
Event: 13.797 Thread 0x000001dbe22af2a0 Exception <a 'java/lang/NoSuchMethodError'{0x000000060681a558}: 'int java.lang.invoke.DirectMethodHandle$Holder.invokeStaticInit(java.lang.Object, java.lang.Object, java.lang.Object, java.lang.Object)'> (0x000000060681a558) 
thrown [e:\jenkins\tmp\workspace\build\src\src\hotspot\share\interpreter\linkResolver.cpp, line 766]
Event: 14.033 Thread 0x000001dbe22af2a0 Exception <a 'java/lang/NoSuchMethodError'{0x000000060d4c4520}: 'java.lang.Object java.lang.invoke.DirectMethodHandle$Holder.invokeSpecial(java.lang.Object, java.lang.Object, int, java.lang.Object, int, java.lang.Object)'> (0x000000060d4c4520) 
thrown [e:\jenkins\tmp\workspace\build\src\src\hotspot\share\interpreter\linkResolver.cpp, line 766]
Event: 14.033 Thread 0x000001dbe22af2a0 Exception <a 'java/lang/NoSuchMethodError'{0x000000060d4cc320}: 'java.lang.Object java.lang.invoke.DirectMethodHandle$Holder.newInvokeSpecial(java.lang.Object, java.lang.Object, int, java.lang.Object, int)'> (0x000000060d4cc320) 
thrown [e:\jenkins\tmp\workspace\build\src\src\hotspot\share\interpreter\linkResolver.cpp, line 766]
Event: 14.034 Thread 0x000001dbe22af2a0 Exception <a 'java/lang/NoSuchMethodError'{0x000000060d4d0420}: 'java.lang.Object java.lang.invoke.DirectMethodHandle$Holder.invokeSpecial(java.lang.Object, java.lang.Object, java.lang.Object, int, java.lang.Object, int)'> (0x000000060d4d0420) 
thrown [e:\jenkins\tmp\workspace\build\src\src\hotspot\share\interpreter\linkResolver.cpp, line 766]
Event: 14.036 Thread 0x000001dbe22af2a0 Exception <a 'java/lang/NoSuchMethodError'{0x000000060d4daeb8}: 'void java.lang.invoke.DirectMethodHandle$Holder.invokeVirtual(java.lang.Object, java.lang.Object)'> (0x000000060d4daeb8) 
thrown [e:\jenkins\tmp\workspace\build\src\src\hotspot\share\interpreter\linkResolver.cpp, line 766]
Event: 18.472 Thread 0x000001dbfe712620 Exception <a 'java/lang/ArrayIndexOutOfBoundsException'{0x00000006073bfaf0}: Index 5619 out of bounds for length 5619> (0x00000006073bfaf0) 
thrown [e:\jenkins\tmp\workspace\build\src\src\hotspot\share\interpreter\interpreterRuntime.cpp, line 428]

VM Operations (20 events):
Event: 18.474 Executing VM operation: HandshakeAllThreads
Event: 18.474 Executing VM operation: HandshakeAllThreads done
Event: 18.583 Executing VM operation: G1CollectForAllocation
Event: 18.587 Executing VM operation: G1CollectForAllocation done
Event: 18.592 Executing VM operation: HandshakeAllThreads
Event: 18.592 Executing VM operation: HandshakeAllThreads done
Event: 18.821 Executing VM operation: ChangeBreakpoints
Event: 18.822 Executing VM operation: ChangeBreakpoints done
Event: 18.822 Executing VM operation: ChangeBreakpoints
Event: 18.823 Executing VM operation: ChangeBreakpoints done
Event: 18.824 Executing VM operation: get/set locals
Event: 18.824 Executing VM operation: get/set locals done
Event: 18.824 Executing VM operation: get/set locals
Event: 18.824 Executing VM operation: get/set locals done
Event: 18.903 Executing VM operation: HandshakeAllThreads
Event: 18.903 Executing VM operation: HandshakeAllThreads done
Event: 18.904 Executing VM operation: get/set locals
Event: 18.904 Executing VM operation: get/set locals done
Event: 18.904 Executing VM operation: get/set locals
Event: 18.904 Executing VM operation: get/set locals done

Events (20 events):
Event: 18.597 loading class java/util/stream/ReferencePipeline$4 done
Event: 18.597 loading class java/util/stream/Nodes$IntFixedNodeBuilder
Event: 18.597 loading class java/util/stream/Node$Builder$OfInt
Event: 18.597 loading class java/util/stream/Node$Builder$OfInt done
Event: 18.597 loading class java/util/stream/Nodes$IntArrayNode
Event: 18.598 loading class java/util/stream/Nodes$IntArrayNode done
Event: 18.598 loading class java/util/stream/Nodes$IntFixedNodeBuilder done
Event: 18.598 loading class java/util/stream/ReferencePipeline$4$1
Event: 18.598 loading class java/util/stream/ReferencePipeline$4$1 done
Event: 18.615 Thread 0x000001db902196e0 Thread exited: 0x000001db902196e0
Event: 18.729 loading class jdk/internal/access/foreign/MemorySegmentProxy
Event: 18.730 loading class jdk/internal/access/foreign/MemorySegmentProxy done
Event: 18.779 loading class java/util/Hashtable$ValueCollection
Event: 18.779 loading class java/util/Hashtable$ValueCollection done
Event: 18.815 loading class java/net/URLClassLoader$1
Event: 18.816 loading class java/net/URLClassLoader$1 done
Event: 18.832 loading class java/io/WriteAbortedException
Event: 18.832 loading class java/io/WriteAbortedException done
Event: 18.833 loading class sun/security/provider/SecureRandom$SeederHolder
Event: 18.833 loading class sun/security/provider/SecureRandom$SeederHolder done


Dynamic libraries:
0x00007ff62dd60000 - 0x00007ff62dd6e000 	C:\Users\jinghoong\.p2\pool\plugins\org.eclipse.justj.openjdk.hotspot.jre.full.win32.x86_64_17.0.3.v20220515-1416\jre\bin\javaw.exe
0x000001dbe2010000 - 0x000001dbe2224000 	C:\WINDOWS\SYSTEM32\ntd1l.dll
0x000001dbe1e70000 - 0x000001dbe1f32000 	C:\WINDOWS\System32\kern3l32.dll
0x00007ffc5fcd0000 - 0x00007ffc5fee4000 	C:\WINDOWS\SYSTEM32\ntdll.dll
0x00007ffc5ee70000 - 0x00007ffc5ef32000 	C:\WINDOWS\System32\KERNEL32.DLL
0x00007ffc5d1b0000 - 0x00007ffc5d54c000 	C:\WINDOWS\System32\KERNELBASE.dll
0x00007ffc5cc10000 - 0x00007ffc5ce77000 	C:\Program Files\SentinelOne\Sentinel Agent 22.3.4.612\InProcessClient64.dll
0x00007ffc5fae0000 - 0x00007ffc5fb8e000 	C:\WINDOWS\System32\ADVAPI32.dll
0x00007ffc5e7c0000 - 0x00007ffc5e867000 	C:\WINDOWS\System32\msvcrt.dll
0x00007ffc5f9d0000 - 0x00007ffc5fa74000 	C:\WINDOWS\System32\sechost.dll
0x00007ffc5ecb0000 - 0x00007ffc5edc7000 	C:\WINDOWS\System32\RPCRT4.dll
0x00007ffc5d8a0000 - 0x00007ffc5d9b1000 	C:\WINDOWS\System32\ucrtbase.dll
0x00007ffc436c0000 - 0x00007ffc436d8000 	C:\Users\jinghoong\.p2\pool\plugins\org.eclipse.justj.openjdk.hotspot.jre.full.win32.x86_64_17.0.3.v20220515-1416\jre\bin\jli.dll
0x00007ffc3f500000 - 0x00007ffc3f519000 	C:\Users\jinghoong\.p2\pool\plugins\org.eclipse.justj.openjdk.hotspot.jre.full.win32.x86_64_17.0.3.v20220515-1416\jre\bin\VCRUNTIME140.dll
0x00007ffc5ef90000 - 0x00007ffc5f13b000 	C:\WINDOWS\System32\USER32.dll
0x00007ffc5d610000 - 0x00007ffc5d636000 	C:\WINDOWS\System32\win32u.dll
0x00007ffc43fc0000 - 0x00007ffc4424e000 	C:\WINDOWS\WinSxS\amd64_microsoft.windows.common-controls_6595b64144ccf1df_6.0.22621.608_none_a9444ca7c10bb01d\COMCTL32.dll
0x00007ffc5edd0000 - 0x00007ffc5edf9000 	C:\WINDOWS\System32\GDI32.dll
0x00007ffc5d9c0000 - 0x00007ffc5dad3000 	C:\WINDOWS\System32\gdi32full.dll
0x00007ffc5d110000 - 0x00007ffc5d1aa000 	C:\WINDOWS\System32\msvcp_win.dll
0x00007ffc5cb00000 - 0x00007ffc5cb0a000 	C:\WINDOWS\SYSTEM32\VERSION.dll
0x00007ffc5ef40000 - 0x00007ffc5ef71000 	C:\WINDOWS\System32\IMM32.DLL
0x00007ffc58440000 - 0x00007ffc5844c000 	C:\Users\jinghoong\.p2\pool\plugins\org.eclipse.justj.openjdk.hotspot.jre.full.win32.x86_64_17.0.3.v20220515-1416\jre\bin\vcruntime140_1.dll
0x00007ffbda6a0000 - 0x00007ffbda731000 	C:\Users\jinghoong\.p2\pool\plugins\org.eclipse.justj.openjdk.hotspot.jre.full.win32.x86_64_17.0.3.v20220515-1416\jre\bin\msvcp140.dll
0x00007ffbcbb30000 - 0x00007ffbcc778000 	C:\Users\jinghoong\.p2\pool\plugins\org.eclipse.justj.openjdk.hotspot.jre.full.win32.x86_64_17.0.3.v20220515-1416\jre\bin\server\jvm.dll
0x000001dbe1f60000 - 0x000001dbe1f68000 	C:\WINDOWS\System32\PSAPI.DLL
0x00007ffc36530000 - 0x00007ffc36539000 	C:\WINDOWS\SYSTEM32\WSOCK32.dll
0x00007ffc5f150000 - 0x00007ffc5f1c1000 	C:\WINDOWS\System32\WS2_32.dll
0x00007ffc54200000 - 0x00007ffc54234000 	C:\WINDOWS\SYSTEM32\WINMM.dll
0x00007ffc5bee0000 - 0x00007ffc5bef8000 	C:\WINDOWS\SYSTEM32\kernel.appcore.dll
0x00007ffc58450000 - 0x00007ffc5845a000 	C:\Users\jinghoong\.p2\pool\plugins\org.eclipse.justj.openjdk.hotspot.jre.full.win32.x86_64_17.0.3.v20220515-1416\jre\bin\jimage.dll
0x00007ffc5a640000 - 0x00007ffc5a86e000 	C:\WINDOWS\SYSTEM32\DBGHELP.DLL
0x00007ffc5e870000 - 0x00007ffc5ebf9000 	C:\WINDOWS\System32\combase.dll
0x00007ffc5e400000 - 0x00007ffc5e4d7000 	C:\WINDOWS\System32\OLEAUT32.dll
0x00007ffc328d0000 - 0x00007ffc32902000 	C:\WINDOWS\SYSTEM32\dbgcore.DLL
0x00007ffc5d640000 - 0x00007ffc5d6bb000 	C:\WINDOWS\System32\bcryptPrimitives.dll
0x00007ffc124b0000 - 0x00007ffc12530000 	C:\Program Files\SentinelOne\Sentinel Agent 22.3.4.612\SentinelJava64.dll
0x00007ffc5f1d0000 - 0x00007ffc5f36c000 	C:\WINDOWS\System32\ole32.dll
0x00007ffc443f0000 - 0x00007ffc44415000 	C:\Users\jinghoong\.p2\pool\plugins\org.eclipse.justj.openjdk.hotspot.jre.full.win32.x86_64_17.0.3.v20220515-1416\jre\bin\java.dll
0x00007ffc44260000 - 0x00007ffc44278000 	C:\Users\jinghoong\.p2\pool\plugins\org.eclipse.justj.openjdk.hotspot.jre.full.win32.x86_64_17.0.3.v20220515-1416\jre\bin\zip.dll
0x00007ffc5daf0000 - 0x00007ffc5e2e0000 	C:\WINDOWS\System32\SHELL32.dll
0x00007ffc5aea0000 - 0x00007ffc5b76d000 	C:\WINDOWS\SYSTEM32\windows.storage.dll
0x00007ffc5ad60000 - 0x00007ffc5ae9e000 	C:\WINDOWS\SYSTEM32\wintypes.dll
0x00007ffc5f370000 - 0x00007ffc5f461000 	C:\WINDOWS\System32\SHCORE.dll
0x00007ffc5fa80000 - 0x00007ffc5fade000 	C:\WINDOWS\System32\shlwapi.dll
0x00007ffc5d040000 - 0x00007ffc5d061000 	C:\WINDOWS\SYSTEM32\profapi.dll
0x00007ffc57fb0000 - 0x00007ffc57fc9000 	C:\Users\jinghoong\.p2\pool\plugins\org.eclipse.justj.openjdk.hotspot.jre.full.win32.x86_64_17.0.3.v20220515-1416\jre\bin\net.dll
0x00007ffc55780000 - 0x00007ffc558b7000 	C:\WINDOWS\SYSTEM32\WINHTTP.dll
0x00007ffc5c350000 - 0x00007ffc5c3b9000 	C:\WINDOWS\system32\mswsock.dll
0x00007ffc43a40000 - 0x00007ffc43a55000 	C:\Users\jinghoong\.p2\pool\plugins\org.eclipse.justj.openjdk.hotspot.jre.full.win32.x86_64_17.0.3.v20220515-1416\jre\bin\nio.dll
0x00007ffc58410000 - 0x00007ffc58420000 	C:\Users\jinghoong\.p2\pool\plugins\org.eclipse.justj.openjdk.hotspot.jre.full.win32.x86_64_17.0.3.v20220515-1416\jre\bin\verify.dll
0x00007ffc58360000 - 0x00007ffc58369000 	C:\Users\jinghoong\.p2\pool\plugins\org.eclipse.justj.openjdk.hotspot.jre.full.win32.x86_64_17.0.3.v20220515-1416\jre\bin\management.dll
0x00007ffc446f0000 - 0x00007ffc446fb000 	C:\Users\jinghoong\.p2\pool\plugins\org.eclipse.justj.openjdk.hotspot.jre.full.win32.x86_64_17.0.3.v20220515-1416\jre\bin\management_ext.dll
0x00007ffc3f7f0000 - 0x00007ffc3f807000 	C:\WINDOWS\system32\napinsp.dll
0x00007ffc3f7d0000 - 0x00007ffc3f7eb000 	C:\WINDOWS\system32\pnrpnsp.dll
0x00007ffc5ba30000 - 0x00007ffc5bb23000 	C:\WINDOWS\SYSTEM32\DNSAPI.dll
0x00007ffc5b9c0000 - 0x00007ffc5b9ed000 	C:\WINDOWS\SYSTEM32\IPHLPAPI.DLL
0x00007ffc5f140000 - 0x00007ffc5f149000 	C:\WINDOWS\System32\NSI.dll
0x00007ffc3f770000 - 0x00007ffc3f781000 	C:\WINDOWS\System32\winrnr.dll
0x00007ffc529e0000 - 0x00007ffc529f5000 	C:\WINDOWS\system32\wshbth.dll
0x00007ffc3f740000 - 0x00007ffc3f761000 	C:\WINDOWS\system32\nlansp_c.dll
0x00007ffc4dd50000 - 0x00007ffc4dd5a000 	C:\Windows\System32\rasadhlp.dll
0x00007ffc4e030000 - 0x00007ffc4e0b3000 	C:\WINDOWS\System32\fwpuclnt.dll
0x00007ffc5c620000 - 0x00007ffc5c63b000 	C:\WINDOWS\SYSTEM32\CRYPTSP.dll
0x00007ffc5be50000 - 0x00007ffc5be85000 	C:\WINDOWS\system32\rsaenh.dll
0x00007ffc5c4c0000 - 0x00007ffc5c4e8000 	C:\WINDOWS\SYSTEM32\USERENV.dll
0x00007ffc5c7e0000 - 0x00007ffc5c808000 	C:\WINDOWS\SYSTEM32\bcrypt.dll
0x00007ffc5c640000 - 0x00007ffc5c64c000 	C:\WINDOWS\SYSTEM32\CRYPTBASE.dll
0x00007ffc53c70000 - 0x00007ffc53c89000 	C:\WINDOWS\SYSTEM32\dhcpcsvc6.DLL
0x00007ffc533b0000 - 0x00007ffc533cf000 	C:\WINDOWS\SYSTEM32\dhcpcsvc.DLL
0x00007ffc58420000 - 0x00007ffc5842e000 	C:\Users\jinghoong\.p2\pool\plugins\org.eclipse.justj.openjdk.hotspot.jre.full.win32.x86_64_17.0.3.v20220515-1416\jre\bin\sunmscapi.dll
0x00007ffc5d730000 - 0x00007ffc5d896000 	C:\WINDOWS\System32\CRYPT32.dll
0x00007ffc5c7b0000 - 0x00007ffc5c7de000 	C:\WINDOWS\SYSTEM32\ncrypt.dll
0x00007ffc5c770000 - 0x00007ffc5c7a7000 	C:\WINDOWS\SYSTEM32\NTASN1.dll
0x00007ffc44640000 - 0x00007ffc44648000 	C:\WINDOWS\system32\wshunix.dll

dbghelp: loaded successfully - version: 4.0.5 - missing functions: none
symbol engine: initialized successfully - sym options: 0x614 - pdb path: .;C:\Users\jinghoong\.p2\pool\plugins\org.eclipse.justj.openjdk.hotspot.jre.full.win32.x86_64_17.0.3.v20220515-1416\jre\bin;C:\WINDOWS\SYSTEM32;C:\Program Files\SentinelOne\Sentinel Agent 22.3.4.612;C:\WINDOWS\WinSxS\amd64_microsoft.windows.common-controls_6595b64144ccf1df_6.0.22621.608_none_a9444ca7c10bb01d;C:\Users\jinghoong\.p2\pool\plugins\org.eclipse.justj.openjdk.hotspot.jre.full.win32.x86_64_17.0.3.v20220515-1416\jre\bin\server

VM Arguments:
jvm_args: -Dfile.encoding=UTF-8 -XX:+ShowCodeDetailsInExceptionMessages -agentpath:C:\Program Files\SentinelOne\Sentinel Agent 22.3.4.612\SentinelJava64.dll 
java_command: cv.training.Training.TrainingApplication
java_class_path (initial): C:\Users\jinghoong\Downloads\Training\bin\main;C:\Users\jinghoong\.gradle\caches\modules-2\files-2.1\org.springframework.boot\spring-boot-starter-data-jpa\2.7.12-SNAPSHOT\9de7ac4f1f47914a4ee38a0a6b4424a7e95cf66\spring-boot-starter-data-jpa-2.7.12-SNAPSHOT.jar;C:\Users\jinghoong\.gradle\caches\modules-2\files-2.1\org.springframework.boot\spring-boot-starter-security\2.7.12-SNAPSHOT\6c0f86e7a4d969175f8e2d2e45efb7eedff4ff0b\spring-boot-starter-security-2.7.12-SNAPSHOT.jar;C:\Users\jinghoong\.gradle\caches\modules-2\files-2.1\org.springframework.boot\spring-boot-starter-aop\2.7.12-SNAPSHOT\35d760cbbd8fe88a1d8f84ed9c931a74d2fbe3d4\spring-boot-starter-aop-2.7.12-SNAPSHOT.jar;C:\Users\jinghoong\.gradle\caches\modules-2\files-2.1\org.springframework.boot\spring-boot-starter-web\2.7.12-SNAPSHOT\df8256170236141a7348b6bad2342b80cd943666\spring-boot-starter-web-2.7.12-SNAPSHOT.jar;C:\Users\jinghoong\.gradle\caches\modules-2\files-2.1\javax.servlet\jstl\1.2\74aca283cd4f4b4f3e425f5820cda58f44409547\jstl-1.2.jar;C:\Users\jinghoong\.gradle\caches\modules-2\files-2.1\org.springframework.boot\spring-boot-starter-jdbc\2.7.12-SNAPSHOT\5bb491319d4d661b1dc4c44d39a2be2341ad511c\spring-boot-starter-jdbc-2.7.12-SNAPSHOT.jar;C:\Users\jinghoong\.gradle\caches\modules-2\files-2.1\jakarta.transaction\jakarta.transaction-api\1.3.3\c4179d48720a1e87202115fbed6089bdc4195405\jakarta.transaction-api-1.3.3.jar;C:\Users\jinghoong\.gradle\caches\modules-2\files-2.1\jakarta.persistence\jakarta.persistence-api\2.2.3\8f6ea5daedc614f07a3654a455660145286f024e\jakarta.persistence-api-2.2.3.jar;C:\Users\jinghoong\.gradle\caches\modules-2\files-2.1\org.hibernate\hibernate-core\5.6.15.Final\ab14b7cef1fdff654ca81923048a6034d6c7cfa7\hibernate-core-5.6.15.Final.jar;C:\Users\jinghoong\.gradle\caches\modules-2\files-2.1\org.springframework.data\spring-data-jpa\2.7.12-SNAPSHOT\4e74b72a381f790e4034de1cdea3c663f8e1fb24\spring-data-jpa-2.7.12-SNAPSHOT.jar;C:\Users\jinghoong\.gradle\caches\mod
Launcher Type: SUN_STANDARD

[Global flags]
     intx CICompilerCount                          = 4                                         {product} {ergonomic}
     uint ConcGCThreads                            = 2                                         {product} {ergonomic}
     uint G1ConcRefinementThreads                  = 8                                         {product} {ergonomic}
   size_t G1HeapRegionSize                         = 4194304                                   {product} {ergonomic}
    uintx GCDrainStackTargetSize                   = 64                                        {product} {ergonomic}
   size_t InitialHeapSize                          = 536870912                                 {product} {ergonomic}
   size_t MarkStackSize                            = 4194304                                   {product} {ergonomic}
   size_t MaxHeapSize                              = 8527020032                                {product} {ergonomic}
   size_t MaxNewSize                               = 5112856576                                {product} {ergonomic}
   size_t MinHeapDeltaBytes                        = 4194304                                   {product} {ergonomic}
   size_t MinHeapSize                              = 8388608                                   {product} {ergonomic}
    uintx NonNMethodCodeHeapSize                   = 5839372                                {pd product} {ergonomic}
    uintx NonProfiledCodeHeapSize                  = 122909434                              {pd product} {ergonomic}
    uintx ProfiledCodeHeapSize                     = 122909434                              {pd product} {ergonomic}
    uintx ReservedCodeCacheSize                    = 251658240                              {pd product} {ergonomic}
     bool SegmentedCodeCache                       = true                                      {product} {ergonomic}
     bool ShowCodeDetailsInExceptionMessages       = true                                   {manageable} {command line}
   size_t SoftMaxHeapSize                          = 8527020032                             {manageable} {ergonomic}
     bool UseCompressedClassPointers               = true                           {product lp64_product} {ergonomic}
     bool UseCompressedOops                        = true                           {product lp64_product} {ergonomic}
     bool UseG1GC                                  = true                                      {product} {ergonomic}
     bool UseLargePagesIndividualAllocation        = false                                  {pd product} {ergonomic}

Logging:
Log output configuration:
 #0: stdout all=warning uptime,level,tags
 #1: stderr all=off uptime,level,tags

Environment Variables:
JAVA_HOME=C:\Program Files\Java\jdk-1.8
PATH=C:/Users/jinghoong/.p2/pool/plugins/org.eclipse.justj.openjdk.hotspot.jre.full.win32.x86_64_17.0.3.v20220515-1416/jre/bin/server;C:/Users/jinghoong/.p2/pool/plugins/org.eclipse.justj.openjdk.hotspot.jre.full.win32.x86_64_17.0.3.v20220515-1416/jre/bin;C:\Python310\Scripts\;C:\Python310\;C:\Program Files (x86)\VMware\VMware Player\bin\;C:\WINDOWS\system32;C:\WINDOWS;C:\WINDOWS\System32\Wbem;C:\WINDOWS\System32\WindowsPowerShell\v1.0\;C:\WINDOWS\System32\OpenSSH\;C:\Program Files\PuTTY\;C:\Program Files\Git\cmd;C:\Program Files\nodejs\;C:\ProgramData\chocolatey\bin;C:\Program Files\Java\jdk-1.8\bin;C:\Users\jinghoong\AppData\Local\Microsoft\WindowsApps;C:\Users\jinghoong\AppData\Local\Programs\Microsoft VS Code\bin;C:\Users\jinghoong\AppData\Roaming\npm;C:\Program Files\JetBrains\IntelliJ IDEA Community Edition 2022.2.1\bin;;C:\Program Files\Java\jdk-1.8\bin;;C:\WINDOWS\system32;
USERNAME=jinghoong
OS=Windows_NT
PROCESSOR_IDENTIFIER=Intel64 Family 6 Model 142 Stepping 11, GenuineIntel



---------------  S Y S T E M  ---------------

OS:
 Windows 11 , 64 bit Build 22621 (10.0.22621.1485)
OS uptime: 1 days 5:37 hours

CPU: total 8 (initial active 8) (4 cores per cpu, 2 threads per core) family 6 model 142 stepping 11 microcode 0xf0, cx8, cmov, fxsr, ht, mmx, 3dnowpref, sse, sse2, sse3, ssse3, sse4.1, sse4.2, popcnt, lzcnt, tsc, tscinvbit, avx, avx2, aes, erms, clmul, bmi1, bmi2, adx, fma, vzeroupper, clflush, clflushopt

Memory: 4k page, system-wide physical 32524M (5946M free)
TotalPageFile size 40716M (AvailPageFile size 10030M)
current process WorkingSet (physical memory assigned to process): 374M, peak: 439M
current process commit charge ("private bytes"): 402M, peak: 659M

vm_info: OpenJDK 64-Bit Server VM (17.0.3+7) for windows-amd64 JRE (17.0.3+7), built on Apr 19 2022 16:55:35 by "" with MS VC++ 16.7 (VS2019)

END.
