#
# A fatal error has been detected by the Java Runtime Environment:
#
#  EXCEPTION_ACCESS_VIOLATION (0xc0000005) at pc=0x0000016748d9d018, pid=15628, tid=7836
#
# JRE version: OpenJDK Runtime Environment Temurin-17.0.3+7 (17.0.3+7) (build 17.0.3+7)
# Java VM: OpenJDK 64-Bit Server VM Temurin-17.0.3+7 (17.0.3+7, mixed mode, tiered, compressed oops, compressed class ptrs, g1 gc, windows-amd64)
# Problematic frame:
# j  javax.servlet.http.HttpServletRequestWrapper._getHttpServletRequest()Ljavax/servlet/http/HttpServletRequest;+1
#
# No core dump will be written. Minidumps are not enabled by default on client versions of Windows
#
# If you would like to submit a bug report, please visit:
#   https://github.com/adoptium/adoptium-support/issues
#

---------------  S U M M A R Y ------------

Command Line: -Dfile.encoding=UTF-8 -XX:+ShowCodeDetailsInExceptionMessages -agentpath:C:\Program Files\SentinelOne\Sentinel Agent 22.3.4.612\SentinelJava64.dll cv.training.Training.TrainingApplication

Host: Intel(R) Core(TM) i5-8265U CPU @ 1.60GHz, 8 cores, 31G,  Windows 11 , 64 bit Build 22621 (10.0.22621.1485)
Time: Fri May 12 16:17:04 2023 Malay Peninsula Standard Time elapsed time: 25.754978 seconds (0d 0h 0m 25s)

---------------  T H R E A D  ---------------

Current thread (0x0000016770d3a410):  JavaThread "http-nio-8080-exec-4" daemon [_thread_in_Java, id=7836, stack(0x0000003851e00000,0x0000003851f00000)]

Stack: [0x0000003851e00000,0x0000003851f00000],  sp=0x0000003851efba68,  free space=1006k
Native frames: (J=compiled Java code, j=interpreted, Vv=VM code, C=native code)
C  0x0000016748d9d018


siginfo: EXCEPTION_ACCESS_VIOLATION (0xc0000005), reading address 0x0000000000b80030


Register to memory mapping:

RIP=0x0000016748d9d018 is at code_begin+248 in an Interpreter codelet
checkcast  192 checkcast  [0x0000016748d9cf20, 0x0000016748d9d160]  576 bytes
RAX=0x00000008003f7410 is a pointer to class: 
javax.servlet.http.HttpServletRequest {0x00000008003f7418}
 - instance size:     2
 - klass size:        63
 - access:            public interface abstract 
 - state:             fully_initialized
 - name:              'javax/servlet/http/HttpServletRequest'
 - super:             'java/lang/Object'
 - sub:               
 - nof implementors:  2
 - arrays:            NULL
 - methods:           Array<T>(0x00000167728d92b8)
 - method ordering:   Array<T>(0x000001676e000018)
 - default_methods:   Array<T>(0x0000000000000000)
 - local interfaces:  Array<T>(0x00000167728d5e18)
 - trans. interfaces: Array<T>(0x00000167728d5e18)
 - constants:         constant pool [245] {0x00000167728d8a88} for 'javax/servlet/http/HttpServletRequest' cache=0x0000016777dd1198
 - class loader data:  loader data: 0x000001676db40100 for instance a 'jdk/internal/loader/ClassLoaders$AppClassLoader'{0x0000000603e7f130}
 - source file:       'HttpServletRequest.java'
 - class annotations:       Array<T>(0x0000000000000000)
 - class type annotations:  Array<T>(0x0000000000000000)
 - field annotations:       Array<T>(0x0000000000000000)
 - field type annotations:  Array<T>(0x0000000000000000)
 - inner classes:     Array<T>(0x00000167728d7370)
 - nest members:     Array<T>(0x000001676e000028)
 - permitted subclasses:     Array<T>(0x000001676e000028)
 - java mirror:       a 'java/lang/Class'{0x000000060548ee58} = 'javax/servlet/http/HttpServletRequest'
 - vtable length      5  (start addr: 0x00000008003f75d8)
 - itable length      0 (start addr: 0x00000008003f7600)
 - ---- static fields (2 words):
 - public static final 'BASIC_AUTH' 'Ljava/lang/String;' @112 
 - public static final 'FORM_AUTH' 'Ljava/lang/String;' @116 
 - public static final 'CLIENT_CERT_AUTH' 'Ljava/lang/String;' @120 
 - public static final 'DIGEST_AUTH' 'Ljava/lang/String;' @124 
 - ---- non-static fields (0 words):
 - non-static oop maps: 
RBX=0x0 is NULL
RCX=0x000001677a80c240 is pointing into metadata
RDX=0x0000000000b80028 is an unknown value
RSP=0x0000003851efba68 is pointing into the stack for thread: 0x0000016770d3a410
RBP=0x0000003851efbab0 is pointing into the stack for thread: 0x0000016770d3a410
RSI=0x0000003851efbf60 is pointing into the stack for thread: 0x0000016770d3a410
RDI=0x0000016770d3a410 is a thread
R8 =0x0000003851efbf70 is pointing into the stack for thread: 0x0000016770d3a410
R9 =0x0000000000000001 is an unknown value
R10=0x00007ffbcc6c1530 jvm.dll
R11=0x0000003851efbd08 is pointing into the stack for thread: 0x0000016770d3a410
R12=0x0 is NULL
R13=0x000001677a80c4ac is pointing into metadata
R14=0x0000003851efbac0 is pointing into the stack for thread: 0x0000016770d3a410
R15=0x0000016770d3a410 is a thread


Registers:
RAX=0x00000008003f7410, RBX=0x0000000000000000, RCX=0x000001677a80c240, RDX=0x0000000000b80028
RSP=0x0000003851efba68, RBP=0x0000003851efbab0, RSI=0x0000003851efbf60, RDI=0x0000016770d3a410
R8 =0x0000003851efbf70, R9 =0x0000000000000001, R10=0x00007ffbcc6c1530, R11=0x0000003851efbd08
R12=0x0000000000000000, R13=0x000001677a80c4ac, R14=0x0000003851efbac0, R15=0x0000016770d3a410
RIP=0x0000016748d9d018, EFLAGS=0x0000000000010246

Top of Stack: (sp=0x0000003851efba68)
0x0000003851efba68:   0000003851efba68 000001677a80c4a9
0x0000003851efba78:   0000003851efbac0 000001677a80e3c8
0x0000003851efba88:   000001677b0c1cd0 00000006069294f8
0x0000003851efba98:   000001677a80c4c8 0000000000000000
0x0000003851efbaa8:   0000003851efbac0 0000003851efbb10
0x0000003851efbab8:   0000016748d89657 0000016772261e00
0x0000003851efbac8:   0000003851efbac8 000001677a80d839
0x0000003851efbad8:   0000003851efbb30 000001677a80e3c8
0x0000003851efbae8:   000001677b103638 00000006069294f8
0x0000003851efbaf8:   000001677a80d878 0000003851efbac0
0x0000003851efbb08:   0000003851efbb20 0000003851efbd00
0x0000003851efbb18:   0000016748d81010 00000006079ada38
0x0000003851efbb28:   0000003851efbb28 0000016772261e00
0x0000003851efbb38:   0000003851efbb80 000001677730e3b0
0x0000003851efbb48:   0000000000000000 0000000604a73b08
0x0000003851efbb58:   0000016772261e18 0000000000000000 

Instructions: (pc=0x0000016748d9d018)
0x0000016748d9cf18:   00 00 00 00 00 00 00 00 58 48 85 c0 0f 84 01 02
0x0000016748d9cf28:   00 00 48 8b 4d e8 48 8b 49 08 48 8b 49 08 48 8b
0x0000016748d9cf38:   51 08 41 0f b7 5d 01 0f cb c1 eb 10 80 7c 1a 04
0x0000016748d9cf48:   07 0f 84 b8 00 00 00 50 e8 05 00 00 00 e9 98 00
0x0000016748d9cf58:   00 00 48 8d 44 24 08 4c 89 6d c0 49 8b cf c5 f8
0x0000016748d9cf68:   77 49 89 af 98 02 00 00 49 89 87 88 02 00 00 48
0x0000016748d9cf78:   83 ec 20 f7 c4 0f 00 00 00 0f 84 1a 00 00 00 48
0x0000016748d9cf88:   83 ec 08 49 ba 30 21 eb cb fb 7f 00 00 41 ff d2
0x0000016748d9cf98:   48 83 c4 08 e9 0d 00 00 00 49 ba 30 21 eb cb fb
0x0000016748d9cfa8:   7f 00 00 41 ff d2 48 83 c4 20 49 c7 87 88 02 00
0x0000016748d9cfb8:   00 00 00 00 00 49 c7 87 98 02 00 00 00 00 00 00
0x0000016748d9cfc8:   49 c7 87 90 02 00 00 00 00 00 00 c5 f8 77 49 81
0x0000016748d9cfd8:   7f 08 00 00 00 00 0f 84 05 00 00 00 e9 17 3f fe
0x0000016748d9cfe8:   ff 4c 8b 6d c0 4c 8b 75 c8 c3 49 8b 87 e8 02 00
0x0000016748d9cff8:   00 49 c7 87 e8 02 00 00 00 00 00 00 5a eb 11 48
0x0000016748d9d008:   8b d0 66 8b 5c d9 48 48 8b 49 28 48 8b 44 d9 08
0x0000016748d9d018:   8b 5a 08 49 ba 00 00 00 00 08 00 00 00 49 03 da
0x0000016748d9d028:   48 8b 4d d8 48 85 c9 0f 84 8a 00 00 00 48 8b 79
0x0000016748d9d038:   18 48 3b fb 0f 85 0f 00 00 00 48 83 41 20 01 48
0x0000016748d9d048:   83 59 20 00 e9 66 00 00 00 48 85 ff 0f 84 37 00
0x0000016748d9d058:   00 00 48 8b 79 28 48 3b fb 0f 85 0f 00 00 00 48
0x0000016748d9d068:   83 41 30 01 48 83 59 30 00 e9 41 00 00 00 48 85
0x0000016748d9d078:   ff 0f 85 38 00 00 00 48 89 59 28 bf 01 00 00 00
0x0000016748d9d088:   48 89 79 30 e9 26 00 00 00 48 3b 59 28 0f 85 0f
0x0000016748d9d098:   00 00 00 48 83 41 30 01 48 83 59 30 00 e9 0d 00
0x0000016748d9d0a8:   00 00 48 89 59 18 bf 01 00 00 00 48 89 79 20 48
0x0000016748d9d0b8:   83 c1 38 48 89 4d d8 48 3b d8 0f 84 5b 00 00 00
0x0000016748d9d0c8:   8b 48 14 48 3b 04 0b 0f 84 4e 00 00 00 83 f9 20
0x0000016748d9d0d8:   0f 85 22 00 00 00 50 48 8b c0 57 48 8b 7b 28 8b
0x0000016748d9d0e8:   0f 48 83 c7 08 48 85 c0 f2 48 af 5f 58 75 09 48
0x0000016748d9d0f8:   89 43 20 e9 23 00 00 00 48 8b 4d d8 48 85 c9 0f
0x0000016748d9d108:   84 10 00 00 00 48 83 41 d0 ff 0f 88 05 00 00 00 


Stack slot to memory mapping:
stack at sp + 0 slots: 0x0000003851efba68 is pointing into the stack for thread: 0x0000016770d3a410
stack at sp + 1 slots: 0x000001677a80c4a9 is pointing into metadata
stack at sp + 2 slots: 0x0000003851efbac0 is pointing into the stack for thread: 0x0000016770d3a410
stack at sp + 3 slots: 0x000001677a80e3c8 is pointing into metadata
stack at sp + 4 slots: 0x000001677b0c1cd0 is pointing into metadata
stack at sp + 5 slots: 0x00000006069294f8 is an oop: java.lang.Class 
{0x00000006069294f8} - klass: 'java/lang/Class'
 - ---- fields (total size 14 words):
 - private volatile transient 'classRedefinedCount' 'I' @12  0
 - private volatile transient 'cachedConstructor' 'Ljava/lang/reflect/Constructor;' @40  NULL (0)
 - private transient 'name' 'Ljava/lang/String;' @44  "javax.servlet.http.HttpServletRequestWrapper"{0x00000006069297e0} (c0d252fc)
 - private transient 'module' 'Ljava/lang/Module;' @48  a 'java/lang/Module'{0x0000000603e93a40} (c07d2748)
 - private final 'classLoader' 'Ljava/lang/ClassLoader;' @52  a 'jdk/internal/loader/ClassLoaders$AppClassLoader'{0x0000000603e7f130} (c07cfe26)
 - private transient 'classData' 'Ljava/lang/Object;' @56  NULL (0)
 - private transient 'packageName' 'Ljava/lang/String;' @60  "javax.servlet.http"{0x0000000604558960} (c08ab12c)
 - private final 'componentType' 'Ljava/lang/Class;' @64  NULL (0)
 - private volatile transient 'reflectionData' 'Ljava/lang/ref/SoftReference;' @68  NULL (0)
 - private volatile transient 'genericInfo' 'Lsun/reflect/generics/repository/ClassRepository;' @72  NULL (0)
 - private volatile transient 'enumConstants' '[Ljava/lang/Object;' @76  NULL (0)
 - private volatile transient 'enumConstantDirectory' 'Ljava/util/Map;' @80  NULL (0)
 - private volatile transient 'annotationData' 'Ljava/lang/Class$AnnotationData;' @84  NULL (0)
 - private volatile transient 'annotationType' 'Lsun/reflect/annotation/AnnotationType;' @88  NULL (0)
 - transient 'classValueMap' 'Ljava/lang/ClassValue$ClassValueMap;' @92  NULL (0)
 - signature: Ljavax/servlet/http/HttpServletRequestWrapper;
 - fake entry for mirror: 'javax/servlet/http/HttpServletRequestWrapper'
 - fake entry for array: NULL
 - fake entry for oop_size: 14
 - fake entry for static_oop_field_count: 0
stack at sp + 6 slots: {method} {0x000001677a80c4d0} '_getHttpServletRequest' '()Ljavax/servlet/http/HttpServletRequest;' in 'javax/servlet/http/HttpServletRequestWrapper'
stack at sp + 7 slots: 0x0 is NULL

checkcast  192 checkcast  [0x0000016748d9cf20, 0x0000016748d9d160]  576 bytes
[MachCode]
  0x0000016748d9cf20: 5848 85c0 | 0f84 0102 | 0000 488b | 4de8 488b | 4908 488b | 4908 488b | 5108 410f | b75d 010f 
  0x0000016748d9cf40: cbc1 eb10 | 807c 1a04 | 070f 84b8 | 0000 0050 | e805 0000 | 00e9 9800 | 0000 488d | 4424 084c 
  0x0000016748d9cf60: 896d c049 | 8bcf c5f8 | 7749 89af | 9802 0000 | 4989 8788 | 0200 0048 | 83ec 20f7 | c40f 0000 
  0x0000016748d9cf80: 000f 841a | 0000 0048 | 83ec 0849 | ba30 21eb | cbfb 7f00 | 0041 ffd2 | 4883 c408 | e90d 0000 
  0x0000016748d9cfa0: 0049 ba30 | 21eb cbfb | 7f00 0041 | ffd2 4883 | c420 49c7 | 8788 0200 | 0000 0000 | 0049 c787 
  0x0000016748d9cfc0: 9802 0000 | 0000 0000 | 49c7 8790 | 0200 0000 | 0000 00c5 | f877 4981 | 7f08 0000 | 0000 0f84 
  0x0000016748d9cfe0: 0500 0000 | e917 3ffe | ff4c 8b6d | c04c 8b75 | c8c3 498b | 87e8 0200 | 0049 c787 | e802 0000 
  0x0000016748d9d000: 0000 0000 | 5aeb 1148 | 8bd0 668b | 5cd9 4848 | 8b49 2848 | 8b44 d908 | 8b5a 0849 | ba00 0000 
  0x0000016748d9d020: 0008 0000 | 0049 03da | 488b 4dd8 | 4885 c90f | 848a 0000 | 0048 8b79 | 1848 3bfb | 0f85 0f00 
  0x0000016748d9d040: 0000 4883 | 4120 0148 | 8359 2000 | e966 0000 | 0048 85ff | 0f84 3700 | 0000 488b | 7928 483b 
  0x0000016748d9d060: fb0f 850f | 0000 0048 | 8341 3001 | 4883 5930 | 00e9 4100 | 0000 4885 | ff0f 8538 | 0000 0048 
  0x0000016748d9d080: 8959 28bf | 0100 0000 | 4889 7930 | e926 0000 | 0048 3b59 | 280f 850f | 0000 0048 | 8341 3001 
  0x0000016748d9d0a0: 4883 5930 | 00e9 0d00 | 0000 4889 | 5918 bf01 | 0000 0048 | 8979 2048 | 83c1 3848 | 894d d848 
  0x0000016748d9d0c0: 3bd8 0f84 | 5b00 0000 | 8b48 1448 | 3b04 0b0f | 844e 0000 | 0083 f920 | 0f85 2200 | 0000 5048 
  0x0000016748d9d0e0: 8bc0 5748 | 8b7b 288b | 0f48 83c7 | 0848 85c0 | f248 af5f | 5875 0948 | 8943 20e9 | 2300 0000 
  0x0000016748d9d100: 488b 4dd8 | 4885 c90f | 8410 0000 | 0048 8341 | d0ff 0f88 | 0500 0000 | 4883 41d0 | 0152 e9b8 
  0x0000016748d9d120: f1fe ff48 | 8bc2 e919 | 0000 0048 | 8b4d d848 | 85c9 0f84 | 0c00 0000 | 8049 0101 | 4883 c138 
  0x0000016748d9d140: 4889 4dd8 | 410f b65d | 0349 83c5 | 0349 ba30 | 156c ccfb | 7f00 0041 | ff24 da0f | 1f44 0000 
[/MachCode]

---------------  P R O C E S S  ---------------

Threads class SMR info:
_java_thread_list=0x000001676f70ded0, length=30, elements={
0x000001676da08030, 0x000001676da09900, 0x000001676da2de90, 0x000001676da3d4b0,
0x000001676da46180, 0x000001676da4ff60, 0x000001676da52b60, 0x000001676da55470,
0x000001676da6c550, 0x000001676dbdc9c0, 0x000001676dbf8ca0, 0x0000016770a6b070,
0x000001676dc509c0, 0x000001676ebb2010, 0x0000016770d395a0, 0x0000016770d38c00,
0x0000016770d39f40, 0x0000016770d3adb0, 0x0000016770d3a410, 0x0000016770d3a8e0,
0x0000016770d3b750, 0x0000016770d3bc20, 0x0000016770d3c0f0, 0x0000016770d3c5c0,
0x0000016770d390d0, 0x000001676f8ae5e0, 0x000001676f8ac430, 0x000001676f8ac900,
0x000001677127e8e0, 0x000001677127d9b0
}

Java Threads: ( => current thread )
  0x000001676da08030 JavaThread "Reference Handler" daemon [_thread_blocked, id=7812, stack(0x000000384fc00000,0x000000384fd00000)]
  0x000001676da09900 JavaThread "Finalizer" daemon [_thread_blocked, id=18280, stack(0x000000384fd00000,0x000000384fe00000)]
  0x000001676da2de90 JavaThread "Signal Dispatcher" daemon [_thread_blocked, id=3752, stack(0x000000384fe00000,0x000000384ff00000)]
  0x000001676da3d4b0 JavaThread "Attach Listener" daemon [_thread_blocked, id=11424, stack(0x000000384ff00000,0x0000003850000000)]
  0x000001676da46180 JavaThread "Service Thread" daemon [_thread_blocked, id=9652, stack(0x0000003850000000,0x0000003850100000)]
  0x000001676da4ff60 JavaThread "Monitor Deflation Thread" daemon [_thread_blocked, id=20980, stack(0x0000003850100000,0x0000003850200000)]
  0x000001676da52b60 JavaThread "C2 CompilerThread0" daemon [_thread_in_native, id=9496, stack(0x0000003850200000,0x0000003850300000)]
  0x000001676da55470 JavaThread "C1 CompilerThread0" daemon [_thread_blocked, id=22940, stack(0x0000003850300000,0x0000003850400000)]
  0x000001676da6c550 JavaThread "Sweeper thread" daemon [_thread_blocked, id=19132, stack(0x0000003850400000,0x0000003850500000)]
  0x000001676dbdc9c0 JavaThread "Notification Thread" daemon [_thread_blocked, id=20100, stack(0x0000003850500000,0x0000003850600000)]
  0x000001676dbf8ca0 JavaThread "Common-Cleaner" daemon [_thread_blocked, id=3816, stack(0x0000003850700000,0x0000003850800000)]
  0x0000016770a6b070 JavaThread "Catalina-utility-1" [_thread_blocked, id=4388, stack(0x0000003851200000,0x0000003851300000)]
  0x000001676dc509c0 JavaThread "Catalina-utility-2" [_thread_blocked, id=14736, stack(0x0000003851400000,0x0000003851500000)]
  0x000001676ebb2010 JavaThread "container-0" [_thread_blocked, id=19676, stack(0x0000003851500000,0x0000003851600000)]
  0x0000016770d395a0 JavaThread "TrainingPoolABC housekeeper" daemon [_thread_blocked, id=18752, stack(0x0000003851700000,0x0000003851800000)]
  0x0000016770d38c00 JavaThread "http-nio-8080-exec-1" daemon [_thread_blocked, id=17432, stack(0x0000003851b00000,0x0000003851c00000)]
  0x0000016770d39f40 JavaThread "http-nio-8080-exec-2" daemon [_thread_blocked, id=1896, stack(0x0000003851c00000,0x0000003851d00000)]
  0x0000016770d3adb0 JavaThread "http-nio-8080-exec-3" daemon [_thread_blocked, id=20940, stack(0x0000003851d00000,0x0000003851e00000)]
=>0x0000016770d3a410 JavaThread "http-nio-8080-exec-4" daemon [_thread_in_Java, id=7836, stack(0x0000003851e00000,0x0000003851f00000)]
  0x0000016770d3a8e0 JavaThread "http-nio-8080-exec-5" daemon [_thread_blocked, id=18904, stack(0x0000003851f00000,0x0000003852000000)]
  0x0000016770d3b750 JavaThread "http-nio-8080-exec-6" daemon [_thread_blocked, id=6084, stack(0x0000003852000000,0x0000003852100000)]
  0x0000016770d3bc20 JavaThread "http-nio-8080-exec-7" daemon [_thread_blocked, id=4644, stack(0x0000003852100000,0x0000003852200000)]
  0x0000016770d3c0f0 JavaThread "http-nio-8080-exec-8" daemon [_thread_blocked, id=12652, stack(0x0000003852200000,0x0000003852300000)]
  0x0000016770d3c5c0 JavaThread "http-nio-8080-exec-9" daemon [_thread_blocked, id=22072, stack(0x0000003852300000,0x0000003852400000)]
  0x0000016770d390d0 JavaThread "http-nio-8080-exec-10" daemon [_thread_blocked, id=21860, stack(0x0000003852400000,0x0000003852500000)]
  0x000001676f8ae5e0 JavaThread "http-nio-8080-Poller" daemon [_thread_in_native, id=7120, stack(0x0000003852500000,0x0000003852600000)]
  0x000001676f8ac430 JavaThread "http-nio-8080-Acceptor" daemon [_thread_in_native, id=14088, stack(0x0000003852600000,0x0000003852700000)]
  0x000001676f8ac900 JavaThread "DestroyJavaVM" [_thread_blocked, id=9624, stack(0x000000384f500000,0x000000384f600000)]
  0x000001677127e8e0 JavaThread "C2 CompilerThread1" daemon [_thread_blocked, id=2444, stack(0x0000003850800000,0x0000003850900000)]
  0x000001677127d9b0 JavaThread "C2 CompilerThread2" daemon [_thread_in_native, id=7036, stack(0x0000003850900000,0x0000003850a00000)]

Other Threads:
  0x000001676d9f0a20 VMThread "VM Thread" [stack: 0x000000384fb00000,0x000000384fc00000] [id=19408]
  0x000001676aef6030 WatcherThread [stack: 0x0000003850600000,0x0000003850700000] [id=10928]
  0x000001676aee0980 GCTaskThread "GC Thread#0" [stack: 0x000000384f600000,0x000000384f700000] [id=20956]
  0x000001676fd5e300 GCTaskThread "GC Thread#1" [stack: 0x0000003850a00000,0x0000003850b00000] [id=3644]
  0x000001676fd5daf0 GCTaskThread "GC Thread#2" [stack: 0x0000003850b00000,0x0000003850c00000] [id=4512]
  0x000001676fd5dda0 GCTaskThread "GC Thread#3" [stack: 0x0000003850c00000,0x0000003850d00000] [id=2340]
  0x000001676fd5e5b0 GCTaskThread "GC Thread#4" [stack: 0x0000003850d00000,0x0000003850e00000] [id=21544]
  0x000001676fd5e860 GCTaskThread "GC Thread#5" [stack: 0x0000003850e00000,0x0000003850f00000] [id=15932]
  0x000001676fd5eb10 GCTaskThread "GC Thread#6" [stack: 0x0000003850f00000,0x0000003851000000] [id=21520]
  0x000001676fd5e050 GCTaskThread "GC Thread#7" [stack: 0x0000003851000000,0x0000003851100000] [id=17680]
  0x000001674579ecd0 ConcurrentGCThread "G1 Main Marker" [stack: 0x000000384f700000,0x000000384f800000] [id=22688]
  0x000001676aeeb260 ConcurrentGCThread "G1 Conc#0" [stack: 0x000000384f800000,0x000000384f900000] [id=9516]
  0x000001676fd5f070 ConcurrentGCThread "G1 Conc#1" [stack: 0x0000003851300000,0x0000003851400000] [id=11352]
  0x000001676afa75f0 ConcurrentGCThread "G1 Refine#0" [stack: 0x000000384f900000,0x000000384fa00000] [id=17032]
  0x000001676fd594b0 ConcurrentGCThread "G1 Refine#1" [stack: 0x0000003851100000,0x0000003851200000] [id=3828]
  0x000001676f4c5b30 ConcurrentGCThread "G1 Refine#2" [stack: 0x0000003851900000,0x0000003851a00000] [id=13480]
  0x000001676f4c7230 ConcurrentGCThread "G1 Refine#3" [stack: 0x0000003851a00000,0x0000003851b00000] [id=21596]
  0x000001676afa8cd0 ConcurrentGCThread "G1 Service" [stack: 0x000000384fa00000,0x000000384fb00000] [id=13744]

Threads with active compile tasks:
C2 CompilerThread0    25857 6557       4       org.aspectj.weaver.reflect.JavaLangTypeToResolvedTypeConverter::fromType (427 bytes)
C2 CompilerThread2    25857 6568       4       org.aspectj.weaver.patterns.WildTypePattern::innerMatchesExactly (337 bytes)

VM state: not at safepoint (normal execution)

VM Mutex/Monitor currently owned by a thread: None

Heap address: 0x0000000603c00000, size: 8132 MB, Compressed Oops mode: Zero based, Oop shift amount: 3

CDS archive(s) not mapped
Compressed class space mapped at: 0x0000000800000000-0x0000000840000000, reserved size: 1073741824
Narrow klass base: 0x0000000800000000, Narrow klass shift: 0, Narrow klass range: 0x40000000

GC Precious Log:
 CPUs: 8 total, 8 available
 Memory: 32524M
 Large Page Support: Disabled
 NUMA Support: Disabled
 Compressed Oops: Enabled (Zero based)
 Heap Region Size: 4M
 Heap Min Capacity: 8M
 Heap Initial Capacity: 512M
 Heap Max Capacity: 8132M
 Pre-touch: Disabled
 Parallel Workers: 8
 Concurrent Workers: 2
 Concurrent Refinement Workers: 8
 Periodic GC: Disabled

Heap:
 garbage-first heap   total 110592K, used 75092K [0x0000000603c00000, 0x0000000800000000)
  region size 4096K, 13 young (53248K), 1 survivors (4096K)
 Metaspace       used 75522K, committed 75840K, reserved 1122304K
  class space    used 9106K, committed 9280K, reserved 1048576K

Heap Regions: E=young(eden), S=young(survivor), O=old, HS=humongous(starts), HC=humongous(continues), CS=collection set, F=free, OA=open archive, CA=closed archive, TAMS=top-at-mark-start (previous, next)
|   0|0x0000000603c00000, 0x0000000604000000, 0x0000000604000000|100%| O|  |TAMS 0x0000000604000000, 0x0000000603c00000| Untracked 
|   1|0x0000000604000000, 0x0000000604000000, 0x0000000604400000|  0%| F|  |TAMS 0x0000000604000000, 0x0000000604000000| Untracked 
|   2|0x0000000604400000, 0x0000000604800000, 0x0000000604800000|100%| O|  |TAMS 0x0000000604800000, 0x0000000604400000| Untracked 
|   3|0x0000000604800000, 0x0000000604c00000, 0x0000000604c00000|100%| O|  |TAMS 0x0000000604c00000, 0x0000000604800000| Untracked 
|   4|0x0000000604c00000, 0x0000000605000000, 0x0000000605000000|100%| O|  |TAMS 0x0000000604c00000, 0x0000000604c00000| Untracked 
|   5|0x0000000605000000, 0x0000000605400000, 0x0000000605400000|100%| O|  |TAMS 0x0000000605000000, 0x0000000605000000| Untracked 
|   6|0x0000000605400000, 0x0000000605800000, 0x0000000605800000|100%| O|  |TAMS 0x0000000605400000, 0x0000000605400000| Untracked 
|   7|0x0000000605800000, 0x000000060599a600, 0x0000000605c00000| 40%| O|  |TAMS 0x0000000605800000, 0x0000000605800000| Untracked 
|   8|0x0000000605c00000, 0x0000000605c00000, 0x0000000606000000|  0%| F|  |TAMS 0x0000000605c00000, 0x0000000605c00000| Untracked 
|   9|0x0000000606000000, 0x0000000606000000, 0x0000000606400000|  0%| F|  |TAMS 0x0000000606000000, 0x0000000606000000| Untracked 
|  10|0x0000000606400000, 0x0000000606400000, 0x0000000606800000|  0%| F|  |TAMS 0x0000000606400000, 0x0000000606400000| Untracked 
|  11|0x0000000606800000, 0x0000000606bbad78, 0x0000000606c00000| 93%| S|CS|TAMS 0x0000000606800000, 0x0000000606800000| Complete 
|  12|0x0000000606c00000, 0x0000000606c00000, 0x0000000607000000|  0%| F|  |TAMS 0x0000000606c00000, 0x0000000606c00000| Untracked 
|  13|0x0000000607000000, 0x0000000607000000, 0x0000000607400000|  0%| F|  |TAMS 0x0000000607000000, 0x0000000607000000| Untracked 
|  14|0x0000000607400000, 0x0000000607400000, 0x0000000607800000|  0%| F|  |TAMS 0x0000000607400000, 0x0000000607400000| Untracked 
|  15|0x0000000607800000, 0x00000006079f6560, 0x0000000607c00000| 49%| E|  |TAMS 0x0000000607800000, 0x0000000607800000| Complete 
|  16|0x0000000607c00000, 0x0000000608000000, 0x0000000608000000|100%| E|CS|TAMS 0x0000000607c00000, 0x0000000607c00000| Complete 
|  17|0x0000000608000000, 0x0000000608400000, 0x0000000608400000|100%| E|CS|TAMS 0x0000000608000000, 0x0000000608000000| Complete 
|  18|0x0000000608400000, 0x0000000608800000, 0x0000000608800000|100%| E|CS|TAMS 0x0000000608400000, 0x0000000608400000| Complete 
|  19|0x0000000608800000, 0x0000000608c00000, 0x0000000608c00000|100%| E|CS|TAMS 0x0000000608800000, 0x0000000608800000| Complete 
|  20|0x0000000608c00000, 0x0000000609000000, 0x0000000609000000|100%| E|CS|TAMS 0x0000000608c00000, 0x0000000608c00000| Complete 
|  21|0x0000000609000000, 0x0000000609400000, 0x0000000609400000|100%| E|CS|TAMS 0x0000000609000000, 0x0000000609000000| Complete 
|  22|0x0000000609400000, 0x0000000609800000, 0x0000000609800000|100%| E|CS|TAMS 0x0000000609400000, 0x0000000609400000| Complete 
|  32|0x000000060bc00000, 0x000000060c000000, 0x000000060c000000|100%| E|CS|TAMS 0x000000060bc00000, 0x000000060bc00000| Complete 
|  33|0x000000060c000000, 0x000000060c400000, 0x000000060c400000|100%| E|CS|TAMS 0x000000060c000000, 0x000000060c000000| Complete 
|  34|0x000000060c400000, 0x000000060c800000, 0x000000060c800000|100%| E|CS|TAMS 0x000000060c400000, 0x000000060c400000| Complete 
| 127|0x0000000623800000, 0x0000000623c00000, 0x0000000623c00000|100%| E|CS|TAMS 0x0000000623800000, 0x0000000623800000| Complete 

Card table byte_map: [0x00000167590a0000,0x000001675a090000] _byte_map_base: 0x0000016756082000

Marking Bits (Prev, Next): (CMBitMap*) 0x0000016745795980, (CMBitMap*) 0x0000016745795940
 Prev Bits: [0x0000016762f90000, 0x000001676aea0000)
 Next Bits: [0x000001675b080000, 0x0000016762f90000)

Polling page: 0x00000167430c0000

Metaspace:

Usage:
  Non-class:     64.86 MB used.
      Class:      8.89 MB used.
       Both:     73.75 MB used.

Virtual space:
  Non-class space:       72.00 MB reserved,      65.00 MB ( 90%) committed,  9 nodes.
      Class space:        1.00 GB reserved,       9.06 MB ( <1%) committed,  1 nodes.
             Both:        1.07 GB reserved,      74.06 MB (  7%) committed. 

Chunk freelists:
   Non-Class:  2.82 MB
       Class:  2.89 MB
        Both:  5.71 MB

MaxMetaspaceSize: unlimited
CompressedClassSpaceSize: 1.00 GB
Initial GC threshold: 21.00 MB
Current GC threshold: 98.88 MB
CDS: off
MetaspaceReclaimPolicy: balanced
 - commit_granule_bytes: 65536.
 - commit_granule_words: 8192.
 - virtual_space_node_default_size: 1048576.
 - enlarge_chunks_in_place: 1.
 - new_chunks_are_fully_committed: 0.
 - uncommit_free_chunks: 1.
 - use_allocation_guard: 0.
 - handle_deallocations: 1.


Internal statistics:

num_allocs_failed_limit: 9.
num_arena_births: 388.
num_arena_deaths: 0.
num_vsnodes_births: 10.
num_vsnodes_deaths: 0.
num_space_committed: 1185.
num_space_uncommitted: 0.
num_chunks_returned_to_freelist: 9.
num_chunks_taken_from_freelist: 2685.
num_chunk_merges: 9.
num_chunk_splits: 2000.
num_chunks_enlarged: 1664.
num_purges: 0.
num_inconsistent_stats: 0.

CodeHeap 'non-profiled nmethods': size=120000Kb used=4550Kb max_used=5143Kb free=115449Kb
 bounds [0x0000016750850000, 0x0000016750d80000, 0x0000016757d80000]
CodeHeap 'profiled nmethods': size=120000Kb used=11314Kb max_used=11314Kb free=108685Kb
 bounds [0x0000016749320000, 0x0000016749e40000, 0x0000016750850000]
CodeHeap 'non-nmethods': size=5760Kb used=1333Kb max_used=1463Kb free=4426Kb
 bounds [0x0000016748d80000, 0x0000016748ff0000, 0x0000016749320000]
 total_blobs=6050 nmethods=5390 adapters=569
 compilation: enabled
              stopped_count=0, restarted_count=0
 full_count=0

Compilation events (20 events):
Event: 25.734 Thread 0x000001676da55470 6574   !   2       java.nio.charset.CharsetDecoder::decode (275 bytes)
Event: 25.736 Thread 0x000001676da55470 nmethod 6574 0x00000167493c9990 code [0x00000167493c9bc0, 0x00000167493ca348]
Event: 25.736 Thread 0x000001676da55470 6575   !   3       java.io.StringReader::mark (44 bytes)
Event: 25.736 Thread 0x000001676da55470 nmethod 6575 0x00000167493c9110 code [0x00000167493c92e0, 0x00000167493c9778]
Event: 25.737 Thread 0x000001676da55470 6576       1       org.hibernate.internal.AbstractSharedSessionContract::getTransactionCoordinator (5 bytes)
Event: 25.737 Thread 0x000001676da55470 nmethod 6576 0x00000167508b4590 code [0x00000167508b4720, 0x00000167508b47f8]
Event: 25.739 Thread 0x000001676da55470 6577       3       org.h2.util.StringUtils::cache (68 bytes)
Event: 25.739 Thread 0x000001676da55470 nmethod 6577 0x00000167493c8710 code [0x00000167493c8920, 0x00000167493c8f08]
Event: 25.739 Thread 0x000001676da55470 6578       3       org.h2.jdbc.JdbcConnection::checkClosed (30 bytes)
Event: 25.740 Thread 0x000001676da55470 nmethod 6578 0x00000167493c7e10 code [0x00000167493c8000, 0x00000167493c8538]
Event: 25.740 Thread 0x000001676da55470 6579       3       org.jboss.logging.Logger::isTraceEnabled (8 bytes)
Event: 25.740 Thread 0x000001676da55470 nmethod 6579 0x00000167493c7810 code [0x00000167493c79c0, 0x00000167493c7c88]
Event: 25.740 Thread 0x000001676da55470 6580       3       org.springframework.util.MimeType::isWildcardType (10 bytes)
Event: 25.741 Thread 0x000001676da55470 nmethod 6580 0x00000167493c7390 code [0x00000167493c7540, 0x00000167493c7728]
Event: 25.743 Thread 0x000001677127e8e0 nmethod 6550 0x0000016750a74710 code [0x0000016750a74940, 0x0000016750a75300]
Event: 25.743 Thread 0x000001677127e8e0 6561       4       org.aspectj.weaver.Iterators$ResolvedTypeArrayIterator::moveToNextNewOne (75 bytes)
Event: 25.749 Thread 0x000001676da55470 6581       3       java.util.concurrent.locks.ReentrantReadWriteLock::readLock (5 bytes)
Event: 25.749 Thread 0x000001676da55470 nmethod 6581 0x00000167493c7010 code [0x00000167493c71a0, 0x00000167493c72d8]
Event: 25.749 Thread 0x000001676da55470 6582       1       org.apache.catalina.connector.Response::getCoyoteResponse (5 bytes)
Event: 25.750 Thread 0x000001676da55470 nmethod 6582 0x00000167508b4290 code [0x00000167508b4420, 0x00000167508b44f8]

GC Heap History (20 events):
Event: 3.512 GC heap before
{Heap before GC invocations=8 (full 0):
 garbage-first heap   total 57344K, used 26134K [0x0000000603c00000, 0x0000000800000000)
  region size 4096K, 5 young (20480K), 1 survivors (4096K)
 Metaspace       used 35879K, committed 36160K, reserved 1081344K
  class space    used 4167K, committed 4352K, reserved 1048576K
}
Event: 3.519 GC heap after
{Heap after GC invocations=9 (full 0):
 garbage-first heap   total 57344K, used 15175K [0x0000000603c00000, 0x0000000800000000)
  region size 4096K, 1 young (4096K), 1 survivors (4096K)
 Metaspace       used 35879K, committed 36160K, reserved 1081344K
  class space    used 4167K, committed 4352K, reserved 1048576K
}
Event: 4.084 GC heap before
{Heap before GC invocations=10 (full 0):
 garbage-first heap   total 57344K, used 35655K [0x0000000603c00000, 0x0000000800000000)
  region size 4096K, 6 young (24576K), 1 survivors (4096K)
 Metaspace       used 38512K, committed 38848K, reserved 1089536K
  class space    used 4439K, committed 4608K, reserved 1048576K
}
Event: 4.092 GC heap after
{Heap after GC invocations=11 (full 0):
 garbage-first heap   total 57344K, used 16402K [0x0000000603c00000, 0x0000000800000000)
  region size 4096K, 1 young (4096K), 1 survivors (4096K)
 Metaspace       used 38512K, committed 38848K, reserved 1089536K
  class space    used 4439K, committed 4608K, reserved 1048576K
}
Event: 4.374 GC heap before
{Heap before GC invocations=11 (full 0):
 garbage-first heap   total 57344K, used 36882K [0x0000000603c00000, 0x0000000800000000)
  region size 4096K, 6 young (24576K), 1 survivors (4096K)
 Metaspace       used 38617K, committed 38912K, reserved 1089536K
  class space    used 4442K, committed 4608K, reserved 1048576K
}
Event: 4.380 GC heap after
{Heap after GC invocations=12 (full 0):
 garbage-first heap   total 290816K, used 16615K [0x0000000603c00000, 0x0000000800000000)
  region size 4096K, 1 young (4096K), 1 survivors (4096K)
 Metaspace       used 38617K, committed 38912K, reserved 1089536K
  class space    used 4442K, committed 4608K, reserved 1048576K
}
Event: 6.078 GC heap before
{Heap before GC invocations=12 (full 0):
 garbage-first heap   total 290816K, used 184551K [0x0000000603c00000, 0x0000000800000000)
  region size 4096K, 42 young (172032K), 1 survivors (4096K)
 Metaspace       used 38765K, committed 39104K, reserved 1089536K
  class space    used 4448K, committed 4608K, reserved 1048576K
}
Event: 6.080 GC heap after
{Heap after GC invocations=13 (full 0):
 garbage-first heap   total 290816K, used 16597K [0x0000000603c00000, 0x0000000800000000)
  region size 4096K, 1 young (4096K), 1 survivors (4096K)
 Metaspace       used 38765K, committed 39104K, reserved 1089536K
  class space    used 4448K, committed 4608K, reserved 1048576K
}
Event: 7.539 GC heap before
{Heap before GC invocations=13 (full 0):
 garbage-first heap   total 290816K, used 184533K [0x0000000603c00000, 0x0000000800000000)
  region size 4096K, 42 young (172032K), 1 survivors (4096K)
 Metaspace       used 38806K, committed 39104K, reserved 1089536K
  class space    used 4450K, committed 4608K, reserved 1048576K
}
Event: 7.541 GC heap after
{Heap after GC invocations=14 (full 0):
 garbage-first heap   total 290816K, used 16599K [0x0000000603c00000, 0x0000000800000000)
  region size 4096K, 1 young (4096K), 1 survivors (4096K)
 Metaspace       used 38806K, committed 39104K, reserved 1089536K
  class space    used 4450K, committed 4608K, reserved 1048576K
}
Event: 8.915 GC heap before
{Heap before GC invocations=14 (full 0):
 garbage-first heap   total 290816K, used 184535K [0x0000000603c00000, 0x0000000800000000)
  region size 4096K, 42 young (172032K), 1 survivors (4096K)
 Metaspace       used 38806K, committed 39104K, reserved 1089536K
  class space    used 4450K, committed 4608K, reserved 1048576K
}
Event: 8.917 GC heap after
{Heap after GC invocations=15 (full 0):
 garbage-first heap   total 290816K, used 16958K [0x0000000603c00000, 0x0000000800000000)
  region size 4096K, 1 young (4096K), 1 survivors (4096K)
 Metaspace       used 38806K, committed 39104K, reserved 1089536K
  class space    used 4450K, committed 4608K, reserved 1048576K
}
Event: 11.718 GC heap before
{Heap before GC invocations=15 (full 0):
 garbage-first heap   total 290816K, used 160318K [0x0000000603c00000, 0x0000000800000000)
  region size 4096K, 37 young (151552K), 1 survivors (4096K)
 Metaspace       used 60189K, committed 60480K, reserved 1105920K
  class space    used 7582K, committed 7744K, reserved 1048576K
}
Event: 11.725 GC heap after
{Heap after GC invocations=16 (full 0):
 garbage-first heap   total 290816K, used 23548K [0x0000000603c00000, 0x0000000800000000)
  region size 4096K, 3 young (12288K), 3 survivors (12288K)
 Metaspace       used 60189K, committed 60480K, reserved 1105920K
  class space    used 7582K, committed 7744K, reserved 1048576K
}
Event: 12.507 GC heap before
{Heap before GC invocations=17 (full 0):
 garbage-first heap   total 110592K, used 76796K [0x0000000603c00000, 0x0000000800000000)
  region size 4096K, 16 young (65536K), 3 survivors (12288K)
 Metaspace       used 63406K, committed 63680K, reserved 1105920K
  class space    used 8010K, committed 8128K, reserved 1048576K
}
Event: 12.515 GC heap after
{Heap after GC invocations=18 (full 0):
 garbage-first heap   total 110592K, used 27188K [0x0000000603c00000, 0x0000000800000000)
  region size 4096K, 1 young (4096K), 1 survivors (4096K)
 Metaspace       used 63406K, committed 63680K, reserved 1105920K
  class space    used 8010K, committed 8128K, reserved 1048576K
}
Event: 12.528 GC heap before
{Heap before GC invocations=18 (full 0):
 garbage-first heap   total 110592K, used 31284K [0x0000000603c00000, 0x0000000800000000)
  region size 4096K, 2 young (8192K), 1 survivors (4096K)
 Metaspace       used 63412K, committed 63680K, reserved 1105920K
  class space    used 8010K, committed 8128K, reserved 1048576K
}
Event: 12.533 GC heap after
{Heap after GC invocations=19 (full 0):
 garbage-first heap   total 110592K, used 26988K [0x0000000603c00000, 0x0000000800000000)
  region size 4096K, 1 young (4096K), 1 survivors (4096K)
 Metaspace       used 63412K, committed 63680K, reserved 1105920K
  class space    used 8010K, committed 8128K, reserved 1048576K
}
Event: 18.858 GC heap before
{Heap before GC invocations=19 (full 0):
 garbage-first heap   total 110592K, used 84332K [0x0000000603c00000, 0x0000000800000000)
  region size 4096K, 15 young (61440K), 1 survivors (4096K)
 Metaspace       used 72634K, committed 72960K, reserved 1114112K
  class space    used 8866K, committed 9024K, reserved 1048576K
}
Event: 18.862 GC heap after
{Heap after GC invocations=20 (full 0):
 garbage-first heap   total 110592K, used 30036K [0x0000000603c00000, 0x0000000800000000)
  region size 4096K, 1 young (4096K), 1 survivors (4096K)
 Metaspace       used 72634K, committed 72960K, reserved 1114112K
  class space    used 8866K, committed 9024K, reserved 1048576K
}

Deoptimization events (20 events):
Event: 19.440 Thread 0x0000016770d38c00 Uncommon trap: trap_request=0xffffffdc fr.pc=0x00000167508e8168 relative=0x00000000000002c8
Event: 19.440 Thread 0x0000016770d38c00 Uncommon trap: reason=class_check action=make_not_entrant pc=0x00000167508e8168 method=java.util.ArrayList.toArray([Ljava/lang/Object;)[Ljava/lang/Object; @ 21 c2
Event: 19.440 Thread 0x0000016770d38c00 DEOPT PACKING pc=0x00000167508e8168 sp=0x0000003851bfeae0
Event: 19.440 Thread 0x0000016770d38c00 DEOPT UNPACKING pc=0x0000016748dd23a3 sp=0x0000003851bfeac0 mode 2
Event: 21.524 Thread 0x0000016770d39f40 Uncommon trap: trap_request=0xffffff45 fr.pc=0x000001675085ec50 relative=0x00000000000001d0
Event: 21.524 Thread 0x0000016770d39f40 Uncommon trap: reason=unstable_if action=reinterpret pc=0x000001675085ec50 method=java.lang.String.hashCode()I @ 20 c2
Event: 21.524 Thread 0x0000016770d39f40 DEOPT PACKING pc=0x000001675085ec50 sp=0x0000003851cfca50
Event: 21.524 Thread 0x0000016770d39f40 DEOPT UNPACKING pc=0x0000016748dd23a3 sp=0x0000003851cfc9e8 mode 2
Event: 21.544 Thread 0x0000016770d39f40 Uncommon trap: trap_request=0xffffffde fr.pc=0x00000167508c5ff4 relative=0x0000000000001554
Event: 21.544 Thread 0x0000016770d39f40 Uncommon trap: reason=class_check action=maybe_recompile pc=0x00000167508c5ff4 method=jdk.internal.loader.URLClassPath.getLoader(I)Ljdk/internal/loader/URLClassPath$Loader; @ 88 c2
Event: 21.544 Thread 0x0000016770d39f40 DEOPT PACKING pc=0x00000167508c5ff4 sp=0x0000003851cfc050
Event: 21.544 Thread 0x0000016770d39f40 DEOPT UNPACKING pc=0x0000016748dd23a3 sp=0x0000003851cfc0a0 mode 2
Event: 21.682 Thread 0x0000016770d39f40 Uncommon trap: trap_request=0xffffff6e fr.pc=0x0000016750a720c8 relative=0x00000000000001c8
Event: 21.682 Thread 0x0000016770d39f40 Uncommon trap: reason=loop_limit_check action=maybe_recompile pc=0x0000016750a720c8 method=org.eclipse.jdt.internal.compiler.lookup.ReferenceBinding.compare([C[CII)I @ 46 c2
Event: 21.682 Thread 0x0000016770d39f40 DEOPT PACKING pc=0x0000016750a720c8 sp=0x0000003851cfbed0
Event: 21.682 Thread 0x0000016770d39f40 DEOPT UNPACKING pc=0x0000016748dd23a3 sp=0x0000003851cfbe40 mode 2
Event: 21.728 Thread 0x0000016770d39f40 Uncommon trap: trap_request=0xffffffde fr.pc=0x00000167508c5ff4 relative=0x0000000000001554
Event: 21.728 Thread 0x0000016770d39f40 Uncommon trap: reason=class_check action=maybe_recompile pc=0x00000167508c5ff4 method=jdk.internal.loader.URLClassPath.getLoader(I)Ljdk/internal/loader/URLClassPath$Loader; @ 88 c2
Event: 21.728 Thread 0x0000016770d39f40 DEOPT PACKING pc=0x00000167508c5ff4 sp=0x0000003851cfc640
Event: 21.728 Thread 0x0000016770d39f40 DEOPT UNPACKING pc=0x0000016748dd23a3 sp=0x0000003851cfc690 mode 2

Classes unloaded (0 events):
No events

Classes redefined (0 events):
No events

Internal exceptions (20 events):
Event: 12.590 Thread 0x000001674572d400 Exception <a 'java/lang/NoSuchMethodError'{0x000000060bc49970}: 'java.lang.Object java.lang.invoke.DirectMethodHandle$Holder.newInvokeSpecial(java.lang.Object, java.lang.Object, int, java.lang.Object, int)'> (0x000000060bc49970) 
thrown [e:\jenkins\tmp\workspace\build\src\src\hotspot\share\interpreter\linkResolver.cpp, line 766]
Event: 12.591 Thread 0x000001674572d400 Exception <a 'java/lang/NoSuchMethodError'{0x000000060bc4da70}: 'java.lang.Object java.lang.invoke.DirectMethodHandle$Holder.invokeSpecial(java.lang.Object, java.lang.Object, java.lang.Object, int, java.lang.Object, int)'> (0x000000060bc4da70) 
thrown [e:\jenkins\tmp\workspace\build\src\src\hotspot\share\interpreter\linkResolver.cpp, line 766]
Event: 12.593 Thread 0x000001674572d400 Exception <a 'java/lang/NoSuchMethodError'{0x000000060bc58538}: 'void java.lang.invoke.DirectMethodHandle$Holder.invokeVirtual(java.lang.Object, java.lang.Object)'> (0x000000060bc58538) 
thrown [e:\jenkins\tmp\workspace\build\src\src\hotspot\share\interpreter\linkResolver.cpp, line 766]
Event: 18.520 Thread 0x0000016770d38c00 Exception <a 'java/lang/ClassNotFoundException'{0x00000006082f2cc8}: org/apache/taglibs/standard/tag/rt/core/ForEachTagBeanInfo> (0x00000006082f2cc8) 
thrown [e:\jenkins\tmp\workspace\build\src\src\hotspot\share\classfile\systemDictionary.cpp, line 256]
Event: 18.522 Thread 0x0000016770d38c00 Exception <a 'java/lang/ClassNotFoundException'{0x00000006082ff428}: org/apache/taglibs/standard/tag/common/core/ForEachSupportBeanInfo> (0x00000006082ff428) 
thrown [e:\jenkins\tmp\workspace\build\src\src\hotspot\share\classfile\systemDictionary.cpp, line 256]
Event: 18.523 Thread 0x0000016770d38c00 Exception <a 'java/lang/ClassNotFoundException'{0x000000060830bdb8}: javax/servlet/jsp/jstl/core/LoopTagSupportBeanInfo> (0x000000060830bdb8) 
thrown [e:\jenkins\tmp\workspace\build\src\src\hotspot\share\classfile\systemDictionary.cpp, line 256]
Event: 18.525 Thread 0x0000016770d38c00 Exception <a 'java/lang/ClassNotFoundException'{0x00000006083182c8}: javax/servlet/jsp/tagext/TagSupportBeanInfo> (0x00000006083182c8) 
thrown [e:\jenkins\tmp\workspace\build\src\src\hotspot\share\classfile\systemDictionary.cpp, line 256]
Event: 18.527 Thread 0x0000016770d38c00 Exception <a 'java/lang/ClassNotFoundException'{0x0000000608322110}: java/lang/ObjectBeanInfo> (0x0000000608322110) 
thrown [e:\jenkins\tmp\workspace\build\src\src\hotspot\share\classfile\systemDictionary.cpp, line 256]
Event: 18.528 Thread 0x0000016770d38c00 Exception <a 'java/lang/ClassNotFoundException'{0x000000060832c1c8}: java/lang/ObjectCustomizer> (0x000000060832c1c8) 
thrown [e:\jenkins\tmp\workspace\build\src\src\hotspot\share\classfile\systemDictionary.cpp, line 256]
Event: 18.531 Thread 0x0000016770d38c00 Exception <a 'java/lang/ClassNotFoundException'{0x000000060833c0b0}: javax/servlet/jsp/tagext/TagSupportCustomizer> (0x000000060833c0b0) 
thrown [e:\jenkins\tmp\workspace\build\src\src\hotspot\share\classfile\systemDictionary.cpp, line 256]
Event: 18.534 Thread 0x0000016770d38c00 Exception <a 'java/lang/ClassNotFoundException'{0x0000000608353468}: javax/servlet/jsp/jstl/core/LoopTagSupportCustomizer> (0x0000000608353468) 
thrown [e:\jenkins\tmp\workspace\build\src\src\hotspot\share\classfile\systemDictionary.cpp, line 256]
Event: 18.538 Thread 0x0000016770d38c00 Exception <a 'java/lang/ClassNotFoundException'{0x0000000608376de8}: org/apache/taglibs/standard/tag/common/core/ForEachSupportCustomizer> (0x0000000608376de8) 
thrown [e:\jenkins\tmp\workspace\build\src\src\hotspot\share\classfile\systemDictionary.cpp, line 256]
Event: 18.540 Thread 0x0000016770d38c00 Exception <a 'java/lang/ClassNotFoundException'{0x0000000608389a58}: org/apache/taglibs/standard/tag/rt/core/ForEachTagCustomizer> (0x0000000608389a58) 
thrown [e:\jenkins\tmp\workspace\build\src\src\hotspot\share\classfile\systemDictionary.cpp, line 256]
Event: 18.856 Thread 0x0000016770d38c00 Exception <a 'java/lang/ArrayIndexOutOfBoundsException'{0x0000000606fe3e00}: Index 11116 out of bounds for length 11116> (0x0000000606fe3e00) 
thrown [e:\jenkins\tmp\workspace\build\src\src\hotspot\share\interpreter\interpreterRuntime.cpp, line 428]
Event: 19.428 Thread 0x0000016770d38c00 Exception <a 'java/lang/ClassNotFoundException'{0x0000000608ea1ca8}: cv/training/db/AnimalEntityBeanInfo> (0x0000000608ea1ca8) 
thrown [e:\jenkins\tmp\workspace\build\src\src\hotspot\share\classfile\systemDictionary.cpp, line 256]
Event: 19.430 Thread 0x0000016770d38c00 Exception <a 'java/lang/ClassNotFoundException'{0x0000000608eac928}: cv/training/db/AnimalEntityCustomizer> (0x0000000608eac928) 
thrown [e:\jenkins\tmp\workspace\build\src\src\hotspot\share\classfile\systemDictionary.cpp, line 256]
Event: 21.542 Thread 0x0000016770d39f40 Exception <a 'java/lang/ArrayIndexOutOfBoundsException'{0x0000000608880870}> (0x0000000608880870) 
thrown [e:\jenkins\tmp\workspace\build\src\src\hotspot\share\runtime\sharedRuntime.cpp, line 628]
Event: 21.733 Thread 0x0000016770d39f40 Exception <a 'java/lang/NullPointerException'{0x0000000607eefce0}> (0x0000000607eefce0) 
thrown [e:\jenkins\tmp\workspace\build\src\src\hotspot\share\interpreter\linkResolver.cpp, line 1440]
Event: 25.697 Thread 0x0000016770d3adb0 Exception <a 'java/lang/ClassNotFoundException'{0x0000000607f91ae0}: java/lang/ObjectCustomizer> (0x0000000607f91ae0) 
thrown [e:\jenkins\tmp\workspace\build\src\src\hotspot\share\classfile\systemDictionary.cpp, line 256]
Event: 25.699 Thread 0x0000016770d3adb0 Exception <a 'java/lang/ClassNotFoundException'{0x0000000607fa3158}: cv/training/db/AnimalEntityCustomizer> (0x0000000607fa3158) 
thrown [e:\jenkins\tmp\workspace\build\src\src\hotspot\share\classfile\systemDictionary.cpp, line 256]

VM Operations (20 events):
Event: 19.436 Executing VM operation: get/set locals
Event: 19.436 Executing VM operation: get/set locals done
Event: 21.731 Executing VM operation: get/set locals
Event: 21.731 Executing VM operation: get/set locals done
Event: 21.732 Executing VM operation: get/set locals
Event: 21.732 Executing VM operation: get/set locals done
Event: 21.732 Executing VM operation: get/set locals
Event: 21.732 Executing VM operation: get/set locals done
Event: 21.733 Executing VM operation: get/set locals
Event: 21.733 Executing VM operation: get/set locals done
Event: 25.696 Executing VM operation: get/set locals
Event: 25.696 Executing VM operation: get/set locals done
Event: 25.748 Executing VM operation: get/set locals
Event: 25.748 Executing VM operation: get/set locals done
Event: 25.749 Executing VM operation: get/set locals
Event: 25.749 Executing VM operation: get/set locals done
Event: 25.752 Executing VM operation: get/set locals
Event: 25.752 Executing VM operation: get/set locals done
Event: 25.753 Executing VM operation: get/set locals
Event: 25.753 Executing VM operation: get/set locals done

Events (20 events):
Event: 19.056 loading class jdk/internal/access/foreign/MemorySegmentProxy
Event: 19.056 loading class jdk/internal/access/foreign/MemorySegmentProxy done
Event: 19.270 loading class java/util/Hashtable$ValueCollection
Event: 19.271 loading class java/util/Hashtable$ValueCollection done
Event: 19.320 loading class java/net/URLClassLoader$1
Event: 19.321 loading class java/net/URLClassLoader$1 done
Event: 19.339 loading class java/io/WriteAbortedException
Event: 19.339 loading class java/io/WriteAbortedException done
Event: 19.339 loading class sun/security/provider/SecureRandom$SeederHolder
Event: 19.339 loading class sun/security/provider/SecureRandom$SeederHolder done
Event: 21.509 Thread 0x000001677127f300 Thread exited: 0x000001677127f300
Event: 21.509 Thread 0x000001677127e8e0 Thread exited: 0x000001677127e8e0
Event: 21.680 Thread 0x000001677127e8e0 Thread added: 0x000001677127e8e0
Event: 25.685 Thread 0x000001677127e8e0 Thread exited: 0x000001677127e8e0
Event: 25.696 loading class java/lang/ObjectCustomizer
Event: 25.696 loading class java/lang/ObjectCustomizer done
Event: 25.697 loading class java/lang/ObjectCustomizer
Event: 25.697 loading class java/lang/ObjectCustomizer done
Event: 25.722 Thread 0x000001677127e8e0 Thread added: 0x000001677127e8e0
Event: 25.722 Thread 0x000001677127d9b0 Thread added: 0x000001677127d9b0


Dynamic libraries:
0x00007ff62dd60000 - 0x00007ff62dd6e000 	C:\Users\jinghoong\.p2\pool\plugins\org.eclipse.justj.openjdk.hotspot.jre.full.win32.x86_64_17.0.3.v20220515-1416\jre\bin\javaw.exe
0x0000016743140000 - 0x0000016743354000 	C:\WINDOWS\SYSTEM32\ntd1l.dll
0x0000016742f80000 - 0x0000016743042000 	C:\WINDOWS\System32\kern3l32.dll
0x00007ffc5fcd0000 - 0x00007ffc5fee4000 	C:\WINDOWS\SYSTEM32\ntdll.dll
0x00007ffc5ee70000 - 0x00007ffc5ef32000 	C:\WINDOWS\System32\KERNEL32.DLL
0x00007ffc5d1b0000 - 0x00007ffc5d54c000 	C:\WINDOWS\System32\KERNELBASE.dll
0x00007ffc5cc10000 - 0x00007ffc5ce77000 	C:\Program Files\SentinelOne\Sentinel Agent 22.3.4.612\InProcessClient64.dll
0x00007ffc5fae0000 - 0x00007ffc5fb8e000 	C:\WINDOWS\System32\ADVAPI32.dll
0x00007ffc5e7c0000 - 0x00007ffc5e867000 	C:\WINDOWS\System32\msvcrt.dll
0x00007ffc5f9d0000 - 0x00007ffc5fa74000 	C:\WINDOWS\System32\sechost.dll
0x00007ffc5ecb0000 - 0x00007ffc5edc7000 	C:\WINDOWS\System32\RPCRT4.dll
0x00007ffc5d8a0000 - 0x00007ffc5d9b1000 	C:\WINDOWS\System32\ucrtbase.dll
0x00007ffc55570000 - 0x00007ffc55588000 	C:\Users\jinghoong\.p2\pool\plugins\org.eclipse.justj.openjdk.hotspot.jre.full.win32.x86_64_17.0.3.v20220515-1416\jre\bin\jli.dll
0x00007ffc55550000 - 0x00007ffc55569000 	C:\Users\jinghoong\.p2\pool\plugins\org.eclipse.justj.openjdk.hotspot.jre.full.win32.x86_64_17.0.3.v20220515-1416\jre\bin\VCRUNTIME140.dll
0x00007ffc5ef90000 - 0x00007ffc5f13b000 	C:\WINDOWS\System32\USER32.dll
0x00007ffc43fc0000 - 0x00007ffc4424e000 	C:\WINDOWS\WinSxS\amd64_microsoft.windows.common-controls_6595b64144ccf1df_6.0.22621.608_none_a9444ca7c10bb01d\COMCTL32.dll
0x00007ffc5d610000 - 0x00007ffc5d636000 	C:\WINDOWS\System32\win32u.dll
0x00007ffc5edd0000 - 0x00007ffc5edf9000 	C:\WINDOWS\System32\GDI32.dll
0x00007ffc5d9c0000 - 0x00007ffc5dad3000 	C:\WINDOWS\System32\gdi32full.dll
0x00007ffc5d110000 - 0x00007ffc5d1aa000 	C:\WINDOWS\System32\msvcp_win.dll
0x00007ffc5cb00000 - 0x00007ffc5cb0a000 	C:\WINDOWS\SYSTEM32\VERSION.dll
0x00007ffc5ef40000 - 0x00007ffc5ef71000 	C:\WINDOWS\System32\IMM32.DLL
0x00007ffc58440000 - 0x00007ffc5844c000 	C:\Users\jinghoong\.p2\pool\plugins\org.eclipse.justj.openjdk.hotspot.jre.full.win32.x86_64_17.0.3.v20220515-1416\jre\bin\vcruntime140_1.dll
0x00007ffbda6a0000 - 0x00007ffbda731000 	C:\Users\jinghoong\.p2\pool\plugins\org.eclipse.justj.openjdk.hotspot.jre.full.win32.x86_64_17.0.3.v20220515-1416\jre\bin\msvcp140.dll
0x00007ffbcbb30000 - 0x00007ffbcc778000 	C:\Users\jinghoong\.p2\pool\plugins\org.eclipse.justj.openjdk.hotspot.jre.full.win32.x86_64_17.0.3.v20220515-1416\jre\bin\server\jvm.dll
0x0000016743080000 - 0x0000016743088000 	C:\WINDOWS\System32\PSAPI.DLL
0x00007ffc36530000 - 0x00007ffc36539000 	C:\WINDOWS\SYSTEM32\WSOCK32.dll
0x00007ffc5f150000 - 0x00007ffc5f1c1000 	C:\WINDOWS\System32\WS2_32.dll
0x00007ffc54200000 - 0x00007ffc54234000 	C:\WINDOWS\SYSTEM32\WINMM.dll
0x00007ffc5bee0000 - 0x00007ffc5bef8000 	C:\WINDOWS\SYSTEM32\kernel.appcore.dll
0x00007ffc58450000 - 0x00007ffc5845a000 	C:\Users\jinghoong\.p2\pool\plugins\org.eclipse.justj.openjdk.hotspot.jre.full.win32.x86_64_17.0.3.v20220515-1416\jre\bin\jimage.dll
0x00007ffc5a640000 - 0x00007ffc5a86e000 	C:\WINDOWS\SYSTEM32\DBGHELP.DLL
0x00007ffc5e870000 - 0x00007ffc5ebf9000 	C:\WINDOWS\System32\combase.dll
0x00007ffc5e400000 - 0x00007ffc5e4d7000 	C:\WINDOWS\System32\OLEAUT32.dll
0x00007ffc328d0000 - 0x00007ffc32902000 	C:\WINDOWS\SYSTEM32\dbgcore.DLL
0x00007ffc5d640000 - 0x00007ffc5d6bb000 	C:\WINDOWS\System32\bcryptPrimitives.dll
0x00007ffc124b0000 - 0x00007ffc12530000 	C:\Program Files\SentinelOne\Sentinel Agent 22.3.4.612\SentinelJava64.dll
0x00007ffc5f1d0000 - 0x00007ffc5f36c000 	C:\WINDOWS\System32\ole32.dll
0x00007ffc443f0000 - 0x00007ffc44415000 	C:\Users\jinghoong\.p2\pool\plugins\org.eclipse.justj.openjdk.hotspot.jre.full.win32.x86_64_17.0.3.v20220515-1416\jre\bin\java.dll
0x00007ffc44260000 - 0x00007ffc44278000 	C:\Users\jinghoong\.p2\pool\plugins\org.eclipse.justj.openjdk.hotspot.jre.full.win32.x86_64_17.0.3.v20220515-1416\jre\bin\zip.dll
0x00007ffc5daf0000 - 0x00007ffc5e2e0000 	C:\WINDOWS\System32\SHELL32.dll
0x00007ffc5aea0000 - 0x00007ffc5b76d000 	C:\WINDOWS\SYSTEM32\windows.storage.dll
0x00007ffc5ad60000 - 0x00007ffc5ae9e000 	C:\WINDOWS\SYSTEM32\wintypes.dll
0x00007ffc5f370000 - 0x00007ffc5f461000 	C:\WINDOWS\System32\SHCORE.dll
0x00007ffc5fa80000 - 0x00007ffc5fade000 	C:\WINDOWS\System32\shlwapi.dll
0x00007ffc5d040000 - 0x00007ffc5d061000 	C:\WINDOWS\SYSTEM32\profapi.dll
0x00007ffc57fb0000 - 0x00007ffc57fc9000 	C:\Users\jinghoong\.p2\pool\plugins\org.eclipse.justj.openjdk.hotspot.jre.full.win32.x86_64_17.0.3.v20220515-1416\jre\bin\net.dll
0x00007ffc55780000 - 0x00007ffc558b7000 	C:\WINDOWS\SYSTEM32\WINHTTP.dll
0x00007ffc5c350000 - 0x00007ffc5c3b9000 	C:\WINDOWS\system32\mswsock.dll
0x00007ffc43a40000 - 0x00007ffc43a55000 	C:\Users\jinghoong\.p2\pool\plugins\org.eclipse.justj.openjdk.hotspot.jre.full.win32.x86_64_17.0.3.v20220515-1416\jre\bin\nio.dll
0x00007ffc58410000 - 0x00007ffc58420000 	C:\Users\jinghoong\.p2\pool\plugins\org.eclipse.justj.openjdk.hotspot.jre.full.win32.x86_64_17.0.3.v20220515-1416\jre\bin\verify.dll
0x00007ffc583d0000 - 0x00007ffc583d9000 	C:\Users\jinghoong\.p2\pool\plugins\org.eclipse.justj.openjdk.hotspot.jre.full.win32.x86_64_17.0.3.v20220515-1416\jre\bin\management.dll
0x00007ffc58360000 - 0x00007ffc5836b000 	C:\Users\jinghoong\.p2\pool\plugins\org.eclipse.justj.openjdk.hotspot.jre.full.win32.x86_64_17.0.3.v20220515-1416\jre\bin\management_ext.dll
0x00007ffc3f7f0000 - 0x00007ffc3f807000 	C:\WINDOWS\system32\napinsp.dll
0x00007ffc3f7d0000 - 0x00007ffc3f7eb000 	C:\WINDOWS\system32\pnrpnsp.dll
0x00007ffc5ba30000 - 0x00007ffc5bb23000 	C:\WINDOWS\SYSTEM32\DNSAPI.dll
0x00007ffc5b9c0000 - 0x00007ffc5b9ed000 	C:\WINDOWS\SYSTEM32\IPHLPAPI.DLL
0x00007ffc5f140000 - 0x00007ffc5f149000 	C:\WINDOWS\System32\NSI.dll
0x00007ffc3f770000 - 0x00007ffc3f781000 	C:\WINDOWS\System32\winrnr.dll
0x00007ffc529e0000 - 0x00007ffc529f5000 	C:\WINDOWS\system32\wshbth.dll
0x00007ffc3f740000 - 0x00007ffc3f761000 	C:\WINDOWS\system32\nlansp_c.dll
0x00007ffc4dd50000 - 0x00007ffc4dd5a000 	C:\Windows\System32\rasadhlp.dll
0x00007ffc4e030000 - 0x00007ffc4e0b3000 	C:\WINDOWS\System32\fwpuclnt.dll
0x00007ffc5c620000 - 0x00007ffc5c63b000 	C:\WINDOWS\SYSTEM32\CRYPTSP.dll
0x00007ffc5be50000 - 0x00007ffc5be85000 	C:\WINDOWS\system32\rsaenh.dll
0x00007ffc5c4c0000 - 0x00007ffc5c4e8000 	C:\WINDOWS\SYSTEM32\USERENV.dll
0x00007ffc5c7e0000 - 0x00007ffc5c808000 	C:\WINDOWS\SYSTEM32\bcrypt.dll
0x00007ffc5c640000 - 0x00007ffc5c64c000 	C:\WINDOWS\SYSTEM32\CRYPTBASE.dll
0x00007ffc53c70000 - 0x00007ffc53c89000 	C:\WINDOWS\SYSTEM32\dhcpcsvc6.DLL
0x00007ffc533b0000 - 0x00007ffc533cf000 	C:\WINDOWS\SYSTEM32\dhcpcsvc.DLL
0x00007ffc58420000 - 0x00007ffc5842e000 	C:\Users\jinghoong\.p2\pool\plugins\org.eclipse.justj.openjdk.hotspot.jre.full.win32.x86_64_17.0.3.v20220515-1416\jre\bin\sunmscapi.dll
0x00007ffc5d730000 - 0x00007ffc5d896000 	C:\WINDOWS\System32\CRYPT32.dll
0x00007ffc5c7b0000 - 0x00007ffc5c7de000 	C:\WINDOWS\SYSTEM32\ncrypt.dll
0x00007ffc5c770000 - 0x00007ffc5c7a7000 	C:\WINDOWS\SYSTEM32\NTASN1.dll
0x00007ffc44640000 - 0x00007ffc44648000 	C:\WINDOWS\system32\wshunix.dll

dbghelp: loaded successfully - version: 4.0.5 - missing functions: none
symbol engine: initialized successfully - sym options: 0x614 - pdb path: .;C:\Users\jinghoong\.p2\pool\plugins\org.eclipse.justj.openjdk.hotspot.jre.full.win32.x86_64_17.0.3.v20220515-1416\jre\bin;C:\WINDOWS\SYSTEM32;C:\Program Files\SentinelOne\Sentinel Agent 22.3.4.612;C:\WINDOWS\WinSxS\amd64_microsoft.windows.common-controls_6595b64144ccf1df_6.0.22621.608_none_a9444ca7c10bb01d;C:\Users\jinghoong\.p2\pool\plugins\org.eclipse.justj.openjdk.hotspot.jre.full.win32.x86_64_17.0.3.v20220515-1416\jre\bin\server

VM Arguments:
jvm_args: -Dfile.encoding=UTF-8 -XX:+ShowCodeDetailsInExceptionMessages -agentpath:C:\Program Files\SentinelOne\Sentinel Agent 22.3.4.612\SentinelJava64.dll 
java_command: cv.training.Training.TrainingApplication
java_class_path (initial): C:\Users\jinghoong\Downloads\Training\bin\main;C:\Users\jinghoong\.gradle\caches\modules-2\files-2.1\org.springframework.boot\spring-boot-starter-data-jpa\2.7.12-SNAPSHOT\9de7ac4f1f47914a4ee38a0a6b4424a7e95cf66\spring-boot-starter-data-jpa-2.7.12-SNAPSHOT.jar;C:\Users\jinghoong\.gradle\caches\modules-2\files-2.1\org.springframework.boot\spring-boot-starter-security\2.7.12-SNAPSHOT\6c0f86e7a4d969175f8e2d2e45efb7eedff4ff0b\spring-boot-starter-security-2.7.12-SNAPSHOT.jar;C:\Users\jinghoong\.gradle\caches\modules-2\files-2.1\org.springframework.boot\spring-boot-starter-aop\2.7.12-SNAPSHOT\35d760cbbd8fe88a1d8f84ed9c931a74d2fbe3d4\spring-boot-starter-aop-2.7.12-SNAPSHOT.jar;C:\Users\jinghoong\.gradle\caches\modules-2\files-2.1\org.springframework.boot\spring-boot-starter-web\2.7.12-SNAPSHOT\df8256170236141a7348b6bad2342b80cd943666\spring-boot-starter-web-2.7.12-SNAPSHOT.jar;C:\Users\jinghoong\.gradle\caches\modules-2\files-2.1\javax.servlet\jstl\1.2\74aca283cd4f4b4f3e425f5820cda58f44409547\jstl-1.2.jar;C:\Users\jinghoong\.gradle\caches\modules-2\files-2.1\org.springframework.boot\spring-boot-starter-jdbc\2.7.12-SNAPSHOT\5bb491319d4d661b1dc4c44d39a2be2341ad511c\spring-boot-starter-jdbc-2.7.12-SNAPSHOT.jar;C:\Users\jinghoong\.gradle\caches\modules-2\files-2.1\jakarta.transaction\jakarta.transaction-api\1.3.3\c4179d48720a1e87202115fbed6089bdc4195405\jakarta.transaction-api-1.3.3.jar;C:\Users\jinghoong\.gradle\caches\modules-2\files-2.1\jakarta.persistence\jakarta.persistence-api\2.2.3\8f6ea5daedc614f07a3654a455660145286f024e\jakarta.persistence-api-2.2.3.jar;C:\Users\jinghoong\.gradle\caches\modules-2\files-2.1\org.hibernate\hibernate-core\5.6.15.Final\ab14b7cef1fdff654ca81923048a6034d6c7cfa7\hibernate-core-5.6.15.Final.jar;C:\Users\jinghoong\.gradle\caches\modules-2\files-2.1\org.springframework.data\spring-data-jpa\2.7.12-SNAPSHOT\4e74b72a381f790e4034de1cdea3c663f8e1fb24\spring-data-jpa-2.7.12-SNAPSHOT.jar;C:\Users\jinghoong\.gradle\caches\mod
Launcher Type: SUN_STANDARD

[Global flags]
     intx CICompilerCount                          = 4                                         {product} {ergonomic}
     uint ConcGCThreads                            = 2                                         {product} {ergonomic}
     uint G1ConcRefinementThreads                  = 8                                         {product} {ergonomic}
   size_t G1HeapRegionSize                         = 4194304                                   {product} {ergonomic}
    uintx GCDrainStackTargetSize                   = 64                                        {product} {ergonomic}
   size_t InitialHeapSize                          = 536870912                                 {product} {ergonomic}
   size_t MarkStackSize                            = 4194304                                   {product} {ergonomic}
   size_t MaxHeapSize                              = 8527020032                                {product} {ergonomic}
   size_t MaxNewSize                               = 5112856576                                {product} {ergonomic}
   size_t MinHeapDeltaBytes                        = 4194304                                   {product} {ergonomic}
   size_t MinHeapSize                              = 8388608                                   {product} {ergonomic}
    uintx NonNMethodCodeHeapSize                   = 5839372                                {pd product} {ergonomic}
    uintx NonProfiledCodeHeapSize                  = 122909434                              {pd product} {ergonomic}
    uintx ProfiledCodeHeapSize                     = 122909434                              {pd product} {ergonomic}
    uintx ReservedCodeCacheSize                    = 251658240                              {pd product} {ergonomic}
     bool SegmentedCodeCache                       = true                                      {product} {ergonomic}
     bool ShowCodeDetailsInExceptionMessages       = true                                   {manageable} {command line}
   size_t SoftMaxHeapSize                          = 8527020032                             {manageable} {ergonomic}
     bool UseCompressedClassPointers               = true                           {product lp64_product} {ergonomic}
     bool UseCompressedOops                        = true                           {product lp64_product} {ergonomic}
     bool UseG1GC                                  = true                                      {product} {ergonomic}
     bool UseLargePagesIndividualAllocation        = false                                  {pd product} {ergonomic}

Logging:
Log output configuration:
 #0: stdout all=warning uptime,level,tags
 #1: stderr all=off uptime,level,tags

Environment Variables:
JAVA_HOME=C:\Program Files\Java\jdk-1.8
PATH=C:/Users/jinghoong/.p2/pool/plugins/org.eclipse.justj.openjdk.hotspot.jre.full.win32.x86_64_17.0.3.v20220515-1416/jre/bin/server;C:/Users/jinghoong/.p2/pool/plugins/org.eclipse.justj.openjdk.hotspot.jre.full.win32.x86_64_17.0.3.v20220515-1416/jre/bin;C:\Python310\Scripts\;C:\Python310\;C:\Program Files (x86)\VMware\VMware Player\bin\;C:\WINDOWS\system32;C:\WINDOWS;C:\WINDOWS\System32\Wbem;C:\WINDOWS\System32\WindowsPowerShell\v1.0\;C:\WINDOWS\System32\OpenSSH\;C:\Program Files\PuTTY\;C:\Program Files\Git\cmd;C:\Program Files\nodejs\;C:\ProgramData\chocolatey\bin;C:\Program Files\Java\jdk-1.8\bin;C:\Users\jinghoong\AppData\Local\Microsoft\WindowsApps;C:\Users\jinghoong\AppData\Local\Programs\Microsoft VS Code\bin;C:\Users\jinghoong\AppData\Roaming\npm;C:\Program Files\JetBrains\IntelliJ IDEA Community Edition 2022.2.1\bin;;C:\Program Files\Java\jdk-1.8\bin;;C:\WINDOWS\system32;
USERNAME=jinghoong
OS=Windows_NT
PROCESSOR_IDENTIFIER=Intel64 Family 6 Model 142 Stepping 11, GenuineIntel



---------------  S Y S T E M  ---------------

OS:
 Windows 11 , 64 bit Build 22621 (10.0.22621.1485)
OS uptime: 1 days 6:17 hours

CPU: total 8 (initial active 8) (4 cores per cpu, 2 threads per core) family 6 model 142 stepping 11 microcode 0xf0, cx8, cmov, fxsr, ht, mmx, 3dnowpref, sse, sse2, sse3, ssse3, sse4.1, sse4.2, popcnt, lzcnt, tsc, tscinvbit, avx, avx2, aes, erms, clmul, bmi1, bmi2, adx, fma, vzeroupper, clflush, clflushopt

Memory: 4k page, system-wide physical 32524M (6025M free)
TotalPageFile size 40716M (AvailPageFile size 10598M)
current process WorkingSet (physical memory assigned to process): 310M, peak: 445M
current process commit charge ("private bytes"): 342M, peak: 659M

vm_info: OpenJDK 64-Bit Server VM (17.0.3+7) for windows-amd64 JRE (17.0.3+7), built on Apr 19 2022 16:55:35 by "" with MS VC++ 16.7 (VS2019)

END.
