#
# A fatal error has been detected by the Java Runtime Environment:
#
#  EXCEPTION_ACCESS_VIOLATION (0xc0000005) at pc=0x0000020fd210d018, pid=18944, tid=20568
#
# JRE version: OpenJDK Runtime Environment Temurin-17.0.3+7 (17.0.3+7) (build 17.0.3+7)
# Java VM: OpenJDK 64-Bit Server VM Temurin-17.0.3+7 (17.0.3+7, mixed mode, tiered, compressed oops, compressed class ptrs, g1 gc, windows-amd64)
# Problematic frame:
# j  javax.servlet.http.HttpServletRequestWrapper._getHttpServletRequest()Ljavax/servlet/http/HttpServletRequest;+1
#
# No core dump will be written. Minidumps are not enabled by default on client versions of Windows
#
# If you would like to submit a bug report, please visit:
#   https://github.com/adoptium/adoptium-support/issues
#

---------------  S U M M A R Y ------------

Command Line: -Dfile.encoding=UTF-8 -XX:+ShowCodeDetailsInExceptionMessages -agentpath:C:\Program Files\SentinelOne\Sentinel Agent 22.3.4.612\SentinelJava64.dll cv.training.Training.TrainingApplication

Host: Intel(R) Core(TM) i5-8265U CPU @ 1.60GHz, 8 cores, 31G,  Windows 11 , 64 bit Build 22621 (10.0.22621.1485)
Time: Fri May 12 15:10:29 2023 Malay Peninsula Standard Time elapsed time: 30.260528 seconds (0d 0h 0m 30s)

---------------  T H R E A D  ---------------

Current thread (0x0000020ffc83b650):  JavaThread "http-nio-8080-exec-2" daemon [_thread_in_Java, id=20568, stack(0x000000c01af00000,0x000000c01b000000)]

Stack: [0x000000c01af00000,0x000000c01b000000],  sp=0x000000c01affba18,  free space=1006k
Native frames: (J=compiled Java code, j=interpreted, Vv=VM code, C=native code)
C  0x0000020fd210d018


siginfo: EXCEPTION_ACCESS_VIOLATION (0xc0000005), reading address 0x0000000000001080


Register to memory mapping:

RIP=0x0000020fd210d018 is at code_begin+248 in an Interpreter codelet
checkcast  192 checkcast  [0x0000020fd210cf20, 0x0000020fd210d160]  576 bytes
RAX=0x00000008003f5558 is a pointer to class: 
javax.servlet.http.HttpServletRequest {0x00000008003f5560}
 - instance size:     2
 - klass size:        63
 - access:            public interface abstract 
 - state:             fully_initialized
 - name:              'javax/servlet/http/HttpServletRequest'
 - super:             'java/lang/Object'
 - sub:               
 - nof implementors:  2
 - arrays:            NULL
 - methods:           Array<T>(0x0000020ffc12f9e0)
 - method ordering:   Array<T>(0x0000020ff7c00018)
 - default_methods:   Array<T>(0x0000000000000000)
 - local interfaces:  Array<T>(0x0000020ffc1317b8)
 - trans. interfaces: Array<T>(0x0000020ffc1317b8)
 - constants:         constant pool [245] {0x0000020ffc12f1f8} for 'javax/servlet/http/HttpServletRequest' cache=0x0000020f8156f4f8
 - class loader data:  loader data: 0x0000020ff7685f60 for instance a 'jdk/internal/loader/ClassLoaders$AppClassLoader'{0x0000000603e6b000}
 - source file:       'HttpServletRequest.java'
 - class annotations:       Array<T>(0x0000000000000000)
 - class type annotations:  Array<T>(0x0000000000000000)
 - field annotations:       Array<T>(0x0000000000000000)
 - field type annotations:  Array<T>(0x0000000000000000)
 - inner classes:     Array<T>(0x0000020ffc132be8)
 - nest members:     Array<T>(0x0000020ff7c00028)
 - permitted subclasses:     Array<T>(0x0000020ff7c00028)
 - java mirror:       a 'java/lang/Class'{0x000000060541e558} = 'javax/servlet/http/HttpServletRequest'
 - vtable length      5  (start addr: 0x00000008003f5720)
 - itable length      0 (start addr: 0x00000008003f5748)
 - ---- static fields (2 words):
 - public static final 'BASIC_AUTH' 'Ljava/lang/String;' @112 
 - public static final 'FORM_AUTH' 'Ljava/lang/String;' @116 
 - public static final 'CLIENT_CERT_AUTH' 'Ljava/lang/String;' @120 
 - public static final 'DIGEST_AUTH' 'Ljava/lang/String;' @124 
 - ---- non-static fields (0 words):
 - non-static oop maps: 
RBX=0x0 is NULL
RCX=0x0000020f840a6f38 is pointing into metadata
RDX=0x0000000000001078 is an unknown value
RSP=0x000000c01affba18 is pointing into the stack for thread: 0x0000020ffc83b650
RBP=0x000000c01affba60 is pointing into the stack for thread: 0x0000020ffc83b650
RSI=0x000000c01affbf10 is pointing into the stack for thread: 0x0000020ffc83b650
RDI=0x0000020ffc83b650 is a thread
R8 =0x000000c01affbf20 is pointing into the stack for thread: 0x0000020ffc83b650
R9 =0x0000000000000001 is an unknown value
R10=0x00007ffbcc6c1530 jvm.dll
R11=0x000000c01affbcb8 is pointing into the stack for thread: 0x0000020ffc83b650
R12=0x0 is NULL
R13=0x0000020f840a71a4 is pointing into metadata
R14=0x000000c01affba70 is pointing into the stack for thread: 0x0000020ffc83b650
R15=0x0000020ffc83b650 is a thread


Registers:
RAX=0x00000008003f5558, RBX=0x0000000000000000, RCX=0x0000020f840a6f38, RDX=0x0000000000001078
RSP=0x000000c01affba18, RBP=0x000000c01affba60, RSI=0x000000c01affbf10, RDI=0x0000020ffc83b650
R8 =0x000000c01affbf20, R9 =0x0000000000000001, R10=0x00007ffbcc6c1530, R11=0x000000c01affbcb8
R12=0x0000000000000000, R13=0x0000020f840a71a4, R14=0x000000c01affba70, R15=0x0000020ffc83b650
RIP=0x0000020fd210d018, EFLAGS=0x0000000000010246

Top of Stack: (sp=0x000000c01affba18)
0x000000c01affba18:   000000c01affba18 0000020f840a71a1
0x000000c01affba28:   000000c01affba70 0000020f840a90c8
0x000000c01affba38:   0000000000000000 00000006069bfd90
0x000000c01affba48:   0000020f840a71c0 0000000000000000
0x000000c01affba58:   000000c01affba70 000000c01affbac0
0x000000c01affba68:   0000020fd20f9657 000000c01affbb30
0x000000c01affba78:   000000c01affba78 0000020f840a7509
0x000000c01affba88:   000000c01affbad8 0000020f840a90c8
0x000000c01affba98:   0000020f848a76f8 00000006069bfd90
0x000000c01affbaa8:   0000020f840a7538 000000c01affba70
0x000000c01affbab8:   000000c01affbad0 000000c01affbcb0
0x000000c01affbac8:   0000020fd20f1010 00000006069748b0
0x000000c01affbad8:   000000c01affbb30 000000c01affbb38
0x000000c01affbae8:   0000020ff96a67d8 00000000fa5cd6c8
0x000000c01affbaf8:   000000000000000f 0000020ff4b40c08
0x000000c01affbb08:   0000020ff4b40c08 0000020ffea68e20 

Instructions: (pc=0x0000020fd210d018)
0x0000020fd210cf18:   00 00 00 00 00 00 00 00 58 48 85 c0 0f 84 01 02
0x0000020fd210cf28:   00 00 48 8b 4d e8 48 8b 49 08 48 8b 49 08 48 8b
0x0000020fd210cf38:   51 08 41 0f b7 5d 01 0f cb c1 eb 10 80 7c 1a 04
0x0000020fd210cf48:   07 0f 84 b8 00 00 00 50 e8 05 00 00 00 e9 98 00
0x0000020fd210cf58:   00 00 48 8d 44 24 08 4c 89 6d c0 49 8b cf c5 f8
0x0000020fd210cf68:   77 49 89 af 98 02 00 00 49 89 87 88 02 00 00 48
0x0000020fd210cf78:   83 ec 20 f7 c4 0f 00 00 00 0f 84 1a 00 00 00 48
0x0000020fd210cf88:   83 ec 08 49 ba 30 21 eb cb fb 7f 00 00 41 ff d2
0x0000020fd210cf98:   48 83 c4 08 e9 0d 00 00 00 49 ba 30 21 eb cb fb
0x0000020fd210cfa8:   7f 00 00 41 ff d2 48 83 c4 20 49 c7 87 88 02 00
0x0000020fd210cfb8:   00 00 00 00 00 49 c7 87 98 02 00 00 00 00 00 00
0x0000020fd210cfc8:   49 c7 87 90 02 00 00 00 00 00 00 c5 f8 77 49 81
0x0000020fd210cfd8:   7f 08 00 00 00 00 0f 84 05 00 00 00 e9 17 3f fe
0x0000020fd210cfe8:   ff 4c 8b 6d c0 4c 8b 75 c8 c3 49 8b 87 e8 02 00
0x0000020fd210cff8:   00 49 c7 87 e8 02 00 00 00 00 00 00 5a eb 11 48
0x0000020fd210d008:   8b d0 66 8b 5c d9 48 48 8b 49 28 48 8b 44 d9 08
0x0000020fd210d018:   8b 5a 08 49 ba 00 00 00 00 08 00 00 00 49 03 da
0x0000020fd210d028:   48 8b 4d d8 48 85 c9 0f 84 8a 00 00 00 48 8b 79
0x0000020fd210d038:   18 48 3b fb 0f 85 0f 00 00 00 48 83 41 20 01 48
0x0000020fd210d048:   83 59 20 00 e9 66 00 00 00 48 85 ff 0f 84 37 00
0x0000020fd210d058:   00 00 48 8b 79 28 48 3b fb 0f 85 0f 00 00 00 48
0x0000020fd210d068:   83 41 30 01 48 83 59 30 00 e9 41 00 00 00 48 85
0x0000020fd210d078:   ff 0f 85 38 00 00 00 48 89 59 28 bf 01 00 00 00
0x0000020fd210d088:   48 89 79 30 e9 26 00 00 00 48 3b 59 28 0f 85 0f
0x0000020fd210d098:   00 00 00 48 83 41 30 01 48 83 59 30 00 e9 0d 00
0x0000020fd210d0a8:   00 00 48 89 59 18 bf 01 00 00 00 48 89 79 20 48
0x0000020fd210d0b8:   83 c1 38 48 89 4d d8 48 3b d8 0f 84 5b 00 00 00
0x0000020fd210d0c8:   8b 48 14 48 3b 04 0b 0f 84 4e 00 00 00 83 f9 20
0x0000020fd210d0d8:   0f 85 22 00 00 00 50 48 8b c0 57 48 8b 7b 28 8b
0x0000020fd210d0e8:   0f 48 83 c7 08 48 85 c0 f2 48 af 5f 58 75 09 48
0x0000020fd210d0f8:   89 43 20 e9 23 00 00 00 48 8b 4d d8 48 85 c9 0f
0x0000020fd210d108:   84 10 00 00 00 48 83 41 d0 ff 0f 88 05 00 00 00 


Stack slot to memory mapping:
stack at sp + 0 slots: 0x000000c01affba18 is pointing into the stack for thread: 0x0000020ffc83b650
stack at sp + 1 slots: 0x0000020f840a71a1 is pointing into metadata
stack at sp + 2 slots: 0x000000c01affba70 is pointing into the stack for thread: 0x0000020ffc83b650
stack at sp + 3 slots: 0x0000020f840a90c8 is pointing into metadata
stack at sp + 4 slots: 0x0 is NULL
stack at sp + 5 slots: 0x00000006069bfd90 is an oop: java.lang.Class 
{0x00000006069bfd90} - klass: 'java/lang/Class'
 - ---- fields (total size 14 words):
 - private volatile transient 'classRedefinedCount' 'I' @12  0
 - private volatile transient 'cachedConstructor' 'Ljava/lang/reflect/Constructor;' @40  NULL (0)
 - private transient 'name' 'Ljava/lang/String;' @44  "javax.servlet.http.HttpServletRequestWrapper"{0x00000006069c0e10} (c0d381c2)
 - private transient 'module' 'Ljava/lang/Module;' @48  a 'java/lang/Module'{0x0000000603e8a950} (c07d152a)
 - private final 'classLoader' 'Ljava/lang/ClassLoader;' @52  a 'jdk/internal/loader/ClassLoaders$AppClassLoader'{0x0000000603e6b000} (c07cd600)
 - private transient 'classData' 'Ljava/lang/Object;' @56  NULL (0)
 - private transient 'packageName' 'Ljava/lang/String;' @60  "javax.servlet.http"{0x00000006044d6998} (c089ad33)
 - private final 'componentType' 'Ljava/lang/Class;' @64  NULL (0)
 - private volatile transient 'reflectionData' 'Ljava/lang/ref/SoftReference;' @68  NULL (0)
 - private volatile transient 'genericInfo' 'Lsun/reflect/generics/repository/ClassRepository;' @72  NULL (0)
 - private volatile transient 'enumConstants' '[Ljava/lang/Object;' @76  NULL (0)
 - private volatile transient 'enumConstantDirectory' 'Ljava/util/Map;' @80  NULL (0)
 - private volatile transient 'annotationData' 'Ljava/lang/Class$AnnotationData;' @84  NULL (0)
 - private volatile transient 'annotationType' 'Lsun/reflect/annotation/AnnotationType;' @88  NULL (0)
 - transient 'classValueMap' 'Ljava/lang/ClassValue$ClassValueMap;' @92  NULL (0)
 - signature: Ljavax/servlet/http/HttpServletRequestWrapper;
 - fake entry for mirror: 'javax/servlet/http/HttpServletRequestWrapper'
 - fake entry for array: NULL
 - fake entry for oop_size: 14
 - fake entry for static_oop_field_count: 0
stack at sp + 6 slots: {method} {0x0000020f840a71c8} '_getHttpServletRequest' '()Ljavax/servlet/http/HttpServletRequest;' in 'javax/servlet/http/HttpServletRequestWrapper'
stack at sp + 7 slots: 0x0 is NULL

checkcast  192 checkcast  [0x0000020fd210cf20, 0x0000020fd210d160]  576 bytes
[MachCode]
  0x0000020fd210cf20: 5848 85c0 | 0f84 0102 | 0000 488b | 4de8 488b | 4908 488b | 4908 488b | 5108 410f | b75d 010f 
  0x0000020fd210cf40: cbc1 eb10 | 807c 1a04 | 070f 84b8 | 0000 0050 | e805 0000 | 00e9 9800 | 0000 488d | 4424 084c 
  0x0000020fd210cf60: 896d c049 | 8bcf c5f8 | 7749 89af | 9802 0000 | 4989 8788 | 0200 0048 | 83ec 20f7 | c40f 0000 
  0x0000020fd210cf80: 000f 841a | 0000 0048 | 83ec 0849 | ba30 21eb | cbfb 7f00 | 0041 ffd2 | 4883 c408 | e90d 0000 
  0x0000020fd210cfa0: 0049 ba30 | 21eb cbfb | 7f00 0041 | ffd2 4883 | c420 49c7 | 8788 0200 | 0000 0000 | 0049 c787 
  0x0000020fd210cfc0: 9802 0000 | 0000 0000 | 49c7 8790 | 0200 0000 | 0000 00c5 | f877 4981 | 7f08 0000 | 0000 0f84 
  0x0000020fd210cfe0: 0500 0000 | e917 3ffe | ff4c 8b6d | c04c 8b75 | c8c3 498b | 87e8 0200 | 0049 c787 | e802 0000 
  0x0000020fd210d000: 0000 0000 | 5aeb 1148 | 8bd0 668b | 5cd9 4848 | 8b49 2848 | 8b44 d908 | 8b5a 0849 | ba00 0000 
  0x0000020fd210d020: 0008 0000 | 0049 03da | 488b 4dd8 | 4885 c90f | 848a 0000 | 0048 8b79 | 1848 3bfb | 0f85 0f00 
  0x0000020fd210d040: 0000 4883 | 4120 0148 | 8359 2000 | e966 0000 | 0048 85ff | 0f84 3700 | 0000 488b | 7928 483b 
  0x0000020fd210d060: fb0f 850f | 0000 0048 | 8341 3001 | 4883 5930 | 00e9 4100 | 0000 4885 | ff0f 8538 | 0000 0048 
  0x0000020fd210d080: 8959 28bf | 0100 0000 | 4889 7930 | e926 0000 | 0048 3b59 | 280f 850f | 0000 0048 | 8341 3001 
  0x0000020fd210d0a0: 4883 5930 | 00e9 0d00 | 0000 4889 | 5918 bf01 | 0000 0048 | 8979 2048 | 83c1 3848 | 894d d848 
  0x0000020fd210d0c0: 3bd8 0f84 | 5b00 0000 | 8b48 1448 | 3b04 0b0f | 844e 0000 | 0083 f920 | 0f85 2200 | 0000 5048 
  0x0000020fd210d0e0: 8bc0 5748 | 8b7b 288b | 0f48 83c7 | 0848 85c0 | f248 af5f | 5875 0948 | 8943 20e9 | 2300 0000 
  0x0000020fd210d100: 488b 4dd8 | 4885 c90f | 8410 0000 | 0048 8341 | d0ff 0f88 | 0500 0000 | 4883 41d0 | 0152 e9b8 
  0x0000020fd210d120: f1fe ff48 | 8bc2 e919 | 0000 0048 | 8b4d d848 | 85c9 0f84 | 0c00 0000 | 8049 0101 | 4883 c138 
  0x0000020fd210d140: 4889 4dd8 | 410f b65d | 0349 83c5 | 0349 ba30 | 156c ccfb | 7f00 0041 | ff24 da0f | 1f44 0000 
[/MachCode]

---------------  P R O C E S S  ---------------

Threads class SMR info:
_java_thread_list=0x0000020fffc64df0, length=30, elements={
0x0000020ff751cf60, 0x0000020ff751d9f0, 0x0000020ff7536540, 0x0000020ff757ba00,
0x0000020ff757c490, 0x0000020ff75a3d90, 0x0000020ff75a6990, 0x0000020ff75a7460,
0x0000020ff75b9530, 0x0000020ff772e330, 0x0000020ff7742650, 0x0000020ffc72b040,
0x0000020ff92d83c0, 0x0000020ffb76cab0, 0x0000020ffc83ce60, 0x0000020ffc839e40,
0x0000020ffc83b650, 0x0000020ffc83d330, 0x0000020ffc83acb0, 0x0000020ffc83bff0,
0x0000020ffc83a310, 0x0000020ffc83a7e0, 0x0000020ffc83bb20, 0x0000020ffc83c990,
0x0000020ffc83b180, 0x0000020ffe2c7060, 0x0000020ffe2cc700, 0x0000020ffe2ca080,
0x0000020ff86ecd50, 0x0000020ff86ed770
}

Java Threads: ( => current thread )
  0x0000020ff751cf60 JavaThread "Reference Handler" daemon [_thread_blocked, id=18224, stack(0x000000c018f00000,0x000000c019000000)]
  0x0000020ff751d9f0 JavaThread "Finalizer" daemon [_thread_blocked, id=11572, stack(0x000000c019000000,0x000000c019100000)]
  0x0000020ff7536540 JavaThread "Signal Dispatcher" daemon [_thread_blocked, id=18740, stack(0x000000c019100000,0x000000c019200000)]
  0x0000020ff757ba00 JavaThread "Attach Listener" daemon [_thread_blocked, id=17772, stack(0x000000c019200000,0x000000c019300000)]
  0x0000020ff757c490 JavaThread "Service Thread" daemon [_thread_blocked, id=14168, stack(0x000000c019300000,0x000000c019400000)]
  0x0000020ff75a3d90 JavaThread "Monitor Deflation Thread" daemon [_thread_blocked, id=22716, stack(0x000000c019400000,0x000000c019500000)]
  0x0000020ff75a6990 JavaThread "C2 CompilerThread0" daemon [_thread_in_native, id=1400, stack(0x000000c019500000,0x000000c019600000)]
  0x0000020ff75a7460 JavaThread "C1 CompilerThread0" daemon [_thread_blocked, id=22908, stack(0x000000c019600000,0x000000c019700000)]
  0x0000020ff75b9530 JavaThread "Sweeper thread" daemon [_thread_blocked, id=23180, stack(0x000000c019700000,0x000000c019800000)]
  0x0000020ff772e330 JavaThread "Notification Thread" daemon [_thread_blocked, id=17128, stack(0x000000c019800000,0x000000c019900000)]
  0x0000020ff7742650 JavaThread "Common-Cleaner" daemon [_thread_blocked, id=22300, stack(0x000000c019a00000,0x000000c019b00000)]
  0x0000020ffc72b040 JavaThread "Catalina-utility-1" [_thread_blocked, id=21240, stack(0x000000c01a500000,0x000000c01a600000)]
  0x0000020ff92d83c0 JavaThread "Catalina-utility-2" [_thread_blocked, id=18080, stack(0x000000c01a700000,0x000000c01a800000)]
  0x0000020ffb76cab0 JavaThread "container-0" [_thread_blocked, id=10956, stack(0x000000c01a800000,0x000000c01a900000)]
  0x0000020ffc83ce60 JavaThread "TrainingPoolABC housekeeper" daemon [_thread_blocked, id=16736, stack(0x000000c01aa00000,0x000000c01ab00000)]
  0x0000020ffc839e40 JavaThread "http-nio-8080-exec-1" daemon [_thread_blocked, id=1788, stack(0x000000c01ae00000,0x000000c01af00000)]
=>0x0000020ffc83b650 JavaThread "http-nio-8080-exec-2" daemon [_thread_in_Java, id=20568, stack(0x000000c01af00000,0x000000c01b000000)]
  0x0000020ffc83d330 JavaThread "http-nio-8080-exec-3" daemon [_thread_blocked, id=9984, stack(0x000000c01b000000,0x000000c01b100000)]
  0x0000020ffc83acb0 JavaThread "http-nio-8080-exec-4" daemon [_thread_blocked, id=22104, stack(0x000000c01b100000,0x000000c01b200000)]
  0x0000020ffc83bff0 JavaThread "http-nio-8080-exec-5" daemon [_thread_blocked, id=18924, stack(0x000000c01b200000,0x000000c01b300000)]
  0x0000020ffc83a310 JavaThread "http-nio-8080-exec-6" daemon [_thread_blocked, id=16692, stack(0x000000c01b300000,0x000000c01b400000)]
  0x0000020ffc83a7e0 JavaThread "http-nio-8080-exec-7" daemon [_thread_blocked, id=20956, stack(0x000000c01b400000,0x000000c01b500000)]
  0x0000020ffc83bb20 JavaThread "http-nio-8080-exec-8" daemon [_thread_blocked, id=6672, stack(0x000000c01b500000,0x000000c01b600000)]
  0x0000020ffc83c990 JavaThread "http-nio-8080-exec-9" daemon [_thread_blocked, id=12524, stack(0x000000c01b600000,0x000000c01b700000)]
  0x0000020ffc83b180 JavaThread "http-nio-8080-exec-10" daemon [_thread_blocked, id=15568, stack(0x000000c01b700000,0x000000c01b800000)]
  0x0000020ffe2c7060 JavaThread "http-nio-8080-Poller" daemon [_thread_in_native, id=19264, stack(0x000000c01b800000,0x000000c01b900000)]
  0x0000020ffe2cc700 JavaThread "http-nio-8080-Acceptor" daemon [_thread_in_native, id=5028, stack(0x000000c01b900000,0x000000c01ba00000)]
  0x0000020ffe2ca080 JavaThread "DestroyJavaVM" [_thread_blocked, id=616, stack(0x000000c018800000,0x000000c018900000)]
  0x0000020ff86ecd50 JavaThread "C2 CompilerThread1" daemon [_thread_in_native, id=17444, stack(0x000000c019b00000,0x000000c019c00000)]
  0x0000020ff86ed770 JavaThread "C2 CompilerThread2" daemon [_thread_in_native, id=20844, stack(0x000000c019c00000,0x000000c019d00000)]

Other Threads:
  0x0000020ff4bb6010 VMThread "VM Thread" [stack: 0x000000c018e00000,0x000000c018f00000] [id=1524]
  0x0000020ff772e800 WatcherThread [stack: 0x000000c019900000,0x000000c019a00000] [id=21392]
  0x0000020ff4a20980 GCTaskThread "GC Thread#0" [stack: 0x000000c018900000,0x000000c018a00000] [id=18660]
  0x0000020ff931a960 GCTaskThread "GC Thread#1" [stack: 0x000000c019d00000,0x000000c019e00000] [id=5912]
  0x0000020ff931ac10 GCTaskThread "GC Thread#2" [stack: 0x000000c019e00000,0x000000c019f00000] [id=18448]
  0x0000020ff93193e0 GCTaskThread "GC Thread#3" [stack: 0x000000c019f00000,0x000000c01a000000] [id=23084]
  0x0000020ff9319690 GCTaskThread "GC Thread#4" [stack: 0x000000c01a000000,0x000000c01a100000] [id=20984]
  0x0000020ff931a400 GCTaskThread "GC Thread#5" [stack: 0x000000c01a100000,0x000000c01a200000] [id=7172]
  0x0000020ff9319940 GCTaskThread "GC Thread#6" [stack: 0x000000c01a200000,0x000000c01a300000] [id=16528]
  0x0000020ff9319bf0 GCTaskThread "GC Thread#7" [stack: 0x000000c01a300000,0x000000c01a400000] [id=15252]
  0x0000020fccffd330 ConcurrentGCThread "G1 Main Marker" [stack: 0x000000c018a00000,0x000000c018b00000] [id=6008]
  0x0000020ff4a2bbc0 ConcurrentGCThread "G1 Conc#0" [stack: 0x000000c018b00000,0x000000c018c00000] [id=15108]
  0x0000020ff9b4e1e0 ConcurrentGCThread "G1 Conc#1" [stack: 0x000000c01a600000,0x000000c01a700000] [id=17684]
  0x0000020ff4ae3220 ConcurrentGCThread "G1 Refine#0" [stack: 0x000000c018c00000,0x000000c018d00000] [id=23404]
  0x0000020ff8ea3d80 ConcurrentGCThread "G1 Refine#1" [stack: 0x000000c01a400000,0x000000c01a500000] [id=916]
  0x0000020fffd36100 ConcurrentGCThread "G1 Refine#2" [stack: 0x000000c01ac00000,0x000000c01ad00000] [id=19920]
  0x0000020fffd35580 ConcurrentGCThread "G1 Refine#3" [stack: 0x000000c01ad00000,0x000000c01ae00000] [id=13160]
  0x0000020ff4ae4900 ConcurrentGCThread "G1 Service" [stack: 0x000000c018d00000,0x000000c018e00000] [id=22136]

Threads with active compile tasks:
C2 CompilerThread0    30373 6326       4       ch.qos.logback.classic.Logger::filterAndLog_0_Or3Plus (61 bytes)
C2 CompilerThread1    30373 6331       4       org.eclipse.jdt.internal.compiler.lookup.BinaryTypeBinding::createMethod (1689 bytes)
C2 CompilerThread2    30373 6332       4       ch.qos.logback.classic.Logger::log (21 bytes)

VM state: not at safepoint (normal execution)

VM Mutex/Monitor currently owned by a thread: None

Heap address: 0x0000000603c00000, size: 8132 MB, Compressed Oops mode: Zero based, Oop shift amount: 3

CDS archive(s) not mapped
Compressed class space mapped at: 0x0000000800000000-0x0000000840000000, reserved size: 1073741824
Narrow klass base: 0x0000000800000000, Narrow klass shift: 0, Narrow klass range: 0x40000000

GC Precious Log:
 CPUs: 8 total, 8 available
 Memory: 32524M
 Large Page Support: Disabled
 NUMA Support: Disabled
 Compressed Oops: Enabled (Zero based)
 Heap Region Size: 4M
 Heap Min Capacity: 8M
 Heap Initial Capacity: 512M
 Heap Max Capacity: 8132M
 Pre-touch: Disabled
 Parallel Workers: 8
 Concurrent Workers: 2
 Concurrent Refinement Workers: 8
 Periodic GC: Disabled

Heap:
 garbage-first heap   total 110592K, used 50614K [0x0000000603c00000, 0x0000000800000000)
  region size 4096K, 7 young (28672K), 1 survivors (4096K)
 Metaspace       used 75045K, committed 75392K, reserved 1122304K
  class space    used 9054K, committed 9216K, reserved 1048576K

Heap Regions: E=young(eden), S=young(survivor), O=old, HS=humongous(starts), HC=humongous(continues), CS=collection set, F=free, OA=open archive, CA=closed archive, TAMS=top-at-mark-start (previous, next)
|   0|0x0000000603c00000, 0x0000000604000000, 0x0000000604000000|100%| O|  |TAMS 0x0000000604000000, 0x0000000603c00000| Untracked 
|   1|0x0000000604000000, 0x0000000604000000, 0x0000000604400000|  0%| F|  |TAMS 0x0000000604000000, 0x0000000604000000| Untracked 
|   2|0x0000000604400000, 0x0000000604800000, 0x0000000604800000|100%| O|  |TAMS 0x0000000604800000, 0x0000000604400000| Untracked 
|   3|0x0000000604800000, 0x0000000604c00000, 0x0000000604c00000|100%| O|  |TAMS 0x0000000604c00000, 0x0000000604800000| Untracked 
|   4|0x0000000604c00000, 0x0000000605000000, 0x0000000605000000|100%| O|  |TAMS 0x0000000604c00000, 0x0000000604c00000| Untracked 
|   5|0x0000000605000000, 0x0000000605400000, 0x0000000605400000|100%| O|  |TAMS 0x0000000605000000, 0x0000000605000000| Untracked 
|   6|0x0000000605400000, 0x0000000605800000, 0x0000000605800000|100%| O|  |TAMS 0x0000000605400000, 0x0000000605400000| Untracked 
|   7|0x0000000605800000, 0x00000006059b8200, 0x0000000605c00000| 42%| O|  |TAMS 0x0000000605800000, 0x0000000605800000| Untracked 
|   8|0x0000000605c00000, 0x0000000605c00000, 0x0000000606000000|  0%| F|  |TAMS 0x0000000605c00000, 0x0000000605c00000| Untracked 
|   9|0x0000000606000000, 0x0000000606000000, 0x0000000606400000|  0%| F|  |TAMS 0x0000000606000000, 0x0000000606000000| Untracked 
|  10|0x0000000606400000, 0x0000000606400000, 0x0000000606800000|  0%| F|  |TAMS 0x0000000606400000, 0x0000000606400000| Untracked 
|  11|0x0000000606800000, 0x0000000606bb5828, 0x0000000606c00000| 92%| S|CS|TAMS 0x0000000606800000, 0x0000000606800000| Complete 
|  12|0x0000000606c00000, 0x0000000606c00000, 0x0000000607000000|  0%| F|  |TAMS 0x0000000606c00000, 0x0000000606c00000| Untracked 
|  13|0x0000000607000000, 0x0000000607000000, 0x0000000607400000|  0%| F|  |TAMS 0x0000000607000000, 0x0000000607000000| Untracked 
|  14|0x0000000607400000, 0x0000000607400000, 0x0000000607800000|  0%| F|  |TAMS 0x0000000607400000, 0x0000000607400000| Untracked 
|  15|0x0000000607800000, 0x0000000607800000, 0x0000000607c00000|  0%| F|  |TAMS 0x0000000607800000, 0x0000000607800000| Untracked 
|  16|0x0000000607c00000, 0x0000000607c00000, 0x0000000608000000|  0%| F|  |TAMS 0x0000000607c00000, 0x0000000607c00000| Untracked 
|  17|0x0000000608000000, 0x0000000608000000, 0x0000000608400000|  0%| F|  |TAMS 0x0000000608000000, 0x0000000608000000| Untracked 
|  18|0x0000000608400000, 0x0000000608400000, 0x0000000608800000|  0%| F|  |TAMS 0x0000000608400000, 0x0000000608400000| Untracked 
|  19|0x0000000608800000, 0x0000000608800000, 0x0000000608c00000|  0%| F|  |TAMS 0x0000000608800000, 0x0000000608800000| Untracked 
|  20|0x0000000608c00000, 0x0000000608c00000, 0x0000000609000000|  0%| F|  |TAMS 0x0000000608c00000, 0x0000000608c00000| Untracked 
|  21|0x0000000609000000, 0x00000006093ed5a8, 0x0000000609400000| 98%| E|  |TAMS 0x0000000609000000, 0x0000000609000000| Complete 
|  22|0x0000000609400000, 0x0000000609800000, 0x0000000609800000|100%| E|CS|TAMS 0x0000000609400000, 0x0000000609400000| Complete 
|  38|0x000000060d400000, 0x000000060d800000, 0x000000060d800000|100%| E|CS|TAMS 0x000000060d400000, 0x000000060d400000| Complete 
|  39|0x000000060d800000, 0x000000060dc00000, 0x000000060dc00000|100%| E|CS|TAMS 0x000000060d800000, 0x000000060d800000| Complete 
|  40|0x000000060dc00000, 0x000000060e000000, 0x000000060e000000|100%| E|CS|TAMS 0x000000060dc00000, 0x000000060dc00000| Complete 
| 127|0x0000000623800000, 0x0000000623c00000, 0x0000000623c00000|100%| E|CS|TAMS 0x0000000623800000, 0x0000000623800000| Complete 

Card table byte_map: [0x0000020fe2b50000,0x0000020fe3b40000] _byte_map_base: 0x0000020fdfb32000

Marking Bits (Prev, Next): (CMBitMap*) 0x0000020fccff0050, (CMBitMap*) 0x0000020fccff0010
 Prev Bits: [0x0000020feca40000, 0x0000020ff4950000)
 Next Bits: [0x0000020fe4b30000, 0x0000020feca40000)

Polling page: 0x0000020fccbf0000

Metaspace:

Usage:
  Non-class:     64.44 MB used.
      Class:      8.84 MB used.
       Both:     73.29 MB used.

Virtual space:
  Non-class space:       72.00 MB reserved,      64.62 MB ( 90%) committed,  9 nodes.
      Class space:        1.00 GB reserved,       9.00 MB ( <1%) committed,  1 nodes.
             Both:        1.07 GB reserved,      73.62 MB (  7%) committed. 

Chunk freelists:
   Non-Class:  3.14 MB
       Class:  2.95 MB
        Both:  6.09 MB

MaxMetaspaceSize: unlimited
CompressedClassSpaceSize: 1.00 GB
Initial GC threshold: 21.00 MB
Current GC threshold: 99.00 MB
CDS: off
MetaspaceReclaimPolicy: balanced
 - commit_granule_bytes: 65536.
 - commit_granule_words: 8192.
 - virtual_space_node_default_size: 1048576.
 - enlarge_chunks_in_place: 1.
 - new_chunks_are_fully_committed: 0.
 - uncommit_free_chunks: 1.
 - use_allocation_guard: 0.
 - handle_deallocations: 1.


Internal statistics:

num_allocs_failed_limit: 9.
num_arena_births: 380.
num_arena_deaths: 0.
num_vsnodes_births: 10.
num_vsnodes_deaths: 0.
num_space_committed: 1178.
num_space_uncommitted: 0.
num_chunks_returned_to_freelist: 9.
num_chunks_taken_from_freelist: 2650.
num_chunk_merges: 6.
num_chunk_splits: 1978.
num_chunks_enlarged: 1643.
num_purges: 0.
num_inconsistent_stats: 0.

CodeHeap 'non-profiled nmethods': size=120000Kb used=3920Kb max_used=4779Kb free=116079Kb
 bounds [0x0000020fd9bc0000, 0x0000020fda070000, 0x0000020fe10f0000]
CodeHeap 'profiled nmethods': size=120000Kb used=11033Kb max_used=11033Kb free=108966Kb
 bounds [0x0000020fd2690000, 0x0000020fd3180000, 0x0000020fd9bc0000]
CodeHeap 'non-nmethods': size=5760Kb used=1326Kb max_used=1408Kb free=4433Kb
 bounds [0x0000020fd20f0000, 0x0000020fd2360000, 0x0000020fd2690000]
 total_blobs=5878 nmethods=5223 adapters=564
 compilation: enabled
              stopped_count=0, restarted_count=0
 full_count=0

Compilation events (20 events):
Event: 30.236 Thread 0x0000020ff75a7460 6397       3       java.nio.file.Files$AcceptAllFilter::accept (9 bytes)
Event: 30.236 Thread 0x0000020ff75a7460 nmethod 6397 0x0000020fd2f83590 code [0x0000020fd2f83740, 0x0000020fd2f839d8]
Event: 30.236 Thread 0x0000020ff75a7460 6398       3       sun.nio.fs.WindowsDirectoryStream$WindowsDirectoryIterator::next (5 bytes)
Event: 30.237 Thread 0x0000020ff75a7460 nmethod 6398 0x0000020fd2f83210 code [0x0000020fd2f833c0, 0x0000020fd2f83508]
Event: 30.237 Thread 0x0000020ff75a7460 6399  s    3       sun.nio.fs.WindowsDirectoryStream$WindowsDirectoryIterator::next (48 bytes)
Event: 30.237 Thread 0x0000020ff75a7460 nmethod 6399 0x0000020fd2f82a90 code [0x0000020fd2f82c60, 0x0000020fd2f83038]
Event: 30.237 Thread 0x0000020ff75a7460 6400       3       sun.nio.fs.WindowsPath::getFileName (87 bytes)
Event: 30.238 Thread 0x0000020ff75a7460 nmethod 6400 0x0000020fd2c1a910 code [0x0000020fd2c1abc0, 0x0000020fd2c1bae8]
Event: 30.239 Thread 0x0000020ff75a7460 6401       3       org.apache.catalina.core.DefaultInstanceManager::findLifecycleCallback (110 bytes)
Event: 30.240 Thread 0x0000020ff75a7460 nmethod 6401 0x0000020fd2c18a90 code [0x0000020fd2c18dc0, 0x0000020fd2c1a258]
Event: 30.248 Thread 0x0000020ff75a7460 6402       3       java.util.concurrent.locks.ReentrantReadWriteLock$ReadLock::lock (9 bytes)
Event: 30.248 Thread 0x0000020ff75a7460 nmethod 6402 0x0000020fd2c18690 code [0x0000020fd2c18840, 0x0000020fd2c189a8]
Event: 30.248 Thread 0x0000020ff75a7460 6403       3       java.util.concurrent.locks.AbstractQueuedSynchronizer::acquireShared (20 bytes)
Event: 30.248 Thread 0x0000020ff75a7460 nmethod 6403 0x0000020fd2c18190 code [0x0000020fd2c18340, 0x0000020fd2c185b8]
Event: 30.248 Thread 0x0000020ff75a7460 6404       3       java.util.concurrent.locks.ReentrantReadWriteLock$ReadLock::unlock (10 bytes)
Event: 30.249 Thread 0x0000020ff75a7460 nmethod 6404 0x0000020fd2c17b90 code [0x0000020fd2c17d60, 0x0000020fd2c18038]
Event: 30.249 Thread 0x0000020ff75a7460 6405       2       java.lang.ClassLoader::findLoadedClass (15 bytes)
Event: 30.249 Thread 0x0000020ff75a7460 nmethod 6405 0x0000020fd2c17790 code [0x0000020fd2c17940, 0x0000020fd2c17ad8]
Event: 30.253 Thread 0x0000020ff75a7460 6409       3       com.sun.beans.TypeResolver::resolve (37 bytes)
Event: 30.254 Thread 0x0000020ff75a7460 nmethod 6409 0x0000020fd2c16f90 code [0x0000020fd2c17160, 0x0000020fd2c175c8]

GC Heap History (20 events):
Event: 4.496 GC heap before
{Heap before GC invocations=10 (full 0):
 garbage-first heap   total 57344K, used 31434K [0x0000000603c00000, 0x0000000800000000)
  region size 4096K, 6 young (24576K), 1 survivors (4096K)
 Metaspace       used 38533K, committed 38848K, reserved 1089536K
  class space    used 4433K, committed 4608K, reserved 1048576K
}
Event: 4.505 GC heap after
{Heap after GC invocations=11 (full 0):
 garbage-first heap   total 57344K, used 16332K [0x0000000603c00000, 0x0000000800000000)
  region size 4096K, 1 young (4096K), 1 survivors (4096K)
 Metaspace       used 38533K, committed 38848K, reserved 1089536K
  class space    used 4433K, committed 4608K, reserved 1048576K
}
Event: 4.822 GC heap before
{Heap before GC invocations=11 (full 0):
 garbage-first heap   total 57344K, used 36812K [0x0000000603c00000, 0x0000000800000000)
  region size 4096K, 6 young (24576K), 1 survivors (4096K)
 Metaspace       used 38670K, committed 39040K, reserved 1089536K
  class space    used 4436K, committed 4608K, reserved 1048576K
}
Event: 4.827 GC heap after
{Heap after GC invocations=12 (full 0):
 garbage-first heap   total 57344K, used 16564K [0x0000000603c00000, 0x0000000800000000)
  region size 4096K, 1 young (4096K), 1 survivors (4096K)
 Metaspace       used 38670K, committed 39040K, reserved 1089536K
  class space    used 4436K, committed 4608K, reserved 1048576K
}
Event: 5.172 GC heap before
{Heap before GC invocations=12 (full 0):
 garbage-first heap   total 57344K, used 37044K [0x0000000603c00000, 0x0000000800000000)
  region size 4096K, 6 young (24576K), 1 survivors (4096K)
 Metaspace       used 38719K, committed 39040K, reserved 1089536K
  class space    used 4439K, committed 4608K, reserved 1048576K
}
Event: 5.176 GC heap after
{Heap after GC invocations=13 (full 0):
 garbage-first heap   total 290816K, used 16490K [0x0000000603c00000, 0x0000000800000000)
  region size 4096K, 1 young (4096K), 1 survivors (4096K)
 Metaspace       used 38719K, committed 39040K, reserved 1089536K
  class space    used 4439K, committed 4608K, reserved 1048576K
}
Event: 7.061 GC heap before
{Heap before GC invocations=13 (full 0):
 garbage-first heap   total 290816K, used 184426K [0x0000000603c00000, 0x0000000800000000)
  region size 4096K, 42 young (172032K), 1 survivors (4096K)
 Metaspace       used 38813K, committed 39168K, reserved 1089536K
  class space    used 4441K, committed 4608K, reserved 1048576K
}
Event: 7.063 GC heap after
{Heap after GC invocations=14 (full 0):
 garbage-first heap   total 290816K, used 16502K [0x0000000603c00000, 0x0000000800000000)
  region size 4096K, 1 young (4096K), 1 survivors (4096K)
 Metaspace       used 38813K, committed 39168K, reserved 1089536K
  class space    used 4441K, committed 4608K, reserved 1048576K
}
Event: 8.984 GC heap before
{Heap before GC invocations=14 (full 0):
 garbage-first heap   total 290816K, used 184438K [0x0000000603c00000, 0x0000000800000000)
  region size 4096K, 42 young (172032K), 1 survivors (4096K)
 Metaspace       used 38851K, committed 39168K, reserved 1089536K
  class space    used 4444K, committed 4608K, reserved 1048576K
}
Event: 8.986 GC heap after
{Heap after GC invocations=15 (full 0):
 garbage-first heap   total 290816K, used 16581K [0x0000000603c00000, 0x0000000800000000)
  region size 4096K, 1 young (4096K), 1 survivors (4096K)
 Metaspace       used 38851K, committed 39168K, reserved 1089536K
  class space    used 4444K, committed 4608K, reserved 1048576K
}
Event: 10.803 GC heap before
{Heap before GC invocations=15 (full 0):
 garbage-first heap   total 290816K, used 184517K [0x0000000603c00000, 0x0000000800000000)
  region size 4096K, 42 young (172032K), 1 survivors (4096K)
 Metaspace       used 40698K, committed 40960K, reserved 1089536K
  class space    used 4702K, committed 4800K, reserved 1048576K
}
Event: 10.806 GC heap after
{Heap after GC invocations=16 (full 0):
 garbage-first heap   total 290816K, used 17485K [0x0000000603c00000, 0x0000000800000000)
  region size 4096K, 1 young (4096K), 1 survivors (4096K)
 Metaspace       used 40698K, committed 40960K, reserved 1089536K
  class space    used 4702K, committed 4800K, reserved 1048576K
}
Event: 13.814 GC heap before
{Heap before GC invocations=16 (full 0):
 garbage-first heap   total 290816K, used 136269K [0x0000000603c00000, 0x0000000800000000)
  region size 4096K, 31 young (126976K), 1 survivors (4096K)
 Metaspace       used 60315K, committed 60608K, reserved 1105920K
  class space    used 7584K, committed 7744K, reserved 1048576K
}
Event: 13.821 GC heap after
{Heap after GC invocations=17 (full 0):
 garbage-first heap   total 290816K, used 23607K [0x0000000603c00000, 0x0000000800000000)
  region size 4096K, 3 young (12288K), 3 survivors (12288K)
 Metaspace       used 60315K, committed 60608K, reserved 1105920K
  class space    used 7584K, committed 7744K, reserved 1048576K
}
Event: 14.791 GC heap before
{Heap before GC invocations=18 (full 0):
 garbage-first heap   total 110592K, used 76855K [0x0000000603c00000, 0x0000000800000000)
  region size 4096K, 16 young (65536K), 3 survivors (12288K)
 Metaspace       used 63452K, committed 63744K, reserved 1105920K
  class space    used 8009K, committed 8128K, reserved 1048576K
}
Event: 14.800 GC heap after
{Heap after GC invocations=19 (full 0):
 garbage-first heap   total 110592K, used 26887K [0x0000000603c00000, 0x0000000800000000)
  region size 4096K, 1 young (4096K), 1 survivors (4096K)
 Metaspace       used 63452K, committed 63744K, reserved 1105920K
  class space    used 8009K, committed 8128K, reserved 1048576K
}
Event: 14.820 GC heap before
{Heap before GC invocations=19 (full 0):
 garbage-first heap   total 110592K, used 30983K [0x0000000603c00000, 0x0000000800000000)
  region size 4096K, 2 young (8192K), 1 survivors (4096K)
 Metaspace       used 63454K, committed 63744K, reserved 1105920K
  class space    used 8009K, committed 8128K, reserved 1048576K
}
Event: 14.826 GC heap after
{Heap after GC invocations=20 (full 0):
 garbage-first heap   total 110592K, used 26927K [0x0000000603c00000, 0x0000000800000000)
  region size 4096K, 1 young (4096K), 1 survivors (4096K)
 Metaspace       used 63454K, committed 63744K, reserved 1105920K
  class space    used 8009K, committed 8128K, reserved 1048576K
}
Event: 29.726 GC heap before
{Heap before GC invocations=20 (full 0):
 garbage-first heap   total 110592K, used 80175K [0x0000000603c00000, 0x0000000800000000)
  region size 4096K, 15 young (61440K), 1 survivors (4096K)
 Metaspace       used 73125K, committed 73536K, reserved 1114112K
  class space    used 8892K, committed 9088K, reserved 1048576K
}
Event: 29.731 GC heap after
{Heap after GC invocations=21 (full 0):
 garbage-first heap   total 110592K, used 30134K [0x0000000603c00000, 0x0000000800000000)
  region size 4096K, 1 young (4096K), 1 survivors (4096K)
 Metaspace       used 73125K, committed 73536K, reserved 1114112K
  class space    used 8892K, committed 9088K, reserved 1048576K
}

Deoptimization events (20 events):
Event: 30.167 Thread 0x0000020ffc83b650 DEOPT PACKING pc=0x0000020fd2eb5c12 sp=0x000000c01affade0
Event: 30.167 Thread 0x0000020ffc83b650 DEOPT UNPACKING pc=0x0000020fd2142b43 sp=0x000000c01affa268 mode 0
Event: 30.167 Thread 0x0000020ffc83b650 DEOPT PACKING pc=0x0000020fd2eb5c12 sp=0x000000c01affade0
Event: 30.167 Thread 0x0000020ffc83b650 DEOPT UNPACKING pc=0x0000020fd2142b43 sp=0x000000c01affa268 mode 0
Event: 30.251 Thread 0x0000020ffc83b650 Uncommon trap: trap_request=0xffffffde fr.pc=0x0000020fd9e23c64 relative=0x0000000000000ec4
Event: 30.251 Thread 0x0000020ffc83b650 Uncommon trap: reason=class_check action=maybe_recompile pc=0x0000020fd9e23c64 method=java.lang.StackTraceElement.computeFormat()V @ 19 c2
Event: 30.251 Thread 0x0000020ffc83b650 DEOPT PACKING pc=0x0000020fd9e23c64 sp=0x000000c01affb110
Event: 30.251 Thread 0x0000020ffc83b650 DEOPT UNPACKING pc=0x0000020fd21423a3 sp=0x000000c01affb120 mode 2
Event: 30.251 Thread 0x0000020ffc83b650 Uncommon trap: trap_request=0xffffffde fr.pc=0x0000020fd9e23c64 relative=0x0000000000000ec4
Event: 30.251 Thread 0x0000020ffc83b650 Uncommon trap: reason=class_check action=maybe_recompile pc=0x0000020fd9e23c64 method=java.lang.StackTraceElement.computeFormat()V @ 19 c2
Event: 30.251 Thread 0x0000020ffc83b650 DEOPT PACKING pc=0x0000020fd9e23c64 sp=0x000000c01affb110
Event: 30.251 Thread 0x0000020ffc83b650 DEOPT UNPACKING pc=0x0000020fd21423a3 sp=0x000000c01affb120 mode 2
Event: 30.252 Thread 0x0000020ffc83b650 Uncommon trap: trap_request=0xffffffde fr.pc=0x0000020fd9e23c64 relative=0x0000000000000ec4
Event: 30.252 Thread 0x0000020ffc83b650 Uncommon trap: reason=class_check action=maybe_recompile pc=0x0000020fd9e23c64 method=java.lang.StackTraceElement.computeFormat()V @ 19 c2
Event: 30.252 Thread 0x0000020ffc83b650 DEOPT PACKING pc=0x0000020fd9e23c64 sp=0x000000c01affb110
Event: 30.252 Thread 0x0000020ffc83b650 DEOPT UNPACKING pc=0x0000020fd21423a3 sp=0x000000c01affb120 mode 2
Event: 30.252 Thread 0x0000020ffc83b650 Uncommon trap: trap_request=0xffffffde fr.pc=0x0000020fd9e23c64 relative=0x0000000000000ec4
Event: 30.252 Thread 0x0000020ffc83b650 Uncommon trap: reason=class_check action=maybe_recompile pc=0x0000020fd9e23c64 method=java.lang.StackTraceElement.computeFormat()V @ 19 c2
Event: 30.252 Thread 0x0000020ffc83b650 DEOPT PACKING pc=0x0000020fd9e23c64 sp=0x000000c01affb110
Event: 30.252 Thread 0x0000020ffc83b650 DEOPT UNPACKING pc=0x0000020fd21423a3 sp=0x000000c01affb120 mode 2

Classes unloaded (0 events):
No events

Classes redefined (0 events):
No events

Internal exceptions (20 events):
Event: 14.661 Thread 0x0000020fccf87700 Exception <a 'java/lang/IncompatibleClassChangeError'{0x0000000606c36f98}: Found class java.lang.Object, but interface was expected> (0x0000000606c36f98) 
thrown [e:\jenkins\tmp\workspace\build\src\src\hotspot\share\interpreter\linkResolver.cpp, line 833]
Event: 14.721 Thread 0x0000020fccf87700 Exception <a 'java/lang/NoSuchMethodError'{0x0000000606ef5318}: 'int java.lang.invoke.DirectMethodHandle$Holder.invokeStaticInit(java.lang.Object, java.lang.Object, java.lang.Object, java.lang.Object)'> (0x0000000606ef5318) 
thrown [e:\jenkins\tmp\workspace\build\src\src\hotspot\share\interpreter\linkResolver.cpp, line 766]
Event: 14.903 Thread 0x0000020fccf87700 Exception <a 'java/lang/NoSuchMethodError'{0x000000060dbd50d8}: 'java.lang.Object java.lang.invoke.DirectMethodHandle$Holder.invokeSpecial(java.lang.Object, java.lang.Object, int, java.lang.Object, int, java.lang.Object)'> (0x000000060dbd50d8) 
thrown [e:\jenkins\tmp\workspace\build\src\src\hotspot\share\interpreter\linkResolver.cpp, line 766]
Event: 14.904 Thread 0x0000020fccf87700 Exception <a 'java/lang/NoSuchMethodError'{0x000000060dbdced8}: 'java.lang.Object java.lang.invoke.DirectMethodHandle$Holder.newInvokeSpecial(java.lang.Object, java.lang.Object, int, java.lang.Object, int)'> (0x000000060dbdced8) 
thrown [e:\jenkins\tmp\workspace\build\src\src\hotspot\share\interpreter\linkResolver.cpp, line 766]
Event: 14.904 Thread 0x0000020fccf87700 Exception <a 'java/lang/NoSuchMethodError'{0x000000060dbe0fd8}: 'java.lang.Object java.lang.invoke.DirectMethodHandle$Holder.invokeSpecial(java.lang.Object, java.lang.Object, java.lang.Object, int, java.lang.Object, int)'> (0x000000060dbe0fd8) 
thrown [e:\jenkins\tmp\workspace\build\src\src\hotspot\share\interpreter\linkResolver.cpp, line 766]
Event: 14.907 Thread 0x0000020fccf87700 Exception <a 'java/lang/NoSuchMethodError'{0x000000060dbeba90}: 'void java.lang.invoke.DirectMethodHandle$Holder.invokeVirtual(java.lang.Object, java.lang.Object)'> (0x000000060dbeba90) 
thrown [e:\jenkins\tmp\workspace\build\src\src\hotspot\share\interpreter\linkResolver.cpp, line 766]
Event: 28.863 Thread 0x0000020ffc83b650 Implicit null exception at 0x0000020fd9c0e6c0 to 0x0000020fd9c0e73c
Event: 29.253 Thread 0x0000020ffc83b650 Exception <a 'java/lang/ClassNotFoundException'{0x00000006080c49c8}: org/apache/taglibs/standard/tag/rt/core/ForEachTagBeanInfo> (0x00000006080c49c8) 
thrown [e:\jenkins\tmp\workspace\build\src\src\hotspot\share\classfile\systemDictionary.cpp, line 256]
Event: 29.255 Thread 0x0000020ffc83b650 Exception <a 'java/lang/ClassNotFoundException'{0x00000006080d0d10}: org/apache/taglibs/standard/tag/common/core/ForEachSupportBeanInfo> (0x00000006080d0d10) 
thrown [e:\jenkins\tmp\workspace\build\src\src\hotspot\share\classfile\systemDictionary.cpp, line 256]
Event: 29.257 Thread 0x0000020ffc83b650 Exception <a 'java/lang/ClassNotFoundException'{0x00000006080dd298}: javax/servlet/jsp/jstl/core/LoopTagSupportBeanInfo> (0x00000006080dd298) 
thrown [e:\jenkins\tmp\workspace\build\src\src\hotspot\share\classfile\systemDictionary.cpp, line 256]
Event: 29.260 Thread 0x0000020ffc83b650 Exception <a 'java/lang/ClassNotFoundException'{0x00000006080e98e0}: javax/servlet/jsp/tagext/TagSupportBeanInfo> (0x00000006080e98e0) 
thrown [e:\jenkins\tmp\workspace\build\src\src\hotspot\share\classfile\systemDictionary.cpp, line 256]
Event: 29.261 Thread 0x0000020ffc83b650 Exception <a 'java/lang/ClassNotFoundException'{0x00000006080f35c8}: java/lang/ObjectBeanInfo> (0x00000006080f35c8) 
thrown [e:\jenkins\tmp\workspace\build\src\src\hotspot\share\classfile\systemDictionary.cpp, line 256]
Event: 29.263 Thread 0x0000020ffc83b650 Exception <a 'java/lang/ClassNotFoundException'{0x00000006080fd520}: java/lang/ObjectCustomizer> (0x00000006080fd520) 
thrown [e:\jenkins\tmp\workspace\build\src\src\hotspot\share\classfile\systemDictionary.cpp, line 256]
Event: 29.265 Thread 0x0000020ffc83b650 Exception <a 'java/lang/ClassNotFoundException'{0x000000060810d2c8}: javax/servlet/jsp/tagext/TagSupportCustomizer> (0x000000060810d2c8) 
thrown [e:\jenkins\tmp\workspace\build\src\src\hotspot\share\classfile\systemDictionary.cpp, line 256]
Event: 29.268 Thread 0x0000020ffc83b650 Exception <a 'java/lang/ClassNotFoundException'{0x00000006081247d0}: javax/servlet/jsp/jstl/core/LoopTagSupportCustomizer> (0x00000006081247d0) 
thrown [e:\jenkins\tmp\workspace\build\src\src\hotspot\share\classfile\systemDictionary.cpp, line 256]
Event: 29.273 Thread 0x0000020ffc83b650 Exception <a 'java/lang/ClassNotFoundException'{0x00000006081474a8}: org/apache/taglibs/standard/tag/common/core/ForEachSupportCustomizer> (0x00000006081474a8) 
thrown [e:\jenkins\tmp\workspace\build\src\src\hotspot\share\classfile\systemDictionary.cpp, line 256]
Event: 29.276 Thread 0x0000020ffc83b650 Exception <a 'java/lang/ClassNotFoundException'{0x00000006081597c0}: org/apache/taglibs/standard/tag/rt/core/ForEachTagCustomizer> (0x00000006081597c0) 
thrown [e:\jenkins\tmp\workspace\build\src\src\hotspot\share\classfile\systemDictionary.cpp, line 256]
Event: 29.666 Thread 0x0000020ffc83b650 Exception <a 'java/lang/ArrayIndexOutOfBoundsException'{0x0000000606dd0428}: Index 9807 out of bounds for length 9807> (0x0000000606dd0428) 
thrown [e:\jenkins\tmp\workspace\build\src\src\hotspot\share\interpreter\interpreterRuntime.cpp, line 428]
Event: 30.252 Thread 0x0000020ffc83b650 Exception <a 'java/lang/ClassNotFoundException'{0x00000006093c5330}: cv/training/db/AnimalEntityBeanInfo> (0x00000006093c5330) 
thrown [e:\jenkins\tmp\workspace\build\src\src\hotspot\share\classfile\systemDictionary.cpp, line 256]
Event: 30.253 Thread 0x0000020ffc83b650 Exception <a 'java/lang/ClassNotFoundException'{0x00000006093cfe20}: cv/training/db/AnimalEntityCustomizer> (0x00000006093cfe20) 
thrown [e:\jenkins\tmp\workspace\build\src\src\hotspot\share\classfile\systemDictionary.cpp, line 256]

VM Operations (20 events):
Event: 29.148 Executing VM operation: HandshakeAllThreads
Event: 29.148 Executing VM operation: HandshakeAllThreads done
Event: 29.726 Executing VM operation: G1CollectForAllocation
Event: 29.731 Executing VM operation: G1CollectForAllocation done
Event: 29.781 Executing VM operation: HandshakeAllThreads
Event: 29.781 Executing VM operation: HandshakeAllThreads done
Event: 30.150 Executing VM operation: ChangeBreakpoints
Event: 30.152 Executing VM operation: ChangeBreakpoints done
Event: 30.152 Executing VM operation: ChangeBreakpoints
Event: 30.153 Executing VM operation: ChangeBreakpoints done
Event: 30.156 Executing VM operation: get/set locals
Event: 30.156 Executing VM operation: get/set locals done
Event: 30.156 Executing VM operation: get/set locals
Event: 30.156 Executing VM operation: get/set locals done
Event: 30.257 Executing VM operation: HandshakeAllThreads
Event: 30.257 Executing VM operation: HandshakeAllThreads done
Event: 30.257 Executing VM operation: get/set locals
Event: 30.258 Executing VM operation: get/set locals done
Event: 30.258 Executing VM operation: get/set locals
Event: 30.258 Executing VM operation: get/set locals done

Events (20 events):
Event: 29.759 loading class sun/net/www/protocol/jrt/JavaRuntimeURLConnection$1
Event: 29.760 loading class sun/net/www/protocol/jrt/JavaRuntimeURLConnection$1 done
Event: 29.788 loading class java/util/stream/ReferencePipeline$4
Event: 29.788 loading class java/util/stream/ReferencePipeline$4 done
Event: 29.788 loading class java/util/stream/Nodes$IntFixedNodeBuilder
Event: 29.788 loading class java/util/stream/Node$Builder$OfInt
Event: 29.788 loading class java/util/stream/Node$Builder$OfInt done
Event: 29.788 loading class java/util/stream/Nodes$IntArrayNode
Event: 29.788 loading class java/util/stream/Nodes$IntArrayNode done
Event: 29.788 loading class java/util/stream/Nodes$IntFixedNodeBuilder done
Event: 29.788 loading class java/util/stream/ReferencePipeline$4$1
Event: 29.789 loading class java/util/stream/ReferencePipeline$4$1 done
Event: 30.073 loading class java/util/Hashtable$ValueCollection
Event: 30.073 loading class java/util/Hashtable$ValueCollection done
Event: 30.144 loading class java/net/URLClassLoader$1
Event: 30.144 loading class java/net/URLClassLoader$1 done
Event: 30.165 loading class java/io/WriteAbortedException
Event: 30.165 loading class java/io/WriteAbortedException done
Event: 30.166 loading class sun/security/provider/SecureRandom$SeederHolder
Event: 30.166 loading class sun/security/provider/SecureRandom$SeederHolder done


Dynamic libraries:
0x00007ff62dd60000 - 0x00007ff62dd6e000 	C:\Users\jinghoong\.p2\pool\plugins\org.eclipse.justj.openjdk.hotspot.jre.full.win32.x86_64_17.0.3.v20220515-1416\jre\bin\javaw.exe
0x0000020fccc10000 - 0x0000020fcce24000 	C:\WINDOWS\SYSTEM32\ntd1l.dll
0x0000020fcce30000 - 0x0000020fccef2000 	C:\WINDOWS\System32\kern3l32.dll
0x00007ffc5fcd0000 - 0x00007ffc5fee4000 	C:\WINDOWS\SYSTEM32\ntdll.dll
0x00007ffc5ee70000 - 0x00007ffc5ef32000 	C:\WINDOWS\System32\KERNEL32.DLL
0x00007ffc5d1b0000 - 0x00007ffc5d54c000 	C:\WINDOWS\System32\KERNELBASE.dll
0x00007ffc5cc10000 - 0x00007ffc5ce77000 	C:\Program Files\SentinelOne\Sentinel Agent 22.3.4.612\InProcessClient64.dll
0x00007ffc5fae0000 - 0x00007ffc5fb8e000 	C:\WINDOWS\System32\ADVAPI32.dll
0x00007ffc5e7c0000 - 0x00007ffc5e867000 	C:\WINDOWS\System32\msvcrt.dll
0x00007ffc5f9d0000 - 0x00007ffc5fa74000 	C:\WINDOWS\System32\sechost.dll
0x00007ffc5ecb0000 - 0x00007ffc5edc7000 	C:\WINDOWS\System32\RPCRT4.dll
0x00007ffc5d8a0000 - 0x00007ffc5d9b1000 	C:\WINDOWS\System32\ucrtbase.dll
0x00007ffc3f500000 - 0x00007ffc3f519000 	C:\Users\jinghoong\.p2\pool\plugins\org.eclipse.justj.openjdk.hotspot.jre.full.win32.x86_64_17.0.3.v20220515-1416\jre\bin\VCRUNTIME140.dll
0x00007ffc436c0000 - 0x00007ffc436d8000 	C:\Users\jinghoong\.p2\pool\plugins\org.eclipse.justj.openjdk.hotspot.jre.full.win32.x86_64_17.0.3.v20220515-1416\jre\bin\jli.dll
0x00007ffc5ef90000 - 0x00007ffc5f13b000 	C:\WINDOWS\System32\USER32.dll
0x00007ffc43fc0000 - 0x00007ffc4424e000 	C:\WINDOWS\WinSxS\amd64_microsoft.windows.common-controls_6595b64144ccf1df_6.0.22621.608_none_a9444ca7c10bb01d\COMCTL32.dll
0x00007ffc5d610000 - 0x00007ffc5d636000 	C:\WINDOWS\System32\win32u.dll
0x00007ffc5edd0000 - 0x00007ffc5edf9000 	C:\WINDOWS\System32\GDI32.dll
0x00007ffc5d9c0000 - 0x00007ffc5dad3000 	C:\WINDOWS\System32\gdi32full.dll
0x00007ffc5d110000 - 0x00007ffc5d1aa000 	C:\WINDOWS\System32\msvcp_win.dll
0x00007ffc5cb00000 - 0x00007ffc5cb0a000 	C:\WINDOWS\SYSTEM32\VERSION.dll
0x00007ffc5ef40000 - 0x00007ffc5ef71000 	C:\WINDOWS\System32\IMM32.DLL
0x00007ffc58440000 - 0x00007ffc5844c000 	C:\Users\jinghoong\.p2\pool\plugins\org.eclipse.justj.openjdk.hotspot.jre.full.win32.x86_64_17.0.3.v20220515-1416\jre\bin\vcruntime140_1.dll
0x00007ffbda6a0000 - 0x00007ffbda731000 	C:\Users\jinghoong\.p2\pool\plugins\org.eclipse.justj.openjdk.hotspot.jre.full.win32.x86_64_17.0.3.v20220515-1416\jre\bin\msvcp140.dll
0x00007ffbcbb30000 - 0x00007ffbcc778000 	C:\Users\jinghoong\.p2\pool\plugins\org.eclipse.justj.openjdk.hotspot.jre.full.win32.x86_64_17.0.3.v20220515-1416\jre\bin\server\jvm.dll
0x0000020fccbb0000 - 0x0000020fccbb8000 	C:\WINDOWS\System32\PSAPI.DLL
0x00007ffc36530000 - 0x00007ffc36539000 	C:\WINDOWS\SYSTEM32\WSOCK32.dll
0x00007ffc5f150000 - 0x00007ffc5f1c1000 	C:\WINDOWS\System32\WS2_32.dll
0x00007ffc54200000 - 0x00007ffc54234000 	C:\WINDOWS\SYSTEM32\WINMM.dll
0x00007ffc5bee0000 - 0x00007ffc5bef8000 	C:\WINDOWS\SYSTEM32\kernel.appcore.dll
0x00007ffc58450000 - 0x00007ffc5845a000 	C:\Users\jinghoong\.p2\pool\plugins\org.eclipse.justj.openjdk.hotspot.jre.full.win32.x86_64_17.0.3.v20220515-1416\jre\bin\jimage.dll
0x00007ffc5a640000 - 0x00007ffc5a86e000 	C:\WINDOWS\SYSTEM32\DBGHELP.DLL
0x00007ffc5e870000 - 0x00007ffc5ebf9000 	C:\WINDOWS\System32\combase.dll
0x00007ffc5e400000 - 0x00007ffc5e4d7000 	C:\WINDOWS\System32\OLEAUT32.dll
0x00007ffc328d0000 - 0x00007ffc32902000 	C:\WINDOWS\SYSTEM32\dbgcore.DLL
0x00007ffc5d640000 - 0x00007ffc5d6bb000 	C:\WINDOWS\System32\bcryptPrimitives.dll
0x00007ffc124b0000 - 0x00007ffc12530000 	C:\Program Files\SentinelOne\Sentinel Agent 22.3.4.612\SentinelJava64.dll
0x00007ffc5f1d0000 - 0x00007ffc5f36c000 	C:\WINDOWS\System32\ole32.dll
0x00007ffc443f0000 - 0x00007ffc44415000 	C:\Users\jinghoong\.p2\pool\plugins\org.eclipse.justj.openjdk.hotspot.jre.full.win32.x86_64_17.0.3.v20220515-1416\jre\bin\java.dll
0x00007ffc44260000 - 0x00007ffc44278000 	C:\Users\jinghoong\.p2\pool\plugins\org.eclipse.justj.openjdk.hotspot.jre.full.win32.x86_64_17.0.3.v20220515-1416\jre\bin\zip.dll
0x00007ffc5daf0000 - 0x00007ffc5e2e0000 	C:\WINDOWS\System32\SHELL32.dll
0x00007ffc5aea0000 - 0x00007ffc5b76d000 	C:\WINDOWS\SYSTEM32\windows.storage.dll
0x00007ffc5ad60000 - 0x00007ffc5ae9e000 	C:\WINDOWS\SYSTEM32\wintypes.dll
0x00007ffc5f370000 - 0x00007ffc5f461000 	C:\WINDOWS\System32\SHCORE.dll
0x00007ffc5fa80000 - 0x00007ffc5fade000 	C:\WINDOWS\System32\shlwapi.dll
0x00007ffc5d040000 - 0x00007ffc5d061000 	C:\WINDOWS\SYSTEM32\profapi.dll
0x00007ffc57fb0000 - 0x00007ffc57fc9000 	C:\Users\jinghoong\.p2\pool\plugins\org.eclipse.justj.openjdk.hotspot.jre.full.win32.x86_64_17.0.3.v20220515-1416\jre\bin\net.dll
0x00007ffc55780000 - 0x00007ffc558b7000 	C:\WINDOWS\SYSTEM32\WINHTTP.dll
0x00007ffc5c350000 - 0x00007ffc5c3b9000 	C:\WINDOWS\system32\mswsock.dll
0x00007ffc43a40000 - 0x00007ffc43a55000 	C:\Users\jinghoong\.p2\pool\plugins\org.eclipse.justj.openjdk.hotspot.jre.full.win32.x86_64_17.0.3.v20220515-1416\jre\bin\nio.dll
0x00007ffc58410000 - 0x00007ffc58420000 	C:\Users\jinghoong\.p2\pool\plugins\org.eclipse.justj.openjdk.hotspot.jre.full.win32.x86_64_17.0.3.v20220515-1416\jre\bin\verify.dll
0x00007ffc58360000 - 0x00007ffc58369000 	C:\Users\jinghoong\.p2\pool\plugins\org.eclipse.justj.openjdk.hotspot.jre.full.win32.x86_64_17.0.3.v20220515-1416\jre\bin\management.dll
0x00007ffc446f0000 - 0x00007ffc446fb000 	C:\Users\jinghoong\.p2\pool\plugins\org.eclipse.justj.openjdk.hotspot.jre.full.win32.x86_64_17.0.3.v20220515-1416\jre\bin\management_ext.dll
0x00007ffc3f7f0000 - 0x00007ffc3f807000 	C:\WINDOWS\system32\napinsp.dll
0x00007ffc3f7d0000 - 0x00007ffc3f7eb000 	C:\WINDOWS\system32\pnrpnsp.dll
0x00007ffc5ba30000 - 0x00007ffc5bb23000 	C:\WINDOWS\SYSTEM32\DNSAPI.dll
0x00007ffc5b9c0000 - 0x00007ffc5b9ed000 	C:\WINDOWS\SYSTEM32\IPHLPAPI.DLL
0x00007ffc5f140000 - 0x00007ffc5f149000 	C:\WINDOWS\System32\NSI.dll
0x00007ffc3f770000 - 0x00007ffc3f781000 	C:\WINDOWS\System32\winrnr.dll
0x00007ffc529e0000 - 0x00007ffc529f5000 	C:\WINDOWS\system32\wshbth.dll
0x00007ffc3f740000 - 0x00007ffc3f761000 	C:\WINDOWS\system32\nlansp_c.dll
0x00007ffc4dd50000 - 0x00007ffc4dd5a000 	C:\Windows\System32\rasadhlp.dll
0x00007ffc4e030000 - 0x00007ffc4e0b3000 	C:\WINDOWS\System32\fwpuclnt.dll
0x00007ffc5c620000 - 0x00007ffc5c63b000 	C:\WINDOWS\SYSTEM32\CRYPTSP.dll
0x00007ffc5be50000 - 0x00007ffc5be85000 	C:\WINDOWS\system32\rsaenh.dll
0x00007ffc5c4c0000 - 0x00007ffc5c4e8000 	C:\WINDOWS\SYSTEM32\USERENV.dll
0x00007ffc5c7e0000 - 0x00007ffc5c808000 	C:\WINDOWS\SYSTEM32\bcrypt.dll
0x00007ffc5c640000 - 0x00007ffc5c64c000 	C:\WINDOWS\SYSTEM32\CRYPTBASE.dll
0x00007ffc53c70000 - 0x00007ffc53c89000 	C:\WINDOWS\SYSTEM32\dhcpcsvc6.DLL
0x00007ffc533b0000 - 0x00007ffc533cf000 	C:\WINDOWS\SYSTEM32\dhcpcsvc.DLL
0x00007ffc58420000 - 0x00007ffc5842e000 	C:\Users\jinghoong\.p2\pool\plugins\org.eclipse.justj.openjdk.hotspot.jre.full.win32.x86_64_17.0.3.v20220515-1416\jre\bin\sunmscapi.dll
0x00007ffc5d730000 - 0x00007ffc5d896000 	C:\WINDOWS\System32\CRYPT32.dll
0x00007ffc5c7b0000 - 0x00007ffc5c7de000 	C:\WINDOWS\SYSTEM32\ncrypt.dll
0x00007ffc5c770000 - 0x00007ffc5c7a7000 	C:\WINDOWS\SYSTEM32\NTASN1.dll
0x00007ffc44640000 - 0x00007ffc44648000 	C:\WINDOWS\system32\wshunix.dll

dbghelp: loaded successfully - version: 4.0.5 - missing functions: none
symbol engine: initialized successfully - sym options: 0x614 - pdb path: .;C:\Users\jinghoong\.p2\pool\plugins\org.eclipse.justj.openjdk.hotspot.jre.full.win32.x86_64_17.0.3.v20220515-1416\jre\bin;C:\WINDOWS\SYSTEM32;C:\Program Files\SentinelOne\Sentinel Agent 22.3.4.612;C:\WINDOWS\WinSxS\amd64_microsoft.windows.common-controls_6595b64144ccf1df_6.0.22621.608_none_a9444ca7c10bb01d;C:\Users\jinghoong\.p2\pool\plugins\org.eclipse.justj.openjdk.hotspot.jre.full.win32.x86_64_17.0.3.v20220515-1416\jre\bin\server

VM Arguments:
jvm_args: -Dfile.encoding=UTF-8 -XX:+ShowCodeDetailsInExceptionMessages -agentpath:C:\Program Files\SentinelOne\Sentinel Agent 22.3.4.612\SentinelJava64.dll 
java_command: cv.training.Training.TrainingApplication
java_class_path (initial): C:\Users\jinghoong\Downloads\Training\bin\main;C:\Users\jinghoong\.gradle\caches\modules-2\files-2.1\org.springframework.boot\spring-boot-starter-data-jpa\2.7.12-SNAPSHOT\9de7ac4f1f47914a4ee38a0a6b4424a7e95cf66\spring-boot-starter-data-jpa-2.7.12-SNAPSHOT.jar;C:\Users\jinghoong\.gradle\caches\modules-2\files-2.1\org.springframework.boot\spring-boot-starter-security\2.7.12-SNAPSHOT\6c0f86e7a4d969175f8e2d2e45efb7eedff4ff0b\spring-boot-starter-security-2.7.12-SNAPSHOT.jar;C:\Users\jinghoong\.gradle\caches\modules-2\files-2.1\org.springframework.boot\spring-boot-starter-aop\2.7.12-SNAPSHOT\35d760cbbd8fe88a1d8f84ed9c931a74d2fbe3d4\spring-boot-starter-aop-2.7.12-SNAPSHOT.jar;C:\Users\jinghoong\.gradle\caches\modules-2\files-2.1\org.springframework.boot\spring-boot-starter-web\2.7.12-SNAPSHOT\df8256170236141a7348b6bad2342b80cd943666\spring-boot-starter-web-2.7.12-SNAPSHOT.jar;C:\Users\jinghoong\.gradle\caches\modules-2\files-2.1\javax.servlet\jstl\1.2\74aca283cd4f4b4f3e425f5820cda58f44409547\jstl-1.2.jar;C:\Users\jinghoong\.gradle\caches\modules-2\files-2.1\org.springframework.boot\spring-boot-starter-jdbc\2.7.12-SNAPSHOT\5bb491319d4d661b1dc4c44d39a2be2341ad511c\spring-boot-starter-jdbc-2.7.12-SNAPSHOT.jar;C:\Users\jinghoong\.gradle\caches\modules-2\files-2.1\jakarta.transaction\jakarta.transaction-api\1.3.3\c4179d48720a1e87202115fbed6089bdc4195405\jakarta.transaction-api-1.3.3.jar;C:\Users\jinghoong\.gradle\caches\modules-2\files-2.1\jakarta.persistence\jakarta.persistence-api\2.2.3\8f6ea5daedc614f07a3654a455660145286f024e\jakarta.persistence-api-2.2.3.jar;C:\Users\jinghoong\.gradle\caches\modules-2\files-2.1\org.hibernate\hibernate-core\5.6.15.Final\ab14b7cef1fdff654ca81923048a6034d6c7cfa7\hibernate-core-5.6.15.Final.jar;C:\Users\jinghoong\.gradle\caches\modules-2\files-2.1\org.springframework.data\spring-data-jpa\2.7.12-SNAPSHOT\4e74b72a381f790e4034de1cdea3c663f8e1fb24\spring-data-jpa-2.7.12-SNAPSHOT.jar;C:\Users\jinghoong\.gradle\caches\mod
Launcher Type: SUN_STANDARD

[Global flags]
     intx CICompilerCount                          = 4                                         {product} {ergonomic}
     uint ConcGCThreads                            = 2                                         {product} {ergonomic}
     uint G1ConcRefinementThreads                  = 8                                         {product} {ergonomic}
   size_t G1HeapRegionSize                         = 4194304                                   {product} {ergonomic}
    uintx GCDrainStackTargetSize                   = 64                                        {product} {ergonomic}
   size_t InitialHeapSize                          = 536870912                                 {product} {ergonomic}
   size_t MarkStackSize                            = 4194304                                   {product} {ergonomic}
   size_t MaxHeapSize                              = 8527020032                                {product} {ergonomic}
   size_t MaxNewSize                               = 5112856576                                {product} {ergonomic}
   size_t MinHeapDeltaBytes                        = 4194304                                   {product} {ergonomic}
   size_t MinHeapSize                              = 8388608                                   {product} {ergonomic}
    uintx NonNMethodCodeHeapSize                   = 5839372                                {pd product} {ergonomic}
    uintx NonProfiledCodeHeapSize                  = 122909434                              {pd product} {ergonomic}
    uintx ProfiledCodeHeapSize                     = 122909434                              {pd product} {ergonomic}
    uintx ReservedCodeCacheSize                    = 251658240                              {pd product} {ergonomic}
     bool SegmentedCodeCache                       = true                                      {product} {ergonomic}
     bool ShowCodeDetailsInExceptionMessages       = true                                   {manageable} {command line}
   size_t SoftMaxHeapSize                          = 8527020032                             {manageable} {ergonomic}
     bool UseCompressedClassPointers               = true                           {product lp64_product} {ergonomic}
     bool UseCompressedOops                        = true                           {product lp64_product} {ergonomic}
     bool UseG1GC                                  = true                                      {product} {ergonomic}
     bool UseLargePagesIndividualAllocation        = false                                  {pd product} {ergonomic}

Logging:
Log output configuration:
 #0: stdout all=warning uptime,level,tags
 #1: stderr all=off uptime,level,tags

Environment Variables:
JAVA_HOME=C:\Program Files\Java\jdk-1.8
PATH=C:/Users/jinghoong/.p2/pool/plugins/org.eclipse.justj.openjdk.hotspot.jre.full.win32.x86_64_17.0.3.v20220515-1416/jre/bin/server;C:/Users/jinghoong/.p2/pool/plugins/org.eclipse.justj.openjdk.hotspot.jre.full.win32.x86_64_17.0.3.v20220515-1416/jre/bin;C:\Python310\Scripts\;C:\Python310\;C:\Program Files (x86)\VMware\VMware Player\bin\;C:\WINDOWS\system32;C:\WINDOWS;C:\WINDOWS\System32\Wbem;C:\WINDOWS\System32\WindowsPowerShell\v1.0\;C:\WINDOWS\System32\OpenSSH\;C:\Program Files\PuTTY\;C:\Program Files\Git\cmd;C:\Program Files\nodejs\;C:\ProgramData\chocolatey\bin;C:\Program Files\Java\jdk-1.8\bin;C:\Users\jinghoong\AppData\Local\Microsoft\WindowsApps;C:\Users\jinghoong\AppData\Local\Programs\Microsoft VS Code\bin;C:\Users\jinghoong\AppData\Roaming\npm;C:\Program Files\JetBrains\IntelliJ IDEA Community Edition 2022.2.1\bin;;C:\Program Files\Java\jdk-1.8\bin;;C:\WINDOWS\system32;
USERNAME=jinghoong
OS=Windows_NT
PROCESSOR_IDENTIFIER=Intel64 Family 6 Model 142 Stepping 11, GenuineIntel



---------------  S Y S T E M  ---------------

OS:
 Windows 11 , 64 bit Build 22621 (10.0.22621.1485)
OS uptime: 1 days 5:10 hours

CPU: total 8 (initial active 8) (4 cores per cpu, 2 threads per core) family 6 model 142 stepping 11 microcode 0xf0, cx8, cmov, fxsr, ht, mmx, 3dnowpref, sse, sse2, sse3, ssse3, sse4.1, sse4.2, popcnt, lzcnt, tsc, tscinvbit, avx, avx2, aes, erms, clmul, bmi1, bmi2, adx, fma, vzeroupper, clflush, clflushopt

Memory: 4k page, system-wide physical 32524M (5759M free)
TotalPageFile size 40716M (AvailPageFile size 10063M)
current process WorkingSet (physical memory assigned to process): 394M, peak: 435M
current process commit charge ("private bytes"): 421M, peak: 659M

vm_info: OpenJDK 64-Bit Server VM (17.0.3+7) for windows-amd64 JRE (17.0.3+7), built on Apr 19 2022 16:55:35 by "" with MS VC++ 16.7 (VS2019)

END.
